<?xml version="1.0" encoding="UTF-8"?>
<!-- Generated by org.testng.reporters.JUnitXMLReporter -->
<testsuite hostname="m-bang-isharma1" ignored="129" name="CNX FCM Measurement Verification Tests(failed)" tests="2" failures="1" timestamp="19 Oct 2018 15:11:45 GMT" time="2.117" errors="0">
  <testcase name="@BeforeClass initClass" time="0.021" classname="com.connect.fluke.app.tests.MeasurementsHistoryPageTests">
    <failure type="java.lang.NullPointerException">
      <![CDATA[java.lang.NullPointerException
at com.connect.fluke.app.utils.CommonUtils.initElements(CommonUtils.java:118)
at com.connect.fluke.app.pages.MeasurementsHistoryPage.<init>(MeasurementsHistoryPage.java:204)
at com.connect.fluke.app.tests.MeasurementsHistoryPageTests.initClass(MeasurementsHistoryPageTests.java:52)
... Removed 26 stack frames]]>
    </failure>
  </testcase> <!-- @BeforeClass initClass -->
  <testcase name="v3000MeasurementDeviceNameTest" time="0.0" classname="com.connect.fluke.app.tests.MeasurementsHistoryPageTests">
    <skipped/>
  </testcase> <!-- v3000MeasurementDeviceNameTest -->
  <testcase name="v3000MeasurementDeviceNameTest" time="0.019" classname="com.connect.fluke.app.tests.MeasurementsHistoryPageTests">
    <failure type="java.lang.NullPointerException">
      <![CDATA[java.lang.NullPointerException
at com.connect.fluke.app.utils.TestResultsReport.onTestSkipped(TestResultsReport.java:57)
... Removed 23 stack frames]]>
    </failure>
  </testcase> <!-- v3000MeasurementDeviceNameTest -->
  <testcase name="TIS65DownloadedMaxTempUnitTest" time="0.0" classname="com.connect.fluke.app.tests.MeasurementsHistoryPageTests">
    <ignored/>
  </testcase> <!-- TIS65DownloadedMaxTempUnitTest -->
  <testcase name="TIS65DownloadedMinTempLabelTest" time="0.0" classname="com.connect.fluke.app.tests.MeasurementsHistoryPageTests">
    <ignored/>
  </testcase> <!-- TIS65DownloadedMinTempLabelTest -->
  <testcase name="assignAssetToTIS75DownloadedMeasurementSyncTest" time="0.0" classname="com.connect.fluke.app.tests.MeasurementsHistoryPageTests">
    <ignored/>
  </testcase> <!-- assignAssetToTIS75DownloadedMeasurementSyncTest -->
  <testcase name="TIS65DownloadedMaxTempLabelSyncTest" time="0.0" classname="com.connect.fluke.app.tests.MeasurementsHistoryPageTests">
    <ignored/>
  </testcase> <!-- TIS65DownloadedMaxTempLabelSyncTest -->
  <testcase name="TI450DownloadedMeasurementUnitTest" time="0.0" classname="com.connect.fluke.app.tests.MeasurementsHistoryPageTests">
    <ignored/>
  </testcase> <!-- TI450DownloadedMeasurementUnitTest -->
  <testcase name="addTextNoteToHudsonTest" time="0.0" classname="com.connect.fluke.app.tests.MeasurementsHistoryPageTests">
    <ignored/>
  </testcase> <!-- addTextNoteToHudsonTest -->
  <testcase name="TIS75DownloadedMeasurementValueTest" time="0.0" classname="com.connect.fluke.app.tests.MeasurementsHistoryPageTests">
    <ignored/>
  </testcase> <!-- TIS75DownloadedMeasurementValueTest -->
  <testcase name="isWorkOrderAssignedToHudsonTest" time="0.0" classname="com.connect.fluke.app.tests.MeasurementsHistoryPageTests">
    <ignored/>
  </testcase> <!-- isWorkOrderAssignedToHudsonTest -->
  <testcase name="TIS65DownloadedMaxTempValueTest" time="0.0" classname="com.connect.fluke.app.tests.MeasurementsHistoryPageTests">
    <ignored/>
  </testcase> <!-- TIS65DownloadedMaxTempValueTest -->
  <testcase name="TI400MaxTempValueTest" time="0.0" classname="com.connect.fluke.app.tests.MeasurementsHistoryPageTests">
    <ignored/>
  </testcase> <!-- TI400MaxTempValueTest -->
  <testcase name="TI450MeasurementValueTest" time="0.0" classname="com.connect.fluke.app.tests.MeasurementsHistoryPageTests">
    <ignored/>
  </testcase> <!-- TI450MeasurementValueTest -->
  <testcase name="TIS65DownloadedMeasurementUnitTest" time="0.0" classname="com.connect.fluke.app.tests.MeasurementsHistoryPageTests">
    <ignored/>
  </testcase> <!-- TIS65DownloadedMeasurementUnitTest -->
  <testcase name="TI400MinTempValueSyncTest" time="0.0" classname="com.connect.fluke.app.tests.MeasurementsHistoryPageTests">
    <ignored/>
  </testcase> <!-- TI400MinTempValueSyncTest -->
  <testcase name="isHudsonMeasurementsUnitsSavedCorrectlyTest" time="0.0" classname="com.connect.fluke.app.tests.MeasurementsHistoryPageTests">
    <ignored/>
  </testcase> <!-- isHudsonMeasurementsUnitsSavedCorrectlyTest -->
  <testcase name="TI400MeasurementUnitSyncTest" time="0.0" classname="com.connect.fluke.app.tests.MeasurementsHistoryPageTests">
    <ignored/>
  </testcase> <!-- TI400MeasurementUnitSyncTest -->
  <testcase name="onExistingAccountSampleDataTest" time="0.0" classname="com.connect.fluke.app.tests.MeasurementsHistoryPageTests">
    <ignored/>
  </testcase> <!-- onExistingAccountSampleDataTest -->
  <testcase name="TI400MaxTempUnitSyncTest" time="0.0" classname="com.connect.fluke.app.tests.MeasurementsHistoryPageTests">
    <ignored/>
  </testcase> <!-- TI400MaxTempUnitSyncTest -->
  <testcase name="addTextNoteToTIS75MeasurementSyncTest" time="0.0" classname="com.connect.fluke.app.tests.MeasurementsHistoryPageTests">
    <ignored/>
  </testcase> <!-- addTextNoteToTIS75MeasurementSyncTest -->
  <testcase name="TI450DownloadedMeasurementUnitSyncTest" time="0.0" classname="com.connect.fluke.app.tests.MeasurementsHistoryPageTests">
    <ignored/>
  </testcase> <!-- TI450DownloadedMeasurementUnitSyncTest -->
  <testcase name="TI450MinTempLabelSyncTest" time="0.0" classname="com.connect.fluke.app.tests.MeasurementsHistoryPageTests">
    <ignored/>
  </testcase> <!-- TI450MinTempLabelSyncTest -->
  <testcase name="TI450MeasurementUnitTest" time="0.0" classname="com.connect.fluke.app.tests.MeasurementsHistoryPageTests">
    <ignored/>
  </testcase> <!-- TI450MeasurementUnitTest -->
  <testcase name="TI400MaxTempValueSyncTest" time="0.0" classname="com.connect.fluke.app.tests.MeasurementsHistoryPageTests">
    <ignored/>
  </testcase> <!-- TI400MaxTempValueSyncTest -->
  <testcase name="TIS75DownloadedMeasurementValueSyncTest" time="0.0" classname="com.connect.fluke.app.tests.MeasurementsHistoryPageTests">
    <ignored/>
  </testcase> <!-- TIS75DownloadedMeasurementValueSyncTest -->
  <testcase name="TI450MaxTempValueTest" time="0.0" classname="com.connect.fluke.app.tests.MeasurementsHistoryPageTests">
    <ignored/>
  </testcase> <!-- TI450MaxTempValueTest -->
  <testcase name="isHudsonMeasurementsValueSavedCorrectlyTest" time="0.0" classname="com.connect.fluke.app.tests.MeasurementsHistoryPageTests">
    <ignored/>
  </testcase> <!-- isHudsonMeasurementsValueSavedCorrectlyTest -->
  <testcase name="deleteCNXMeasurements" time="0.0" classname="com.connect.fluke.app.tests.MeasurementsHistoryPageTests">
    <ignored/>
  </testcase> <!-- deleteCNXMeasurements -->
  <testcase name="TI400DownloadedMinTempValueTest" time="0.0" classname="com.connect.fluke.app.tests.MeasurementsHistoryPageTests">
    <ignored/>
  </testcase> <!-- TI400DownloadedMinTempValueTest -->
  <testcase name="TIS75DownloadedMaxTempLabelTest" time="0.0" classname="com.connect.fluke.app.tests.MeasurementsHistoryPageTests">
    <ignored/>
  </testcase> <!-- TIS75DownloadedMaxTempLabelTest -->
  <testcase name="TIS65DownloadedMinTempLabelSyncTest" time="0.0" classname="com.connect.fluke.app.tests.MeasurementsHistoryPageTests">
    <ignored/>
  </testcase> <!-- TIS65DownloadedMinTempLabelSyncTest -->
  <testcase name="istextNoteAdedToHudsonTest" time="0.0" classname="com.connect.fluke.app.tests.MeasurementsHistoryPageTests">
    <ignored/>
  </testcase> <!-- istextNoteAdedToHudsonTest -->
  <testcase name="TI400DownloadedMaxTempLabelSyncTest" time="0.0" classname="com.connect.fluke.app.tests.MeasurementsHistoryPageTests">
    <ignored/>
  </testcase> <!-- TI400DownloadedMaxTempLabelSyncTest -->
  <testcase name="TIS75DownloadedMinTempValueTest" time="0.0" classname="com.connect.fluke.app.tests.MeasurementsHistoryPageTests">
    <ignored/>
  </testcase> <!-- TIS75DownloadedMinTempValueTest -->
  <testcase name="TI450DownloadedMinTempUnitTest" time="0.0" classname="com.connect.fluke.app.tests.MeasurementsHistoryPageTests">
    <ignored/>
  </testcase> <!-- TI450DownloadedMinTempUnitTest -->
  <testcase name="TIS65DownloadedMinTempUnitTest" time="0.0" classname="com.connect.fluke.app.tests.MeasurementsHistoryPageTests">
    <ignored/>
  </testcase> <!-- TIS65DownloadedMinTempUnitTest -->
  <testcase name="TIS65DownloadedMeasurementValueSyncTest" time="0.0" classname="com.connect.fluke.app.tests.MeasurementsHistoryPageTests">
    <ignored/>
  </testcase> <!-- TIS65DownloadedMeasurementValueSyncTest -->
  <testcase name="TI450DownloadedMeasurementValueTest" time="0.0" classname="com.connect.fluke.app.tests.MeasurementsHistoryPageTests">
    <ignored/>
  </testcase> <!-- TI450DownloadedMeasurementValueTest -->
  <testcase name="TI400MeasurementDeviceNameTest" time="0.0" classname="com.connect.fluke.app.tests.MeasurementsHistoryPageTests">
    <ignored/>
  </testcase> <!-- TI400MeasurementDeviceNameTest -->
  <testcase name="TI450DownloadedMinTempUnitSyncTest" time="0.0" classname="com.connect.fluke.app.tests.MeasurementsHistoryPageTests">
    <ignored/>
  </testcase> <!-- TI450DownloadedMinTempUnitSyncTest -->
  <testcase name="TI400DownloadedMaxTempLabelTest" time="0.0" classname="com.connect.fluke.app.tests.MeasurementsHistoryPageTests">
    <ignored/>
  </testcase> <!-- TI400DownloadedMaxTempLabelTest -->
  <testcase name="deleteTIMeasurements" time="0.0" classname="com.connect.fluke.app.tests.MeasurementsHistoryPageTests">
    <ignored/>
  </testcase> <!-- deleteTIMeasurements -->
  <testcase name="TI400DownloadedMinTempValueSyncTest" time="0.0" classname="com.connect.fluke.app.tests.MeasurementsHistoryPageTests">
    <ignored/>
  </testcase> <!-- TI400DownloadedMinTempValueSyncTest -->
  <testcase name="shareTIS75MeasurementSyncTest" time="0.0" classname="com.connect.fluke.app.tests.MeasurementsHistoryPageTests">
    <ignored/>
  </testcase> <!-- shareTIS75MeasurementSyncTest -->
  <testcase name="TI400DownloadedMinTempLabelTest" time="0.0" classname="com.connect.fluke.app.tests.MeasurementsHistoryPageTests">
    <ignored/>
  </testcase> <!-- TI400DownloadedMinTempLabelTest -->
  <testcase name="TIS65DownloadedMaxTempValueSyncTest" time="0.0" classname="com.connect.fluke.app.tests.MeasurementsHistoryPageTests">
    <ignored/>
  </testcase> <!-- TIS65DownloadedMaxTempValueSyncTest -->
  <testcase name="deleteWorkOrderMeasurementTest" time="0.0" classname="com.connect.fluke.app.tests.MeasurementsHistoryPageTests">
    <ignored/>
  </testcase> <!-- deleteWorkOrderMeasurementTest -->
  <testcase name="TIS75DownloadedMinTempLabelTest" time="0.0" classname="com.connect.fluke.app.tests.MeasurementsHistoryPageTests">
    <ignored/>
  </testcase> <!-- TIS75DownloadedMinTempLabelTest -->
  <testcase name="TI450DownloadedMinTempLabelSyncTest" time="0.0" classname="com.connect.fluke.app.tests.MeasurementsHistoryPageTests">
    <ignored/>
  </testcase> <!-- TI450DownloadedMinTempLabelSyncTest -->
  <testcase name="TI450DownloadedMinTempLabelTest" time="0.0" classname="com.connect.fluke.app.tests.MeasurementsHistoryPageTests">
    <ignored/>
  </testcase> <!-- TI450DownloadedMinTempLabelTest -->
  <testcase name="TI450DownloadedMaxTempUnitTest" time="0.0" classname="com.connect.fluke.app.tests.MeasurementsHistoryPageTests">
    <ignored/>
  </testcase> <!-- TI450DownloadedMaxTempUnitTest -->
  <testcase name="assignWorkOrderToTIS75MeasurementSyncTest" time="0.0" classname="com.connect.fluke.app.tests.MeasurementsHistoryPageTests">
    <ignored/>
  </testcase> <!-- assignWorkOrderToTIS75MeasurementSyncTest -->
  <testcase name="TI450MinTempUnitSyncTest" time="0.0" classname="com.connect.fluke.app.tests.MeasurementsHistoryPageTests">
    <ignored/>
  </testcase> <!-- TI450MinTempUnitSyncTest -->
  <testcase name="TIS65DownloadedMeasurmentDeviceNameTest" time="0.0" classname="com.connect.fluke.app.tests.MeasurementsHistoryPageTests">
    <ignored/>
  </testcase> <!-- TIS65DownloadedMeasurmentDeviceNameTest -->
  <testcase name="TI400MinTempLabelTest" time="0.0" classname="com.connect.fluke.app.tests.MeasurementsHistoryPageTests">
    <ignored/>
  </testcase> <!-- TI400MinTempLabelTest -->
  <testcase name="TI400DownloadedMeasurmentDeviceNameSyncTest" time="0.0" classname="com.connect.fluke.app.tests.MeasurementsHistoryPageTests">
    <ignored/>
  </testcase> <!-- TI400DownloadedMeasurmentDeviceNameSyncTest -->
  <testcase name="TIS65DownloadedMeasurementValueTest" time="0.0" classname="com.connect.fluke.app.tests.MeasurementsHistoryPageTests">
    <ignored/>
  </testcase> <!-- TIS65DownloadedMeasurementValueTest -->
  <testcase name="TI450DownloadedMaxTempValueSyncTest" time="0.0" classname="com.connect.fluke.app.tests.MeasurementsHistoryPageTests">
    <ignored/>
  </testcase> <!-- TI450DownloadedMaxTempValueSyncTest -->
  <testcase name="TI450DownloadedMaxTempLabelTest" time="0.0" classname="com.connect.fluke.app.tests.MeasurementsHistoryPageTests">
    <ignored/>
  </testcase> <!-- TI450DownloadedMaxTempLabelTest -->
  <testcase name="TI450MeasurementDeviceNameSyncTest" time="0.0" classname="com.connect.fluke.app.tests.MeasurementsHistoryPageTests">
    <ignored/>
  </testcase> <!-- TI450MeasurementDeviceNameSyncTest -->
  <testcase name="TI400MinTempUnitTest" time="0.0" classname="com.connect.fluke.app.tests.MeasurementsHistoryPageTests">
    <ignored/>
  </testcase> <!-- TI400MinTempUnitTest -->
  <testcase name="TI450DownloadedMaxTempUnitSyncTest" time="0.0" classname="com.connect.fluke.app.tests.MeasurementsHistoryPageTests">
    <ignored/>
  </testcase> <!-- TI450DownloadedMaxTempUnitSyncTest -->
  <testcase name="TI450MaxTempLabelSyncTest" time="0.0" classname="com.connect.fluke.app.tests.MeasurementsHistoryPageTests">
    <ignored/>
  </testcase> <!-- TI450MaxTempLabelSyncTest -->
  <testcase name="TI400DownloadedMeasurementUnitTest" time="0.0" classname="com.connect.fluke.app.tests.MeasurementsHistoryPageTests">
    <ignored/>
  </testcase> <!-- TI400DownloadedMeasurementUnitTest -->
  <testcase name="TI400MaxTempLabelSyncTest" time="0.0" classname="com.connect.fluke.app.tests.MeasurementsHistoryPageTests">
    <ignored/>
  </testcase> <!-- TI400MaxTempLabelSyncTest -->
  <testcase name="TI450MeasurementValueSyncTest" time="0.0" classname="com.connect.fluke.app.tests.MeasurementsHistoryPageTests">
    <ignored/>
  </testcase> <!-- TI450MeasurementValueSyncTest -->
  <testcase name="assignAssetToHudsonTest" time="0.0" classname="com.connect.fluke.app.tests.MeasurementsHistoryPageTests">
    <ignored/>
  </testcase> <!-- assignAssetToHudsonTest -->
  <testcase name="TI400DownloadedMinTempLabelSyncTest" time="0.0" classname="com.connect.fluke.app.tests.MeasurementsHistoryPageTests">
    <ignored/>
  </testcase> <!-- TI400DownloadedMinTempLabelSyncTest -->
  <testcase name="TIS75DownloadedMaxTempUnitSyncTest" time="0.0" classname="com.connect.fluke.app.tests.MeasurementsHistoryPageTests">
    <ignored/>
  </testcase> <!-- TIS75DownloadedMaxTempUnitSyncTest -->
  <testcase name="TI400MaxTempLabelTest" time="0.0" classname="com.connect.fluke.app.tests.MeasurementsHistoryPageTests">
    <ignored/>
  </testcase> <!-- TI400MaxTempLabelTest -->
  <testcase name="TI450MeasurementUnitSyncTest" time="0.0" classname="com.connect.fluke.app.tests.MeasurementsHistoryPageTests">
    <ignored/>
  </testcase> <!-- TI450MeasurementUnitSyncTest -->
  <testcase name="TIS75DownloadedMaxTempValueSyncTest" time="0.0" classname="com.connect.fluke.app.tests.MeasurementsHistoryPageTests">
    <ignored/>
  </testcase> <!-- TIS75DownloadedMaxTempValueSyncTest -->
  <testcase name="TIS75DownloadedMinTempLabelSyncTest" time="0.0" classname="com.connect.fluke.app.tests.MeasurementsHistoryPageTests">
    <ignored/>
  </testcase> <!-- TIS75DownloadedMinTempLabelSyncTest -->
  <testcase name="TI450MaxTempUnitTest" time="0.0" classname="com.connect.fluke.app.tests.MeasurementsHistoryPageTests">
    <ignored/>
  </testcase> <!-- TI450MaxTempUnitTest -->
  <testcase name="TIS75DownloadedMeasurmentDeviceNameTest" time="0.0" classname="com.connect.fluke.app.tests.MeasurementsHistoryPageTests">
    <ignored/>
  </testcase> <!-- TIS75DownloadedMeasurmentDeviceNameTest -->
  <testcase name="TI400DownloadedMeasurementUnitSyncTest" time="0.0" classname="com.connect.fluke.app.tests.MeasurementsHistoryPageTests">
    <ignored/>
  </testcase> <!-- TI400DownloadedMeasurementUnitSyncTest -->
  <testcase name="TIS65DownloadedMaxTempLabelTest" time="0.0" classname="com.connect.fluke.app.tests.MeasurementsHistoryPageTests">
    <ignored/>
  </testcase> <!-- TIS65DownloadedMaxTempLabelTest -->
  <testcase name="TI400MeasurementDeviceNameSyncTest" time="0.0" classname="com.connect.fluke.app.tests.MeasurementsHistoryPageTests">
    <ignored/>
  </testcase> <!-- TI400MeasurementDeviceNameSyncTest -->
  <testcase name="TIS75DownloadedMaxTempUnitTest" time="0.0" classname="com.connect.fluke.app.tests.MeasurementsHistoryPageTests">
    <ignored/>
  </testcase> <!-- TIS75DownloadedMaxTempUnitTest -->
  <testcase name="TI400DownloadedMeasurementValueTest" time="0.0" classname="com.connect.fluke.app.tests.MeasurementsHistoryPageTests">
    <ignored/>
  </testcase> <!-- TI400DownloadedMeasurementValueTest -->
  <testcase name="TI400MeasurementUnitTest" time="0.0" classname="com.connect.fluke.app.tests.MeasurementsHistoryPageTests">
    <ignored/>
  </testcase> <!-- TI400MeasurementUnitTest -->
  <testcase name="TI450MeasurementDeviceNameTest" time="0.0" classname="com.connect.fluke.app.tests.MeasurementsHistoryPageTests">
    <ignored/>
  </testcase> <!-- TI450MeasurementDeviceNameTest -->
  <testcase name="TIS65DownloadedMeasurementUnitSyncTest" time="0.0" classname="com.connect.fluke.app.tests.MeasurementsHistoryPageTests">
    <ignored/>
  </testcase> <!-- TIS65DownloadedMeasurementUnitSyncTest -->
  <testcase name="TI450DownloadedMinTempValueSyncTest" time="0.0" classname="com.connect.fluke.app.tests.MeasurementsHistoryPageTests">
    <ignored/>
  </testcase> <!-- TI450DownloadedMinTempValueSyncTest -->
  <testcase name="TI450DownloadedMeasurmentDeviceNameSyncTest" time="0.0" classname="com.connect.fluke.app.tests.MeasurementsHistoryPageTests">
    <ignored/>
  </testcase> <!-- TI450DownloadedMeasurmentDeviceNameSyncTest -->
  <testcase name="TI450MaxTempUnitSyncTest" time="0.0" classname="com.connect.fluke.app.tests.MeasurementsHistoryPageTests">
    <ignored/>
  </testcase> <!-- TI450MaxTempUnitSyncTest -->
  <testcase name="TI400MinTempLabelSyncTest" time="0.0" classname="com.connect.fluke.app.tests.MeasurementsHistoryPageTests">
    <ignored/>
  </testcase> <!-- TI400MinTempLabelSyncTest -->
  <testcase name="TIS65DownloadedMaxTempUnitSyncTest" time="0.0" classname="com.connect.fluke.app.tests.MeasurementsHistoryPageTests">
    <ignored/>
  </testcase> <!-- TIS65DownloadedMaxTempUnitSyncTest -->
  <testcase name="TI450MaxTempValueSyncTest" time="0.0" classname="com.connect.fluke.app.tests.MeasurementsHistoryPageTests">
    <ignored/>
  </testcase> <!-- TI450MaxTempValueSyncTest -->
  <testcase name="TI450MinTempValueTest" time="0.0" classname="com.connect.fluke.app.tests.MeasurementsHistoryPageTests">
    <ignored/>
  </testcase> <!-- TI450MinTempValueTest -->
  <testcase name="deleteMultipleMeasurementsTest" time="0.0" classname="com.connect.fluke.app.tests.MeasurementsHistoryPageTests">
    <ignored/>
  </testcase> <!-- deleteMultipleMeasurementsTest -->
  <testcase name="addTextNoteToTIS75MeasurementTest" time="0.0" classname="com.connect.fluke.app.tests.MeasurementsHistoryPageTests">
    <ignored/>
  </testcase> <!-- addTextNoteToTIS75MeasurementTest -->
  <testcase name="TI400DownloadedMaxTempUnitSyncTest" time="0.0" classname="com.connect.fluke.app.tests.MeasurementsHistoryPageTests">
    <ignored/>
  </testcase> <!-- TI400DownloadedMaxTempUnitSyncTest -->
  <testcase name="TIS75DownloadedMeasurementUnitSyncTest" time="0.0" classname="com.connect.fluke.app.tests.MeasurementsHistoryPageTests">
    <ignored/>
  </testcase> <!-- TIS75DownloadedMeasurementUnitSyncTest -->
  <testcase name="TIS65DownloadedMinTempValueTest" time="0.0" classname="com.connect.fluke.app.tests.MeasurementsHistoryPageTests">
    <ignored/>
  </testcase> <!-- TIS65DownloadedMinTempValueTest -->
  <testcase name="TI400MeasurementValueSyncTest" time="0.0" classname="com.connect.fluke.app.tests.MeasurementsHistoryPageTests">
    <ignored/>
  </testcase> <!-- TI400MeasurementValueSyncTest -->
  <testcase name="TI400DownloadedMinTempUnitSyncTest" time="0.0" classname="com.connect.fluke.app.tests.MeasurementsHistoryPageTests">
    <ignored/>
  </testcase> <!-- TI400DownloadedMinTempUnitSyncTest -->
  <testcase name="TI450DownloadedMaxTempLabelSyncTest" time="0.0" classname="com.connect.fluke.app.tests.MeasurementsHistoryPageTests">
    <ignored/>
  </testcase> <!-- TI450DownloadedMaxTempLabelSyncTest -->
  <testcase name="TIS75DownloadedMaxTempLabelSyncTest" time="0.0" classname="com.connect.fluke.app.tests.MeasurementsHistoryPageTests">
    <ignored/>
  </testcase> <!-- TIS75DownloadedMaxTempLabelSyncTest -->
  <testcase name="TI450MaxTempLabelTest" time="0.0" classname="com.connect.fluke.app.tests.MeasurementsHistoryPageTests">
    <ignored/>
  </testcase> <!-- TI450MaxTempLabelTest -->
  <testcase name="TIS75DownloadedMeasurementUnitTest" time="0.0" classname="com.connect.fluke.app.tests.MeasurementsHistoryPageTests">
    <ignored/>
  </testcase> <!-- TIS75DownloadedMeasurementUnitTest -->
  <testcase name="TIS65DownloadedMinTempUnitSyncTest" time="0.0" classname="com.connect.fluke.app.tests.MeasurementsHistoryPageTests">
    <ignored/>
  </testcase> <!-- TIS65DownloadedMinTempUnitSyncTest -->
  <testcase name="assignAssetToTIS75DownloadedMeasurementTest" time="0.0" classname="com.connect.fluke.app.tests.MeasurementsHistoryPageTests">
    <ignored/>
  </testcase> <!-- assignAssetToTIS75DownloadedMeasurementTest -->
  <testcase name="TI400MeasurementValueTest" time="0.0" classname="com.connect.fluke.app.tests.MeasurementsHistoryPageTests">
    <ignored/>
  </testcase> <!-- TI400MeasurementValueTest -->
  <testcase name="TI450DownloadedMeasurementValueSyncTest" time="0.0" classname="com.connect.fluke.app.tests.MeasurementsHistoryPageTests">
    <ignored/>
  </testcase> <!-- TI450DownloadedMeasurementValueSyncTest -->
  <testcase name="TI450MinTempUnitTest" time="0.0" classname="com.connect.fluke.app.tests.MeasurementsHistoryPageTests">
    <ignored/>
  </testcase> <!-- TI450MinTempUnitTest -->
  <testcase name="TIS75DownloadedMinTempValueSyncTest" time="0.0" classname="com.connect.fluke.app.tests.MeasurementsHistoryPageTests">
    <ignored/>
  </testcase> <!-- TIS75DownloadedMinTempValueSyncTest -->
  <testcase name="TIS75DownloadedMinTempUnitTest" time="0.0" classname="com.connect.fluke.app.tests.MeasurementsHistoryPageTests">
    <ignored/>
  </testcase> <!-- TIS75DownloadedMinTempUnitTest -->
  <testcase name="isAssetAssignedToHudsonTest" time="0.0" classname="com.connect.fluke.app.tests.MeasurementsHistoryPageTests">
    <ignored/>
  </testcase> <!-- isAssetAssignedToHudsonTest -->
  <testcase name="TIS75DownloadedMeasurmentDeviceNameSyncTest" time="0.0" classname="com.connect.fluke.app.tests.MeasurementsHistoryPageTests">
    <ignored/>
  </testcase> <!-- TIS75DownloadedMeasurmentDeviceNameSyncTest -->
  <testcase name="TI450DownloadedMeasurmentDeviceNameTest" time="0.0" classname="com.connect.fluke.app.tests.MeasurementsHistoryPageTests">
    <ignored/>
  </testcase> <!-- TI450DownloadedMeasurmentDeviceNameTest -->
  <testcase name="assignWorkOrderToTIS75MeasurementTest" time="0.0" classname="com.connect.fluke.app.tests.MeasurementsHistoryPageTests">
    <ignored/>
  </testcase> <!-- assignWorkOrderToTIS75MeasurementTest -->
  <testcase name="TIS65DownloadedMeasurmentDeviceNameSyncTest" time="0.0" classname="com.connect.fluke.app.tests.MeasurementsHistoryPageTests">
    <ignored/>
  </testcase> <!-- TIS65DownloadedMeasurmentDeviceNameSyncTest -->
  <testcase name="TI450MinTempValueSyncTest" time="0.0" classname="com.connect.fluke.app.tests.MeasurementsHistoryPageTests">
    <ignored/>
  </testcase> <!-- TI450MinTempValueSyncTest -->
  <testcase name="TIS75DownloadedMaxTempValueTest" time="0.0" classname="com.connect.fluke.app.tests.MeasurementsHistoryPageTests">
    <ignored/>
  </testcase> <!-- TIS75DownloadedMaxTempValueTest -->
  <testcase name="TI400DownloadedMaxTempValueTest" time="0.0" classname="com.connect.fluke.app.tests.MeasurementsHistoryPageTests">
    <ignored/>
  </testcase> <!-- TI400DownloadedMaxTempValueTest -->
  <testcase name="TI400MinTempUnitSyncTest" time="0.0" classname="com.connect.fluke.app.tests.MeasurementsHistoryPageTests">
    <ignored/>
  </testcase> <!-- TI400MinTempUnitSyncTest -->
  <testcase name="TI450DownloadedMaxTempValueTest" time="0.0" classname="com.connect.fluke.app.tests.MeasurementsHistoryPageTests">
    <ignored/>
  </testcase> <!-- TI450DownloadedMaxTempValueTest -->
  <testcase name="TI400DownloadedMeasurementValueSyncTest" time="0.0" classname="com.connect.fluke.app.tests.MeasurementsHistoryPageTests">
    <ignored/>
  </testcase> <!-- TI400DownloadedMeasurementValueSyncTest -->
  <testcase name="TI450MinTempLabelTest" time="0.0" classname="com.connect.fluke.app.tests.MeasurementsHistoryPageTests">
    <ignored/>
  </testcase> <!-- TI450MinTempLabelTest -->
  <testcase name="TI400DownloadedMaxTempUnitTest" time="0.0" classname="com.connect.fluke.app.tests.MeasurementsHistoryPageTests">
    <ignored/>
  </testcase> <!-- TI400DownloadedMaxTempUnitTest -->
  <testcase name="TI400MaxTempUnitTest" time="0.0" classname="com.connect.fluke.app.tests.MeasurementsHistoryPageTests">
    <ignored/>
  </testcase> <!-- TI400MaxTempUnitTest -->
  <testcase name="TI400DownloadedMinTempUnitTest" time="0.0" classname="com.connect.fluke.app.tests.MeasurementsHistoryPageTests">
    <ignored/>
  </testcase> <!-- TI400DownloadedMinTempUnitTest -->
  <testcase name="TI400MinTempValueTest" time="0.0" classname="com.connect.fluke.app.tests.MeasurementsHistoryPageTests">
    <ignored/>
  </testcase> <!-- TI400MinTempValueTest -->
  <testcase name="TIS75DownloadedMinTempUnitSyncTest" time="0.0" classname="com.connect.fluke.app.tests.MeasurementsHistoryPageTests">
    <ignored/>
  </testcase> <!-- TIS75DownloadedMinTempUnitSyncTest -->
  <testcase name="TIS65DownloadedMinTempValueSyncTest" time="0.0" classname="com.connect.fluke.app.tests.MeasurementsHistoryPageTests">
    <ignored/>
  </testcase> <!-- TIS65DownloadedMinTempValueSyncTest -->
  <testcase name="TI450DownloadedMinTempValueTest" time="0.0" classname="com.connect.fluke.app.tests.MeasurementsHistoryPageTests">
    <ignored/>
  </testcase> <!-- TI450DownloadedMinTempValueTest -->
  <testcase name="shareTIS75MeasurementTest" time="0.0" classname="com.connect.fluke.app.tests.MeasurementsHistoryPageTests">
    <ignored/>
  </testcase> <!-- shareTIS75MeasurementTest -->
  <testcase name="TI400DownloadedMaxTempValueSyncTest" time="0.0" classname="com.connect.fluke.app.tests.MeasurementsHistoryPageTests">
    <ignored/>
  </testcase> <!-- TI400DownloadedMaxTempValueSyncTest -->
  <testcase name="assignedWorkOrderToHudsonTest" time="0.0" classname="com.connect.fluke.app.tests.MeasurementsHistoryPageTests">
    <ignored/>
  </testcase> <!-- assignedWorkOrderToHudsonTest -->
  <testcase name="TI400DownloadedMeasurmentDeviceNameTest" time="0.0" classname="com.connect.fluke.app.tests.MeasurementsHistoryPageTests">
    <ignored/>
  </testcase> <!-- TI400DownloadedMeasurmentDeviceNameTest -->
</testsuite> <!-- CNX FCM Measurement Verification Tests(failed) -->
