<?xml version="1.0" encoding="UTF-8"?>
<!-- Generated by org.testng.reporters.JUnitXMLReporter -->
<testsuite hostname="m-bang-isharma1" name="Web Tests(failed)" tests="1" failures="1" timestamp="2 Mar 2018 12:14:00 GMT" time="101.021" errors="0">
  <testcase name="livePollingTest" time="63.657" classname="com.connect.fluke.mobile.tests.FCCM3560SessionDetailPageTests">
    <failure type="java.lang.AssertionError" message="expected [true] but found [false]">
      <![CDATA[java.lang.AssertionError: expected [true] but found [false]
	at com.connect.fluke.mobile.tests.FCCM3560SessionDetailPageTests.livePollingTest(FCCM3560SessionDetailPageTests.java:875)
... Removed 28 stack frames]]>
    </failure>
  </testcase> <!-- livePollingTest -->
</testsuite> <!-- Web Tests(failed) -->
