<html>
<head>
<title>TestNG:  CNX Web Tests</title>
<link href="../testng.css" rel="stylesheet" type="text/css" />
<link href="../my-testng.css" rel="stylesheet" type="text/css" />

<style type="text/css">
.log { display: none;} 
.stack-trace { display: none;} 
</style>
<script type="text/javascript">
<!--
function flip(e) {
  current = e.style.display;
  if (current == 'block') {
    e.style.display = 'none';
    return 0;
  }
  else {
    e.style.display = 'block';
    return 1;
  }
}

function toggleBox(szDivId, elem, msg1, msg2)
{
  var res = -1;  if (document.getElementById) {
    res = flip(document.getElementById(szDivId));
  }
  else if (document.all) {
    // this is the way old msie versions work
    res = flip(document.all[szDivId]);
  }
  if(elem) {
    if(res == 0) elem.innerHTML = msg1; else elem.innerHTML = msg2;
  }

}

function toggleAllBoxes() {
  if (document.getElementsByTagName) {
    d = document.getElementsByTagName('div');
    for (i = 0; i < d.length; i++) {
      if (d[i].className == 'log') {
        flip(d[i]);
      }
    }
  }
}

// -->
</script>

</head>
<body>
<h2 align='center'>CNX Web Tests</h2><table border='1' align="center">
<tr>
<td>Tests passed/Failed/Skipped:</td><td>22/4/0</td>
</tr><tr>
<td>Started on:</td><td>Sat Oct 20 23:44:00 IST 2018</td>
</tr>
<tr><td>Total time:</td><td>45 seconds (45309 ms)</td>
</tr><tr>
<td>Included groups:</td><td>cnx_tests_web </td>
</tr><tr>
<td>Excluded groups:</td><td></td>
</tr>
</table><p/>
<small><i>(Hover the method name to see the test class name)</i></small><p/>
<table width='100%' border='1' class='invocation-failed'>
<tr><td colspan='4' align='center'><b>FAILED TESTS</b></td></tr>
<tr><td><b>Test method</b></td>
<td width="30%"><b>Exception</b></td>
<td width="10%"><b>Time (seconds)</b></td>
<td><b>Instance</b></td>
</tr>
<tr>
<td title='com.connect.fluke.app.tests.MeasurementsHistoryPageTests.a3000MeasurementUnitSyncTest()'><b>a3000MeasurementUnitSyncTest</b><br>Test class: com.connect.fluke.app.tests.MeasurementsHistoryPageTests</td>
<td><div><pre>java.lang.AssertionError: Exception Detail: java.lang.AssertionError: expected [true] but found [false]
	at com.connect.fluke.app.tests.MeasurementsHistoryPageTests.a3000MeasurementUnitSyncTest(MeasurementsHistoryPageTests.java:2412)
... Removed 26 stack frames</pre></div><a href='#' onClick='toggleBox("stack-trace643328884", this, "Click to show all stack frames", "Click to hide stack frames")'>Click to show all stack frames</a>
<div class='stack-trace' id='stack-trace643328884'><pre>java.lang.AssertionError: Exception Detail: java.lang.AssertionError: expected [true] but found [false]
	at org.testng.Assert.fail(Assert.java:96)
	at com.connect.fluke.app.tests.MeasurementsHistoryPageTests.a3000MeasurementUnitSyncTest(MeasurementsHistoryPageTests.java:2412)
	at sun.reflect.NativeMethodAccessorImpl.invoke0(Native Method)
	at sun.reflect.NativeMethodAccessorImpl.invoke(NativeMethodAccessorImpl.java:62)
	at sun.reflect.DelegatingMethodAccessorImpl.invoke(DelegatingMethodAccessorImpl.java:43)
	at java.lang.reflect.Method.invoke(Method.java:498)
	at org.testng.internal.MethodInvocationHelper.invokeMethod(MethodInvocationHelper.java:124)
	at org.testng.internal.Invoker.invokeMethod(Invoker.java:580)
	at org.testng.internal.Invoker.invokeTestMethod(Invoker.java:716)
	at org.testng.internal.Invoker.invokeTestMethods(Invoker.java:988)
	at org.testng.internal.TestMethodWorker.invokeTestMethods(TestMethodWorker.java:125)
	at org.testng.internal.TestMethodWorker.run(TestMethodWorker.java:109)
	at org.testng.TestRunner.privateRun(TestRunner.java:648)
	at org.testng.TestRunner.run(TestRunner.java:505)
	at org.testng.SuiteRunner.runTest(SuiteRunner.java:455)
	at org.testng.SuiteRunner.runSequentially(SuiteRunner.java:450)
	at org.testng.SuiteRunner.privateRun(SuiteRunner.java:415)
	at org.testng.SuiteRunner.run(SuiteRunner.java:364)
	at org.testng.SuiteRunnerWorker.runSuite(SuiteRunnerWorker.java:52)
	at org.testng.SuiteRunnerWorker.run(SuiteRunnerWorker.java:84)
	at org.testng.TestNG.runSuitesSequentially(TestNG.java:1208)
	at org.testng.TestNG.runSuitesLocally(TestNG.java:1137)
	at org.testng.TestNG.runSuites(TestNG.java:1049)
	at org.testng.TestNG.run(TestNG.java:1017)
	at org.testng.remote.AbstractRemoteTestNG.run(AbstractRemoteTestNG.java:114)
	at org.testng.remote.RemoteTestNG.initAndRun(RemoteTestNG.java:251)
	at org.testng.remote.RemoteTestNG.main(RemoteTestNG.java:77)
</pre></div></td>
<td>0</td>
<td>com.connect.fluke.app.tests.MeasurementsHistoryPageTests@4d826d77</td></tr>
<tr>
<td title='com.connect.fluke.app.tests.MeasurementsHistoryPageTests.a3002MeasurementUnitSyncTest()'><b>a3002MeasurementUnitSyncTest</b><br>Test class: com.connect.fluke.app.tests.MeasurementsHistoryPageTests</td>
<td><div><pre>java.lang.AssertionError: Exception Detail: java.lang.AssertionError: expected [true] but found [false]
	at com.connect.fluke.app.tests.MeasurementsHistoryPageTests.a3002MeasurementUnitSyncTest(MeasurementsHistoryPageTests.java:2562)
... Removed 26 stack frames</pre></div><a href='#' onClick='toggleBox("stack-trace107632469", this, "Click to show all stack frames", "Click to hide stack frames")'>Click to show all stack frames</a>
<div class='stack-trace' id='stack-trace107632469'><pre>java.lang.AssertionError: Exception Detail: java.lang.AssertionError: expected [true] but found [false]
	at org.testng.Assert.fail(Assert.java:96)
	at com.connect.fluke.app.tests.MeasurementsHistoryPageTests.a3002MeasurementUnitSyncTest(MeasurementsHistoryPageTests.java:2562)
	at sun.reflect.NativeMethodAccessorImpl.invoke0(Native Method)
	at sun.reflect.NativeMethodAccessorImpl.invoke(NativeMethodAccessorImpl.java:62)
	at sun.reflect.DelegatingMethodAccessorImpl.invoke(DelegatingMethodAccessorImpl.java:43)
	at java.lang.reflect.Method.invoke(Method.java:498)
	at org.testng.internal.MethodInvocationHelper.invokeMethod(MethodInvocationHelper.java:124)
	at org.testng.internal.Invoker.invokeMethod(Invoker.java:580)
	at org.testng.internal.Invoker.invokeTestMethod(Invoker.java:716)
	at org.testng.internal.Invoker.invokeTestMethods(Invoker.java:988)
	at org.testng.internal.TestMethodWorker.invokeTestMethods(TestMethodWorker.java:125)
	at org.testng.internal.TestMethodWorker.run(TestMethodWorker.java:109)
	at org.testng.TestRunner.privateRun(TestRunner.java:648)
	at org.testng.TestRunner.run(TestRunner.java:505)
	at org.testng.SuiteRunner.runTest(SuiteRunner.java:455)
	at org.testng.SuiteRunner.runSequentially(SuiteRunner.java:450)
	at org.testng.SuiteRunner.privateRun(SuiteRunner.java:415)
	at org.testng.SuiteRunner.run(SuiteRunner.java:364)
	at org.testng.SuiteRunnerWorker.runSuite(SuiteRunnerWorker.java:52)
	at org.testng.SuiteRunnerWorker.run(SuiteRunnerWorker.java:84)
	at org.testng.TestNG.runSuitesSequentially(TestNG.java:1208)
	at org.testng.TestNG.runSuitesLocally(TestNG.java:1137)
	at org.testng.TestNG.runSuites(TestNG.java:1049)
	at org.testng.TestNG.run(TestNG.java:1017)
	at org.testng.remote.AbstractRemoteTestNG.run(AbstractRemoteTestNG.java:114)
	at org.testng.remote.RemoteTestNG.initAndRun(RemoteTestNG.java:251)
	at org.testng.remote.RemoteTestNG.main(RemoteTestNG.java:77)
</pre></div></td>
<td>0</td>
<td>com.connect.fluke.app.tests.MeasurementsHistoryPageTests@4d826d77</td></tr>
<tr>
<td title='com.connect.fluke.app.tests.MeasurementsHistoryPageTests.fc369MeasurementUnitSyncTest()'><b>fc369MeasurementUnitSyncTest</b><br>Test class: com.connect.fluke.app.tests.MeasurementsHistoryPageTests</td>
<td><div><pre>java.lang.AssertionError: Exception Detail: java.lang.AssertionError: expected [true] but found [false]
	at com.connect.fluke.app.tests.MeasurementsHistoryPageTests.fc369MeasurementUnitSyncTest(MeasurementsHistoryPageTests.java:2353)
... Removed 26 stack frames</pre></div><a href='#' onClick='toggleBox("stack-trace258447256", this, "Click to show all stack frames", "Click to hide stack frames")'>Click to show all stack frames</a>
<div class='stack-trace' id='stack-trace258447256'><pre>java.lang.AssertionError: Exception Detail: java.lang.AssertionError: expected [true] but found [false]
	at org.testng.Assert.fail(Assert.java:96)
	at com.connect.fluke.app.tests.MeasurementsHistoryPageTests.fc369MeasurementUnitSyncTest(MeasurementsHistoryPageTests.java:2353)
	at sun.reflect.NativeMethodAccessorImpl.invoke0(Native Method)
	at sun.reflect.NativeMethodAccessorImpl.invoke(NativeMethodAccessorImpl.java:62)
	at sun.reflect.DelegatingMethodAccessorImpl.invoke(DelegatingMethodAccessorImpl.java:43)
	at java.lang.reflect.Method.invoke(Method.java:498)
	at org.testng.internal.MethodInvocationHelper.invokeMethod(MethodInvocationHelper.java:124)
	at org.testng.internal.Invoker.invokeMethod(Invoker.java:580)
	at org.testng.internal.Invoker.invokeTestMethod(Invoker.java:716)
	at org.testng.internal.Invoker.invokeTestMethods(Invoker.java:988)
	at org.testng.internal.TestMethodWorker.invokeTestMethods(TestMethodWorker.java:125)
	at org.testng.internal.TestMethodWorker.run(TestMethodWorker.java:109)
	at org.testng.TestRunner.privateRun(TestRunner.java:648)
	at org.testng.TestRunner.run(TestRunner.java:505)
	at org.testng.SuiteRunner.runTest(SuiteRunner.java:455)
	at org.testng.SuiteRunner.runSequentially(SuiteRunner.java:450)
	at org.testng.SuiteRunner.privateRun(SuiteRunner.java:415)
	at org.testng.SuiteRunner.run(SuiteRunner.java:364)
	at org.testng.SuiteRunnerWorker.runSuite(SuiteRunnerWorker.java:52)
	at org.testng.SuiteRunnerWorker.run(SuiteRunnerWorker.java:84)
	at org.testng.TestNG.runSuitesSequentially(TestNG.java:1208)
	at org.testng.TestNG.runSuitesLocally(TestNG.java:1137)
	at org.testng.TestNG.runSuites(TestNG.java:1049)
	at org.testng.TestNG.run(TestNG.java:1017)
	at org.testng.remote.AbstractRemoteTestNG.run(AbstractRemoteTestNG.java:114)
	at org.testng.remote.RemoteTestNG.initAndRun(RemoteTestNG.java:251)
	at org.testng.remote.RemoteTestNG.main(RemoteTestNG.java:77)
</pre></div></td>
<td>0</td>
<td>com.connect.fluke.app.tests.MeasurementsHistoryPageTests@4d826d77</td></tr>
<tr>
<td title='com.connect.fluke.app.tests.MeasurementsHistoryPageTests.v3001MeasurementUnitSyncTest()'><b>v3001MeasurementUnitSyncTest</b><br>Test class: com.connect.fluke.app.tests.MeasurementsHistoryPageTests</td>
<td><div><pre>java.lang.AssertionError: Exception Detail: java.lang.AssertionError: expected [true] but found [false]
	at com.connect.fluke.app.tests.MeasurementsHistoryPageTests.v3001MeasurementUnitSyncTest(MeasurementsHistoryPageTests.java:2637)
... Removed 26 stack frames</pre></div><a href='#' onClick='toggleBox("stack-trace2120532393", this, "Click to show all stack frames", "Click to hide stack frames")'>Click to show all stack frames</a>
<div class='stack-trace' id='stack-trace2120532393'><pre>java.lang.AssertionError: Exception Detail: java.lang.AssertionError: expected [true] but found [false]
	at org.testng.Assert.fail(Assert.java:96)
	at com.connect.fluke.app.tests.MeasurementsHistoryPageTests.v3001MeasurementUnitSyncTest(MeasurementsHistoryPageTests.java:2637)
	at sun.reflect.NativeMethodAccessorImpl.invoke0(Native Method)
	at sun.reflect.NativeMethodAccessorImpl.invoke(NativeMethodAccessorImpl.java:62)
	at sun.reflect.DelegatingMethodAccessorImpl.invoke(DelegatingMethodAccessorImpl.java:43)
	at java.lang.reflect.Method.invoke(Method.java:498)
	at org.testng.internal.MethodInvocationHelper.invokeMethod(MethodInvocationHelper.java:124)
	at org.testng.internal.Invoker.invokeMethod(Invoker.java:580)
	at org.testng.internal.Invoker.invokeTestMethod(Invoker.java:716)
	at org.testng.internal.Invoker.invokeTestMethods(Invoker.java:988)
	at org.testng.internal.TestMethodWorker.invokeTestMethods(TestMethodWorker.java:125)
	at org.testng.internal.TestMethodWorker.run(TestMethodWorker.java:109)
	at org.testng.TestRunner.privateRun(TestRunner.java:648)
	at org.testng.TestRunner.run(TestRunner.java:505)
	at org.testng.SuiteRunner.runTest(SuiteRunner.java:455)
	at org.testng.SuiteRunner.runSequentially(SuiteRunner.java:450)
	at org.testng.SuiteRunner.privateRun(SuiteRunner.java:415)
	at org.testng.SuiteRunner.run(SuiteRunner.java:364)
	at org.testng.SuiteRunnerWorker.runSuite(SuiteRunnerWorker.java:52)
	at org.testng.SuiteRunnerWorker.run(SuiteRunnerWorker.java:84)
	at org.testng.TestNG.runSuitesSequentially(TestNG.java:1208)
	at org.testng.TestNG.runSuitesLocally(TestNG.java:1137)
	at org.testng.TestNG.runSuites(TestNG.java:1049)
	at org.testng.TestNG.run(TestNG.java:1017)
	at org.testng.remote.AbstractRemoteTestNG.run(AbstractRemoteTestNG.java:114)
	at org.testng.remote.RemoteTestNG.initAndRun(RemoteTestNG.java:251)
	at org.testng.remote.RemoteTestNG.main(RemoteTestNG.java:77)
</pre></div></td>
<td>0</td>
<td>com.connect.fluke.app.tests.MeasurementsHistoryPageTests@4d826d77</td></tr>
</table><p>
<table width='100%' border='1' class='invocation-passed'>
<tr><td colspan='4' align='center'><b>PASSED TESTS</b></td></tr>
<tr><td><b>Test method</b></td>
<td width="30%"><b>Exception</b></td>
<td width="10%"><b>Time (seconds)</b></td>
<td><b>Instance</b></td>
</tr>
<tr>
<td title='com.connect.fluke.app.tests.MeasurementsHistoryPageTests.a3000AssignedAssetSyncTest()'><b>a3000AssignedAssetSyncTest</b><br>Test class: com.connect.fluke.app.tests.MeasurementsHistoryPageTests</td>
<td></td>
<td>0</td>
<td>com.connect.fluke.app.tests.MeasurementsHistoryPageTests@4d826d77</td></tr>
<tr>
<td title='com.connect.fluke.app.tests.MeasurementsHistoryPageTests.a3000AssignedWorkOrderSyncTest()'><b>a3000AssignedWorkOrderSyncTest</b><br>Test class: com.connect.fluke.app.tests.MeasurementsHistoryPageTests</td>
<td></td>
<td>0</td>
<td>com.connect.fluke.app.tests.MeasurementsHistoryPageTests@4d826d77</td></tr>
<tr>
<td title='com.connect.fluke.app.tests.MeasurementsHistoryPageTests.a3000MeasurementDeviceNameSyncTest()'><b>a3000MeasurementDeviceNameSyncTest</b><br>Test class: com.connect.fluke.app.tests.MeasurementsHistoryPageTests</td>
<td></td>
<td>0</td>
<td>com.connect.fluke.app.tests.MeasurementsHistoryPageTests@4d826d77</td></tr>
<tr>
<td title='com.connect.fluke.app.tests.MeasurementsHistoryPageTests.a3000MeasurementValueSyncTest()'><b>a3000MeasurementValueSyncTest</b><br>Test class: com.connect.fluke.app.tests.MeasurementsHistoryPageTests</td>
<td></td>
<td>0</td>
<td>com.connect.fluke.app.tests.MeasurementsHistoryPageTests@4d826d77</td></tr>
<tr>
<td title='com.connect.fluke.app.tests.MeasurementsHistoryPageTests.a3002AssignedAssetSyncTest()'><b>a3002AssignedAssetSyncTest</b><br>Test class: com.connect.fluke.app.tests.MeasurementsHistoryPageTests</td>
<td></td>
<td>0</td>
<td>com.connect.fluke.app.tests.MeasurementsHistoryPageTests@4d826d77</td></tr>
<tr>
<td title='com.connect.fluke.app.tests.MeasurementsHistoryPageTests.a3002AssignedWorkOrderSyncTest()'><b>a3002AssignedWorkOrderSyncTest</b><br>Test class: com.connect.fluke.app.tests.MeasurementsHistoryPageTests</td>
<td></td>
<td>0</td>
<td>com.connect.fluke.app.tests.MeasurementsHistoryPageTests@4d826d77</td></tr>
<tr>
<td title='com.connect.fluke.app.tests.MeasurementsHistoryPageTests.a3002MeasurementDeviceNameSyncTest()'><b>a3002MeasurementDeviceNameSyncTest</b><br>Test class: com.connect.fluke.app.tests.MeasurementsHistoryPageTests</td>
<td></td>
<td>0</td>
<td>com.connect.fluke.app.tests.MeasurementsHistoryPageTests@4d826d77</td></tr>
<tr>
<td title='com.connect.fluke.app.tests.MeasurementsHistoryPageTests.a3002MeasurementValueSyncTest()'><b>a3002MeasurementValueSyncTest</b><br>Test class: com.connect.fluke.app.tests.MeasurementsHistoryPageTests</td>
<td></td>
<td>0</td>
<td>com.connect.fluke.app.tests.MeasurementsHistoryPageTests@4d826d77</td></tr>
<tr>
<td title='com.connect.fluke.app.tests.MeasurementsHistoryPageTests.deleteCNXMeasurements()'><b>deleteCNXMeasurements</b><br>Test class: com.connect.fluke.app.tests.MeasurementsHistoryPageTests</td>
<td></td>
<td>0</td>
<td>com.connect.fluke.app.tests.MeasurementsHistoryPageTests@4d826d77</td></tr>
<tr>
<td title='com.connect.fluke.app.tests.MeasurementsHistoryPageTests.fc369AssignedAssetSyncTest()'><b>fc369AssignedAssetSyncTest</b><br>Test class: com.connect.fluke.app.tests.MeasurementsHistoryPageTests</td>
<td></td>
<td>0</td>
<td>com.connect.fluke.app.tests.MeasurementsHistoryPageTests@4d826d77</td></tr>
<tr>
<td title='com.connect.fluke.app.tests.MeasurementsHistoryPageTests.fc369AssignedWorkOrderSyncTest()'><b>fc369AssignedWorkOrderSyncTest</b><br>Test class: com.connect.fluke.app.tests.MeasurementsHistoryPageTests</td>
<td></td>
<td>0</td>
<td>com.connect.fluke.app.tests.MeasurementsHistoryPageTests@4d826d77</td></tr>
<tr>
<td title='com.connect.fluke.app.tests.MeasurementsHistoryPageTests.fc369MeasurementDeviceNameSyncTest()'><b>fc369MeasurementDeviceNameSyncTest</b><br>Test class: com.connect.fluke.app.tests.MeasurementsHistoryPageTests</td>
<td></td>
<td>14</td>
<td>com.connect.fluke.app.tests.MeasurementsHistoryPageTests@4d826d77</td></tr>
<tr>
<td title='com.connect.fluke.app.tests.MeasurementsHistoryPageTests.fc369MeasurementValueSyncTest()'><b>fc369MeasurementValueSyncTest</b><br>Test class: com.connect.fluke.app.tests.MeasurementsHistoryPageTests</td>
<td></td>
<td>0</td>
<td>com.connect.fluke.app.tests.MeasurementsHistoryPageTests@4d826d77</td></tr>
<tr>
<td title='com.connect.fluke.app.tests.MeasurementsHistoryPageTests.t3000AssignedAssetSyncTest()'><b>t3000AssignedAssetSyncTest</b><br>Test class: com.connect.fluke.app.tests.MeasurementsHistoryPageTests</td>
<td></td>
<td>0</td>
<td>com.connect.fluke.app.tests.MeasurementsHistoryPageTests@4d826d77</td></tr>
<tr>
<td title='com.connect.fluke.app.tests.MeasurementsHistoryPageTests.t3000AssignedWorkOrderSyncTest()'><b>t3000AssignedWorkOrderSyncTest</b><br>Test class: com.connect.fluke.app.tests.MeasurementsHistoryPageTests</td>
<td></td>
<td>0</td>
<td>com.connect.fluke.app.tests.MeasurementsHistoryPageTests@4d826d77</td></tr>
<tr>
<td title='com.connect.fluke.app.tests.MeasurementsHistoryPageTests.t3000MeasurementDeviceNameSyncTest()'><b>t3000MeasurementDeviceNameSyncTest</b><br>Test class: com.connect.fluke.app.tests.MeasurementsHistoryPageTests</td>
<td></td>
<td>0</td>
<td>com.connect.fluke.app.tests.MeasurementsHistoryPageTests@4d826d77</td></tr>
<tr>
<td title='com.connect.fluke.app.tests.MeasurementsHistoryPageTests.t3000MeasurementUnitSyncTest()'><b>t3000MeasurementUnitSyncTest</b><br>Test class: com.connect.fluke.app.tests.MeasurementsHistoryPageTests</td>
<td></td>
<td>0</td>
<td>com.connect.fluke.app.tests.MeasurementsHistoryPageTests@4d826d77</td></tr>
<tr>
<td title='com.connect.fluke.app.tests.MeasurementsHistoryPageTests.t3000MeasurementValueSyncTest()'><b>t3000MeasurementValueSyncTest</b><br>Test class: com.connect.fluke.app.tests.MeasurementsHistoryPageTests</td>
<td></td>
<td>0</td>
<td>com.connect.fluke.app.tests.MeasurementsHistoryPageTests@4d826d77</td></tr>
<tr>
<td title='com.connect.fluke.app.tests.MeasurementsHistoryPageTests.v3001AssignedAssetSyncTest()'><b>v3001AssignedAssetSyncTest</b><br>Test class: com.connect.fluke.app.tests.MeasurementsHistoryPageTests</td>
<td></td>
<td>0</td>
<td>com.connect.fluke.app.tests.MeasurementsHistoryPageTests@4d826d77</td></tr>
<tr>
<td title='com.connect.fluke.app.tests.MeasurementsHistoryPageTests.v3001AssignedWorkOrderSyncTest()'><b>v3001AssignedWorkOrderSyncTest</b><br>Test class: com.connect.fluke.app.tests.MeasurementsHistoryPageTests</td>
<td></td>
<td>0</td>
<td>com.connect.fluke.app.tests.MeasurementsHistoryPageTests@4d826d77</td></tr>
<tr>
<td title='com.connect.fluke.app.tests.MeasurementsHistoryPageTests.v3001MeasurementDeviceNameSyncTest()'><b>v3001MeasurementDeviceNameSyncTest</b><br>Test class: com.connect.fluke.app.tests.MeasurementsHistoryPageTests</td>
<td></td>
<td>0</td>
<td>com.connect.fluke.app.tests.MeasurementsHistoryPageTests@4d826d77</td></tr>
<tr>
<td title='com.connect.fluke.app.tests.MeasurementsHistoryPageTests.v3001MeasurementValueSyncTest()'><b>v3001MeasurementValueSyncTest</b><br>Test class: com.connect.fluke.app.tests.MeasurementsHistoryPageTests</td>
<td></td>
<td>0</td>
<td>com.connect.fluke.app.tests.MeasurementsHistoryPageTests@4d826d77</td></tr>
</table><p>
</body>
</html>