<html>
<head>
<title>TestNG:  FCCM3540 iOS Session Verification Tests</title>
<link href="../testng.css" rel="stylesheet" type="text/css" />
<link href="../my-testng.css" rel="stylesheet" type="text/css" />

<style type="text/css">
.log { display: none;} 
.stack-trace { display: none;} 
</style>
<script type="text/javascript">
<!--
function flip(e) {
  current = e.style.display;
  if (current == 'block') {
    e.style.display = 'none';
    return 0;
  }
  else {
    e.style.display = 'block';
    return 1;
  }
}

function toggleBox(szDivId, elem, msg1, msg2)
{
  var res = -1;  if (document.getElementById) {
    res = flip(document.getElementById(szDivId));
  }
  else if (document.all) {
    // this is the way old msie versions work
    res = flip(document.all[szDivId]);
  }
  if(elem) {
    if(res == 0) elem.innerHTML = msg1; else elem.innerHTML = msg2;
  }

}

function toggleAllBoxes() {
  if (document.getElementsByTagName) {
    d = document.getElementsByTagName('div');
    for (i = 0; i < d.length; i++) {
      if (d[i].className == 'log') {
        flip(d[i]);
      }
    }
  }
}

// -->
</script>

</head>
<body>
<h2 align='center'>FCCM3540 iOS Session Verification Tests</h2><table border='1' align="center">
<tr>
<td>Tests passed/Failed/Skipped:</td><td>53/25/0</td>
</tr><tr>
<td>Started on:</td><td>Sat Jun 09 02:43:26 IST 2018</td>
</tr>
<tr><td>Total time:</td><td>2700 seconds (2700675 ms)</td>
</tr><tr>
<td>Included groups:</td><td>3540_session_tests </td>
</tr><tr>
<td>Excluded groups:</td><td></td>
</tr>
</table><p/>
<small><i>(Hover the method name to see the test class name)</i></small><p/>
<table width='100%' border='1' class='invocation-failed'>
<tr><td colspan='4' align='center'><b>FAILED TESTS</b></td></tr>
<tr><td><b>Test method</b></td>
<td width="30%"><b>Exception</b></td>
<td width="10%"><b>Time (seconds)</b></td>
<td><b>Instance</b></td>
</tr>
<tr>
<td title='com.connect.fluke.app.tests.SessionDetailPageTests3540.measurementValueUnitPhaseTestForAllTabs()'><b>measurementValueUnitPhaseTestForAllTabs</b><br>Test class: com.connect.fluke.app.tests.SessionDetailPageTests3540<br>Parameters: 1H, V, A, Hz, Volts (AB, BC, CA), Volts, AB, BC, CA</td>
<td><div><pre>java.lang.AssertionError:  For Study Type -- Unit (V, A, Hz -- Volts (AB, BC, CA)) Unit is incorrect. Expected: Volts
	at com.connect.fluke.app.tests.SessionDetailPageTests3540.measurementValueUnitPhaseTestForAllTabs(SessionDetailPageTests3540.java:518)
... Removed 26 stack frames</pre></div><a href='#' onClick='toggleBox("stack-trace1338368149", this, "Click to show all stack frames", "Click to hide stack frames")'>Click to show all stack frames</a>
<div class='stack-trace' id='stack-trace1338368149'><pre>java.lang.AssertionError:  For Study Type -- Unit (V, A, Hz -- Volts (AB, BC, CA)) Unit is incorrect. Expected: Volts
	at org.testng.Assert.fail(Assert.java:96)
	at com.connect.fluke.app.tests.SessionDetailPageTests3540.measurementValueUnitPhaseTestForAllTabs(SessionDetailPageTests3540.java:518)
	at sun.reflect.NativeMethodAccessorImpl.invoke0(Native Method)
	at sun.reflect.NativeMethodAccessorImpl.invoke(NativeMethodAccessorImpl.java:62)
	at sun.reflect.DelegatingMethodAccessorImpl.invoke(DelegatingMethodAccessorImpl.java:43)
	at java.lang.reflect.Method.invoke(Method.java:498)
	at org.testng.internal.MethodInvocationHelper.invokeMethod(MethodInvocationHelper.java:124)
	at org.testng.internal.Invoker.invokeMethod(Invoker.java:580)
	at org.testng.internal.Invoker.invokeTestMethod(Invoker.java:716)
	at org.testng.internal.Invoker.invokeTestMethods(Invoker.java:988)
	at org.testng.internal.TestMethodWorker.invokeTestMethods(TestMethodWorker.java:125)
	at org.testng.internal.TestMethodWorker.run(TestMethodWorker.java:109)
	at org.testng.TestRunner.privateRun(TestRunner.java:648)
	at org.testng.TestRunner.run(TestRunner.java:505)
	at org.testng.SuiteRunner.runTest(SuiteRunner.java:455)
	at org.testng.SuiteRunner.runSequentially(SuiteRunner.java:450)
	at org.testng.SuiteRunner.privateRun(SuiteRunner.java:415)
	at org.testng.SuiteRunner.run(SuiteRunner.java:364)
	at org.testng.SuiteRunnerWorker.runSuite(SuiteRunnerWorker.java:52)
	at org.testng.SuiteRunnerWorker.run(SuiteRunnerWorker.java:84)
	at org.testng.TestNG.runSuitesSequentially(TestNG.java:1208)
	at org.testng.TestNG.runSuitesLocally(TestNG.java:1137)
	at org.testng.TestNG.runSuites(TestNG.java:1049)
	at org.testng.TestNG.run(TestNG.java:1017)
	at org.testng.remote.AbstractRemoteTestNG.run(AbstractRemoteTestNG.java:114)
	at org.testng.remote.RemoteTestNG.initAndRun(RemoteTestNG.java:251)
	at org.testng.remote.RemoteTestNG.main(RemoteTestNG.java:77)
</pre></div></td>
<td>46</td>
<td>com.connect.fluke.app.tests.SessionDetailPageTests3540@3901d134</td></tr>
<tr>
<td title='com.connect.fluke.app.tests.SessionDetailPageTests3540.measurementValueUnitPhaseTestForAllTabs()'><b>measurementValueUnitPhaseTestForAllTabs</b><br>Test class: com.connect.fluke.app.tests.SessionDetailPageTests3540<br>Parameters: 1H, V, A, Hz, Amps (A, B, C), Amps, A, B, C</td>
<td><div><pre>java.lang.AssertionError:  For Study Type -- Unit (V, A, Hz -- Amps (A, B, C)) Unit is incorrect. Expected: Amps
	at com.connect.fluke.app.tests.SessionDetailPageTests3540.measurementValueUnitPhaseTestForAllTabs(SessionDetailPageTests3540.java:518)
... Removed 26 stack frames</pre></div><a href='#' onClick='toggleBox("stack-trace1620459733", this, "Click to show all stack frames", "Click to hide stack frames")'>Click to show all stack frames</a>
<div class='stack-trace' id='stack-trace1620459733'><pre>java.lang.AssertionError:  For Study Type -- Unit (V, A, Hz -- Amps (A, B, C)) Unit is incorrect. Expected: Amps
	at org.testng.Assert.fail(Assert.java:96)
	at com.connect.fluke.app.tests.SessionDetailPageTests3540.measurementValueUnitPhaseTestForAllTabs(SessionDetailPageTests3540.java:518)
	at sun.reflect.NativeMethodAccessorImpl.invoke0(Native Method)
	at sun.reflect.NativeMethodAccessorImpl.invoke(NativeMethodAccessorImpl.java:62)
	at sun.reflect.DelegatingMethodAccessorImpl.invoke(DelegatingMethodAccessorImpl.java:43)
	at java.lang.reflect.Method.invoke(Method.java:498)
	at org.testng.internal.MethodInvocationHelper.invokeMethod(MethodInvocationHelper.java:124)
	at org.testng.internal.Invoker.invokeMethod(Invoker.java:580)
	at org.testng.internal.Invoker.invokeTestMethod(Invoker.java:716)
	at org.testng.internal.Invoker.invokeTestMethods(Invoker.java:988)
	at org.testng.internal.TestMethodWorker.invokeTestMethods(TestMethodWorker.java:125)
	at org.testng.internal.TestMethodWorker.run(TestMethodWorker.java:109)
	at org.testng.TestRunner.privateRun(TestRunner.java:648)
	at org.testng.TestRunner.run(TestRunner.java:505)
	at org.testng.SuiteRunner.runTest(SuiteRunner.java:455)
	at org.testng.SuiteRunner.runSequentially(SuiteRunner.java:450)
	at org.testng.SuiteRunner.privateRun(SuiteRunner.java:415)
	at org.testng.SuiteRunner.run(SuiteRunner.java:364)
	at org.testng.SuiteRunnerWorker.runSuite(SuiteRunnerWorker.java:52)
	at org.testng.SuiteRunnerWorker.run(SuiteRunnerWorker.java:84)
	at org.testng.TestNG.runSuitesSequentially(TestNG.java:1208)
	at org.testng.TestNG.runSuitesLocally(TestNG.java:1137)
	at org.testng.TestNG.runSuites(TestNG.java:1049)
	at org.testng.TestNG.run(TestNG.java:1017)
	at org.testng.remote.AbstractRemoteTestNG.run(AbstractRemoteTestNG.java:114)
	at org.testng.remote.RemoteTestNG.initAndRun(RemoteTestNG.java:251)
	at org.testng.remote.RemoteTestNG.main(RemoteTestNG.java:77)
</pre></div></td>
<td>38</td>
<td>com.connect.fluke.app.tests.SessionDetailPageTests3540@3901d134</td></tr>
<tr>
<td title='com.connect.fluke.app.tests.SessionDetailPageTests3540.measurementValueUnitPhaseTestForAllTabs()'><b>measurementValueUnitPhaseTestForAllTabs</b><br>Test class: com.connect.fluke.app.tests.SessionDetailPageTests3540<br>Parameters: 1H, THD/THC, THD - V (AB, BC, CA), THD - V, AB, BC, CA</td>
<td><div><pre>java.lang.AssertionError:  For Study Type -- Unit (THD/THC -- THD - V (AB, BC, CA)) Unit is incorrect. Expected: THD - V
	at com.connect.fluke.app.tests.SessionDetailPageTests3540.measurementValueUnitPhaseTestForAllTabs(SessionDetailPageTests3540.java:518)
... Removed 26 stack frames</pre></div><a href='#' onClick='toggleBox("stack-trace1659515968", this, "Click to show all stack frames", "Click to hide stack frames")'>Click to show all stack frames</a>
<div class='stack-trace' id='stack-trace1659515968'><pre>java.lang.AssertionError:  For Study Type -- Unit (THD/THC -- THD - V (AB, BC, CA)) Unit is incorrect. Expected: THD - V
	at org.testng.Assert.fail(Assert.java:96)
	at com.connect.fluke.app.tests.SessionDetailPageTests3540.measurementValueUnitPhaseTestForAllTabs(SessionDetailPageTests3540.java:518)
	at sun.reflect.NativeMethodAccessorImpl.invoke0(Native Method)
	at sun.reflect.NativeMethodAccessorImpl.invoke(NativeMethodAccessorImpl.java:62)
	at sun.reflect.DelegatingMethodAccessorImpl.invoke(DelegatingMethodAccessorImpl.java:43)
	at java.lang.reflect.Method.invoke(Method.java:498)
	at org.testng.internal.MethodInvocationHelper.invokeMethod(MethodInvocationHelper.java:124)
	at org.testng.internal.Invoker.invokeMethod(Invoker.java:580)
	at org.testng.internal.Invoker.invokeTestMethod(Invoker.java:716)
	at org.testng.internal.Invoker.invokeTestMethods(Invoker.java:988)
	at org.testng.internal.TestMethodWorker.invokeTestMethods(TestMethodWorker.java:125)
	at org.testng.internal.TestMethodWorker.run(TestMethodWorker.java:109)
	at org.testng.TestRunner.privateRun(TestRunner.java:648)
	at org.testng.TestRunner.run(TestRunner.java:505)
	at org.testng.SuiteRunner.runTest(SuiteRunner.java:455)
	at org.testng.SuiteRunner.runSequentially(SuiteRunner.java:450)
	at org.testng.SuiteRunner.privateRun(SuiteRunner.java:415)
	at org.testng.SuiteRunner.run(SuiteRunner.java:364)
	at org.testng.SuiteRunnerWorker.runSuite(SuiteRunnerWorker.java:52)
	at org.testng.SuiteRunnerWorker.run(SuiteRunnerWorker.java:84)
	at org.testng.TestNG.runSuitesSequentially(TestNG.java:1208)
	at org.testng.TestNG.runSuitesLocally(TestNG.java:1137)
	at org.testng.TestNG.runSuites(TestNG.java:1049)
	at org.testng.TestNG.run(TestNG.java:1017)
	at org.testng.remote.AbstractRemoteTestNG.run(AbstractRemoteTestNG.java:114)
	at org.testng.remote.RemoteTestNG.initAndRun(RemoteTestNG.java:251)
	at org.testng.remote.RemoteTestNG.main(RemoteTestNG.java:77)
</pre></div></td>
<td>50</td>
<td>com.connect.fluke.app.tests.SessionDetailPageTests3540@3901d134</td></tr>
<tr>
<td title='com.connect.fluke.app.tests.SessionDetailPageTests3540.measurementValueUnitPhaseTestForAllTabs()'><b>measurementValueUnitPhaseTestForAllTabs</b><br>Test class: com.connect.fluke.app.tests.SessionDetailPageTests3540<br>Parameters: 1H, THD/THC, THD - A (A, B, C), THD - A, A, B, C</td>
<td><div><pre>java.lang.AssertionError:  For Study Type -- Unit (THD/THC -- THD - A (A, B, C)) Unit is incorrect. Expected: THD - A
	at com.connect.fluke.app.tests.SessionDetailPageTests3540.measurementValueUnitPhaseTestForAllTabs(SessionDetailPageTests3540.java:518)
... Removed 26 stack frames</pre></div><a href='#' onClick='toggleBox("stack-trace1433208870", this, "Click to show all stack frames", "Click to hide stack frames")'>Click to show all stack frames</a>
<div class='stack-trace' id='stack-trace1433208870'><pre>java.lang.AssertionError:  For Study Type -- Unit (THD/THC -- THD - A (A, B, C)) Unit is incorrect. Expected: THD - A
	at org.testng.Assert.fail(Assert.java:96)
	at com.connect.fluke.app.tests.SessionDetailPageTests3540.measurementValueUnitPhaseTestForAllTabs(SessionDetailPageTests3540.java:518)
	at sun.reflect.NativeMethodAccessorImpl.invoke0(Native Method)
	at sun.reflect.NativeMethodAccessorImpl.invoke(NativeMethodAccessorImpl.java:62)
	at sun.reflect.DelegatingMethodAccessorImpl.invoke(DelegatingMethodAccessorImpl.java:43)
	at java.lang.reflect.Method.invoke(Method.java:498)
	at org.testng.internal.MethodInvocationHelper.invokeMethod(MethodInvocationHelper.java:124)
	at org.testng.internal.Invoker.invokeMethod(Invoker.java:580)
	at org.testng.internal.Invoker.invokeTestMethod(Invoker.java:716)
	at org.testng.internal.Invoker.invokeTestMethods(Invoker.java:988)
	at org.testng.internal.TestMethodWorker.invokeTestMethods(TestMethodWorker.java:125)
	at org.testng.internal.TestMethodWorker.run(TestMethodWorker.java:109)
	at org.testng.TestRunner.privateRun(TestRunner.java:648)
	at org.testng.TestRunner.run(TestRunner.java:505)
	at org.testng.SuiteRunner.runTest(SuiteRunner.java:455)
	at org.testng.SuiteRunner.runSequentially(SuiteRunner.java:450)
	at org.testng.SuiteRunner.privateRun(SuiteRunner.java:415)
	at org.testng.SuiteRunner.run(SuiteRunner.java:364)
	at org.testng.SuiteRunnerWorker.runSuite(SuiteRunnerWorker.java:52)
	at org.testng.SuiteRunnerWorker.run(SuiteRunnerWorker.java:84)
	at org.testng.TestNG.runSuitesSequentially(TestNG.java:1208)
	at org.testng.TestNG.runSuitesLocally(TestNG.java:1137)
	at org.testng.TestNG.runSuites(TestNG.java:1049)
	at org.testng.TestNG.run(TestNG.java:1017)
	at org.testng.remote.AbstractRemoteTestNG.run(AbstractRemoteTestNG.java:114)
	at org.testng.remote.RemoteTestNG.initAndRun(RemoteTestNG.java:251)
	at org.testng.remote.RemoteTestNG.main(RemoteTestNG.java:77)
</pre></div></td>
<td>38</td>
<td>com.connect.fluke.app.tests.SessionDetailPageTests3540@3901d134</td></tr>
<tr>
<td title='com.connect.fluke.app.tests.SessionDetailPageTests3540.measurementValueUnitPhaseTestForAllTabs()'><b>measurementValueUnitPhaseTestForAllTabs</b><br>Test class: com.connect.fluke.app.tests.SessionDetailPageTests3540<br>Parameters: 1H, THD/THC, THC - A (A, B, C), THC - A, A, B, C</td>
<td><div><pre>java.lang.AssertionError:  For Study Type -- Unit (THD/THC -- THC - A (A, B, C)) Unit is incorrect. Expected: THC - A
	at com.connect.fluke.app.tests.SessionDetailPageTests3540.measurementValueUnitPhaseTestForAllTabs(SessionDetailPageTests3540.java:518)
... Removed 26 stack frames</pre></div><a href='#' onClick='toggleBox("stack-trace1437988306", this, "Click to show all stack frames", "Click to hide stack frames")'>Click to show all stack frames</a>
<div class='stack-trace' id='stack-trace1437988306'><pre>java.lang.AssertionError:  For Study Type -- Unit (THD/THC -- THC - A (A, B, C)) Unit is incorrect. Expected: THC - A
	at org.testng.Assert.fail(Assert.java:96)
	at com.connect.fluke.app.tests.SessionDetailPageTests3540.measurementValueUnitPhaseTestForAllTabs(SessionDetailPageTests3540.java:518)
	at sun.reflect.NativeMethodAccessorImpl.invoke0(Native Method)
	at sun.reflect.NativeMethodAccessorImpl.invoke(NativeMethodAccessorImpl.java:62)
	at sun.reflect.DelegatingMethodAccessorImpl.invoke(DelegatingMethodAccessorImpl.java:43)
	at java.lang.reflect.Method.invoke(Method.java:498)
	at org.testng.internal.MethodInvocationHelper.invokeMethod(MethodInvocationHelper.java:124)
	at org.testng.internal.Invoker.invokeMethod(Invoker.java:580)
	at org.testng.internal.Invoker.invokeTestMethod(Invoker.java:716)
	at org.testng.internal.Invoker.invokeTestMethods(Invoker.java:988)
	at org.testng.internal.TestMethodWorker.invokeTestMethods(TestMethodWorker.java:125)
	at org.testng.internal.TestMethodWorker.run(TestMethodWorker.java:109)
	at org.testng.TestRunner.privateRun(TestRunner.java:648)
	at org.testng.TestRunner.run(TestRunner.java:505)
	at org.testng.SuiteRunner.runTest(SuiteRunner.java:455)
	at org.testng.SuiteRunner.runSequentially(SuiteRunner.java:450)
	at org.testng.SuiteRunner.privateRun(SuiteRunner.java:415)
	at org.testng.SuiteRunner.run(SuiteRunner.java:364)
	at org.testng.SuiteRunnerWorker.runSuite(SuiteRunnerWorker.java:52)
	at org.testng.SuiteRunnerWorker.run(SuiteRunnerWorker.java:84)
	at org.testng.TestNG.runSuitesSequentially(TestNG.java:1208)
	at org.testng.TestNG.runSuitesLocally(TestNG.java:1137)
	at org.testng.TestNG.runSuites(TestNG.java:1049)
	at org.testng.TestNG.run(TestNG.java:1017)
	at org.testng.remote.AbstractRemoteTestNG.run(AbstractRemoteTestNG.java:114)
	at org.testng.remote.RemoteTestNG.initAndRun(RemoteTestNG.java:251)
	at org.testng.remote.RemoteTestNG.main(RemoteTestNG.java:77)
</pre></div></td>
<td>26</td>
<td>com.connect.fluke.app.tests.SessionDetailPageTests3540@3901d134</td></tr>
<tr>
<td title='com.connect.fluke.app.tests.SessionDetailPageTests3540.measurementValueUnitPhaseTestForAllTabs()'><b>measurementValueUnitPhaseTestForAllTabs</b><br>Test class: com.connect.fluke.app.tests.SessionDetailPageTests3540<br>Parameters: 1D, V, A, Hz, Volts (AB, BC, CA), Volts, AB, BC, CA</td>
<td><div><pre>java.lang.AssertionError:  For Study Type -- Unit (V, A, Hz -- Volts (AB, BC, CA)) Unit is incorrect. Expected: Volts
	at com.connect.fluke.app.tests.SessionDetailPageTests3540.measurementValueUnitPhaseTestForAllTabs(SessionDetailPageTests3540.java:518)
... Removed 26 stack frames</pre></div><a href='#' onClick='toggleBox("stack-trace1244867001", this, "Click to show all stack frames", "Click to hide stack frames")'>Click to show all stack frames</a>
<div class='stack-trace' id='stack-trace1244867001'><pre>java.lang.AssertionError:  For Study Type -- Unit (V, A, Hz -- Volts (AB, BC, CA)) Unit is incorrect. Expected: Volts
	at org.testng.Assert.fail(Assert.java:96)
	at com.connect.fluke.app.tests.SessionDetailPageTests3540.measurementValueUnitPhaseTestForAllTabs(SessionDetailPageTests3540.java:518)
	at sun.reflect.NativeMethodAccessorImpl.invoke0(Native Method)
	at sun.reflect.NativeMethodAccessorImpl.invoke(NativeMethodAccessorImpl.java:62)
	at sun.reflect.DelegatingMethodAccessorImpl.invoke(DelegatingMethodAccessorImpl.java:43)
	at java.lang.reflect.Method.invoke(Method.java:498)
	at org.testng.internal.MethodInvocationHelper.invokeMethod(MethodInvocationHelper.java:124)
	at org.testng.internal.Invoker.invokeMethod(Invoker.java:580)
	at org.testng.internal.Invoker.invokeTestMethod(Invoker.java:716)
	at org.testng.internal.Invoker.invokeTestMethods(Invoker.java:988)
	at org.testng.internal.TestMethodWorker.invokeTestMethods(TestMethodWorker.java:125)
	at org.testng.internal.TestMethodWorker.run(TestMethodWorker.java:109)
	at org.testng.TestRunner.privateRun(TestRunner.java:648)
	at org.testng.TestRunner.run(TestRunner.java:505)
	at org.testng.SuiteRunner.runTest(SuiteRunner.java:455)
	at org.testng.SuiteRunner.runSequentially(SuiteRunner.java:450)
	at org.testng.SuiteRunner.privateRun(SuiteRunner.java:415)
	at org.testng.SuiteRunner.run(SuiteRunner.java:364)
	at org.testng.SuiteRunnerWorker.runSuite(SuiteRunnerWorker.java:52)
	at org.testng.SuiteRunnerWorker.run(SuiteRunnerWorker.java:84)
	at org.testng.TestNG.runSuitesSequentially(TestNG.java:1208)
	at org.testng.TestNG.runSuitesLocally(TestNG.java:1137)
	at org.testng.TestNG.runSuites(TestNG.java:1049)
	at org.testng.TestNG.run(TestNG.java:1017)
	at org.testng.remote.AbstractRemoteTestNG.run(AbstractRemoteTestNG.java:114)
	at org.testng.remote.RemoteTestNG.initAndRun(RemoteTestNG.java:251)
	at org.testng.remote.RemoteTestNG.main(RemoteTestNG.java:77)
</pre></div></td>
<td>64</td>
<td>com.connect.fluke.app.tests.SessionDetailPageTests3540@3901d134</td></tr>
<tr>
<td title='com.connect.fluke.app.tests.SessionDetailPageTests3540.measurementValueUnitPhaseTestForAllTabs()'><b>measurementValueUnitPhaseTestForAllTabs</b><br>Test class: com.connect.fluke.app.tests.SessionDetailPageTests3540<br>Parameters: 1D, V, A, Hz, Amps (A, B, C), Amps, A, B, C</td>
<td><div><pre>java.lang.AssertionError:  For Study Type -- Unit (V, A, Hz -- Amps (A, B, C)) Unit is incorrect. Expected: Amps
	at com.connect.fluke.app.tests.SessionDetailPageTests3540.measurementValueUnitPhaseTestForAllTabs(SessionDetailPageTests3540.java:518)
... Removed 26 stack frames</pre></div><a href='#' onClick='toggleBox("stack-trace369805307", this, "Click to show all stack frames", "Click to hide stack frames")'>Click to show all stack frames</a>
<div class='stack-trace' id='stack-trace369805307'><pre>java.lang.AssertionError:  For Study Type -- Unit (V, A, Hz -- Amps (A, B, C)) Unit is incorrect. Expected: Amps
	at org.testng.Assert.fail(Assert.java:96)
	at com.connect.fluke.app.tests.SessionDetailPageTests3540.measurementValueUnitPhaseTestForAllTabs(SessionDetailPageTests3540.java:518)
	at sun.reflect.NativeMethodAccessorImpl.invoke0(Native Method)
	at sun.reflect.NativeMethodAccessorImpl.invoke(NativeMethodAccessorImpl.java:62)
	at sun.reflect.DelegatingMethodAccessorImpl.invoke(DelegatingMethodAccessorImpl.java:43)
	at java.lang.reflect.Method.invoke(Method.java:498)
	at org.testng.internal.MethodInvocationHelper.invokeMethod(MethodInvocationHelper.java:124)
	at org.testng.internal.Invoker.invokeMethod(Invoker.java:580)
	at org.testng.internal.Invoker.invokeTestMethod(Invoker.java:716)
	at org.testng.internal.Invoker.invokeTestMethods(Invoker.java:988)
	at org.testng.internal.TestMethodWorker.invokeTestMethods(TestMethodWorker.java:125)
	at org.testng.internal.TestMethodWorker.run(TestMethodWorker.java:109)
	at org.testng.TestRunner.privateRun(TestRunner.java:648)
	at org.testng.TestRunner.run(TestRunner.java:505)
	at org.testng.SuiteRunner.runTest(SuiteRunner.java:455)
	at org.testng.SuiteRunner.runSequentially(SuiteRunner.java:450)
	at org.testng.SuiteRunner.privateRun(SuiteRunner.java:415)
	at org.testng.SuiteRunner.run(SuiteRunner.java:364)
	at org.testng.SuiteRunnerWorker.runSuite(SuiteRunnerWorker.java:52)
	at org.testng.SuiteRunnerWorker.run(SuiteRunnerWorker.java:84)
	at org.testng.TestNG.runSuitesSequentially(TestNG.java:1208)
	at org.testng.TestNG.runSuitesLocally(TestNG.java:1137)
	at org.testng.TestNG.runSuites(TestNG.java:1049)
	at org.testng.TestNG.run(TestNG.java:1017)
	at org.testng.remote.AbstractRemoteTestNG.run(AbstractRemoteTestNG.java:114)
	at org.testng.remote.RemoteTestNG.initAndRun(RemoteTestNG.java:251)
	at org.testng.remote.RemoteTestNG.main(RemoteTestNG.java:77)
</pre></div></td>
<td>40</td>
<td>com.connect.fluke.app.tests.SessionDetailPageTests3540@3901d134</td></tr>
<tr>
<td title='com.connect.fluke.app.tests.SessionDetailPageTests3540.measurementValueUnitPhaseTestForAllTabs()'><b>measurementValueUnitPhaseTestForAllTabs</b><br>Test class: com.connect.fluke.app.tests.SessionDetailPageTests3540<br>Parameters: 1D, THD/THC, THD - V (AB, BC, CA), THD - V, AB, BC, CA</td>
<td><div><pre>java.lang.AssertionError:  For Study Type -- Unit (THD/THC -- THD - V (AB, BC, CA)) Unit is incorrect. Expected: THD - V
	at com.connect.fluke.app.tests.SessionDetailPageTests3540.measurementValueUnitPhaseTestForAllTabs(SessionDetailPageTests3540.java:518)
... Removed 25 stack frames</pre></div><a href='#' onClick='toggleBox("stack-trace1819038759", this, "Click to show all stack frames", "Click to hide stack frames")'>Click to show all stack frames</a>
<div class='stack-trace' id='stack-trace1819038759'><pre>java.lang.AssertionError:  For Study Type -- Unit (THD/THC -- THD - V (AB, BC, CA)) Unit is incorrect. Expected: THD - V
	at org.testng.Assert.fail(Assert.java:96)
	at com.connect.fluke.app.tests.SessionDetailPageTests3540.measurementValueUnitPhaseTestForAllTabs(SessionDetailPageTests3540.java:518)
	at sun.reflect.GeneratedMethodAccessor15.invoke(Unknown Source)
	at sun.reflect.DelegatingMethodAccessorImpl.invoke(DelegatingMethodAccessorImpl.java:43)
	at java.lang.reflect.Method.invoke(Method.java:498)
	at org.testng.internal.MethodInvocationHelper.invokeMethod(MethodInvocationHelper.java:124)
	at org.testng.internal.Invoker.invokeMethod(Invoker.java:580)
	at org.testng.internal.Invoker.invokeTestMethod(Invoker.java:716)
	at org.testng.internal.Invoker.invokeTestMethods(Invoker.java:988)
	at org.testng.internal.TestMethodWorker.invokeTestMethods(TestMethodWorker.java:125)
	at org.testng.internal.TestMethodWorker.run(TestMethodWorker.java:109)
	at org.testng.TestRunner.privateRun(TestRunner.java:648)
	at org.testng.TestRunner.run(TestRunner.java:505)
	at org.testng.SuiteRunner.runTest(SuiteRunner.java:455)
	at org.testng.SuiteRunner.runSequentially(SuiteRunner.java:450)
	at org.testng.SuiteRunner.privateRun(SuiteRunner.java:415)
	at org.testng.SuiteRunner.run(SuiteRunner.java:364)
	at org.testng.SuiteRunnerWorker.runSuite(SuiteRunnerWorker.java:52)
	at org.testng.SuiteRunnerWorker.run(SuiteRunnerWorker.java:84)
	at org.testng.TestNG.runSuitesSequentially(TestNG.java:1208)
	at org.testng.TestNG.runSuitesLocally(TestNG.java:1137)
	at org.testng.TestNG.runSuites(TestNG.java:1049)
	at org.testng.TestNG.run(TestNG.java:1017)
	at org.testng.remote.AbstractRemoteTestNG.run(AbstractRemoteTestNG.java:114)
	at org.testng.remote.RemoteTestNG.initAndRun(RemoteTestNG.java:251)
	at org.testng.remote.RemoteTestNG.main(RemoteTestNG.java:77)
</pre></div></td>
<td>58</td>
<td>com.connect.fluke.app.tests.SessionDetailPageTests3540@3901d134</td></tr>
<tr>
<td title='com.connect.fluke.app.tests.SessionDetailPageTests3540.measurementValueUnitPhaseTestForAllTabs()'><b>measurementValueUnitPhaseTestForAllTabs</b><br>Test class: com.connect.fluke.app.tests.SessionDetailPageTests3540<br>Parameters: 1D, THD/THC, THD - A (A, B, C), THD - A, A, B, C</td>
<td><div><pre>java.lang.AssertionError:  For Study Type -- Unit (THD/THC -- THD - A (A, B, C)) Unit is incorrect. Expected: THD - A
	at com.connect.fluke.app.tests.SessionDetailPageTests3540.measurementValueUnitPhaseTestForAllTabs(SessionDetailPageTests3540.java:518)
... Removed 25 stack frames</pre></div><a href='#' onClick='toggleBox("stack-trace95685867", this, "Click to show all stack frames", "Click to hide stack frames")'>Click to show all stack frames</a>
<div class='stack-trace' id='stack-trace95685867'><pre>java.lang.AssertionError:  For Study Type -- Unit (THD/THC -- THD - A (A, B, C)) Unit is incorrect. Expected: THD - A
	at org.testng.Assert.fail(Assert.java:96)
	at com.connect.fluke.app.tests.SessionDetailPageTests3540.measurementValueUnitPhaseTestForAllTabs(SessionDetailPageTests3540.java:518)
	at sun.reflect.GeneratedMethodAccessor15.invoke(Unknown Source)
	at sun.reflect.DelegatingMethodAccessorImpl.invoke(DelegatingMethodAccessorImpl.java:43)
	at java.lang.reflect.Method.invoke(Method.java:498)
	at org.testng.internal.MethodInvocationHelper.invokeMethod(MethodInvocationHelper.java:124)
	at org.testng.internal.Invoker.invokeMethod(Invoker.java:580)
	at org.testng.internal.Invoker.invokeTestMethod(Invoker.java:716)
	at org.testng.internal.Invoker.invokeTestMethods(Invoker.java:988)
	at org.testng.internal.TestMethodWorker.invokeTestMethods(TestMethodWorker.java:125)
	at org.testng.internal.TestMethodWorker.run(TestMethodWorker.java:109)
	at org.testng.TestRunner.privateRun(TestRunner.java:648)
	at org.testng.TestRunner.run(TestRunner.java:505)
	at org.testng.SuiteRunner.runTest(SuiteRunner.java:455)
	at org.testng.SuiteRunner.runSequentially(SuiteRunner.java:450)
	at org.testng.SuiteRunner.privateRun(SuiteRunner.java:415)
	at org.testng.SuiteRunner.run(SuiteRunner.java:364)
	at org.testng.SuiteRunnerWorker.runSuite(SuiteRunnerWorker.java:52)
	at org.testng.SuiteRunnerWorker.run(SuiteRunnerWorker.java:84)
	at org.testng.TestNG.runSuitesSequentially(TestNG.java:1208)
	at org.testng.TestNG.runSuitesLocally(TestNG.java:1137)
	at org.testng.TestNG.runSuites(TestNG.java:1049)
	at org.testng.TestNG.run(TestNG.java:1017)
	at org.testng.remote.AbstractRemoteTestNG.run(AbstractRemoteTestNG.java:114)
	at org.testng.remote.RemoteTestNG.initAndRun(RemoteTestNG.java:251)
	at org.testng.remote.RemoteTestNG.main(RemoteTestNG.java:77)
</pre></div></td>
<td>40</td>
<td>com.connect.fluke.app.tests.SessionDetailPageTests3540@3901d134</td></tr>
<tr>
<td title='com.connect.fluke.app.tests.SessionDetailPageTests3540.measurementValueUnitPhaseTestForAllTabs()'><b>measurementValueUnitPhaseTestForAllTabs</b><br>Test class: com.connect.fluke.app.tests.SessionDetailPageTests3540<br>Parameters: 1D, THD/THC, THC - A (A, B, C), THC - A, A, B, C</td>
<td><div><pre>java.lang.AssertionError:  For Study Type -- Unit (THD/THC -- THC - A (A, B, C)) Unit is incorrect. Expected: THC - A
	at com.connect.fluke.app.tests.SessionDetailPageTests3540.measurementValueUnitPhaseTestForAllTabs(SessionDetailPageTests3540.java:518)
... Removed 25 stack frames</pre></div><a href='#' onClick='toggleBox("stack-trace494953170", this, "Click to show all stack frames", "Click to hide stack frames")'>Click to show all stack frames</a>
<div class='stack-trace' id='stack-trace494953170'><pre>java.lang.AssertionError:  For Study Type -- Unit (THD/THC -- THC - A (A, B, C)) Unit is incorrect. Expected: THC - A
	at org.testng.Assert.fail(Assert.java:96)
	at com.connect.fluke.app.tests.SessionDetailPageTests3540.measurementValueUnitPhaseTestForAllTabs(SessionDetailPageTests3540.java:518)
	at sun.reflect.GeneratedMethodAccessor15.invoke(Unknown Source)
	at sun.reflect.DelegatingMethodAccessorImpl.invoke(DelegatingMethodAccessorImpl.java:43)
	at java.lang.reflect.Method.invoke(Method.java:498)
	at org.testng.internal.MethodInvocationHelper.invokeMethod(MethodInvocationHelper.java:124)
	at org.testng.internal.Invoker.invokeMethod(Invoker.java:580)
	at org.testng.internal.Invoker.invokeTestMethod(Invoker.java:716)
	at org.testng.internal.Invoker.invokeTestMethods(Invoker.java:988)
	at org.testng.internal.TestMethodWorker.invokeTestMethods(TestMethodWorker.java:125)
	at org.testng.internal.TestMethodWorker.run(TestMethodWorker.java:109)
	at org.testng.TestRunner.privateRun(TestRunner.java:648)
	at org.testng.TestRunner.run(TestRunner.java:505)
	at org.testng.SuiteRunner.runTest(SuiteRunner.java:455)
	at org.testng.SuiteRunner.runSequentially(SuiteRunner.java:450)
	at org.testng.SuiteRunner.privateRun(SuiteRunner.java:415)
	at org.testng.SuiteRunner.run(SuiteRunner.java:364)
	at org.testng.SuiteRunnerWorker.runSuite(SuiteRunnerWorker.java:52)
	at org.testng.SuiteRunnerWorker.run(SuiteRunnerWorker.java:84)
	at org.testng.TestNG.runSuitesSequentially(TestNG.java:1208)
	at org.testng.TestNG.runSuitesLocally(TestNG.java:1137)
	at org.testng.TestNG.runSuites(TestNG.java:1049)
	at org.testng.TestNG.run(TestNG.java:1017)
	at org.testng.remote.AbstractRemoteTestNG.run(AbstractRemoteTestNG.java:114)
	at org.testng.remote.RemoteTestNG.initAndRun(RemoteTestNG.java:251)
	at org.testng.remote.RemoteTestNG.main(RemoteTestNG.java:77)
</pre></div></td>
<td>32</td>
<td>com.connect.fluke.app.tests.SessionDetailPageTests3540@3901d134</td></tr>
<tr>
<td title='com.connect.fluke.app.tests.SessionDetailPageTests3540.measurementValueUnitPhaseTestForAllTabs()'><b>measurementValueUnitPhaseTestForAllTabs</b><br>Test class: com.connect.fluke.app.tests.SessionDetailPageTests3540<br>Parameters: 1W, V, A, Hz, Volts (AB, BC, CA), Volts, AB, BC, CA</td>
<td><div><pre>java.lang.AssertionError:  For Study Type -- Unit (V, A, Hz -- Volts (AB, BC, CA)) Unit is incorrect. Expected: Volts
	at com.connect.fluke.app.tests.SessionDetailPageTests3540.measurementValueUnitPhaseTestForAllTabs(SessionDetailPageTests3540.java:518)
... Removed 25 stack frames</pre></div><a href='#' onClick='toggleBox("stack-trace747158012", this, "Click to show all stack frames", "Click to hide stack frames")'>Click to show all stack frames</a>
<div class='stack-trace' id='stack-trace747158012'><pre>java.lang.AssertionError:  For Study Type -- Unit (V, A, Hz -- Volts (AB, BC, CA)) Unit is incorrect. Expected: Volts
	at org.testng.Assert.fail(Assert.java:96)
	at com.connect.fluke.app.tests.SessionDetailPageTests3540.measurementValueUnitPhaseTestForAllTabs(SessionDetailPageTests3540.java:518)
	at sun.reflect.GeneratedMethodAccessor15.invoke(Unknown Source)
	at sun.reflect.DelegatingMethodAccessorImpl.invoke(DelegatingMethodAccessorImpl.java:43)
	at java.lang.reflect.Method.invoke(Method.java:498)
	at org.testng.internal.MethodInvocationHelper.invokeMethod(MethodInvocationHelper.java:124)
	at org.testng.internal.Invoker.invokeMethod(Invoker.java:580)
	at org.testng.internal.Invoker.invokeTestMethod(Invoker.java:716)
	at org.testng.internal.Invoker.invokeTestMethods(Invoker.java:988)
	at org.testng.internal.TestMethodWorker.invokeTestMethods(TestMethodWorker.java:125)
	at org.testng.internal.TestMethodWorker.run(TestMethodWorker.java:109)
	at org.testng.TestRunner.privateRun(TestRunner.java:648)
	at org.testng.TestRunner.run(TestRunner.java:505)
	at org.testng.SuiteRunner.runTest(SuiteRunner.java:455)
	at org.testng.SuiteRunner.runSequentially(SuiteRunner.java:450)
	at org.testng.SuiteRunner.privateRun(SuiteRunner.java:415)
	at org.testng.SuiteRunner.run(SuiteRunner.java:364)
	at org.testng.SuiteRunnerWorker.runSuite(SuiteRunnerWorker.java:52)
	at org.testng.SuiteRunnerWorker.run(SuiteRunnerWorker.java:84)
	at org.testng.TestNG.runSuitesSequentially(TestNG.java:1208)
	at org.testng.TestNG.runSuitesLocally(TestNG.java:1137)
	at org.testng.TestNG.runSuites(TestNG.java:1049)
	at org.testng.TestNG.run(TestNG.java:1017)
	at org.testng.remote.AbstractRemoteTestNG.run(AbstractRemoteTestNG.java:114)
	at org.testng.remote.RemoteTestNG.initAndRun(RemoteTestNG.java:251)
	at org.testng.remote.RemoteTestNG.main(RemoteTestNG.java:77)
</pre></div></td>
<td>64</td>
<td>com.connect.fluke.app.tests.SessionDetailPageTests3540@3901d134</td></tr>
<tr>
<td title='com.connect.fluke.app.tests.SessionDetailPageTests3540.measurementValueUnitPhaseTestForAllTabs()'><b>measurementValueUnitPhaseTestForAllTabs</b><br>Test class: com.connect.fluke.app.tests.SessionDetailPageTests3540<br>Parameters: 1W, V, A, Hz, Amps (A, B, C), Amps, A, B, C</td>
<td><div><pre>java.lang.AssertionError:  For Study Type -- Unit (V, A, Hz -- Amps (A, B, C)) Unit is incorrect. Expected: Amps
	at com.connect.fluke.app.tests.SessionDetailPageTests3540.measurementValueUnitPhaseTestForAllTabs(SessionDetailPageTests3540.java:518)
... Removed 25 stack frames</pre></div><a href='#' onClick='toggleBox("stack-trace948675904", this, "Click to show all stack frames", "Click to hide stack frames")'>Click to show all stack frames</a>
<div class='stack-trace' id='stack-trace948675904'><pre>java.lang.AssertionError:  For Study Type -- Unit (V, A, Hz -- Amps (A, B, C)) Unit is incorrect. Expected: Amps
	at org.testng.Assert.fail(Assert.java:96)
	at com.connect.fluke.app.tests.SessionDetailPageTests3540.measurementValueUnitPhaseTestForAllTabs(SessionDetailPageTests3540.java:518)
	at sun.reflect.GeneratedMethodAccessor15.invoke(Unknown Source)
	at sun.reflect.DelegatingMethodAccessorImpl.invoke(DelegatingMethodAccessorImpl.java:43)
	at java.lang.reflect.Method.invoke(Method.java:498)
	at org.testng.internal.MethodInvocationHelper.invokeMethod(MethodInvocationHelper.java:124)
	at org.testng.internal.Invoker.invokeMethod(Invoker.java:580)
	at org.testng.internal.Invoker.invokeTestMethod(Invoker.java:716)
	at org.testng.internal.Invoker.invokeTestMethods(Invoker.java:988)
	at org.testng.internal.TestMethodWorker.invokeTestMethods(TestMethodWorker.java:125)
	at org.testng.internal.TestMethodWorker.run(TestMethodWorker.java:109)
	at org.testng.TestRunner.privateRun(TestRunner.java:648)
	at org.testng.TestRunner.run(TestRunner.java:505)
	at org.testng.SuiteRunner.runTest(SuiteRunner.java:455)
	at org.testng.SuiteRunner.runSequentially(SuiteRunner.java:450)
	at org.testng.SuiteRunner.privateRun(SuiteRunner.java:415)
	at org.testng.SuiteRunner.run(SuiteRunner.java:364)
	at org.testng.SuiteRunnerWorker.runSuite(SuiteRunnerWorker.java:52)
	at org.testng.SuiteRunnerWorker.run(SuiteRunnerWorker.java:84)
	at org.testng.TestNG.runSuitesSequentially(TestNG.java:1208)
	at org.testng.TestNG.runSuitesLocally(TestNG.java:1137)
	at org.testng.TestNG.runSuites(TestNG.java:1049)
	at org.testng.TestNG.run(TestNG.java:1017)
	at org.testng.remote.AbstractRemoteTestNG.run(AbstractRemoteTestNG.java:114)
	at org.testng.remote.RemoteTestNG.initAndRun(RemoteTestNG.java:251)
	at org.testng.remote.RemoteTestNG.main(RemoteTestNG.java:77)
</pre></div></td>
<td>40</td>
<td>com.connect.fluke.app.tests.SessionDetailPageTests3540@3901d134</td></tr>
<tr>
<td title='com.connect.fluke.app.tests.SessionDetailPageTests3540.measurementValueUnitPhaseTestForAllTabs()'><b>measurementValueUnitPhaseTestForAllTabs</b><br>Test class: com.connect.fluke.app.tests.SessionDetailPageTests3540<br>Parameters: 1W, THD/THC, THD - V (AB, BC, CA), THD - V, AB, BC, CA</td>
<td><div><pre>java.lang.AssertionError:  For Study Type -- Unit (THD/THC -- THD - V (AB, BC, CA)) Unit is incorrect. Expected: THD - V
	at com.connect.fluke.app.tests.SessionDetailPageTests3540.measurementValueUnitPhaseTestForAllTabs(SessionDetailPageTests3540.java:518)
... Removed 25 stack frames</pre></div><a href='#' onClick='toggleBox("stack-trace1028145537", this, "Click to show all stack frames", "Click to hide stack frames")'>Click to show all stack frames</a>
<div class='stack-trace' id='stack-trace1028145537'><pre>java.lang.AssertionError:  For Study Type -- Unit (THD/THC -- THD - V (AB, BC, CA)) Unit is incorrect. Expected: THD - V
	at org.testng.Assert.fail(Assert.java:96)
	at com.connect.fluke.app.tests.SessionDetailPageTests3540.measurementValueUnitPhaseTestForAllTabs(SessionDetailPageTests3540.java:518)
	at sun.reflect.GeneratedMethodAccessor15.invoke(Unknown Source)
	at sun.reflect.DelegatingMethodAccessorImpl.invoke(DelegatingMethodAccessorImpl.java:43)
	at java.lang.reflect.Method.invoke(Method.java:498)
	at org.testng.internal.MethodInvocationHelper.invokeMethod(MethodInvocationHelper.java:124)
	at org.testng.internal.Invoker.invokeMethod(Invoker.java:580)
	at org.testng.internal.Invoker.invokeTestMethod(Invoker.java:716)
	at org.testng.internal.Invoker.invokeTestMethods(Invoker.java:988)
	at org.testng.internal.TestMethodWorker.invokeTestMethods(TestMethodWorker.java:125)
	at org.testng.internal.TestMethodWorker.run(TestMethodWorker.java:109)
	at org.testng.TestRunner.privateRun(TestRunner.java:648)
	at org.testng.TestRunner.run(TestRunner.java:505)
	at org.testng.SuiteRunner.runTest(SuiteRunner.java:455)
	at org.testng.SuiteRunner.runSequentially(SuiteRunner.java:450)
	at org.testng.SuiteRunner.privateRun(SuiteRunner.java:415)
	at org.testng.SuiteRunner.run(SuiteRunner.java:364)
	at org.testng.SuiteRunnerWorker.runSuite(SuiteRunnerWorker.java:52)
	at org.testng.SuiteRunnerWorker.run(SuiteRunnerWorker.java:84)
	at org.testng.TestNG.runSuitesSequentially(TestNG.java:1208)
	at org.testng.TestNG.runSuitesLocally(TestNG.java:1137)
	at org.testng.TestNG.runSuites(TestNG.java:1049)
	at org.testng.TestNG.run(TestNG.java:1017)
	at org.testng.remote.AbstractRemoteTestNG.run(AbstractRemoteTestNG.java:114)
	at org.testng.remote.RemoteTestNG.initAndRun(RemoteTestNG.java:251)
	at org.testng.remote.RemoteTestNG.main(RemoteTestNG.java:77)
</pre></div></td>
<td>58</td>
<td>com.connect.fluke.app.tests.SessionDetailPageTests3540@3901d134</td></tr>
<tr>
<td title='com.connect.fluke.app.tests.SessionDetailPageTests3540.measurementValueUnitPhaseTestForAllTabs()'><b>measurementValueUnitPhaseTestForAllTabs</b><br>Test class: com.connect.fluke.app.tests.SessionDetailPageTests3540<br>Parameters: 1W, THD/THC, THD - A (A, B, C), THD - A, A, B, C</td>
<td><div><pre>java.lang.AssertionError:  For Study Type -- Unit (THD/THC -- THD - A (A, B, C)) Unit is incorrect. Expected: THD - A
	at com.connect.fluke.app.tests.SessionDetailPageTests3540.measurementValueUnitPhaseTestForAllTabs(SessionDetailPageTests3540.java:518)
... Removed 25 stack frames</pre></div><a href='#' onClick='toggleBox("stack-trace2078641942", this, "Click to show all stack frames", "Click to hide stack frames")'>Click to show all stack frames</a>
<div class='stack-trace' id='stack-trace2078641942'><pre>java.lang.AssertionError:  For Study Type -- Unit (THD/THC -- THD - A (A, B, C)) Unit is incorrect. Expected: THD - A
	at org.testng.Assert.fail(Assert.java:96)
	at com.connect.fluke.app.tests.SessionDetailPageTests3540.measurementValueUnitPhaseTestForAllTabs(SessionDetailPageTests3540.java:518)
	at sun.reflect.GeneratedMethodAccessor15.invoke(Unknown Source)
	at sun.reflect.DelegatingMethodAccessorImpl.invoke(DelegatingMethodAccessorImpl.java:43)
	at java.lang.reflect.Method.invoke(Method.java:498)
	at org.testng.internal.MethodInvocationHelper.invokeMethod(MethodInvocationHelper.java:124)
	at org.testng.internal.Invoker.invokeMethod(Invoker.java:580)
	at org.testng.internal.Invoker.invokeTestMethod(Invoker.java:716)
	at org.testng.internal.Invoker.invokeTestMethods(Invoker.java:988)
	at org.testng.internal.TestMethodWorker.invokeTestMethods(TestMethodWorker.java:125)
	at org.testng.internal.TestMethodWorker.run(TestMethodWorker.java:109)
	at org.testng.TestRunner.privateRun(TestRunner.java:648)
	at org.testng.TestRunner.run(TestRunner.java:505)
	at org.testng.SuiteRunner.runTest(SuiteRunner.java:455)
	at org.testng.SuiteRunner.runSequentially(SuiteRunner.java:450)
	at org.testng.SuiteRunner.privateRun(SuiteRunner.java:415)
	at org.testng.SuiteRunner.run(SuiteRunner.java:364)
	at org.testng.SuiteRunnerWorker.runSuite(SuiteRunnerWorker.java:52)
	at org.testng.SuiteRunnerWorker.run(SuiteRunnerWorker.java:84)
	at org.testng.TestNG.runSuitesSequentially(TestNG.java:1208)
	at org.testng.TestNG.runSuitesLocally(TestNG.java:1137)
	at org.testng.TestNG.runSuites(TestNG.java:1049)
	at org.testng.TestNG.run(TestNG.java:1017)
	at org.testng.remote.AbstractRemoteTestNG.run(AbstractRemoteTestNG.java:114)
	at org.testng.remote.RemoteTestNG.initAndRun(RemoteTestNG.java:251)
	at org.testng.remote.RemoteTestNG.main(RemoteTestNG.java:77)
</pre></div></td>
<td>40</td>
<td>com.connect.fluke.app.tests.SessionDetailPageTests3540@3901d134</td></tr>
<tr>
<td title='com.connect.fluke.app.tests.SessionDetailPageTests3540.measurementValueUnitPhaseTestForAllTabs()'><b>measurementValueUnitPhaseTestForAllTabs</b><br>Test class: com.connect.fluke.app.tests.SessionDetailPageTests3540<br>Parameters: 1W, THD/THC, THC - A (A, B, C), THC - A, A, B, C</td>
<td><div><pre>java.lang.AssertionError:  For Study Type -- Unit (THD/THC -- THC - A (A, B, C)) Unit is incorrect. Expected: THC - A
	at com.connect.fluke.app.tests.SessionDetailPageTests3540.measurementValueUnitPhaseTestForAllTabs(SessionDetailPageTests3540.java:518)
... Removed 25 stack frames</pre></div><a href='#' onClick='toggleBox("stack-trace1527882132", this, "Click to show all stack frames", "Click to hide stack frames")'>Click to show all stack frames</a>
<div class='stack-trace' id='stack-trace1527882132'><pre>java.lang.AssertionError:  For Study Type -- Unit (THD/THC -- THC - A (A, B, C)) Unit is incorrect. Expected: THC - A
	at org.testng.Assert.fail(Assert.java:96)
	at com.connect.fluke.app.tests.SessionDetailPageTests3540.measurementValueUnitPhaseTestForAllTabs(SessionDetailPageTests3540.java:518)
	at sun.reflect.GeneratedMethodAccessor15.invoke(Unknown Source)
	at sun.reflect.DelegatingMethodAccessorImpl.invoke(DelegatingMethodAccessorImpl.java:43)
	at java.lang.reflect.Method.invoke(Method.java:498)
	at org.testng.internal.MethodInvocationHelper.invokeMethod(MethodInvocationHelper.java:124)
	at org.testng.internal.Invoker.invokeMethod(Invoker.java:580)
	at org.testng.internal.Invoker.invokeTestMethod(Invoker.java:716)
	at org.testng.internal.Invoker.invokeTestMethods(Invoker.java:988)
	at org.testng.internal.TestMethodWorker.invokeTestMethods(TestMethodWorker.java:125)
	at org.testng.internal.TestMethodWorker.run(TestMethodWorker.java:109)
	at org.testng.TestRunner.privateRun(TestRunner.java:648)
	at org.testng.TestRunner.run(TestRunner.java:505)
	at org.testng.SuiteRunner.runTest(SuiteRunner.java:455)
	at org.testng.SuiteRunner.runSequentially(SuiteRunner.java:450)
	at org.testng.SuiteRunner.privateRun(SuiteRunner.java:415)
	at org.testng.SuiteRunner.run(SuiteRunner.java:364)
	at org.testng.SuiteRunnerWorker.runSuite(SuiteRunnerWorker.java:52)
	at org.testng.SuiteRunnerWorker.run(SuiteRunnerWorker.java:84)
	at org.testng.TestNG.runSuitesSequentially(TestNG.java:1208)
	at org.testng.TestNG.runSuitesLocally(TestNG.java:1137)
	at org.testng.TestNG.runSuites(TestNG.java:1049)
	at org.testng.TestNG.run(TestNG.java:1017)
	at org.testng.remote.AbstractRemoteTestNG.run(AbstractRemoteTestNG.java:114)
	at org.testng.remote.RemoteTestNG.initAndRun(RemoteTestNG.java:251)
	at org.testng.remote.RemoteTestNG.main(RemoteTestNG.java:77)
</pre></div></td>
<td>30</td>
<td>com.connect.fluke.app.tests.SessionDetailPageTests3540@3901d134</td></tr>
<tr>
<td title='com.connect.fluke.app.tests.SessionDetailPageTests3540.measurementValueUnitPhaseTestForAllTabs()'><b>measurementValueUnitPhaseTestForAllTabs</b><br>Test class: com.connect.fluke.app.tests.SessionDetailPageTests3540<br>Parameters: 1M, V, A, Hz, Volts (AB, BC, CA), Volts, AB, BC, CA</td>
<td><div><pre>java.lang.AssertionError:  For Study Type -- Unit (V, A, Hz -- Volts (AB, BC, CA)) Unit is incorrect. Expected: Volts
	at com.connect.fluke.app.tests.SessionDetailPageTests3540.measurementValueUnitPhaseTestForAllTabs(SessionDetailPageTests3540.java:518)
... Removed 25 stack frames</pre></div><a href='#' onClick='toggleBox("stack-trace1275009283", this, "Click to show all stack frames", "Click to hide stack frames")'>Click to show all stack frames</a>
<div class='stack-trace' id='stack-trace1275009283'><pre>java.lang.AssertionError:  For Study Type -- Unit (V, A, Hz -- Volts (AB, BC, CA)) Unit is incorrect. Expected: Volts
	at org.testng.Assert.fail(Assert.java:96)
	at com.connect.fluke.app.tests.SessionDetailPageTests3540.measurementValueUnitPhaseTestForAllTabs(SessionDetailPageTests3540.java:518)
	at sun.reflect.GeneratedMethodAccessor15.invoke(Unknown Source)
	at sun.reflect.DelegatingMethodAccessorImpl.invoke(DelegatingMethodAccessorImpl.java:43)
	at java.lang.reflect.Method.invoke(Method.java:498)
	at org.testng.internal.MethodInvocationHelper.invokeMethod(MethodInvocationHelper.java:124)
	at org.testng.internal.Invoker.invokeMethod(Invoker.java:580)
	at org.testng.internal.Invoker.invokeTestMethod(Invoker.java:716)
	at org.testng.internal.Invoker.invokeTestMethods(Invoker.java:988)
	at org.testng.internal.TestMethodWorker.invokeTestMethods(TestMethodWorker.java:125)
	at org.testng.internal.TestMethodWorker.run(TestMethodWorker.java:109)
	at org.testng.TestRunner.privateRun(TestRunner.java:648)
	at org.testng.TestRunner.run(TestRunner.java:505)
	at org.testng.SuiteRunner.runTest(SuiteRunner.java:455)
	at org.testng.SuiteRunner.runSequentially(SuiteRunner.java:450)
	at org.testng.SuiteRunner.privateRun(SuiteRunner.java:415)
	at org.testng.SuiteRunner.run(SuiteRunner.java:364)
	at org.testng.SuiteRunnerWorker.runSuite(SuiteRunnerWorker.java:52)
	at org.testng.SuiteRunnerWorker.run(SuiteRunnerWorker.java:84)
	at org.testng.TestNG.runSuitesSequentially(TestNG.java:1208)
	at org.testng.TestNG.runSuitesLocally(TestNG.java:1137)
	at org.testng.TestNG.runSuites(TestNG.java:1049)
	at org.testng.TestNG.run(TestNG.java:1017)
	at org.testng.remote.AbstractRemoteTestNG.run(AbstractRemoteTestNG.java:114)
	at org.testng.remote.RemoteTestNG.initAndRun(RemoteTestNG.java:251)
	at org.testng.remote.RemoteTestNG.main(RemoteTestNG.java:77)
</pre></div></td>
<td>65</td>
<td>com.connect.fluke.app.tests.SessionDetailPageTests3540@3901d134</td></tr>
<tr>
<td title='com.connect.fluke.app.tests.SessionDetailPageTests3540.measurementValueUnitPhaseTestForAllTabs()'><b>measurementValueUnitPhaseTestForAllTabs</b><br>Test class: com.connect.fluke.app.tests.SessionDetailPageTests3540<br>Parameters: 1M, V, A, Hz, Amps (A, B, C), Amps, A, B, C</td>
<td><div><pre>java.lang.AssertionError:  For Study Type -- Unit (V, A, Hz -- Amps (A, B, C)) Unit is incorrect. Expected: Amps
	at com.connect.fluke.app.tests.SessionDetailPageTests3540.measurementValueUnitPhaseTestForAllTabs(SessionDetailPageTests3540.java:518)
... Removed 25 stack frames</pre></div><a href='#' onClick='toggleBox("stack-trace1478995734", this, "Click to show all stack frames", "Click to hide stack frames")'>Click to show all stack frames</a>
<div class='stack-trace' id='stack-trace1478995734'><pre>java.lang.AssertionError:  For Study Type -- Unit (V, A, Hz -- Amps (A, B, C)) Unit is incorrect. Expected: Amps
	at org.testng.Assert.fail(Assert.java:96)
	at com.connect.fluke.app.tests.SessionDetailPageTests3540.measurementValueUnitPhaseTestForAllTabs(SessionDetailPageTests3540.java:518)
	at sun.reflect.GeneratedMethodAccessor15.invoke(Unknown Source)
	at sun.reflect.DelegatingMethodAccessorImpl.invoke(DelegatingMethodAccessorImpl.java:43)
	at java.lang.reflect.Method.invoke(Method.java:498)
	at org.testng.internal.MethodInvocationHelper.invokeMethod(MethodInvocationHelper.java:124)
	at org.testng.internal.Invoker.invokeMethod(Invoker.java:580)
	at org.testng.internal.Invoker.invokeTestMethod(Invoker.java:716)
	at org.testng.internal.Invoker.invokeTestMethods(Invoker.java:988)
	at org.testng.internal.TestMethodWorker.invokeTestMethods(TestMethodWorker.java:125)
	at org.testng.internal.TestMethodWorker.run(TestMethodWorker.java:109)
	at org.testng.TestRunner.privateRun(TestRunner.java:648)
	at org.testng.TestRunner.run(TestRunner.java:505)
	at org.testng.SuiteRunner.runTest(SuiteRunner.java:455)
	at org.testng.SuiteRunner.runSequentially(SuiteRunner.java:450)
	at org.testng.SuiteRunner.privateRun(SuiteRunner.java:415)
	at org.testng.SuiteRunner.run(SuiteRunner.java:364)
	at org.testng.SuiteRunnerWorker.runSuite(SuiteRunnerWorker.java:52)
	at org.testng.SuiteRunnerWorker.run(SuiteRunnerWorker.java:84)
	at org.testng.TestNG.runSuitesSequentially(TestNG.java:1208)
	at org.testng.TestNG.runSuitesLocally(TestNG.java:1137)
	at org.testng.TestNG.runSuites(TestNG.java:1049)
	at org.testng.TestNG.run(TestNG.java:1017)
	at org.testng.remote.AbstractRemoteTestNG.run(AbstractRemoteTestNG.java:114)
	at org.testng.remote.RemoteTestNG.initAndRun(RemoteTestNG.java:251)
	at org.testng.remote.RemoteTestNG.main(RemoteTestNG.java:77)
</pre></div></td>
<td>40</td>
<td>com.connect.fluke.app.tests.SessionDetailPageTests3540@3901d134</td></tr>
<tr>
<td title='com.connect.fluke.app.tests.SessionDetailPageTests3540.measurementValueUnitPhaseTestForAllTabs()'><b>measurementValueUnitPhaseTestForAllTabs</b><br>Test class: com.connect.fluke.app.tests.SessionDetailPageTests3540<br>Parameters: 1M, THD/THC, THD - V (AB, BC, CA), THD - V, AB, BC, CA</td>
<td><div><pre>java.lang.AssertionError:  For Study Type -- Unit (THD/THC -- THD - V (AB, BC, CA)) Unit is incorrect. Expected: THD - V
	at com.connect.fluke.app.tests.SessionDetailPageTests3540.measurementValueUnitPhaseTestForAllTabs(SessionDetailPageTests3540.java:518)
... Removed 25 stack frames</pre></div><a href='#' onClick='toggleBox("stack-trace259630944", this, "Click to show all stack frames", "Click to hide stack frames")'>Click to show all stack frames</a>
<div class='stack-trace' id='stack-trace259630944'><pre>java.lang.AssertionError:  For Study Type -- Unit (THD/THC -- THD - V (AB, BC, CA)) Unit is incorrect. Expected: THD - V
	at org.testng.Assert.fail(Assert.java:96)
	at com.connect.fluke.app.tests.SessionDetailPageTests3540.measurementValueUnitPhaseTestForAllTabs(SessionDetailPageTests3540.java:518)
	at sun.reflect.GeneratedMethodAccessor15.invoke(Unknown Source)
	at sun.reflect.DelegatingMethodAccessorImpl.invoke(DelegatingMethodAccessorImpl.java:43)
	at java.lang.reflect.Method.invoke(Method.java:498)
	at org.testng.internal.MethodInvocationHelper.invokeMethod(MethodInvocationHelper.java:124)
	at org.testng.internal.Invoker.invokeMethod(Invoker.java:580)
	at org.testng.internal.Invoker.invokeTestMethod(Invoker.java:716)
	at org.testng.internal.Invoker.invokeTestMethods(Invoker.java:988)
	at org.testng.internal.TestMethodWorker.invokeTestMethods(TestMethodWorker.java:125)
	at org.testng.internal.TestMethodWorker.run(TestMethodWorker.java:109)
	at org.testng.TestRunner.privateRun(TestRunner.java:648)
	at org.testng.TestRunner.run(TestRunner.java:505)
	at org.testng.SuiteRunner.runTest(SuiteRunner.java:455)
	at org.testng.SuiteRunner.runSequentially(SuiteRunner.java:450)
	at org.testng.SuiteRunner.privateRun(SuiteRunner.java:415)
	at org.testng.SuiteRunner.run(SuiteRunner.java:364)
	at org.testng.SuiteRunnerWorker.runSuite(SuiteRunnerWorker.java:52)
	at org.testng.SuiteRunnerWorker.run(SuiteRunnerWorker.java:84)
	at org.testng.TestNG.runSuitesSequentially(TestNG.java:1208)
	at org.testng.TestNG.runSuitesLocally(TestNG.java:1137)
	at org.testng.TestNG.runSuites(TestNG.java:1049)
	at org.testng.TestNG.run(TestNG.java:1017)
	at org.testng.remote.AbstractRemoteTestNG.run(AbstractRemoteTestNG.java:114)
	at org.testng.remote.RemoteTestNG.initAndRun(RemoteTestNG.java:251)
	at org.testng.remote.RemoteTestNG.main(RemoteTestNG.java:77)
</pre></div></td>
<td>58</td>
<td>com.connect.fluke.app.tests.SessionDetailPageTests3540@3901d134</td></tr>
<tr>
<td title='com.connect.fluke.app.tests.SessionDetailPageTests3540.measurementValueUnitPhaseTestForAllTabs()'><b>measurementValueUnitPhaseTestForAllTabs</b><br>Test class: com.connect.fluke.app.tests.SessionDetailPageTests3540<br>Parameters: 1M, THD/THC, THD - A (A, B, C), THD - A, A, B, C</td>
<td><div><pre>java.lang.AssertionError:  For Study Type -- Unit (THD/THC -- THD - A (A, B, C)) Unit is incorrect. Expected: THD - A
	at com.connect.fluke.app.tests.SessionDetailPageTests3540.measurementValueUnitPhaseTestForAllTabs(SessionDetailPageTests3540.java:518)
... Removed 25 stack frames</pre></div><a href='#' onClick='toggleBox("stack-trace316335490", this, "Click to show all stack frames", "Click to hide stack frames")'>Click to show all stack frames</a>
<div class='stack-trace' id='stack-trace316335490'><pre>java.lang.AssertionError:  For Study Type -- Unit (THD/THC -- THD - A (A, B, C)) Unit is incorrect. Expected: THD - A
	at org.testng.Assert.fail(Assert.java:96)
	at com.connect.fluke.app.tests.SessionDetailPageTests3540.measurementValueUnitPhaseTestForAllTabs(SessionDetailPageTests3540.java:518)
	at sun.reflect.GeneratedMethodAccessor15.invoke(Unknown Source)
	at sun.reflect.DelegatingMethodAccessorImpl.invoke(DelegatingMethodAccessorImpl.java:43)
	at java.lang.reflect.Method.invoke(Method.java:498)
	at org.testng.internal.MethodInvocationHelper.invokeMethod(MethodInvocationHelper.java:124)
	at org.testng.internal.Invoker.invokeMethod(Invoker.java:580)
	at org.testng.internal.Invoker.invokeTestMethod(Invoker.java:716)
	at org.testng.internal.Invoker.invokeTestMethods(Invoker.java:988)
	at org.testng.internal.TestMethodWorker.invokeTestMethods(TestMethodWorker.java:125)
	at org.testng.internal.TestMethodWorker.run(TestMethodWorker.java:109)
	at org.testng.TestRunner.privateRun(TestRunner.java:648)
	at org.testng.TestRunner.run(TestRunner.java:505)
	at org.testng.SuiteRunner.runTest(SuiteRunner.java:455)
	at org.testng.SuiteRunner.runSequentially(SuiteRunner.java:450)
	at org.testng.SuiteRunner.privateRun(SuiteRunner.java:415)
	at org.testng.SuiteRunner.run(SuiteRunner.java:364)
	at org.testng.SuiteRunnerWorker.runSuite(SuiteRunnerWorker.java:52)
	at org.testng.SuiteRunnerWorker.run(SuiteRunnerWorker.java:84)
	at org.testng.TestNG.runSuitesSequentially(TestNG.java:1208)
	at org.testng.TestNG.runSuitesLocally(TestNG.java:1137)
	at org.testng.TestNG.runSuites(TestNG.java:1049)
	at org.testng.TestNG.run(TestNG.java:1017)
	at org.testng.remote.AbstractRemoteTestNG.run(AbstractRemoteTestNG.java:114)
	at org.testng.remote.RemoteTestNG.initAndRun(RemoteTestNG.java:251)
	at org.testng.remote.RemoteTestNG.main(RemoteTestNG.java:77)
</pre></div></td>
<td>41</td>
<td>com.connect.fluke.app.tests.SessionDetailPageTests3540@3901d134</td></tr>
<tr>
<td title='com.connect.fluke.app.tests.SessionDetailPageTests3540.measurementValueUnitPhaseTestForAllTabs()'><b>measurementValueUnitPhaseTestForAllTabs</b><br>Test class: com.connect.fluke.app.tests.SessionDetailPageTests3540<br>Parameters: 1M, THD/THC, THC - A (A, B, C), THC - A, A, B, C</td>
<td><div><pre>java.lang.AssertionError:  For Study Type -- Unit (THD/THC -- THC - A (A, B, C)) Unit is incorrect. Expected: THC - A
	at com.connect.fluke.app.tests.SessionDetailPageTests3540.measurementValueUnitPhaseTestForAllTabs(SessionDetailPageTests3540.java:518)
... Removed 25 stack frames</pre></div><a href='#' onClick='toggleBox("stack-trace1637613097", this, "Click to show all stack frames", "Click to hide stack frames")'>Click to show all stack frames</a>
<div class='stack-trace' id='stack-trace1637613097'><pre>java.lang.AssertionError:  For Study Type -- Unit (THD/THC -- THC - A (A, B, C)) Unit is incorrect. Expected: THC - A
	at org.testng.Assert.fail(Assert.java:96)
	at com.connect.fluke.app.tests.SessionDetailPageTests3540.measurementValueUnitPhaseTestForAllTabs(SessionDetailPageTests3540.java:518)
	at sun.reflect.GeneratedMethodAccessor15.invoke(Unknown Source)
	at sun.reflect.DelegatingMethodAccessorImpl.invoke(DelegatingMethodAccessorImpl.java:43)
	at java.lang.reflect.Method.invoke(Method.java:498)
	at org.testng.internal.MethodInvocationHelper.invokeMethod(MethodInvocationHelper.java:124)
	at org.testng.internal.Invoker.invokeMethod(Invoker.java:580)
	at org.testng.internal.Invoker.invokeTestMethod(Invoker.java:716)
	at org.testng.internal.Invoker.invokeTestMethods(Invoker.java:988)
	at org.testng.internal.TestMethodWorker.invokeTestMethods(TestMethodWorker.java:125)
	at org.testng.internal.TestMethodWorker.run(TestMethodWorker.java:109)
	at org.testng.TestRunner.privateRun(TestRunner.java:648)
	at org.testng.TestRunner.run(TestRunner.java:505)
	at org.testng.SuiteRunner.runTest(SuiteRunner.java:455)
	at org.testng.SuiteRunner.runSequentially(SuiteRunner.java:450)
	at org.testng.SuiteRunner.privateRun(SuiteRunner.java:415)
	at org.testng.SuiteRunner.run(SuiteRunner.java:364)
	at org.testng.SuiteRunnerWorker.runSuite(SuiteRunnerWorker.java:52)
	at org.testng.SuiteRunnerWorker.run(SuiteRunnerWorker.java:84)
	at org.testng.TestNG.runSuitesSequentially(TestNG.java:1208)
	at org.testng.TestNG.runSuitesLocally(TestNG.java:1137)
	at org.testng.TestNG.runSuites(TestNG.java:1049)
	at org.testng.TestNG.run(TestNG.java:1017)
	at org.testng.remote.AbstractRemoteTestNG.run(AbstractRemoteTestNG.java:114)
	at org.testng.remote.RemoteTestNG.initAndRun(RemoteTestNG.java:251)
	at org.testng.remote.RemoteTestNG.main(RemoteTestNG.java:77)
</pre></div></td>
<td>30</td>
<td>com.connect.fluke.app.tests.SessionDetailPageTests3540@3901d134</td></tr>
<tr>
<td title='com.connect.fluke.app.tests.SessionDetailPageTests3540.measurementValueUnitPhaseTestForAllTabs()'><b>measurementValueUnitPhaseTestForAllTabs</b><br>Test class: com.connect.fluke.app.tests.SessionDetailPageTests3540<br>Parameters: All, V, A, Hz, Volts (AB, BC, CA), Volts, AB, BC, CA</td>
<td><div><pre>java.lang.AssertionError:  For Study Type -- Unit (V, A, Hz -- Volts (AB, BC, CA)) Unit is incorrect. Expected: Volts
	at com.connect.fluke.app.tests.SessionDetailPageTests3540.measurementValueUnitPhaseTestForAllTabs(SessionDetailPageTests3540.java:518)
... Removed 25 stack frames</pre></div><a href='#' onClick='toggleBox("stack-trace821405322", this, "Click to show all stack frames", "Click to hide stack frames")'>Click to show all stack frames</a>
<div class='stack-trace' id='stack-trace821405322'><pre>java.lang.AssertionError:  For Study Type -- Unit (V, A, Hz -- Volts (AB, BC, CA)) Unit is incorrect. Expected: Volts
	at org.testng.Assert.fail(Assert.java:96)
	at com.connect.fluke.app.tests.SessionDetailPageTests3540.measurementValueUnitPhaseTestForAllTabs(SessionDetailPageTests3540.java:518)
	at sun.reflect.GeneratedMethodAccessor15.invoke(Unknown Source)
	at sun.reflect.DelegatingMethodAccessorImpl.invoke(DelegatingMethodAccessorImpl.java:43)
	at java.lang.reflect.Method.invoke(Method.java:498)
	at org.testng.internal.MethodInvocationHelper.invokeMethod(MethodInvocationHelper.java:124)
	at org.testng.internal.Invoker.invokeMethod(Invoker.java:580)
	at org.testng.internal.Invoker.invokeTestMethod(Invoker.java:716)
	at org.testng.internal.Invoker.invokeTestMethods(Invoker.java:988)
	at org.testng.internal.TestMethodWorker.invokeTestMethods(TestMethodWorker.java:125)
	at org.testng.internal.TestMethodWorker.run(TestMethodWorker.java:109)
	at org.testng.TestRunner.privateRun(TestRunner.java:648)
	at org.testng.TestRunner.run(TestRunner.java:505)
	at org.testng.SuiteRunner.runTest(SuiteRunner.java:455)
	at org.testng.SuiteRunner.runSequentially(SuiteRunner.java:450)
	at org.testng.SuiteRunner.privateRun(SuiteRunner.java:415)
	at org.testng.SuiteRunner.run(SuiteRunner.java:364)
	at org.testng.SuiteRunnerWorker.runSuite(SuiteRunnerWorker.java:52)
	at org.testng.SuiteRunnerWorker.run(SuiteRunnerWorker.java:84)
	at org.testng.TestNG.runSuitesSequentially(TestNG.java:1208)
	at org.testng.TestNG.runSuitesLocally(TestNG.java:1137)
	at org.testng.TestNG.runSuites(TestNG.java:1049)
	at org.testng.TestNG.run(TestNG.java:1017)
	at org.testng.remote.AbstractRemoteTestNG.run(AbstractRemoteTestNG.java:114)
	at org.testng.remote.RemoteTestNG.initAndRun(RemoteTestNG.java:251)
	at org.testng.remote.RemoteTestNG.main(RemoteTestNG.java:77)
</pre></div></td>
<td>65</td>
<td>com.connect.fluke.app.tests.SessionDetailPageTests3540@3901d134</td></tr>
<tr>
<td title='com.connect.fluke.app.tests.SessionDetailPageTests3540.measurementValueUnitPhaseTestForAllTabs()'><b>measurementValueUnitPhaseTestForAllTabs</b><br>Test class: com.connect.fluke.app.tests.SessionDetailPageTests3540<br>Parameters: All, V, A, Hz, Amps (A, B, C), Amps, A, B, C</td>
<td><div><pre>java.lang.AssertionError:  For Study Type -- Unit (V, A, Hz -- Amps (A, B, C)) Unit is incorrect. Expected: Amps
	at com.connect.fluke.app.tests.SessionDetailPageTests3540.measurementValueUnitPhaseTestForAllTabs(SessionDetailPageTests3540.java:518)
... Removed 25 stack frames</pre></div><a href='#' onClick='toggleBox("stack-trace1328323494", this, "Click to show all stack frames", "Click to hide stack frames")'>Click to show all stack frames</a>
<div class='stack-trace' id='stack-trace1328323494'><pre>java.lang.AssertionError:  For Study Type -- Unit (V, A, Hz -- Amps (A, B, C)) Unit is incorrect. Expected: Amps
	at org.testng.Assert.fail(Assert.java:96)
	at com.connect.fluke.app.tests.SessionDetailPageTests3540.measurementValueUnitPhaseTestForAllTabs(SessionDetailPageTests3540.java:518)
	at sun.reflect.GeneratedMethodAccessor15.invoke(Unknown Source)
	at sun.reflect.DelegatingMethodAccessorImpl.invoke(DelegatingMethodAccessorImpl.java:43)
	at java.lang.reflect.Method.invoke(Method.java:498)
	at org.testng.internal.MethodInvocationHelper.invokeMethod(MethodInvocationHelper.java:124)
	at org.testng.internal.Invoker.invokeMethod(Invoker.java:580)
	at org.testng.internal.Invoker.invokeTestMethod(Invoker.java:716)
	at org.testng.internal.Invoker.invokeTestMethods(Invoker.java:988)
	at org.testng.internal.TestMethodWorker.invokeTestMethods(TestMethodWorker.java:125)
	at org.testng.internal.TestMethodWorker.run(TestMethodWorker.java:109)
	at org.testng.TestRunner.privateRun(TestRunner.java:648)
	at org.testng.TestRunner.run(TestRunner.java:505)
	at org.testng.SuiteRunner.runTest(SuiteRunner.java:455)
	at org.testng.SuiteRunner.runSequentially(SuiteRunner.java:450)
	at org.testng.SuiteRunner.privateRun(SuiteRunner.java:415)
	at org.testng.SuiteRunner.run(SuiteRunner.java:364)
	at org.testng.SuiteRunnerWorker.runSuite(SuiteRunnerWorker.java:52)
	at org.testng.SuiteRunnerWorker.run(SuiteRunnerWorker.java:84)
	at org.testng.TestNG.runSuitesSequentially(TestNG.java:1208)
	at org.testng.TestNG.runSuitesLocally(TestNG.java:1137)
	at org.testng.TestNG.runSuites(TestNG.java:1049)
	at org.testng.TestNG.run(TestNG.java:1017)
	at org.testng.remote.AbstractRemoteTestNG.run(AbstractRemoteTestNG.java:114)
	at org.testng.remote.RemoteTestNG.initAndRun(RemoteTestNG.java:251)
	at org.testng.remote.RemoteTestNG.main(RemoteTestNG.java:77)
</pre></div></td>
<td>39</td>
<td>com.connect.fluke.app.tests.SessionDetailPageTests3540@3901d134</td></tr>
<tr>
<td title='com.connect.fluke.app.tests.SessionDetailPageTests3540.measurementValueUnitPhaseTestForAllTabs()'><b>measurementValueUnitPhaseTestForAllTabs</b><br>Test class: com.connect.fluke.app.tests.SessionDetailPageTests3540<br>Parameters: All, THD/THC, THD - V (AB, BC, CA), THD - V, AB, BC, CA</td>
<td><div><pre>java.lang.AssertionError:  For Study Type -- Unit (THD/THC -- THD - V (AB, BC, CA)) Unit is incorrect. Expected: THD - V
	at com.connect.fluke.app.tests.SessionDetailPageTests3540.measurementValueUnitPhaseTestForAllTabs(SessionDetailPageTests3540.java:518)
... Removed 25 stack frames</pre></div><a href='#' onClick='toggleBox("stack-trace79919963", this, "Click to show all stack frames", "Click to hide stack frames")'>Click to show all stack frames</a>
<div class='stack-trace' id='stack-trace79919963'><pre>java.lang.AssertionError:  For Study Type -- Unit (THD/THC -- THD - V (AB, BC, CA)) Unit is incorrect. Expected: THD - V
	at org.testng.Assert.fail(Assert.java:96)
	at com.connect.fluke.app.tests.SessionDetailPageTests3540.measurementValueUnitPhaseTestForAllTabs(SessionDetailPageTests3540.java:518)
	at sun.reflect.GeneratedMethodAccessor15.invoke(Unknown Source)
	at sun.reflect.DelegatingMethodAccessorImpl.invoke(DelegatingMethodAccessorImpl.java:43)
	at java.lang.reflect.Method.invoke(Method.java:498)
	at org.testng.internal.MethodInvocationHelper.invokeMethod(MethodInvocationHelper.java:124)
	at org.testng.internal.Invoker.invokeMethod(Invoker.java:580)
	at org.testng.internal.Invoker.invokeTestMethod(Invoker.java:716)
	at org.testng.internal.Invoker.invokeTestMethods(Invoker.java:988)
	at org.testng.internal.TestMethodWorker.invokeTestMethods(TestMethodWorker.java:125)
	at org.testng.internal.TestMethodWorker.run(TestMethodWorker.java:109)
	at org.testng.TestRunner.privateRun(TestRunner.java:648)
	at org.testng.TestRunner.run(TestRunner.java:505)
	at org.testng.SuiteRunner.runTest(SuiteRunner.java:455)
	at org.testng.SuiteRunner.runSequentially(SuiteRunner.java:450)
	at org.testng.SuiteRunner.privateRun(SuiteRunner.java:415)
	at org.testng.SuiteRunner.run(SuiteRunner.java:364)
	at org.testng.SuiteRunnerWorker.runSuite(SuiteRunnerWorker.java:52)
	at org.testng.SuiteRunnerWorker.run(SuiteRunnerWorker.java:84)
	at org.testng.TestNG.runSuitesSequentially(TestNG.java:1208)
	at org.testng.TestNG.runSuitesLocally(TestNG.java:1137)
	at org.testng.TestNG.runSuites(TestNG.java:1049)
	at org.testng.TestNG.run(TestNG.java:1017)
	at org.testng.remote.AbstractRemoteTestNG.run(AbstractRemoteTestNG.java:114)
	at org.testng.remote.RemoteTestNG.initAndRun(RemoteTestNG.java:251)
	at org.testng.remote.RemoteTestNG.main(RemoteTestNG.java:77)
</pre></div></td>
<td>58</td>
<td>com.connect.fluke.app.tests.SessionDetailPageTests3540@3901d134</td></tr>
<tr>
<td title='com.connect.fluke.app.tests.SessionDetailPageTests3540.measurementValueUnitPhaseTestForAllTabs()'><b>measurementValueUnitPhaseTestForAllTabs</b><br>Test class: com.connect.fluke.app.tests.SessionDetailPageTests3540<br>Parameters: All, THD/THC, THD - A (A, B, C), THD - A, A, B, C</td>
<td><div><pre>java.lang.AssertionError:  For Study Type -- Unit (THD/THC -- THD - A (A, B, C)) Unit is incorrect. Expected: THD - A
	at com.connect.fluke.app.tests.SessionDetailPageTests3540.measurementValueUnitPhaseTestForAllTabs(SessionDetailPageTests3540.java:518)
... Removed 25 stack frames</pre></div><a href='#' onClick='toggleBox("stack-trace1907604549", this, "Click to show all stack frames", "Click to hide stack frames")'>Click to show all stack frames</a>
<div class='stack-trace' id='stack-trace1907604549'><pre>java.lang.AssertionError:  For Study Type -- Unit (THD/THC -- THD - A (A, B, C)) Unit is incorrect. Expected: THD - A
	at org.testng.Assert.fail(Assert.java:96)
	at com.connect.fluke.app.tests.SessionDetailPageTests3540.measurementValueUnitPhaseTestForAllTabs(SessionDetailPageTests3540.java:518)
	at sun.reflect.GeneratedMethodAccessor15.invoke(Unknown Source)
	at sun.reflect.DelegatingMethodAccessorImpl.invoke(DelegatingMethodAccessorImpl.java:43)
	at java.lang.reflect.Method.invoke(Method.java:498)
	at org.testng.internal.MethodInvocationHelper.invokeMethod(MethodInvocationHelper.java:124)
	at org.testng.internal.Invoker.invokeMethod(Invoker.java:580)
	at org.testng.internal.Invoker.invokeTestMethod(Invoker.java:716)
	at org.testng.internal.Invoker.invokeTestMethods(Invoker.java:988)
	at org.testng.internal.TestMethodWorker.invokeTestMethods(TestMethodWorker.java:125)
	at org.testng.internal.TestMethodWorker.run(TestMethodWorker.java:109)
	at org.testng.TestRunner.privateRun(TestRunner.java:648)
	at org.testng.TestRunner.run(TestRunner.java:505)
	at org.testng.SuiteRunner.runTest(SuiteRunner.java:455)
	at org.testng.SuiteRunner.runSequentially(SuiteRunner.java:450)
	at org.testng.SuiteRunner.privateRun(SuiteRunner.java:415)
	at org.testng.SuiteRunner.run(SuiteRunner.java:364)
	at org.testng.SuiteRunnerWorker.runSuite(SuiteRunnerWorker.java:52)
	at org.testng.SuiteRunnerWorker.run(SuiteRunnerWorker.java:84)
	at org.testng.TestNG.runSuitesSequentially(TestNG.java:1208)
	at org.testng.TestNG.runSuitesLocally(TestNG.java:1137)
	at org.testng.TestNG.runSuites(TestNG.java:1049)
	at org.testng.TestNG.run(TestNG.java:1017)
	at org.testng.remote.AbstractRemoteTestNG.run(AbstractRemoteTestNG.java:114)
	at org.testng.remote.RemoteTestNG.initAndRun(RemoteTestNG.java:251)
	at org.testng.remote.RemoteTestNG.main(RemoteTestNG.java:77)
</pre></div></td>
<td>42</td>
<td>com.connect.fluke.app.tests.SessionDetailPageTests3540@3901d134</td></tr>
<tr>
<td title='com.connect.fluke.app.tests.SessionDetailPageTests3540.measurementValueUnitPhaseTestForAllTabs()'><b>measurementValueUnitPhaseTestForAllTabs</b><br>Test class: com.connect.fluke.app.tests.SessionDetailPageTests3540<br>Parameters: All, THD/THC, THC - A (A, B, C), THC - A, A, B, C</td>
<td><div><pre>java.lang.AssertionError:  For Study Type -- Unit (THD/THC -- THC - A (A, B, C)) Unit is incorrect. Expected: THC - A
	at com.connect.fluke.app.tests.SessionDetailPageTests3540.measurementValueUnitPhaseTestForAllTabs(SessionDetailPageTests3540.java:518)
... Removed 25 stack frames</pre></div><a href='#' onClick='toggleBox("stack-trace353023213", this, "Click to show all stack frames", "Click to hide stack frames")'>Click to show all stack frames</a>
<div class='stack-trace' id='stack-trace353023213'><pre>java.lang.AssertionError:  For Study Type -- Unit (THD/THC -- THC - A (A, B, C)) Unit is incorrect. Expected: THC - A
	at org.testng.Assert.fail(Assert.java:96)
	at com.connect.fluke.app.tests.SessionDetailPageTests3540.measurementValueUnitPhaseTestForAllTabs(SessionDetailPageTests3540.java:518)
	at sun.reflect.GeneratedMethodAccessor15.invoke(Unknown Source)
	at sun.reflect.DelegatingMethodAccessorImpl.invoke(DelegatingMethodAccessorImpl.java:43)
	at java.lang.reflect.Method.invoke(Method.java:498)
	at org.testng.internal.MethodInvocationHelper.invokeMethod(MethodInvocationHelper.java:124)
	at org.testng.internal.Invoker.invokeMethod(Invoker.java:580)
	at org.testng.internal.Invoker.invokeTestMethod(Invoker.java:716)
	at org.testng.internal.Invoker.invokeTestMethods(Invoker.java:988)
	at org.testng.internal.TestMethodWorker.invokeTestMethods(TestMethodWorker.java:125)
	at org.testng.internal.TestMethodWorker.run(TestMethodWorker.java:109)
	at org.testng.TestRunner.privateRun(TestRunner.java:648)
	at org.testng.TestRunner.run(TestRunner.java:505)
	at org.testng.SuiteRunner.runTest(SuiteRunner.java:455)
	at org.testng.SuiteRunner.runSequentially(SuiteRunner.java:450)
	at org.testng.SuiteRunner.privateRun(SuiteRunner.java:415)
	at org.testng.SuiteRunner.run(SuiteRunner.java:364)
	at org.testng.SuiteRunnerWorker.runSuite(SuiteRunnerWorker.java:52)
	at org.testng.SuiteRunnerWorker.run(SuiteRunnerWorker.java:84)
	at org.testng.TestNG.runSuitesSequentially(TestNG.java:1208)
	at org.testng.TestNG.runSuitesLocally(TestNG.java:1137)
	at org.testng.TestNG.runSuites(TestNG.java:1049)
	at org.testng.TestNG.run(TestNG.java:1017)
	at org.testng.remote.AbstractRemoteTestNG.run(AbstractRemoteTestNG.java:114)
	at org.testng.remote.RemoteTestNG.initAndRun(RemoteTestNG.java:251)
	at org.testng.remote.RemoteTestNG.main(RemoteTestNG.java:77)
</pre></div></td>
<td>32</td>
<td>com.connect.fluke.app.tests.SessionDetailPageTests3540@3901d134</td></tr>
</table><p>
<table width='100%' border='1' class='invocation-passed'>
<tr><td colspan='4' align='center'><b>PASSED TESTS</b></td></tr>
<tr><td><b>Test method</b></td>
<td width="30%"><b>Exception</b></td>
<td width="10%"><b>Time (seconds)</b></td>
<td><b>Instance</b></td>
</tr>
<tr>
<td title='com.connect.fluke.app.tests.SessionDetailPageTests3540.assetCountTextVisibleTest()'><b>assetCountTextVisibleTest</b><br>Test class: com.connect.fluke.app.tests.SessionDetailPageTests3540</td>
<td></td>
<td>1</td>
<td>com.connect.fluke.app.tests.SessionDetailPageTests3540@3901d134</td></tr>
<tr>
<td title='com.connect.fluke.app.tests.SessionDetailPageTests3540.assetGroupNameTest()'><b>assetGroupNameTest</b><br>Test class: com.connect.fluke.app.tests.SessionDetailPageTests3540</td>
<td></td>
<td>1</td>
<td>com.connect.fluke.app.tests.SessionDetailPageTests3540@3901d134</td></tr>
<tr>
<td title='com.connect.fluke.app.tests.SessionDetailPageTests3540.assetNameTest()'><b>assetNameTest</b><br>Test class: com.connect.fluke.app.tests.SessionDetailPageTests3540</td>
<td></td>
<td>1</td>
<td>com.connect.fluke.app.tests.SessionDetailPageTests3540@3901d134</td></tr>
<tr>
<td title='com.connect.fluke.app.tests.SessionListTests3540.clickOnSessionTileTest()'><b>clickOnSessionTileTest</b><br>Test class: com.connect.fluke.app.tests.SessionListTests3540</td>
<td></td>
<td>3</td>
<td>com.connect.fluke.app.tests.SessionListTests3540@11a9e7c8</td></tr>
<tr>
<td title='com.connect.fluke.app.tests.SessionListTests3540.gateWayNameTest()'><b>gateWayNameTest</b><br>Test class: com.connect.fluke.app.tests.SessionListTests3540</td>
<td></td>
<td>1</td>
<td>com.connect.fluke.app.tests.SessionListTests3540@11a9e7c8</td></tr>
<tr>
<td title='com.connect.fluke.app.tests.SessionDetailPageTests3540.gateWayNameTest()'><b>gateWayNameTest</b><br>Test class: com.connect.fluke.app.tests.SessionDetailPageTests3540</td>
<td></td>
<td>1</td>
<td>com.connect.fluke.app.tests.SessionDetailPageTests3540@3901d134</td></tr>
<tr>
<td title='com.connect.fluke.app.tests.SessionDetailPageTests3540.graphDisplayedTest()'><b>graphDisplayedTest</b><br>Test class: com.connect.fluke.app.tests.SessionDetailPageTests3540</td>
<td></td>
<td>14</td>
<td>com.connect.fluke.app.tests.SessionDetailPageTests3540@3901d134</td></tr>
<tr>
<td title='com.connect.fluke.app.tests.SessionDetailPageTests3540.measurementValueUnitPhaseTestForAllTabs()'><b>measurementValueUnitPhaseTestForAllTabs</b><br>Test class: com.connect.fluke.app.tests.SessionDetailPageTests3540<br>Parameters: 1H, V, A, Hz, Frequency (Hz), Frequency, Hz</td>
<td></td>
<td>39</td>
<td>com.connect.fluke.app.tests.SessionDetailPageTests3540@3901d134</td></tr>
<tr>
<td title='com.connect.fluke.app.tests.SessionDetailPageTests3540.measurementValueUnitPhaseTestForAllTabs()'><b>measurementValueUnitPhaseTestForAllTabs</b><br>Test class: com.connect.fluke.app.tests.SessionDetailPageTests3540<br>Parameters: 1H, Active Power, Active Power (Total), Active Power, Total</td>
<td></td>
<td>48</td>
<td>com.connect.fluke.app.tests.SessionDetailPageTests3540@3901d134</td></tr>
<tr>
<td title='com.connect.fluke.app.tests.SessionDetailPageTests3540.measurementValueUnitPhaseTestForAllTabs()'><b>measurementValueUnitPhaseTestForAllTabs</b><br>Test class: com.connect.fluke.app.tests.SessionDetailPageTests3540<br>Parameters: 1H, Active Power, Power Factor (Total), Power Factor, Total</td>
<td></td>
<td>22</td>
<td>com.connect.fluke.app.tests.SessionDetailPageTests3540@3901d134</td></tr>
<tr>
<td title='com.connect.fluke.app.tests.SessionDetailPageTests3540.measurementValueUnitPhaseTestForAllTabs()'><b>measurementValueUnitPhaseTestForAllTabs</b><br>Test class: com.connect.fluke.app.tests.SessionDetailPageTests3540<br>Parameters: 1H, Power Overview, kW (Total), kW, Total</td>
<td></td>
<td>52</td>
<td>com.connect.fluke.app.tests.SessionDetailPageTests3540@3901d134</td></tr>
<tr>
<td title='com.connect.fluke.app.tests.SessionDetailPageTests3540.measurementValueUnitPhaseTestForAllTabs()'><b>measurementValueUnitPhaseTestForAllTabs</b><br>Test class: com.connect.fluke.app.tests.SessionDetailPageTests3540<br>Parameters: 1H, Power Overview, kVA (Total), kVA, Total</td>
<td></td>
<td>25</td>
<td>com.connect.fluke.app.tests.SessionDetailPageTests3540@3901d134</td></tr>
<tr>
<td title='com.connect.fluke.app.tests.SessionDetailPageTests3540.measurementValueUnitPhaseTestForAllTabs()'><b>measurementValueUnitPhaseTestForAllTabs</b><br>Test class: com.connect.fluke.app.tests.SessionDetailPageTests3540<br>Parameters: 1H, Power Overview, kvar (Total), kvar, Total</td>
<td></td>
<td>27</td>
<td>com.connect.fluke.app.tests.SessionDetailPageTests3540@3901d134</td></tr>
<tr>
<td title='com.connect.fluke.app.tests.SessionDetailPageTests3540.measurementValueUnitPhaseTestForAllTabs()'><b>measurementValueUnitPhaseTestForAllTabs</b><br>Test class: com.connect.fluke.app.tests.SessionDetailPageTests3540<br>Parameters: 1H, Power Overview, Total (kW, kVA, kvar), Total, kW, kVA, kvar</td>
<td></td>
<td>39</td>
<td>com.connect.fluke.app.tests.SessionDetailPageTests3540@3901d134</td></tr>
<tr>
<td title='com.connect.fluke.app.tests.SessionDetailPageTests3540.measurementValueUnitPhaseTestForAllTabs()'><b>measurementValueUnitPhaseTestForAllTabs</b><br>Test class: com.connect.fluke.app.tests.SessionDetailPageTests3540<br>Parameters: 1D, V, A, Hz, Frequency (Hz), Frequency, Hz</td>
<td></td>
<td>43</td>
<td>com.connect.fluke.app.tests.SessionDetailPageTests3540@3901d134</td></tr>
<tr>
<td title='com.connect.fluke.app.tests.SessionDetailPageTests3540.measurementValueUnitPhaseTestForAllTabs()'><b>measurementValueUnitPhaseTestForAllTabs</b><br>Test class: com.connect.fluke.app.tests.SessionDetailPageTests3540<br>Parameters: 1D, Active Power, Active Power (Total), Active Power, Total</td>
<td></td>
<td>55</td>
<td>com.connect.fluke.app.tests.SessionDetailPageTests3540@3901d134</td></tr>
<tr>
<td title='com.connect.fluke.app.tests.SessionDetailPageTests3540.measurementValueUnitPhaseTestForAllTabs()'><b>measurementValueUnitPhaseTestForAllTabs</b><br>Test class: com.connect.fluke.app.tests.SessionDetailPageTests3540<br>Parameters: 1D, Active Power, Power Factor (Total), Power Factor, Total</td>
<td></td>
<td>30</td>
<td>com.connect.fluke.app.tests.SessionDetailPageTests3540@3901d134</td></tr>
<tr>
<td title='com.connect.fluke.app.tests.SessionDetailPageTests3540.measurementValueUnitPhaseTestForAllTabs()'><b>measurementValueUnitPhaseTestForAllTabs</b><br>Test class: com.connect.fluke.app.tests.SessionDetailPageTests3540<br>Parameters: 1D, Power Overview, kW (Total), kW, Total</td>
<td></td>
<td>53</td>
<td>com.connect.fluke.app.tests.SessionDetailPageTests3540@3901d134</td></tr>
<tr>
<td title='com.connect.fluke.app.tests.SessionDetailPageTests3540.measurementValueUnitPhaseTestForAllTabs()'><b>measurementValueUnitPhaseTestForAllTabs</b><br>Test class: com.connect.fluke.app.tests.SessionDetailPageTests3540<br>Parameters: 1D, Power Overview, kVA (Total), kVA, Total</td>
<td></td>
<td>27</td>
<td>com.connect.fluke.app.tests.SessionDetailPageTests3540@3901d134</td></tr>
<tr>
<td title='com.connect.fluke.app.tests.SessionDetailPageTests3540.measurementValueUnitPhaseTestForAllTabs()'><b>measurementValueUnitPhaseTestForAllTabs</b><br>Test class: com.connect.fluke.app.tests.SessionDetailPageTests3540<br>Parameters: 1D, Power Overview, kvar (Total), kvar, Total</td>
<td></td>
<td>27</td>
<td>com.connect.fluke.app.tests.SessionDetailPageTests3540@3901d134</td></tr>
<tr>
<td title='com.connect.fluke.app.tests.SessionDetailPageTests3540.measurementValueUnitPhaseTestForAllTabs()'><b>measurementValueUnitPhaseTestForAllTabs</b><br>Test class: com.connect.fluke.app.tests.SessionDetailPageTests3540<br>Parameters: 1D, Power Overview, Total (kW, kVA, kvar), Total, kW, kVA, kvar</td>
<td></td>
<td>38</td>
<td>com.connect.fluke.app.tests.SessionDetailPageTests3540@3901d134</td></tr>
<tr>
<td title='com.connect.fluke.app.tests.SessionDetailPageTests3540.measurementValueUnitPhaseTestForAllTabs()'><b>measurementValueUnitPhaseTestForAllTabs</b><br>Test class: com.connect.fluke.app.tests.SessionDetailPageTests3540<br>Parameters: 1W, V, A, Hz, Frequency (Hz), Frequency, Hz</td>
<td></td>
<td>40</td>
<td>com.connect.fluke.app.tests.SessionDetailPageTests3540@3901d134</td></tr>
<tr>
<td title='com.connect.fluke.app.tests.SessionDetailPageTests3540.measurementValueUnitPhaseTestForAllTabs()'><b>measurementValueUnitPhaseTestForAllTabs</b><br>Test class: com.connect.fluke.app.tests.SessionDetailPageTests3540<br>Parameters: 1W, Active Power, Active Power (Total), Active Power, Total</td>
<td></td>
<td>55</td>
<td>com.connect.fluke.app.tests.SessionDetailPageTests3540@3901d134</td></tr>
<tr>
<td title='com.connect.fluke.app.tests.SessionDetailPageTests3540.measurementValueUnitPhaseTestForAllTabs()'><b>measurementValueUnitPhaseTestForAllTabs</b><br>Test class: com.connect.fluke.app.tests.SessionDetailPageTests3540<br>Parameters: 1W, Active Power, Power Factor (Total), Power Factor, Total</td>
<td></td>
<td>30</td>
<td>com.connect.fluke.app.tests.SessionDetailPageTests3540@3901d134</td></tr>
<tr>
<td title='com.connect.fluke.app.tests.SessionDetailPageTests3540.measurementValueUnitPhaseTestForAllTabs()'><b>measurementValueUnitPhaseTestForAllTabs</b><br>Test class: com.connect.fluke.app.tests.SessionDetailPageTests3540<br>Parameters: 1W, Power Overview, kW (Total), kW, Total</td>
<td></td>
<td>51</td>
<td>com.connect.fluke.app.tests.SessionDetailPageTests3540@3901d134</td></tr>
<tr>
<td title='com.connect.fluke.app.tests.SessionDetailPageTests3540.measurementValueUnitPhaseTestForAllTabs()'><b>measurementValueUnitPhaseTestForAllTabs</b><br>Test class: com.connect.fluke.app.tests.SessionDetailPageTests3540<br>Parameters: 1W, Power Overview, kVA (Total), kVA, Total</td>
<td></td>
<td>26</td>
<td>com.connect.fluke.app.tests.SessionDetailPageTests3540@3901d134</td></tr>
<tr>
<td title='com.connect.fluke.app.tests.SessionDetailPageTests3540.measurementValueUnitPhaseTestForAllTabs()'><b>measurementValueUnitPhaseTestForAllTabs</b><br>Test class: com.connect.fluke.app.tests.SessionDetailPageTests3540<br>Parameters: 1W, Power Overview, kvar (Total), kvar, Total</td>
<td></td>
<td>25</td>
<td>com.connect.fluke.app.tests.SessionDetailPageTests3540@3901d134</td></tr>
<tr>
<td title='com.connect.fluke.app.tests.SessionDetailPageTests3540.measurementValueUnitPhaseTestForAllTabs()'><b>measurementValueUnitPhaseTestForAllTabs</b><br>Test class: com.connect.fluke.app.tests.SessionDetailPageTests3540<br>Parameters: 1W, Power Overview, Total (kW, kVA, kvar), Total, kW, kVA, kvar</td>
<td></td>
<td>38</td>
<td>com.connect.fluke.app.tests.SessionDetailPageTests3540@3901d134</td></tr>
<tr>
<td title='com.connect.fluke.app.tests.SessionDetailPageTests3540.measurementValueUnitPhaseTestForAllTabs()'><b>measurementValueUnitPhaseTestForAllTabs</b><br>Test class: com.connect.fluke.app.tests.SessionDetailPageTests3540<br>Parameters: 1M, V, A, Hz, Frequency (Hz), Frequency, Hz</td>
<td></td>
<td>41</td>
<td>com.connect.fluke.app.tests.SessionDetailPageTests3540@3901d134</td></tr>
<tr>
<td title='com.connect.fluke.app.tests.SessionDetailPageTests3540.measurementValueUnitPhaseTestForAllTabs()'><b>measurementValueUnitPhaseTestForAllTabs</b><br>Test class: com.connect.fluke.app.tests.SessionDetailPageTests3540<br>Parameters: 1M, Active Power, Active Power (Total), Active Power, Total</td>
<td></td>
<td>56</td>
<td>com.connect.fluke.app.tests.SessionDetailPageTests3540@3901d134</td></tr>
<tr>
<td title='com.connect.fluke.app.tests.SessionDetailPageTests3540.measurementValueUnitPhaseTestForAllTabs()'><b>measurementValueUnitPhaseTestForAllTabs</b><br>Test class: com.connect.fluke.app.tests.SessionDetailPageTests3540<br>Parameters: 1M, Active Power, Power Factor (Total), Power Factor, Total</td>
<td></td>
<td>30</td>
<td>com.connect.fluke.app.tests.SessionDetailPageTests3540@3901d134</td></tr>
<tr>
<td title='com.connect.fluke.app.tests.SessionDetailPageTests3540.measurementValueUnitPhaseTestForAllTabs()'><b>measurementValueUnitPhaseTestForAllTabs</b><br>Test class: com.connect.fluke.app.tests.SessionDetailPageTests3540<br>Parameters: 1M, Power Overview, kW (Total), kW, Total</td>
<td></td>
<td>53</td>
<td>com.connect.fluke.app.tests.SessionDetailPageTests3540@3901d134</td></tr>
<tr>
<td title='com.connect.fluke.app.tests.SessionDetailPageTests3540.measurementValueUnitPhaseTestForAllTabs()'><b>measurementValueUnitPhaseTestForAllTabs</b><br>Test class: com.connect.fluke.app.tests.SessionDetailPageTests3540<br>Parameters: 1M, Power Overview, kVA (Total), kVA, Total</td>
<td></td>
<td>27</td>
<td>com.connect.fluke.app.tests.SessionDetailPageTests3540@3901d134</td></tr>
<tr>
<td title='com.connect.fluke.app.tests.SessionDetailPageTests3540.measurementValueUnitPhaseTestForAllTabs()'><b>measurementValueUnitPhaseTestForAllTabs</b><br>Test class: com.connect.fluke.app.tests.SessionDetailPageTests3540<br>Parameters: 1M, Power Overview, kvar (Total), kvar, Total</td>
<td></td>
<td>27</td>
<td>com.connect.fluke.app.tests.SessionDetailPageTests3540@3901d134</td></tr>
<tr>
<td title='com.connect.fluke.app.tests.SessionDetailPageTests3540.measurementValueUnitPhaseTestForAllTabs()'><b>measurementValueUnitPhaseTestForAllTabs</b><br>Test class: com.connect.fluke.app.tests.SessionDetailPageTests3540<br>Parameters: 1M, Power Overview, Total (kW, kVA, kvar), Total, kW, kVA, kvar</td>
<td></td>
<td>38</td>
<td>com.connect.fluke.app.tests.SessionDetailPageTests3540@3901d134</td></tr>
<tr>
<td title='com.connect.fluke.app.tests.SessionDetailPageTests3540.measurementValueUnitPhaseTestForAllTabs()'><b>measurementValueUnitPhaseTestForAllTabs</b><br>Test class: com.connect.fluke.app.tests.SessionDetailPageTests3540<br>Parameters: All, V, A, Hz, Frequency (Hz), Frequency, Hz</td>
<td></td>
<td>42</td>
<td>com.connect.fluke.app.tests.SessionDetailPageTests3540@3901d134</td></tr>
<tr>
<td title='com.connect.fluke.app.tests.SessionDetailPageTests3540.measurementValueUnitPhaseTestForAllTabs()'><b>measurementValueUnitPhaseTestForAllTabs</b><br>Test class: com.connect.fluke.app.tests.SessionDetailPageTests3540<br>Parameters: All, Active Power, Active Power (Total), Active Power, Total</td>
<td></td>
<td>56</td>
<td>com.connect.fluke.app.tests.SessionDetailPageTests3540@3901d134</td></tr>
<tr>
<td title='com.connect.fluke.app.tests.SessionDetailPageTests3540.measurementValueUnitPhaseTestForAllTabs()'><b>measurementValueUnitPhaseTestForAllTabs</b><br>Test class: com.connect.fluke.app.tests.SessionDetailPageTests3540<br>Parameters: All, Active Power, Power Factor (Total), Power Factor, Total</td>
<td></td>
<td>29</td>
<td>com.connect.fluke.app.tests.SessionDetailPageTests3540@3901d134</td></tr>
<tr>
<td title='com.connect.fluke.app.tests.SessionDetailPageTests3540.measurementValueUnitPhaseTestForAllTabs()'><b>measurementValueUnitPhaseTestForAllTabs</b><br>Test class: com.connect.fluke.app.tests.SessionDetailPageTests3540<br>Parameters: All, Power Overview, kW (Total), kW, Total</td>
<td></td>
<td>53</td>
<td>com.connect.fluke.app.tests.SessionDetailPageTests3540@3901d134</td></tr>
<tr>
<td title='com.connect.fluke.app.tests.SessionDetailPageTests3540.measurementValueUnitPhaseTestForAllTabs()'><b>measurementValueUnitPhaseTestForAllTabs</b><br>Test class: com.connect.fluke.app.tests.SessionDetailPageTests3540<br>Parameters: All, Power Overview, kVA (Total), kVA, Total</td>
<td></td>
<td>27</td>
<td>com.connect.fluke.app.tests.SessionDetailPageTests3540@3901d134</td></tr>
<tr>
<td title='com.connect.fluke.app.tests.SessionDetailPageTests3540.measurementValueUnitPhaseTestForAllTabs()'><b>measurementValueUnitPhaseTestForAllTabs</b><br>Test class: com.connect.fluke.app.tests.SessionDetailPageTests3540<br>Parameters: All, Power Overview, kvar (Total), kvar, Total</td>
<td></td>
<td>26</td>
<td>com.connect.fluke.app.tests.SessionDetailPageTests3540@3901d134</td></tr>
<tr>
<td title='com.connect.fluke.app.tests.SessionDetailPageTests3540.measurementValueUnitPhaseTestForAllTabs()'><b>measurementValueUnitPhaseTestForAllTabs</b><br>Test class: com.connect.fluke.app.tests.SessionDetailPageTests3540<br>Parameters: All, Power Overview, Total (kW, kVA, kvar), Total, kW, kVA, kvar</td>
<td></td>
<td>38</td>
<td>com.connect.fluke.app.tests.SessionDetailPageTests3540@3901d134</td></tr>
<tr>
<td title='com.connect.fluke.app.tests.SessionDetailPageTests3540.monitoringDataStaticTextVisibleTest()'><b>monitoringDataStaticTextVisibleTest</b><br>Test class: com.connect.fluke.app.tests.SessionDetailPageTests3540</td>
<td></td>
<td>1</td>
<td>com.connect.fluke.app.tests.SessionDetailPageTests3540@3901d134</td></tr>
<tr>
<td title='com.connect.fluke.app.tests.SessionListTests3540.sessionStartTimeTest()'><b>sessionStartTimeTest</b><br>Test class: com.connect.fluke.app.tests.SessionListTests3540</td>
<td></td>
<td>1</td>
<td>com.connect.fluke.app.tests.SessionListTests3540@11a9e7c8</td></tr>
<tr>
<td title='com.connect.fluke.app.tests.SessionDetailPageTests3540.sessionStartTimeTest()'><b>sessionStartTimeTest</b><br>Test class: com.connect.fluke.app.tests.SessionDetailPageTests3540</td>
<td></td>
<td>1</td>
<td>com.connect.fluke.app.tests.SessionDetailPageTests3540@3901d134</td></tr>
<tr>
<td title='com.connect.fluke.app.tests.SessionListTests3540.sessionStartUserNameTest()'><b>sessionStartUserNameTest</b><br>Test class: com.connect.fluke.app.tests.SessionListTests3540<br>Parameters: at@yopmail.com</td>
<td></td>
<td>1</td>
<td>com.connect.fluke.app.tests.SessionListTests3540@11a9e7c8</td></tr>
<tr>
<td title='com.connect.fluke.app.tests.SessionDetailPageTests3540.sessionStartUserNameTest()'><b>sessionStartUserNameTest</b><br>Test class: com.connect.fluke.app.tests.SessionDetailPageTests3540</td>
<td></td>
<td>1</td>
<td>com.connect.fluke.app.tests.SessionDetailPageTests3540@3901d134</td></tr>
<tr>
<td title='com.connect.fluke.app.tests.SessionListTests3540.sessionTileStatusTest()'><b>sessionTileStatusTest</b><br>Test class: com.connect.fluke.app.tests.SessionListTests3540</td>
<td></td>
<td>1</td>
<td>com.connect.fluke.app.tests.SessionListTests3540@11a9e7c8</td></tr>
<tr>
<td title='com.connect.fluke.app.tests.SessionDetailPageTests3540.sessionTileStatusTest()'><b>sessionTileStatusTest</b><br>Test class: com.connect.fluke.app.tests.SessionDetailPageTests3540</td>
<td></td>
<td>1</td>
<td>com.connect.fluke.app.tests.SessionDetailPageTests3540@3901d134</td></tr>
<tr>
<td title='com.connect.fluke.app.tests.SessionListTests3540.sessionTileVisibleTest()'><b>sessionTileVisibleTest</b><br>Test class: com.connect.fluke.app.tests.SessionListTests3540</td>
<td></td>
<td>0</td>
<td>com.connect.fluke.app.tests.SessionListTests3540@11a9e7c8</td></tr>
<tr>
<td title='com.connect.fluke.app.tests.SessionListTests3540.startTimeStaticTextVisibleTest()'><b>startTimeStaticTextVisibleTest</b><br>Test class: com.connect.fluke.app.tests.SessionListTests3540</td>
<td></td>
<td>1</td>
<td>com.connect.fluke.app.tests.SessionListTests3540@11a9e7c8</td></tr>
<tr>
<td title='com.connect.fluke.app.tests.SessionDetailPageTests3540.startTimeStaticTextVisibleTest()'><b>startTimeStaticTextVisibleTest</b><br>Test class: com.connect.fluke.app.tests.SessionDetailPageTests3540</td>
<td></td>
<td>1</td>
<td>com.connect.fluke.app.tests.SessionDetailPageTests3540@3901d134</td></tr>
<tr>
<td title='com.connect.fluke.app.tests.SessionDetailPageTests3540.testPointNameTest()'><b>testPointNameTest</b><br>Test class: com.connect.fluke.app.tests.SessionDetailPageTests3540</td>
<td></td>
<td>1</td>
<td>com.connect.fluke.app.tests.SessionDetailPageTests3540@3901d134</td></tr>
</table><p>
</body>
</html>