<?xml version="1.0" encoding="UTF-8"?>
<!-- Generated by org.testng.reporters.JUnitXMLReporter -->
<testsuite hostname="m-bang-isharma1" name="FCCM3560 iOS Session Verification Tests" tests="56" failures="0" timestamp="14 Mar 2018 07:27:09 GMT" time="6.352" errors="0">
  <testcase name="@BeforeClass initClass" time="0.0" classname="com.connect.fluke.app.tests.FCCM3560ActiveMonitoringSessionTests">
    <failure type="java.lang.ClassCastException" message="org.openqa.selenium.chrome.ChromeDriver cannot be cast to io.appium.java_client.PerformsTouchActions">
      <![CDATA[java.lang.ClassCastException: org.openqa.selenium.chrome.ChromeDriver cannot be cast to io.appium.java_client.PerformsTouchActions
	at com.connect.fluke.app.utils.Gestures.<init>(Gestures.java:42)
	at com.connect.fluke.app.pages.HomePage.<init>(HomePage.java:74)
	at com.connect.fluke.app.tests.FCCM3560ActiveMonitoringSessionTests.initClass(FCCM3560ActiveMonitoringSessionTests.java:45)
... Removed 24 stack frames]]>
    </failure>
  </testcase> <!-- @BeforeClass initClass -->
  <testcase name="@BeforeClass initClass" time="0.0" classname="com.connect.fluke.app.tests.FCCM3560SessionDetailPageTests">
    <failure type="java.lang.ClassCastException" message="org.openqa.selenium.chrome.ChromeDriver cannot be cast to io.appium.java_client.PerformsTouchActions">
      <![CDATA[java.lang.ClassCastException: org.openqa.selenium.chrome.ChromeDriver cannot be cast to io.appium.java_client.PerformsTouchActions
	at com.connect.fluke.app.utils.Gestures.<init>(Gestures.java:42)
	at com.connect.fluke.app.pages.SessionDetailPage.<init>(SessionDetailPage.java:298)
	at com.connect.fluke.app.tests.FCCM3560SessionDetailPageTests.initClass(FCCM3560SessionDetailPageTests.java:31)
... Removed 24 stack frames]]>
    </failure>
  </testcase> <!-- @BeforeClass initClass -->
  <testcase name="sessionTileVisibleTest" time="0.007" classname="com.connect.fluke.app.tests.FCCM3560ActiveMonitoringSessionTests">
    <skipped/>
  </testcase> <!-- sessionTileVisibleTest -->
  <testcase name="sessionTileStatusTest" time="0.001" classname="com.connect.fluke.app.tests.FCCM3560ActiveMonitoringSessionTests">
    <skipped/>
  </testcase> <!-- sessionTileStatusTest -->
  <testcase name="gateWayNameTest" time="0.001" classname="com.connect.fluke.app.tests.FCCM3560ActiveMonitoringSessionTests">
    <skipped/>
  </testcase> <!-- gateWayNameTest -->
  <testcase name="sensorsStaticTextVisibleTest" time="0.0" classname="com.connect.fluke.app.tests.FCCM3560ActiveMonitoringSessionTests">
    <skipped/>
  </testcase> <!-- sensorsStaticTextVisibleTest -->
  <testcase name="sensorCountAndTypeTest" time="0.001" classname="com.connect.fluke.app.tests.FCCM3560ActiveMonitoringSessionTests">
    <skipped/>
  </testcase> <!-- sensorCountAndTypeTest -->
  <testcase name="startTimeStaticTextVisibleTest" time="0.002" classname="com.connect.fluke.app.tests.FCCM3560ActiveMonitoringSessionTests">
    <skipped/>
  </testcase> <!-- startTimeStaticTextVisibleTest -->
  <testcase name="sessionStartTimeTest" time="0.001" classname="com.connect.fluke.app.tests.FCCM3560ActiveMonitoringSessionTests">
    <skipped/>
  </testcase> <!-- sessionStartTimeTest -->
  <testcase name="sessionStartUserNameTest" time="0.004" classname="com.connect.fluke.app.tests.FCCM3560ActiveMonitoringSessionTests">
    <skipped/>
  </testcase> <!-- sessionStartUserNameTest -->
  <testcase name="tapOnSessionTileTest" time="0.001" classname="com.connect.fluke.app.tests.FCCM3560ActiveMonitoringSessionTests">
    <skipped/>
  </testcase> <!-- tapOnSessionTileTest -->
  <testcase name="sessionTileStatusTest" time="0.001" classname="com.connect.fluke.app.tests.FCCM3560SessionDetailPageTests">
    <skipped/>
  </testcase> <!-- sessionTileStatusTest -->
  <testcase name="gateWayNameTest" time="0.001" classname="com.connect.fluke.app.tests.FCCM3560SessionDetailPageTests">
    <skipped/>
  </testcase> <!-- gateWayNameTest -->
  <testcase name="sensorsStaticTextVisibleTest" time="0.003" classname="com.connect.fluke.app.tests.FCCM3560SessionDetailPageTests">
    <skipped/>
  </testcase> <!-- sensorsStaticTextVisibleTest -->
  <testcase name="sensorCountAndTypeTest" time="0.001" classname="com.connect.fluke.app.tests.FCCM3560SessionDetailPageTests">
    <skipped/>
  </testcase> <!-- sensorCountAndTypeTest -->
  <testcase name="startTimeStaticTextVisibleTest" time="0.009" classname="com.connect.fluke.app.tests.FCCM3560SessionDetailPageTests">
    <skipped/>
  </testcase> <!-- startTimeStaticTextVisibleTest -->
  <testcase name="sessionStartTimeTest" time="0.003" classname="com.connect.fluke.app.tests.FCCM3560SessionDetailPageTests">
    <skipped/>
  </testcase> <!-- sessionStartTimeTest -->
  <testcase name="sessionStartUserNameTest" time="0.0" classname="com.connect.fluke.app.tests.FCCM3560SessionDetailPageTests">
    <skipped/>
  </testcase> <!-- sessionStartUserNameTest -->
  <testcase name="assetCountTextVisibleTest" time="0.003" classname="com.connect.fluke.app.tests.FCCM3560SessionDetailPageTests">
    <skipped/>
  </testcase> <!-- assetCountTextVisibleTest -->
  <testcase name="assetGroupNameTest" time="0.002" classname="com.connect.fluke.app.tests.FCCM3560SessionDetailPageTests">
    <skipped/>
  </testcase> <!-- assetGroupNameTest -->
  <testcase name="assetNameTest" time="0.003" classname="com.connect.fluke.app.tests.FCCM3560SessionDetailPageTests">
    <skipped/>
  </testcase> <!-- assetNameTest -->
  <testcase name="testPointNameTest" time="0.012" classname="com.connect.fluke.app.tests.FCCM3560SessionDetailPageTests">
    <skipped/>
  </testcase> <!-- testPointNameTest -->
  <testcase name="machineLearningMessageTest" time="0.001" classname="com.connect.fluke.app.tests.FCCM3560SessionDetailPageTests">
    <skipped/>
  </testcase> <!-- machineLearningMessageTest -->
  <testcase name="vibrationUnitTest" time="0.001" classname="com.connect.fluke.app.tests.FCCM3560SessionDetailPageTests">
    <skipped/>
  </testcase> <!-- vibrationUnitTest -->
  <testcase name="graphDisplayedTest" time="0.001" classname="com.connect.fluke.app.tests.FCCM3560SessionDetailPageTests">
    <skipped/>
  </testcase> <!-- graphDisplayedTest -->
  <testcase name="maxLabelIn1HTabTest" time="0.0" classname="com.connect.fluke.app.tests.FCCM3560SessionDetailPageTests">
    <skipped/>
  </testcase> <!-- maxLabelIn1HTabTest -->
  <testcase name="minLabelIn1HTabTest" time="0.001" classname="com.connect.fluke.app.tests.FCCM3560SessionDetailPageTests">
    <skipped/>
  </testcase> <!-- minLabelIn1HTabTest -->
  <testcase name="xAxisLabelIn1HTabTest" time="0.0" classname="com.connect.fluke.app.tests.FCCM3560SessionDetailPageTests">
    <skipped/>
  </testcase> <!-- xAxisLabelIn1HTabTest -->
  <testcase name="yAxisLabelIn1HTabTest" time="0.001" classname="com.connect.fluke.app.tests.FCCM3560SessionDetailPageTests">
    <skipped/>
  </testcase> <!-- yAxisLabelIn1HTabTest -->
  <testcase name="zAxisLabelIn1HTabTest" time="0.001" classname="com.connect.fluke.app.tests.FCCM3560SessionDetailPageTests">
    <skipped/>
  </testcase> <!-- zAxisLabelIn1HTabTest -->
  <testcase name="measurementValueIn1HTabTest" time="0.0" classname="com.connect.fluke.app.tests.FCCM3560SessionDetailPageTests">
    <skipped/>
  </testcase> <!-- measurementValueIn1HTabTest -->
  <testcase name="unitInMeasurementValueIn1HTabTest" time="0.001" classname="com.connect.fluke.app.tests.FCCM3560SessionDetailPageTests">
    <skipped/>
  </testcase> <!-- unitInMeasurementValueIn1HTabTest -->
  <testcase name="measurementValueTimestampIsNotEmptyIn1HTabTest" time="0.001" classname="com.connect.fluke.app.tests.FCCM3560SessionDetailPageTests">
    <skipped/>
  </testcase> <!-- measurementValueTimestampIsNotEmptyIn1HTabTest -->
  <testcase name="switchTo1H8HTabTest" time="0.002" classname="com.connect.fluke.app.tests.FCCM3560SessionDetailPageTests">
    <skipped/>
  </testcase> <!-- switchTo1H8HTabTest -->
  <testcase name="measurementValueIn1H8HTabTest" time="0.0" classname="com.connect.fluke.app.tests.FCCM3560SessionDetailPageTests">
    <skipped/>
  </testcase> <!-- measurementValueIn1H8HTabTest -->
  <testcase name="unitInMeasurementValueIn1H8HTabTest" time="0.001" classname="com.connect.fluke.app.tests.FCCM3560SessionDetailPageTests">
    <skipped/>
  </testcase> <!-- unitInMeasurementValueIn1H8HTabTest -->
  <testcase name="measurementValueTimestampIsNotEmptyIn1H8HTabTest" time="0.001" classname="com.connect.fluke.app.tests.FCCM3560SessionDetailPageTests">
    <skipped/>
  </testcase> <!-- measurementValueTimestampIsNotEmptyIn1H8HTabTest -->
  <testcase name="switchTo8H1WTabTest" time="0.002" classname="com.connect.fluke.app.tests.FCCM3560SessionDetailPageTests">
    <skipped/>
  </testcase> <!-- switchTo8H1WTabTest -->
  <testcase name="measurementValueIn8H1WTabTest" time="0.002" classname="com.connect.fluke.app.tests.FCCM3560SessionDetailPageTests">
    <skipped/>
  </testcase> <!-- measurementValueIn8H1WTabTest -->
  <testcase name="unitInMeasurementValueIn8H1WTabTest" time="0.001" classname="com.connect.fluke.app.tests.FCCM3560SessionDetailPageTests">
    <skipped/>
  </testcase> <!-- unitInMeasurementValueIn8H1WTabTest -->
  <testcase name="measurementValueTimestampIsNotEmptyIn8H1WTabTest" time="0.001" classname="com.connect.fluke.app.tests.FCCM3560SessionDetailPageTests">
    <skipped/>
  </testcase> <!-- measurementValueTimestampIsNotEmptyIn8H1WTabTest -->
  <testcase name="switchTo1W3WTabTest" time="0.0" classname="com.connect.fluke.app.tests.FCCM3560SessionDetailPageTests">
    <skipped/>
  </testcase> <!-- switchTo1W3WTabTest -->
  <testcase name="measurementValueIn1W3WTabTest" time="0.002" classname="com.connect.fluke.app.tests.FCCM3560SessionDetailPageTests">
    <skipped/>
  </testcase> <!-- measurementValueIn1W3WTabTest -->
  <testcase name="unitInMeasurementValueIn1W3WTabTest" time="0.001" classname="com.connect.fluke.app.tests.FCCM3560SessionDetailPageTests">
    <skipped/>
  </testcase> <!-- unitInMeasurementValueIn1W3WTabTest -->
  <testcase name="measurementValueTimestampIsNotEmptyIn1W3WTabTest" time="0.001" classname="com.connect.fluke.app.tests.FCCM3560SessionDetailPageTests">
    <skipped/>
  </testcase> <!-- measurementValueTimestampIsNotEmptyIn1W3WTabTest -->
  <testcase name="switchTo3W1WTabTest" time="0.0" classname="com.connect.fluke.app.tests.FCCM3560SessionDetailPageTests">
    <skipped/>
  </testcase> <!-- switchTo3W1WTabTest -->
  <testcase name="measurementValueIn3W1WTabTest" time="0.001" classname="com.connect.fluke.app.tests.FCCM3560SessionDetailPageTests">
    <skipped/>
  </testcase> <!-- measurementValueIn3W1WTabTest -->
  <testcase name="unitInMeasurementValueIn3W1WTabTest" time="0.001" classname="com.connect.fluke.app.tests.FCCM3560SessionDetailPageTests">
    <skipped/>
  </testcase> <!-- unitInMeasurementValueIn3W1WTabTest -->
  <testcase name="measurementValueTimestampIsNotEmptyIn3W1WTabTest" time="0.001" classname="com.connect.fluke.app.tests.FCCM3560SessionDetailPageTests">
    <skipped/>
  </testcase> <!-- measurementValueTimestampIsNotEmptyIn3W1WTabTest -->
  <testcase name="switchTo1W8HTabTest" time="0.0" classname="com.connect.fluke.app.tests.FCCM3560SessionDetailPageTests">
    <skipped/>
  </testcase> <!-- switchTo1W8HTabTest -->
  <testcase name="measurementValueIn1W8HTabTest" time="0.0" classname="com.connect.fluke.app.tests.FCCM3560SessionDetailPageTests">
    <skipped/>
  </testcase> <!-- measurementValueIn1W8HTabTest -->
  <testcase name="unitInMeasurementValueIn1W8HTabTest" time="0.001" classname="com.connect.fluke.app.tests.FCCM3560SessionDetailPageTests">
    <skipped/>
  </testcase> <!-- unitInMeasurementValueIn1W8HTabTest -->
  <testcase name="measurementValueTimestampIsNotEmptyIn1W8HTabTest" time="0.0" classname="com.connect.fluke.app.tests.FCCM3560SessionDetailPageTests">
    <skipped/>
  </testcase> <!-- measurementValueTimestampIsNotEmptyIn1W8HTabTest -->
  <testcase name="switchTo8H1HTabTest" time="0.001" classname="com.connect.fluke.app.tests.FCCM3560SessionDetailPageTests">
    <skipped/>
  </testcase> <!-- switchTo8H1HTabTest -->
  <testcase name="measurementValueIn8H1HTabTest" time="0.002" classname="com.connect.fluke.app.tests.FCCM3560SessionDetailPageTests">
    <skipped/>
  </testcase> <!-- measurementValueIn8H1HTabTest -->
  <testcase name="unitInMeasurementValueIn8H1HTabTest" time="0.001" classname="com.connect.fluke.app.tests.FCCM3560SessionDetailPageTests">
    <skipped/>
  </testcase> <!-- unitInMeasurementValueIn8H1HTabTest -->
  <testcase name="measurementValueTimestampIsNotEmptyIn8H1HTabTest" time="0.001" classname="com.connect.fluke.app.tests.FCCM3560SessionDetailPageTests">
    <skipped/>
  </testcase> <!-- measurementValueTimestampIsNotEmptyIn8H1HTabTest -->
  <testcase name="livePollingTest" time="0.001" classname="com.connect.fluke.app.tests.FCCM3560SessionDetailPageTests">
    <skipped/>
  </testcase> <!-- livePollingTest -->
</testsuite> <!-- FCCM3560 iOS Session Verification Tests -->
