<?xml version="1.0" encoding="UTF-8"?>
<!-- Generated by org.testng.reporters.JUnitXMLReporter -->
<testsuite hostname="m-bang-isharma1" ignored="389" name="FCCM3550 iOS Session Verification Tests" tests="2" failures="1" timestamp="30 Aug 2018 12:05:17 GMT" time="24.446" errors="0">
  <testcase name="@BeforeTest setUp" time="22.367" classname="com.connect.fluke.app.utils.DriverFactory">
    <failure type="java.lang.Exception" message="Unable to signin">
      <![CDATA[java.lang.Exception: Unable to signin
at com.connect.fluke.app.utils.DriverFactory.setUp(DriverFactory.java:191)
... Removed 24 stack frames]]>
    </failure>
  </testcase> <!-- @BeforeTest setUp -->
  <testcase name="@BeforeClass initClass" time="0.001" classname="com.connect.fluke.app.tests.SessionListTests3550">
    <failure type="java.lang.NullPointerException">
      <![CDATA[java.lang.NullPointerException
at com.connect.fluke.app.utils.CommonUtils.initElements(CommonUtils.java:116)
at com.connect.fluke.app.pages.Switcher.<init>(Switcher.java:107)
at com.connect.fluke.app.tests.SessionListTests3550.initClass(SessionListTests3550.java:37)
... Removed 26 stack frames]]>
    </failure>
  </testcase> <!-- @BeforeClass initClass -->
  <testcase name="@AfterTest tearDown" time="0.0" classname="com.connect.fluke.app.utils.DriverFactory">
    <skipped/>
  </testcase> <!-- @AfterTest tearDown -->
  <testcase name="sessionTileVisibleTest" time="0.0" classname="com.connect.fluke.app.tests.SessionListTests3550">
    <skipped/>
  </testcase> <!-- sessionTileVisibleTest -->
  <testcase name="sessionTileVisibleTest" time="0.011" classname="com.connect.fluke.app.tests.SessionListTests3550">
    <failure type="java.lang.NullPointerException">
      <![CDATA[java.lang.NullPointerException
at com.connect.fluke.app.utils.TestResultsReport.onTestSkipped(TestResultsReport.java:57)
... Removed 23 stack frames]]>
    </failure>
  </testcase> <!-- sessionTileVisibleTest -->
  <testcase name="powerOverView_PhaseA_1HGraphTabCheck" time="0.0" classname="com.connect.fluke.app.tests.PowerQuality3540CompletedSessionTests">
    <ignored/>
  </testcase> <!-- powerOverView_PhaseA_1HGraphTabCheck -->
  <testcase name="pdfContentTest" time="0.0" classname="com.connect.fluke.app.tests.ReportsPageTests">
    <ignored/>
  </testcase> <!-- pdfContentTest -->
  <testcase name="powerOverView_KW_1DGraphTabCheck" time="0.0" classname="com.connect.fluke.app.tests.PowerQuality3540CompletedSessionTests">
    <ignored/>
  </testcase> <!-- powerOverView_KW_1DGraphTabCheck -->
  <testcase name="timeValueInAllTabTest" time="0.0" classname="com.connect.fluke.app.tests.SessionDetailPageTests3560">
    <ignored/>
  </testcase> <!-- timeValueInAllTabTest -->
  <testcase name="eeveeNavigationToMeasurementDetailsInAndroid" time="0.0" classname="com.connect.fluke.app.tests.MeasurementsHistoryPageTests">
    <ignored/>
  </testcase> <!-- eeveeNavigationToMeasurementDetailsInAndroid -->
  <testcase name="sessionTileStatusTest" time="0.0" classname="com.connect.fluke.app.tests.SessionDetailPageTests3540">
    <ignored/>
  </testcase> <!-- sessionTileStatusTest -->
  <testcase name="activePower1WGraphTabCheck" time="0.0" classname="com.connect.fluke.app.tests.PowerQuality3540CompletedSessionTests">
    <ignored/>
  </testcase> <!-- activePower1WGraphTabCheck -->
  <testcase name="onExistingAccountSampleDataTest" time="0.0" classname="com.connect.fluke.app.tests.MeasurementsHistoryPageTests">
    <ignored/>
  </testcase> <!-- onExistingAccountSampleDataTest -->
  <testcase name="sessionTileVisibleTest" time="0.0" classname="com.connect.fluke.app.tests.SessionListTests3560">
    <ignored/>
  </testcase> <!-- sessionTileVisibleTest -->
  <testcase name="tempratureValueIn3W1WTabTest" time="0.0" classname="com.connect.fluke.app.tests.SessionDetailPageTests3560">
    <ignored/>
  </testcase> <!-- tempratureValueIn3W1WTabTest -->
  <testcase name="tempratureValueInAllTabTest" time="0.0" classname="com.connect.fluke.app.tests.SessionDetailPageTests3560">
    <ignored/>
  </testcase> <!-- tempratureValueInAllTabTest -->
  <testcase name="check3540CompletedSession" time="0.0" classname="com.connect.fluke.app.tests.PowerQuality3540CompletedSessionTests">
    <ignored/>
  </testcase> <!-- check3540CompletedSession -->
  <testcase name="scrollGraphLeft1W8HTab" time="0.0" classname="com.connect.fluke.app.tests.SessionDetailPageTests3560">
    <ignored/>
  </testcase> <!-- scrollGraphLeft1W8HTab -->
  <testcase name="deletAssetGroupTest" time="0.0" classname="com.connect.fluke.app.tests.AssetsPageTests">
    <ignored/>
  </testcase> <!-- deletAssetGroupTest -->
  <testcase name="timeValueIn1WTabTest" time="0.0" classname="com.connect.fluke.app.tests.SessionDetailPageTests3560">
    <ignored/>
  </testcase> <!-- timeValueIn1WTabTest -->
  <testcase name="tempratureUnitIn8H1HTabTest" time="0.0" classname="com.connect.fluke.app.tests.SessionDetailPageTests3560">
    <ignored/>
  </testcase> <!-- tempratureUnitIn8H1HTabTest -->
  <testcase name="vibrationUnitIn8HTabTest" time="0.0" classname="com.connect.fluke.app.tests.SessionDetailPageTests3560">
    <ignored/>
  </testcase> <!-- vibrationUnitIn8HTabTest -->
  <testcase name="assignWorkOrderToGroupMeasurementTest" time="0.0" classname="com.connect.fluke.app.tests.CaptureMeasurementsTests">
    <ignored/>
  </testcase> <!-- assignWorkOrderToGroupMeasurementTest -->
  <testcase name="sessionStartUserNameTest" time="0.0" classname="com.connect.fluke.app.tests.SessionDetailPageTests3540">
    <ignored/>
  </testcase> <!-- sessionStartUserNameTest -->
  <testcase name="powerOverView_PhaseB_1MGraphTabCheck" time="0.0" classname="com.connect.fluke.app.tests.PowerQuality3540CompletedSessionTests">
    <ignored/>
  </testcase> <!-- powerOverView_PhaseB_1MGraphTabCheck -->
  <testcase name="assetCountTextVisibleTest" time="0.0" classname="com.connect.fluke.app.tests.SessionDetailPageTests3560">
    <ignored/>
  </testcase> <!-- assetCountTextVisibleTest -->
  <testcase name="eeveeMeasurementSecondaryValueUnitVerificationInAndroidTest" time="0.0" classname="com.connect.fluke.app.tests.MeasurementsHistoryPageTests">
    <ignored/>
  </testcase> <!-- eeveeMeasurementSecondaryValueUnitVerificationInAndroidTest -->
  <testcase name="isAssetTypeChangedTest" time="0.0" classname="com.connect.fluke.app.tests.AssetsPageTests">
    <ignored/>
  </testcase> <!-- isAssetTypeChangedTest -->
  <testcase name="sessionSetupTest" time="0.0" classname="com.connect.fluke.app.tests.SessionSetupTests3550">
    <ignored/>
  </testcase> <!-- sessionSetupTest -->
  <testcase name="viewThermalImageReportTest" time="0.0" classname="com.connect.fluke.app.tests.ReportsPageTests">
    <ignored/>
  </testcase> <!-- viewThermalImageReportTest -->
  <testcase name="activePower1DGraphTabCheck" time="0.0" classname="com.connect.fluke.app.tests.PowerQuality3540CompletedSessionTests">
    <ignored/>
  </testcase> <!-- activePower1DGraphTabCheck -->
  <testcase name="deleteWorkOrderMeasurementTest" time="0.0" classname="com.connect.fluke.app.tests.MeasurementsHistoryPageTests">
    <ignored/>
  </testcase> <!-- deleteWorkOrderMeasurementTest -->
  <testcase name="addAssetWithTestComponentAndAboveTempratureAlarmTest" time="0.0" classname="com.connect.fluke.app.tests.AssetsPageTests">
    <ignored/>
  </testcase> <!-- addAssetWithTestComponentAndAboveTempratureAlarmTest -->
  <testcase name="pdfComparisonTest" time="0.0" classname="com.connect.fluke.app.tests.ReportsPageTests">
    <ignored/>
  </testcase> <!-- pdfComparisonTest -->
  <testcase name="verifyWrongUsrnameAndPasswordForAuthentication" time="0.0" classname="com.connect.fluke.app.tests.FCCM174XSessionConfigurationTests">
    <ignored/>
  </testcase> <!-- verifyWrongUsrnameAndPasswordForAuthentication -->
  <testcase name="captureHudsonMeasurementTest" time="0.0" classname="com.connect.fluke.app.tests.CaptureMeasurementsTests">
    <ignored/>
  </testcase> <!-- captureHudsonMeasurementTest -->
  <testcase name="eeveeMeasurementInAndroidTestConditionRampStaticTextTest" time="0.0" classname="com.connect.fluke.app.tests.MeasurementsHistoryPageTests">
    <ignored/>
  </testcase> <!-- eeveeMeasurementInAndroidTestConditionRampStaticTextTest -->
  <testcase name="sessionStartUserNameTest" time="0.0" classname="com.connect.fluke.app.tests.SessionDetailPageTests3560">
    <ignored/>
  </testcase> <!-- sessionStartUserNameTest -->
  <testcase name="current1HGraphTabCheck" time="0.0" classname="com.connect.fluke.app.tests.PowerQuality3540CompletedSessionTests">
    <ignored/>
  </testcase> <!-- current1HGraphTabCheck -->
  <testcase name="eeveeMeasurementSecondaryValueVerificationInAndroidMeasurementDetailspageTest" time="0.0" classname="com.connect.fluke.app.tests.MeasurementsHistoryPageTests">
    <ignored/>
  </testcase> <!-- eeveeMeasurementSecondaryValueVerificationInAndroidMeasurementDetailspageTest -->
  <testcase name="addVoiceNoteToGroupMeasurementTest" time="0.0" classname="com.connect.fluke.app.tests.CaptureMeasurementsTests">
    <ignored/>
  </testcase> <!-- addVoiceNoteToGroupMeasurementTest -->
  <testcase name="thermography1HourGraphTabCheck" time="0.0" classname="com.connect.fluke.app.tests.Thermography3550CompletedSessionTests">
    <ignored/>
  </testcase> <!-- thermography1HourGraphTabCheck -->
  <testcase name="assignAssetToHudsonTest" time="0.0" classname="com.connect.fluke.app.tests.MeasurementsHistoryPageTests">
    <ignored/>
  </testcase> <!-- assignAssetToHudsonTest -->
  <testcase name="vibrationValueIn1WTabTest" time="0.0" classname="com.connect.fluke.app.tests.SessionDetailPageTests3560">
    <ignored/>
  </testcase> <!-- vibrationValueIn1WTabTest -->
  <testcase name="sensorCountAndTypeTest" time="0.0" classname="com.connect.fluke.app.tests.SessionDetailPageTests3560">
    <ignored/>
  </testcase> <!-- sensorCountAndTypeTest -->
  <testcase name="powerOverView_Kvar_AllGraphTabCheck" time="0.0" classname="com.connect.fluke.app.tests.PowerQuality3540CompletedSessionTests">
    <ignored/>
  </testcase> <!-- powerOverView_Kvar_AllGraphTabCheck -->
  <testcase name="monitoringDataStaticTextVisibleTest" time="0.0" classname="com.connect.fluke.app.tests.SessionDetailPageTests3540">
    <ignored/>
  </testcase> <!-- monitoringDataStaticTextVisibleTest -->
  <testcase name="scrollGraphLeft8H1HTab" time="0.0" classname="com.connect.fluke.app.tests.SessionDetailPageTests3560">
    <ignored/>
  </testcase> <!-- scrollGraphLeft8H1HTab -->
  <testcase name="powerOverView_PhaseB_AllGraphTabCheck" time="0.0" classname="com.connect.fluke.app.tests.PowerQuality3540CompletedSessionTests">
    <ignored/>
  </testcase> <!-- powerOverView_PhaseB_AllGraphTabCheck -->
  <testcase name="scrollGraphRight1W8HTab" time="0.0" classname="com.connect.fluke.app.tests.SessionDetailPageTests3560">
    <ignored/>
  </testcase> <!-- scrollGraphRight1W8HTab -->
  <testcase name="endUserLicenseAgreementTest" time="0.0" classname="com.connect.fluke.app.tests.SettingsPageTests">
    <ignored/>
  </testcase> <!-- endUserLicenseAgreementTest -->
  <testcase name="timeValueIn8H1HTabTest" time="0.0" classname="com.connect.fluke.app.tests.SessionDetailPageTests3560">
    <ignored/>
  </testcase> <!-- timeValueIn8H1HTabTest -->
  <testcase name="viewCelciusMillimeterGraphTest" time="0.0" classname="com.connect.fluke.app.tests.AssetsPageTests">
    <ignored/>
  </testcase> <!-- viewCelciusMillimeterGraphTest -->
  <testcase name="testFC3560NotificationTile" time="0.0" classname="com.connect.fluke.app.tests.HomePageTests">
    <ignored/>
  </testcase> <!-- testFC3560NotificationTile -->
  <testcase name="sensorProvisionTest" time="0.0" classname="com.connect.fluke.app.tests.SessionSetupTests3560">
    <ignored/>
  </testcase> <!-- sensorProvisionTest -->
  <testcase name="dateValueIn1HTabTest" time="0.0" classname="com.connect.fluke.app.tests.SessionDetailPageTests3560">
    <ignored/>
  </testcase> <!-- dateValueIn1HTabTest -->
  <testcase name="addTeamMembersTest" time="0.0" classname="com.connect.fluke.app.tests.TeamPageTests">
    <ignored/>
  </testcase> <!-- addTeamMembersTest -->
  <testcase name="assetNameTest" time="0.0" classname="com.connect.fluke.app.tests.SessionDetailPageTests3560">
    <ignored/>
  </testcase> <!-- assetNameTest -->
  <testcase name="startTimeStaticTextVisibleTest" time="0.0" classname="com.connect.fluke.app.tests.SessionDetailPageTests3560">
    <ignored/>
  </testcase> <!-- startTimeStaticTextVisibleTest -->
  <testcase name="eeveeMeasurementInIosCapacitanceValueVerificationInDetailsPage" time="0.0" classname="com.connect.fluke.app.tests.MeasurementsHistoryPageTests">
    <ignored/>
  </testcase> <!-- eeveeMeasurementInIosCapacitanceValueVerificationInDetailsPage -->
  <testcase name="sessionStartUserNameTest" time="0.0" classname="com.connect.fluke.app.tests.SessionListTests3540">
    <ignored/>
  </testcase> <!-- sessionStartUserNameTest -->
  <testcase name="tempratureUnitIn8HTabTest" time="0.0" classname="com.connect.fluke.app.tests.SessionDetailPageTests3560">
    <ignored/>
  </testcase> <!-- tempratureUnitIn8HTabTest -->
  <testcase name="savedDataTest" time="0.0" classname="com.connect.fluke.app.tests.ThermalImageAnalysisTests">
    <ignored/>
  </testcase> <!-- savedDataTest -->
  <testcase name="powerFactorAllGraphTabCheck" time="0.0" classname="com.connect.fluke.app.tests.PowerQuality3540CompletedSessionTests">
    <ignored/>
  </testcase> <!-- powerFactorAllGraphTabCheck -->
  <testcase name="xAxisLabelIn1HTabTest" time="0.0" classname="com.connect.fluke.app.tests.SessionDetailPageTests3560">
    <ignored/>
  </testcase> <!-- xAxisLabelIn1HTabTest -->
  <testcase name="powerOverView_Kvar_1DGraphTabCheck" time="0.0" classname="com.connect.fluke.app.tests.PowerQuality3540CompletedSessionTests">
    <ignored/>
  </testcase> <!-- powerOverView_Kvar_1DGraphTabCheck -->
  <testcase name="eeveeMeasurementInAndroidCalculatedResultsCapacitanceStaticTextTest" time="0.0" classname="com.connect.fluke.app.tests.MeasurementsHistoryPageTests">
    <ignored/>
  </testcase> <!-- eeveeMeasurementInAndroidCalculatedResultsCapacitanceStaticTextTest -->
  <testcase name="powerFactor1DGraphTabCheck" time="0.0" classname="com.connect.fluke.app.tests.PowerQuality3540CompletedSessionTests">
    <ignored/>
  </testcase> <!-- powerFactor1DGraphTabCheck -->
  <testcase name="vibrationValueIn8HTabTest" time="0.0" classname="com.connect.fluke.app.tests.SessionDetailPageTests3560">
    <ignored/>
  </testcase> <!-- vibrationValueIn8HTabTest -->
  <testcase name="thermography1DGraphTabCheck" time="0.0" classname="com.connect.fluke.app.tests.Thermography3550CompletedSessionTests">
    <ignored/>
  </testcase> <!-- thermography1DGraphTabCheck -->
  <testcase name="viewBasicReportTest" time="0.0" classname="com.connect.fluke.app.tests.ReportsPageTests">
    <ignored/>
  </testcase> <!-- viewBasicReportTest -->
  <testcase name="eeveeMeasurementInAndroidTestConditionRampValueTest" time="0.0" classname="com.connect.fluke.app.tests.MeasurementsHistoryPageTests">
    <ignored/>
  </testcase> <!-- eeveeMeasurementInAndroidTestConditionRampValueTest -->
  <testcase name="viewCelciusInchesGreaterMillimetersGraphTest" time="0.0" classname="com.connect.fluke.app.tests.AssetsPageTests">
    <ignored/>
  </testcase> <!-- viewCelciusInchesGreaterMillimetersGraphTest -->
  <testcase name="graphDisplayedTest" time="0.0" classname="com.connect.fluke.app.tests.SessionDetailPageTests3560">
    <ignored/>
  </testcase> <!-- graphDisplayedTest -->
  <testcase name="dateValueIn3WTabTest" time="0.0" classname="com.connect.fluke.app.tests.SessionDetailPageTests3560">
    <ignored/>
  </testcase> <!-- dateValueIn3WTabTest -->
  <testcase name="eeveeMeasurementInAndroidCalculatedResultsDARStaticTextTest" time="0.0" classname="com.connect.fluke.app.tests.MeasurementsHistoryPageTests">
    <ignored/>
  </testcase> <!-- eeveeMeasurementInAndroidCalculatedResultsDARStaticTextTest -->
  <testcase name="eeveeMeasurementAssetStatusVerificationInAndroidTest" time="0.0" classname="com.connect.fluke.app.tests.MeasurementsHistoryPageTests">
    <ignored/>
  </testcase> <!-- eeveeMeasurementAssetStatusVerificationInAndroidTest -->
  <testcase name="sessionDeleteTest" time="0.0" classname="com.connect.fluke.app.tests.SessionEndAandDeleteTests3560">
    <ignored/>
  </testcase> <!-- sessionDeleteTest -->
  <testcase name="powerOverView_KVA_1HGraphTabCheck" time="0.0" classname="com.connect.fluke.app.tests.PowerQuality3540CompletedSessionTests">
    <ignored/>
  </testcase> <!-- powerOverView_KVA_1HGraphTabCheck -->
  <testcase name="powerOverView_KVA_1DGraphTabCheck" time="0.0" classname="com.connect.fluke.app.tests.PowerQuality3540CompletedSessionTests">
    <ignored/>
  </testcase> <!-- powerOverView_KVA_1DGraphTabCheck -->
  <testcase name="tHD_THC_THDV_1DGraphTabCheck" time="0.0" classname="com.connect.fluke.app.tests.PowerQuality3540CompletedSessionTests">
    <ignored/>
  </testcase> <!-- tHD_THC_THDV_1DGraphTabCheck -->
  <testcase name="dateValueInAllTabTest" time="0.0" classname="com.connect.fluke.app.tests.SessionDetailPageTests3560">
    <ignored/>
  </testcase> <!-- dateValueInAllTabTest -->
  <testcase name="frequencyAllGraphTabCheck" time="0.0" classname="com.connect.fluke.app.tests.PowerQuality3540CompletedSessionTests">
    <ignored/>
  </testcase> <!-- frequencyAllGraphTabCheck -->
  <testcase name="addAssetToReport" time="0.0" classname="com.connect.fluke.app.tests.ReportsPageTests">
    <ignored/>
  </testcase> <!-- addAssetToReport -->
  <testcase name="eeveeMeasurementInAndroidCalculatedResultsCapacitanceValueTest" time="0.0" classname="com.connect.fluke.app.tests.MeasurementsHistoryPageTests">
    <ignored/>
  </testcase> <!-- eeveeMeasurementInAndroidCalculatedResultsCapacitanceValueTest -->
  <testcase name="timeValueIn3W1WTabTest" time="0.0" classname="com.connect.fluke.app.tests.SessionDetailPageTests3560">
    <ignored/>
  </testcase> <!-- timeValueIn3W1WTabTest -->
  <testcase name="tHD_THC_THCA_1HGraphTabCheck" time="0.0" classname="com.connect.fluke.app.tests.PowerQuality3540CompletedSessionTests">
    <ignored/>
  </testcase> <!-- tHD_THC_THCA_1HGraphTabCheck -->
  <testcase name="powerOverView_PhaseC_1DGraphTabCheck" time="0.0" classname="com.connect.fluke.app.tests.PowerQuality3540CompletedSessionTests">
    <ignored/>
  </testcase> <!-- powerOverView_PhaseC_1DGraphTabCheck -->
  <testcase name="powerOverView_Total_1HGraphTabCheck" time="0.0" classname="com.connect.fluke.app.tests.PowerQuality3540CompletedSessionTests">
    <ignored/>
  </testcase> <!-- powerOverView_Total_1HGraphTabCheck -->
  <testcase name="powerOverView_PhaseA_1WGraphTabCheck" time="0.0" classname="com.connect.fluke.app.tests.PowerQuality3540CompletedSessionTests">
    <ignored/>
  </testcase> <!-- powerOverView_PhaseA_1WGraphTabCheck -->
  <testcase name="powerOverView_PhaseA_AllGraphTabCheck" time="0.0" classname="com.connect.fluke.app.tests.PowerQuality3540CompletedSessionTests">
    <ignored/>
  </testcase> <!-- powerOverView_PhaseA_AllGraphTabCheck -->
  <testcase name="addBasicAssetTest" time="0.0" classname="com.connect.fluke.app.tests.AssetsPageTests">
    <ignored/>
  </testcase> <!-- addBasicAssetTest -->
  <testcase name="powerOverView_Total_1DGraphTabCheck" time="0.0" classname="com.connect.fluke.app.tests.PowerQuality3540CompletedSessionTests">
    <ignored/>
  </testcase> <!-- powerOverView_Total_1DGraphTabCheck -->
  <testcase name="eeveeMeasurementInAndroidTestConditionTimeLimitTest" time="0.0" classname="com.connect.fluke.app.tests.MeasurementsHistoryPageTests">
    <ignored/>
  </testcase> <!-- eeveeMeasurementInAndroidTestConditionTimeLimitTest -->
  <testcase name="studyTypeTest" time="0.0" classname="com.connect.fluke.app.tests.SessionDetailPageTests3540">
    <ignored/>
  </testcase> <!-- studyTypeTest -->
  <testcase name="eeveeMeasurementInIosTimeValueVerificationInDetailsPage" time="0.0" classname="com.connect.fluke.app.tests.MeasurementsHistoryPageTests">
    <ignored/>
  </testcase> <!-- eeveeMeasurementInIosTimeValueVerificationInDetailsPage -->
  <testcase name="createBasicReportTest" time="0.0" classname="com.connect.fluke.app.tests.ReportsPageTests">
    <ignored/>
  </testcase> <!-- createBasicReportTest -->
  <testcase name="powerFactor1WGraphTabCheck" time="0.0" classname="com.connect.fluke.app.tests.PowerQuality3540CompletedSessionTests">
    <ignored/>
  </testcase> <!-- powerFactor1WGraphTabCheck -->
  <testcase name="sensorsStaticTextVisibleTest" time="0.0" classname="com.connect.fluke.app.tests.SessionListTests3560">
    <ignored/>
  </testcase> <!-- sensorsStaticTextVisibleTest -->
  <testcase name="addTextNoteToHudsonTest" time="0.0" classname="com.connect.fluke.app.tests.MeasurementsHistoryPageTests">
    <ignored/>
  </testcase> <!-- addTextNoteToHudsonTest -->
  <testcase name="isAssetStatusChangedTest" time="0.0" classname="com.connect.fluke.app.tests.AssetsPageTests">
    <ignored/>
  </testcase> <!-- isAssetStatusChangedTest -->
  <testcase name="addDeleteAssetGroupTest" time="0.0" classname="com.connect.fluke.app.tests.AssetsPageTests">
    <ignored/>
  </testcase> <!-- addDeleteAssetGroupTest -->
  <testcase name="activePowerAllGraphTabCheck" time="0.0" classname="com.connect.fluke.app.tests.PowerQuality3540CompletedSessionTests">
    <ignored/>
  </testcase> <!-- activePowerAllGraphTabCheck -->
  <testcase name="voltageAllGraphTabCheck" time="0.0" classname="com.connect.fluke.app.tests.PowerQuality3540CompletedSessionTests">
    <ignored/>
  </testcase> <!-- voltageAllGraphTabCheck -->
  <testcase name="eeveeMeasurementAssetStatusVerificationInIosMeasurementList" time="0.0" classname="com.connect.fluke.app.tests.MeasurementsHistoryPageTests">
    <ignored/>
  </testcase> <!-- eeveeMeasurementAssetStatusVerificationInIosMeasurementList -->
  <testcase name="eeveeMeasurementTertiaryValueVerificationInAndroidMeasurementDetailsTest" time="0.0" classname="com.connect.fluke.app.tests.MeasurementsHistoryPageTests">
    <ignored/>
  </testcase> <!-- eeveeMeasurementTertiaryValueVerificationInAndroidMeasurementDetailsTest -->
  <testcase name="powerOverView_KW_1HGraphTabCheck" time="0.0" classname="com.connect.fluke.app.tests.PowerQuality3540CompletedSessionTests">
    <ignored/>
  </testcase> <!-- powerOverView_KW_1HGraphTabCheck -->
  <testcase name="eeveeMeasurementInIosDARStaticTextVerificationInDetailsPage" time="0.0" classname="com.connect.fluke.app.tests.MeasurementsHistoryPageTests">
    <ignored/>
  </testcase> <!-- eeveeMeasurementInIosDARStaticTextVerificationInDetailsPage -->
  <testcase name="gateWayNameTest" time="0.0" classname="com.connect.fluke.app.tests.SessionDetailPageTests3540">
    <ignored/>
  </testcase> <!-- gateWayNameTest -->
  <testcase name="eeveeMeasurementTagNameVerificationInIosMeasurementList" time="0.0" classname="com.connect.fluke.app.tests.MeasurementsHistoryPageTests">
    <ignored/>
  </testcase> <!-- eeveeMeasurementTagNameVerificationInIosMeasurementList -->
  <testcase name="editWifiTemplateTest" time="0.0" classname="com.connect.fluke.app.tests.SessionSetupTests3560">
    <ignored/>
  </testcase> <!-- editWifiTemplateTest -->
  <testcase name="deleteAlarmTest" time="0.0" classname="com.connect.fluke.app.tests.SessionDetailPageTests3550">
    <ignored/>
  </testcase> <!-- deleteAlarmTest -->
  <testcase name="testPointNameTest" time="0.0" classname="com.connect.fluke.app.tests.SessionDetailPageTests3540">
    <ignored/>
  </testcase> <!-- testPointNameTest -->
  <testcase name="isHudsonMeasurementsValueSavedCorrectlyTest" time="0.0" classname="com.connect.fluke.app.tests.MeasurementsHistoryPageTests">
    <ignored/>
  </testcase> <!-- isHudsonMeasurementsValueSavedCorrectlyTest -->
  <testcase name="switchToAllTabTest" time="0.0" classname="com.connect.fluke.app.tests.SessionDetailPageTests3560">
    <ignored/>
  </testcase> <!-- switchToAllTabTest -->
  <testcase name="powerOverView_KW_1MGraphTabCheck" time="0.0" classname="com.connect.fluke.app.tests.PowerQuality3540CompletedSessionTests">
    <ignored/>
  </testcase> <!-- powerOverView_KW_1MGraphTabCheck -->
  <testcase name="tempratureValueIn1WTabTest" time="0.0" classname="com.connect.fluke.app.tests.SessionDetailPageTests3560">
    <ignored/>
  </testcase> <!-- tempratureValueIn1WTabTest -->
  <testcase name="dateValueIn8H1HTabTest" time="0.0" classname="com.connect.fluke.app.tests.SessionDetailPageTests3560">
    <ignored/>
  </testcase> <!-- dateValueIn8H1HTabTest -->
  <testcase name="createAssetReportWithoutCoverPageTest" time="0.0" classname="com.connect.fluke.app.tests.ReportsPageTests">
    <ignored/>
  </testcase> <!-- createAssetReportWithoutCoverPageTest -->
  <testcase name="istextNoteAdedToHudsonTest" time="0.0" classname="com.connect.fluke.app.tests.MeasurementsHistoryPageTests">
    <ignored/>
  </testcase> <!-- istextNoteAdedToHudsonTest -->
  <testcase name="scalarMeasurementValueInteroperabilityTest" time="0.0" classname="com.connect.fluke.app.tests.MeasurementsHistoryPageTests">
    <ignored/>
  </testcase> <!-- scalarMeasurementValueInteroperabilityTest -->
  <testcase name="deleteInchesGreaterMillimetersGraphTest" time="0.0" classname="com.connect.fluke.app.tests.AssetsPageTests">
    <ignored/>
  </testcase> <!-- deleteInchesGreaterMillimetersGraphTest -->
  <testcase name="pdfImageTest" time="0.0" classname="com.connect.fluke.app.tests.ReportsPageTests">
    <ignored/>
  </testcase> <!-- pdfImageTest -->
  <testcase name="scrollGraphLeft8HTab" time="0.0" classname="com.connect.fluke.app.tests.SessionDetailPageTests3560">
    <ignored/>
  </testcase> <!-- scrollGraphLeft8HTab -->
  <testcase name="deleteMillimetersGraphTest" time="0.0" classname="com.connect.fluke.app.tests.AssetsPageTests">
    <ignored/>
  </testcase> <!-- deleteMillimetersGraphTest -->
  <testcase name="viewCelciusMillimetersGreaterInchesGraphTest" time="0.0" classname="com.connect.fluke.app.tests.AssetsPageTests">
    <ignored/>
  </testcase> <!-- viewCelciusMillimetersGreaterInchesGraphTest -->
  <testcase name="switchBetweenTHDTHCView" time="0.0" classname="com.connect.fluke.app.tests.PowerQuality3540CompletedSessionTests">
    <ignored/>
  </testcase> <!-- switchBetweenTHDTHCView -->
  <testcase name="removeTeamMembersTest" time="0.0" classname="com.connect.fluke.app.tests.TeamPageTests">
    <ignored/>
  </testcase> <!-- removeTeamMembersTest -->
  <testcase name="dateValueIn1WTabTest" time="0.0" classname="com.connect.fluke.app.tests.SessionDetailPageTests3560">
    <ignored/>
  </testcase> <!-- dateValueIn1WTabTest -->
  <testcase name="sessionStartTimeTest" time="0.0" classname="com.connect.fluke.app.tests.SessionListTests3540">
    <ignored/>
  </testcase> <!-- sessionStartTimeTest -->
  <testcase name="vibrationValueInAll3WTabTest" time="0.0" classname="com.connect.fluke.app.tests.SessionDetailPageTests3560">
    <ignored/>
  </testcase> <!-- vibrationValueInAll3WTabTest -->
  <testcase name="check3550CompletedSession" time="0.0" classname="com.connect.fluke.app.tests.Thermography3550CompletedSessionTests">
    <ignored/>
  </testcase> <!-- check3550CompletedSession -->
  <testcase name="gateWayNameTest" time="0.0" classname="com.connect.fluke.app.tests.SessionDetailPageTests3560">
    <ignored/>
  </testcase> <!-- gateWayNameTest -->
  <testcase name="powerOverView_Kvar_1MGraphTabCheck" time="0.0" classname="com.connect.fluke.app.tests.PowerQuality3540CompletedSessionTests">
    <ignored/>
  </testcase> <!-- powerOverView_Kvar_1MGraphTabCheck -->
  <testcase name="timeValueInAll3WTabTest" time="0.0" classname="com.connect.fluke.app.tests.SessionDetailPageTests3560">
    <ignored/>
  </testcase> <!-- timeValueInAll3WTabTest -->
  <testcase name="activePower1HGraphTabCheck" time="0.0" classname="com.connect.fluke.app.tests.PowerQuality3540CompletedSessionTests">
    <ignored/>
  </testcase> <!-- activePower1HGraphTabCheck -->
  <testcase name="thermography1MGraphTabCheck" time="0.0" classname="com.connect.fluke.app.tests.Thermography3550CompletedSessionTests">
    <ignored/>
  </testcase> <!-- thermography1MGraphTabCheck -->
  <testcase name="eeveeMeasurementTagNameVerificationInAndroidMeasurementDetailsTest" time="0.0" classname="com.connect.fluke.app.tests.MeasurementsHistoryPageTests">
    <ignored/>
  </testcase> <!-- eeveeMeasurementTagNameVerificationInAndroidMeasurementDetailsTest -->
  <testcase name="tHD_THC_THCA_1MGraphTabCheck" time="0.0" classname="com.connect.fluke.app.tests.PowerQuality3540CompletedSessionTests">
    <ignored/>
  </testcase> <!-- tHD_THC_THCA_1MGraphTabCheck -->
  <testcase name="tempratureUnitIn1WTabTest" time="0.0" classname="com.connect.fluke.app.tests.SessionDetailPageTests3560">
    <ignored/>
  </testcase> <!-- tempratureUnitIn1WTabTest -->
  <testcase name="vibrationUnitIn3WTabTest" time="0.0" classname="com.connect.fluke.app.tests.SessionDetailPageTests3560">
    <ignored/>
  </testcase> <!-- vibrationUnitIn3WTabTest -->
  <testcase name="timeValueIn1W8HTabTest" time="0.0" classname="com.connect.fluke.app.tests.SessionDetailPageTests3560">
    <ignored/>
  </testcase> <!-- timeValueIn1W8HTabTest -->
  <testcase name="testPointNameTest" time="0.0" classname="com.connect.fluke.app.tests.SessionDetailPageTests3560">
    <ignored/>
  </testcase> <!-- testPointNameTest -->
  <testcase name="switchTo8H1HTabTest" time="0.0" classname="com.connect.fluke.app.tests.SessionDetailPageTests3560">
    <ignored/>
  </testcase> <!-- switchTo8H1HTabTest -->
  <testcase name="addAssetGroupTest" time="0.0" classname="com.connect.fluke.app.tests.AssetsPageTests">
    <ignored/>
  </testcase> <!-- addAssetGroupTest -->
  <testcase name="workOrderStatusChangeTest" time="0.0" classname="com.connect.fluke.app.tests.WorkOrderPageTests">
    <ignored/>
  </testcase> <!-- workOrderStatusChangeTest -->
  <testcase name="eeveeMeasurementInIosTestEndedValueVerificationInDetailsPage" time="0.0" classname="com.connect.fluke.app.tests.MeasurementsHistoryPageTests">
    <ignored/>
  </testcase> <!-- eeveeMeasurementInIosTestEndedValueVerificationInDetailsPage -->
  <testcase name="assetCountTextVisibleTest" time="0.0" classname="com.connect.fluke.app.tests.SessionDetailPageTests3540">
    <ignored/>
  </testcase> <!-- assetCountTextVisibleTest -->
  <testcase name="eeveeMeasurementTestDurationTextVerificationInIosMeasurementList" time="0.0" classname="com.connect.fluke.app.tests.MeasurementsHistoryPageTests">
    <ignored/>
  </testcase> <!-- eeveeMeasurementTestDurationTextVerificationInIosMeasurementList -->
  <testcase name="viewAssetReportTest" time="0.0" classname="com.connect.fluke.app.tests.ReportsPageTests">
    <ignored/>
  </testcase> <!-- viewAssetReportTest -->
  <testcase name="eeveeMeasurementInIosTestConditionTabNavigationTest" time="0.0" classname="com.connect.fluke.app.tests.MeasurementsHistoryPageTests">
    <ignored/>
  </testcase> <!-- eeveeMeasurementInIosTestConditionTabNavigationTest -->
  <testcase name="current1DGraphTabCheck" time="0.0" classname="com.connect.fluke.app.tests.PowerQuality3540CompletedSessionTests">
    <ignored/>
  </testcase> <!-- current1DGraphTabCheck -->
  <testcase name="vibrationValueInAllTabTest" time="0.0" classname="com.connect.fluke.app.tests.SessionDetailPageTests3560">
    <ignored/>
  </testcase> <!-- vibrationValueInAllTabTest -->
  <testcase name="eeveeMeasurementInIosTimeLimitTextVerificationInDetailsPage" time="0.0" classname="com.connect.fluke.app.tests.MeasurementsHistoryPageTests">
    <ignored/>
  </testcase> <!-- eeveeMeasurementInIosTimeLimitTextVerificationInDetailsPage -->
  <testcase name="tempratureUnitIn1W8HTabTest" time="0.0" classname="com.connect.fluke.app.tests.SessionDetailPageTests3560">
    <ignored/>
  </testcase> <!-- tempratureUnitIn1W8HTabTest -->
  <testcase name="graphDisplayedTest" time="0.0" classname="com.connect.fluke.app.tests.SessionDetailPageTests3540">
    <ignored/>
  </testcase> <!-- graphDisplayedTest -->
  <testcase name="sensorCountAndTypeTest" time="0.0" classname="com.connect.fluke.app.tests.SessionListTests3560">
    <ignored/>
  </testcase> <!-- sensorCountAndTypeTest -->
  <testcase name="eeveeMeasurementInIosVolageStaticTextVerificationInDetailsPage" time="0.0" classname="com.connect.fluke.app.tests.MeasurementsHistoryPageTests">
    <ignored/>
  </testcase> <!-- eeveeMeasurementInIosVolageStaticTextVerificationInDetailsPage -->
  <testcase name="dateValueIn8HTabTest" time="0.0" classname="com.connect.fluke.app.tests.SessionDetailPageTests3560">
    <ignored/>
  </testcase> <!-- dateValueIn8HTabTest -->
  <testcase name="dateValueIn1W8HTabTest" time="0.0" classname="com.connect.fluke.app.tests.SessionDetailPageTests3560">
    <ignored/>
  </testcase> <!-- dateValueIn1W8HTabTest -->
  <testcase name="sessionStartTimeTest" time="0.0" classname="com.connect.fluke.app.tests.SessionListTests3560">
    <ignored/>
  </testcase> <!-- sessionStartTimeTest -->
  <testcase name="tHD_THC_THCA_1WGraphTabCheck" time="0.0" classname="com.connect.fluke.app.tests.PowerQuality3540CompletedSessionTests">
    <ignored/>
  </testcase> <!-- tHD_THC_THCA_1WGraphTabCheck -->
  <testcase name="tempratureValueInAll3WTabTest" time="0.0" classname="com.connect.fluke.app.tests.SessionDetailPageTests3560">
    <ignored/>
  </testcase> <!-- tempratureValueInAll3WTabTest -->
  <testcase name="timeValueIn8HTabTest" time="0.0" classname="com.connect.fluke.app.tests.SessionDetailPageTests3560">
    <ignored/>
  </testcase> <!-- timeValueIn8HTabTest -->
  <testcase name="eeveeMeasurementTagNameVerificationInAndroidMeasurementListTest" time="0.0" classname="com.connect.fluke.app.tests.MeasurementsHistoryPageTests">
    <ignored/>
  </testcase> <!-- eeveeMeasurementTagNameVerificationInAndroidMeasurementListTest -->
  <testcase name="powerOverView_Total_1MGraphTabCheck" time="0.0" classname="com.connect.fluke.app.tests.PowerQuality3540CompletedSessionTests">
    <ignored/>
  </testcase> <!-- powerOverView_Total_1MGraphTabCheck -->
  <testcase name="eeveeMeasurementSecondaryValueUnitVerificationInAndroidMeasurementDetailspageTest" time="0.0" classname="com.connect.fluke.app.tests.MeasurementsHistoryPageTests">
    <ignored/>
  </testcase> <!-- eeveeMeasurementSecondaryValueUnitVerificationInAndroidMeasurementDetailspageTest -->
  <testcase name="createAccountTest" time="0.0" classname="com.connect.fluke.app.tests.CreateAccountPageTests">
    <ignored/>
  </testcase> <!-- createAccountTest -->
  <testcase name="eeveeMeasurementInIosRampValueVerificationInDetailsPage" time="0.0" classname="com.connect.fluke.app.tests.MeasurementsHistoryPageTests">
    <ignored/>
  </testcase> <!-- eeveeMeasurementInIosRampValueVerificationInDetailsPage -->
  <testcase name="gateWayNameTest" time="0.0" classname="com.connect.fluke.app.tests.SessionListTests3540">
    <ignored/>
  </testcase> <!-- gateWayNameTest -->
  <testcase name="deleteDownloadedSessionTest" time="0.0" classname="com.connect.fluke.app.tests.EventLogging3540test">
    <ignored/>
  </testcase> <!-- deleteDownloadedSessionTest -->
  <testcase name="tHD_THC_THDA_1DGraphTabCheck" time="0.0" classname="com.connect.fluke.app.tests.PowerQuality3540CompletedSessionTests">
    <ignored/>
  </testcase> <!-- tHD_THC_THDA_1DGraphTabCheck -->
  <testcase name="eeveeMeasurementTestDurationTextVerificationInAndroidMeasurementDetailsTest" time="0.0" classname="com.connect.fluke.app.tests.MeasurementsHistoryPageTests">
    <ignored/>
  </testcase> <!-- eeveeMeasurementTestDurationTextVerificationInAndroidMeasurementDetailsTest -->
  <testcase name="deletTestAssetGroupTest" time="0.0" classname="com.connect.fluke.app.tests.AssetsPageTests">
    <ignored/>
  </testcase> <!-- deletTestAssetGroupTest -->
  <testcase name="powerOverView_KW_1WGraphTabCheck" time="0.0" classname="com.connect.fluke.app.tests.PowerQuality3540CompletedSessionTests">
    <ignored/>
  </testcase> <!-- powerOverView_KW_1WGraphTabCheck -->
  <testcase name="vibrationValueIn3W1WTabTest" time="0.0" classname="com.connect.fluke.app.tests.SessionDetailPageTests3560">
    <ignored/>
  </testcase> <!-- vibrationValueIn3W1WTabTest -->
  <testcase name="editAssetReportTest" time="0.0" classname="com.connect.fluke.app.tests.ReportsPageTests">
    <ignored/>
  </testcase> <!-- editAssetReportTest -->
  <testcase name="editAlarmTest" time="0.0" classname="com.connect.fluke.app.tests.SessionDetailPageTests3550">
    <ignored/>
  </testcase> <!-- editAlarmTest -->
  <testcase name="viewInchesGreaterMillimetersGraphTest" time="0.0" classname="com.connect.fluke.app.tests.AssetsPageTests">
    <ignored/>
  </testcase> <!-- viewInchesGreaterMillimetersGraphTest -->
  <testcase name="viewMillimetersGreaterInchesGraphTest" time="0.0" classname="com.connect.fluke.app.tests.AssetsPageTests">
    <ignored/>
  </testcase> <!-- viewMillimetersGreaterInchesGraphTest -->
  <testcase name="deletBasicAssetGroupTest" time="0.0" classname="com.connect.fluke.app.tests.AssetsPageTests">
    <ignored/>
  </testcase> <!-- deletBasicAssetGroupTest -->
  <testcase name="switchBetweenActivePowerView" time="0.0" classname="com.connect.fluke.app.tests.PowerQuality3540CompletedSessionTests">
    <ignored/>
  </testcase> <!-- switchBetweenActivePowerView -->
  <testcase name="vibrationUnitIn3W1WTabTest" time="0.0" classname="com.connect.fluke.app.tests.SessionDetailPageTests3560">
    <ignored/>
  </testcase> <!-- vibrationUnitIn3W1WTabTest -->
  <testcase name="tHD_THC_THDA_1MGraphTabCheck" time="0.0" classname="com.connect.fluke.app.tests.PowerQuality3540CompletedSessionTests">
    <ignored/>
  </testcase> <!-- tHD_THC_THDA_1MGraphTabCheck -->
  <testcase name="frequency1WGraphTabCheck" time="0.0" classname="com.connect.fluke.app.tests.PowerQuality3540CompletedSessionTests">
    <ignored/>
  </testcase> <!-- frequency1WGraphTabCheck -->
  <testcase name="tHD_THC_THDV_1MGraphTabCheck" time="0.0" classname="com.connect.fluke.app.tests.PowerQuality3540CompletedSessionTests">
    <ignored/>
  </testcase> <!-- tHD_THC_THDV_1MGraphTabCheck -->
  <testcase name="captureMyWorkOrderCellScreenshot" time="0.0" classname="com.connect.fluke.app.tests.HomePageTests">
    <ignored/>
  </testcase> <!-- captureMyWorkOrderCellScreenshot -->
  <testcase name="powerFactor1MGraphTabCheck" time="0.0" classname="com.connect.fluke.app.tests.PowerQuality3540CompletedSessionTests">
    <ignored/>
  </testcase> <!-- powerFactor1MGraphTabCheck -->
  <testcase name="dateValueInAll3WTabTest" time="0.0" classname="com.connect.fluke.app.tests.SessionDetailPageTests3560">
    <ignored/>
  </testcase> <!-- dateValueInAll3WTabTest -->
  <testcase name="eeveeMeasurementTagNameVerificationInIosMeasurementDetailpage" time="0.0" classname="com.connect.fluke.app.tests.MeasurementsHistoryPageTests">
    <ignored/>
  </testcase> <!-- eeveeMeasurementTagNameVerificationInIosMeasurementDetailpage -->
  <testcase name="eeveeMeasurementInAndroidTestConditionTestEndedValueTest" time="0.0" classname="com.connect.fluke.app.tests.MeasurementsHistoryPageTests">
    <ignored/>
  </testcase> <!-- eeveeMeasurementInAndroidTestConditionTestEndedValueTest -->
  <testcase name="eeveeMeasurementTestDurationValuetVerificationInIosMeasurementList" time="0.0" classname="com.connect.fluke.app.tests.MeasurementsHistoryPageTests">
    <ignored/>
  </testcase> <!-- eeveeMeasurementTestDurationValuetVerificationInIosMeasurementList -->
  <testcase name="deleteAssetReportTest" time="0.0" classname="com.connect.fluke.app.tests.ReportsPageTests">
    <ignored/>
  </testcase> <!-- deleteAssetReportTest -->
  <testcase name="scrollGraphRight1HTab" time="0.0" classname="com.connect.fluke.app.tests.SessionDetailPageTests3560">
    <ignored/>
  </testcase> <!-- scrollGraphRight1HTab -->
  <testcase name="measurementValueUnitPhaseTestForAllTabs" time="0.0" classname="com.connect.fluke.app.tests.SessionDetailPageTests3540">
    <ignored/>
  </testcase> <!-- measurementValueUnitPhaseTestForAllTabs -->
  <testcase name="measurementValueUnitPhaseTestForAllTabs" time="0.0" classname="com.connect.fluke.app.tests.SessionDetailPageTests3540">
    <ignored/>
  </testcase> <!-- measurementValueUnitPhaseTestForAllTabs -->
  <testcase name="isAssetAssignedToHudsonTest" time="0.0" classname="com.connect.fluke.app.tests.MeasurementsHistoryPageTests">
    <ignored/>
  </testcase> <!-- isAssetAssignedToHudsonTest -->
  <testcase name="eeveeMeasurementTestDurationTextVerificationInAndroidMeasurementListTest" time="0.0" classname="com.connect.fluke.app.tests.MeasurementsHistoryPageTests">
    <ignored/>
  </testcase> <!-- eeveeMeasurementTestDurationTextVerificationInAndroidMeasurementListTest -->
  <testcase name="startTimeStaticTextVisibleTest" time="0.0" classname="com.connect.fluke.app.tests.SessionDetailPageTests3540">
    <ignored/>
  </testcase> <!-- startTimeStaticTextVisibleTest -->
  <testcase name="sessionTileVisibleTest" time="0.0" classname="com.connect.fluke.app.tests.SessionListTests3540">
    <ignored/>
  </testcase> <!-- sessionTileVisibleTest -->
  <testcase name="eeveeMeasurementTestDurationValuetVerificationInIosMeasurementDetailsPage" time="0.0" classname="com.connect.fluke.app.tests.MeasurementsHistoryPageTests">
    <ignored/>
  </testcase> <!-- eeveeMeasurementTestDurationValuetVerificationInIosMeasurementDetailsPage -->
  <testcase name="vibrationValueIn3WTabTest" time="0.0" classname="com.connect.fluke.app.tests.SessionDetailPageTests3560">
    <ignored/>
  </testcase> <!-- vibrationValueIn3WTabTest -->
  <testcase name="startVATGSessionTest" time="0.0" classname="com.connect.fluke.app.tests.SessionSetupPageTests">
    <ignored/>
  </testcase> <!-- startVATGSessionTest -->
  <testcase name="startMonitoringTest" time="0.0" classname="com.connect.fluke.app.tests.SessionSetupTests3560">
    <ignored/>
  </testcase> <!-- startMonitoringTest -->
  <testcase name="eeveeMeasurementInAndroidTestConditionVoltageStaticTextTest" time="0.0" classname="com.connect.fluke.app.tests.MeasurementsHistoryPageTests">
    <ignored/>
  </testcase> <!-- eeveeMeasurementInAndroidTestConditionVoltageStaticTextTest -->
  <testcase name="connectingBlondelTool" time="0.0" classname="com.connect.fluke.app.tests.FCCM174XSessionConfigurationTests">
    <ignored/>
  </testcase> <!-- connectingBlondelTool -->
  <testcase name="powerOverView_KVA_1WGraphTabCheck" time="0.0" classname="com.connect.fluke.app.tests.PowerQuality3540CompletedSessionTests">
    <ignored/>
  </testcase> <!-- powerOverView_KVA_1WGraphTabCheck -->
  <testcase name="assignedWorkOrderToHudsonTest" time="0.0" classname="com.connect.fluke.app.tests.MeasurementsHistoryPageTests">
    <ignored/>
  </testcase> <!-- assignedWorkOrderToHudsonTest -->
  <testcase name="connectToVATG" time="0.0" classname="com.connect.fluke.app.tests.PhoneSettingsPageTests">
    <ignored/>
  </testcase> <!-- connectToVATG -->
  <testcase name="t3000Test" time="0.0" classname="com.connect.fluke.app.tests.CaptureMeasurementsTests">
    <ignored/>
  </testcase> <!-- t3000Test -->
  <testcase name="scalarMeasurementUnitInteroperabilityTest" time="0.0" classname="com.connect.fluke.app.tests.MeasurementsHistoryPageTests">
    <ignored/>
  </testcase> <!-- scalarMeasurementUnitInteroperabilityTest -->
  <testcase name="tHD_THC_THDA_1WGraphTabCheck" time="0.0" classname="com.connect.fluke.app.tests.PowerQuality3540CompletedSessionTests">
    <ignored/>
  </testcase> <!-- tHD_THC_THDA_1WGraphTabCheck -->
  <testcase name="eeveeMeasurementInAndroidTestConditionTabNavigationTest" time="0.0" classname="com.connect.fluke.app.tests.MeasurementsHistoryPageTests">
    <ignored/>
  </testcase> <!-- eeveeMeasurementInAndroidTestConditionTabNavigationTest -->
  <testcase name="tempratureValueIn8H1HTabTest" time="0.0" classname="com.connect.fluke.app.tests.SessionDetailPageTests3560">
    <ignored/>
  </testcase> <!-- tempratureValueIn8H1HTabTest -->
  <testcase name="powerOverView_PhaseC_1WGraphTabCheck" time="0.0" classname="com.connect.fluke.app.tests.PowerQuality3540CompletedSessionTests">
    <ignored/>
  </testcase> <!-- powerOverView_PhaseC_1WGraphTabCheck -->
  <testcase name="tempratureValueIn1HTabTest" time="0.0" classname="com.connect.fluke.app.tests.SessionDetailPageTests3560">
    <ignored/>
  </testcase> <!-- tempratureValueIn1HTabTest -->
  <testcase name="createAssetReportWithCoverPageTest" time="0.0" classname="com.connect.fluke.app.tests.ReportsPageTests">
    <ignored/>
  </testcase> <!-- createAssetReportWithCoverPageTest -->
  <testcase name="powerOverView_KVA_AllGraphTabCheck" time="0.0" classname="com.connect.fluke.app.tests.PowerQuality3540CompletedSessionTests">
    <ignored/>
  </testcase> <!-- powerOverView_KVA_AllGraphTabCheck -->
  <testcase name="CreateReportWithThisAsset" time="0.0" classname="com.connect.fluke.app.tests.ReportsPageTests">
    <ignored/>
  </testcase> <!-- CreateReportWithThisAsset -->
  <testcase name="vibrationUnitInAll3WTabTest" time="0.0" classname="com.connect.fluke.app.tests.SessionDetailPageTests3560">
    <ignored/>
  </testcase> <!-- vibrationUnitInAll3WTabTest -->
  <testcase name="vibrationUnitIn1WTabTest" time="0.0" classname="com.connect.fluke.app.tests.SessionDetailPageTests3560">
    <ignored/>
  </testcase> <!-- vibrationUnitIn1WTabTest -->
  <testcase name="eeveeMeasurementInAndroidCalculatedResultsPIValueTest" time="0.0" classname="com.connect.fluke.app.tests.MeasurementsHistoryPageTests">
    <ignored/>
  </testcase> <!-- eeveeMeasurementInAndroidCalculatedResultsPIValueTest -->
  <testcase name="powerOverView_PhaseC_AllGraphTabCheck" time="0.0" classname="com.connect.fluke.app.tests.PowerQuality3540CompletedSessionTests">
    <ignored/>
  </testcase> <!-- powerOverView_PhaseC_AllGraphTabCheck -->
  <testcase name="tempratureUnitIn3W1WTabTest" time="0.0" classname="com.connect.fluke.app.tests.SessionDetailPageTests3560">
    <ignored/>
  </testcase> <!-- tempratureUnitIn3W1WTabTest -->
  <testcase name="tHD_THC_THDA_AllGraphTabCheck" time="0.0" classname="com.connect.fluke.app.tests.PowerQuality3540CompletedSessionTests">
    <ignored/>
  </testcase> <!-- tHD_THC_THDA_AllGraphTabCheck -->
  <testcase name="eeveeMeasurementInAndroidCalculatedResultsDARValueTest" time="0.0" classname="com.connect.fluke.app.tests.MeasurementsHistoryPageTests">
    <ignored/>
  </testcase> <!-- eeveeMeasurementInAndroidCalculatedResultsDARValueTest -->
  <testcase name="deleteBasicReportTest" time="0.0" classname="com.connect.fluke.app.tests.ReportsPageTests">
    <ignored/>
  </testcase> <!-- deleteBasicReportTest -->
  <testcase name="assignAssetToGroupMeasurementTest" time="0.0" classname="com.connect.fluke.app.tests.CaptureMeasurementsTests">
    <ignored/>
  </testcase> <!-- assignAssetToGroupMeasurementTest -->
  <testcase name="eeveeMeasurementInIosRampStaticTextVerificationInDetailsPage" time="0.0" classname="com.connect.fluke.app.tests.MeasurementsHistoryPageTests">
    <ignored/>
  </testcase> <!-- eeveeMeasurementInIosRampStaticTextVerificationInDetailsPage -->
  <testcase name="eeveeMeasurementSecondaryValueVerificationInAndroidTest" time="0.0" classname="com.connect.fluke.app.tests.MeasurementsHistoryPageTests">
    <ignored/>
  </testcase> <!-- eeveeMeasurementSecondaryValueVerificationInAndroidTest -->
  <testcase name="maxLabelIn1HTabTest" time="0.0" classname="com.connect.fluke.app.tests.SessionDetailPageTests3560">
    <ignored/>
  </testcase> <!-- maxLabelIn1HTabTest -->
  <testcase name="assetGroupNameTest" time="0.0" classname="com.connect.fluke.app.tests.SessionDetailPageTests3540">
    <ignored/>
  </testcase> <!-- assetGroupNameTest -->
  <testcase name="eeveeMeasurementAssetAssignmentInIosTest" time="0.0" classname="com.connect.fluke.app.tests.MeasurementsHistoryPageTests">
    <ignored/>
  </testcase> <!-- eeveeMeasurementAssetAssignmentInIosTest -->
  <testcase name="eeveeMeasurementCurrentValueAndUnitVerificationInIosMeasurementList" time="0.0" classname="com.connect.fluke.app.tests.MeasurementsHistoryPageTests">
    <ignored/>
  </testcase> <!-- eeveeMeasurementCurrentValueAndUnitVerificationInIosMeasurementList -->
  <testcase name="tempratureUnitInAll3WTabTest" time="0.0" classname="com.connect.fluke.app.tests.SessionDetailPageTests3560">
    <ignored/>
  </testcase> <!-- tempratureUnitInAll3WTabTest -->
  <testcase name="eeveeMeasurementInIosPIValueVerificationInDetailsPage" time="0.0" classname="com.connect.fluke.app.tests.MeasurementsHistoryPageTests">
    <ignored/>
  </testcase> <!-- eeveeMeasurementInIosPIValueVerificationInDetailsPage -->
  <testcase name="powerOverView_Kvar_1WGraphTabCheck" time="0.0" classname="com.connect.fluke.app.tests.PowerQuality3540CompletedSessionTests">
    <ignored/>
  </testcase> <!-- powerOverView_Kvar_1WGraphTabCheck -->
  <testcase name="deleteMillimetersGreaterInchesGraphTest" time="0.0" classname="com.connect.fluke.app.tests.AssetsPageTests">
    <ignored/>
  </testcase> <!-- deleteMillimetersGreaterInchesGraphTest -->
  <testcase name="eeveeMeasurementTertiaryValueVerificationInAndroidTest" time="0.0" classname="com.connect.fluke.app.tests.MeasurementsHistoryPageTests">
    <ignored/>
  </testcase> <!-- eeveeMeasurementTertiaryValueVerificationInAndroidTest -->
  <testcase name="config888" time="0.0" classname="com.connect.fluke.app.tests.LastConfig">
    <ignored/>
  </testcase> <!-- config888 -->
  <testcase name="config999" time="0.0" classname="com.connect.fluke.app.tests.LastConfig">
    <ignored/>
  </testcase> <!-- config999 -->
  <testcase name="startTimeStaticTextVisibleTest" time="0.0" classname="com.connect.fluke.app.tests.SessionListTests3540">
    <ignored/>
  </testcase> <!-- startTimeStaticTextVisibleTest -->
  <testcase name="eeveeMeasurementInAndroidTestConditionTestEndedStaticTextTest" time="0.0" classname="com.connect.fluke.app.tests.MeasurementsHistoryPageTests">
    <ignored/>
  </testcase> <!-- eeveeMeasurementInAndroidTestConditionTestEndedStaticTextTest -->
  <testcase name="eeveeMeasurementInIosVolageValueVerificationInDetailsPage" time="0.0" classname="com.connect.fluke.app.tests.MeasurementsHistoryPageTests">
    <ignored/>
  </testcase> <!-- eeveeMeasurementInIosVolageValueVerificationInDetailsPage -->
  <testcase name="powerOverView_PhaseB_1DGraphTabCheck" time="0.0" classname="com.connect.fluke.app.tests.PowerQuality3540CompletedSessionTests">
    <ignored/>
  </testcase> <!-- powerOverView_PhaseB_1DGraphTabCheck -->
  <testcase name="currentAllGraphTabCheck" time="0.0" classname="com.connect.fluke.app.tests.PowerQuality3540CompletedSessionTests">
    <ignored/>
  </testcase> <!-- currentAllGraphTabCheck -->
  <testcase name="gateWayNameTest" time="0.0" classname="com.connect.fluke.app.tests.SessionListTests3560">
    <ignored/>
  </testcase> <!-- gateWayNameTest -->
  <testcase name="sessionTileStatusTest" time="0.0" classname="com.connect.fluke.app.tests.SessionDetailPageTests3560">
    <ignored/>
  </testcase> <!-- sessionTileStatusTest -->
  <testcase name="eeveeMeasurementVoltageValueAndUnitVerificationInIosMeasurementList" time="0.0" classname="com.connect.fluke.app.tests.MeasurementsHistoryPageTests">
    <ignored/>
  </testcase> <!-- eeveeMeasurementVoltageValueAndUnitVerificationInIosMeasurementList -->
  <testcase name="tempratureUnitTest" time="0.0" classname="com.connect.fluke.app.tests.SessionDetailPageTests3560">
    <ignored/>
  </testcase> <!-- tempratureUnitTest -->
  <testcase name="thermographyAllGraphTabCheck" time="0.0" classname="com.connect.fluke.app.tests.Thermography3550CompletedSessionTests">
    <ignored/>
  </testcase> <!-- thermographyAllGraphTabCheck -->
  <testcase name="eeveeMeasurementPrimaryValueUnitVerificationInAndroidTest" time="0.0" classname="com.connect.fluke.app.tests.MeasurementsHistoryPageTests">
    <ignored/>
  </testcase> <!-- eeveeMeasurementPrimaryValueUnitVerificationInAndroidTest -->
  <testcase name="clickOnSessionTileTest" time="0.0" classname="com.connect.fluke.app.tests.SessionListTests3540">
    <ignored/>
  </testcase> <!-- clickOnSessionTileTest -->
  <testcase name="frequency1HGraphTabCheck" time="0.0" classname="com.connect.fluke.app.tests.PowerQuality3540CompletedSessionTests">
    <ignored/>
  </testcase> <!-- frequency1HGraphTabCheck -->
  <testcase name="eeveeMeasurementPrimaryValueVerificationInAndroidMeasurementListTest" time="0.0" classname="com.connect.fluke.app.tests.MeasurementsHistoryPageTests">
    <ignored/>
  </testcase> <!-- eeveeMeasurementPrimaryValueVerificationInAndroidMeasurementListTest -->
  <testcase name="createSession" time="0.0" classname="com.connect.fluke.app.tests.FCCM3540ActiveMonitoringSessionsTests">
    <ignored/>
  </testcase> <!-- createSession -->
  <testcase name="powerOverView_KVA_1MGraphTabCheck" time="0.0" classname="com.connect.fluke.app.tests.PowerQuality3540CompletedSessionTests">
    <ignored/>
  </testcase> <!-- powerOverView_KVA_1MGraphTabCheck -->
  <testcase name="tempratureUnitInAllTabTest" time="0.0" classname="com.connect.fluke.app.tests.SessionDetailPageTests3560">
    <ignored/>
  </testcase> <!-- tempratureUnitInAllTabTest -->
  <testcase name="deletAssetTest" time="0.0" classname="com.connect.fluke.app.tests.AssetsPageTests">
    <ignored/>
  </testcase> <!-- deletAssetTest -->
  <testcase name="test1" time="0.0" classname="com.connect.fluke.app.tests.JenkinsToQmetryMappingTests">
    <ignored/>
  </testcase> <!-- test1 -->
  <testcase name="eeveeMeasurementResistanceValueAndUnitVerificationInIosMeasurementDetailsPage" time="0.0" classname="com.connect.fluke.app.tests.MeasurementsHistoryPageTests">
    <ignored/>
  </testcase> <!-- eeveeMeasurementResistanceValueAndUnitVerificationInIosMeasurementDetailsPage -->
  <testcase name="powerOverView_KW_AllGraphTabCheck" time="0.0" classname="com.connect.fluke.app.tests.PowerQuality3540CompletedSessionTests">
    <ignored/>
  </testcase> <!-- powerOverView_KW_AllGraphTabCheck -->
  <testcase name="createThermalImageReportTest" time="0.0" classname="com.connect.fluke.app.tests.ReportsPageTests">
    <ignored/>
  </testcase> <!-- createThermalImageReportTest -->
  <testcase name="addAlarmTest" time="0.0" classname="com.connect.fluke.app.tests.SessionDetailPageTests3550">
    <ignored/>
  </testcase> <!-- addAlarmTest -->
  <testcase name="activePower1MGraphTabCheck" time="0.0" classname="com.connect.fluke.app.tests.PowerQuality3540CompletedSessionTests">
    <ignored/>
  </testcase> <!-- activePower1MGraphTabCheck -->
  <testcase name="current1MGraphTabCheck" time="0.0" classname="com.connect.fluke.app.tests.PowerQuality3540CompletedSessionTests">
    <ignored/>
  </testcase> <!-- current1MGraphTabCheck -->
  <testcase name="switchBetweenVAHzView" time="0.0" classname="com.connect.fluke.app.tests.PowerQuality3540CompletedSessionTests">
    <ignored/>
  </testcase> <!-- switchBetweenVAHzView -->
  <testcase name="downloadEventLoggingSessionTest" time="0.0" classname="com.connect.fluke.app.tests.EventLogging3540test">
    <ignored/>
  </testcase> <!-- downloadEventLoggingSessionTest -->
  <testcase name="eeveeMeasurementVoltageValueAndUnitVerificationInIosMeasurementDetails" time="0.0" classname="com.connect.fluke.app.tests.MeasurementsHistoryPageTests">
    <ignored/>
  </testcase> <!-- eeveeMeasurementVoltageValueAndUnitVerificationInIosMeasurementDetails -->
  <testcase name="eeveeMeasurementCurrentValueAndUnitVerificationInIosMeasurementDetails" time="0.0" classname="com.connect.fluke.app.tests.MeasurementsHistoryPageTests">
    <ignored/>
  </testcase> <!-- eeveeMeasurementCurrentValueAndUnitVerificationInIosMeasurementDetails -->
  <testcase name="eeveeMeasurementTestDurationValueInAndroidVerification" time="0.0" classname="com.connect.fluke.app.tests.MeasurementsHistoryPageTests">
    <ignored/>
  </testcase> <!-- eeveeMeasurementTestDurationValueInAndroidVerification -->
  <testcase name="powerOverView_Kvar_1HGraphTabCheck" time="0.0" classname="com.connect.fluke.app.tests.PowerQuality3540CompletedSessionTests">
    <ignored/>
  </testcase> <!-- powerOverView_Kvar_1HGraphTabCheck -->
  <testcase name="sessionTileStatusTest" time="0.0" classname="com.connect.fluke.app.tests.SessionListTests3540">
    <ignored/>
  </testcase> <!-- sessionTileStatusTest -->
  <testcase name="sessionEndTest" time="0.0" classname="com.connect.fluke.app.tests.SessionEndAandDeleteTests3560">
    <ignored/>
  </testcase> <!-- sessionEndTest -->
  <testcase name="eeveeMeasurementInIosCapacitanceStaticTextVerificationInDetailsPage" time="0.0" classname="com.connect.fluke.app.tests.MeasurementsHistoryPageTests">
    <ignored/>
  </testcase> <!-- eeveeMeasurementInIosCapacitanceStaticTextVerificationInDetailsPage -->
  <testcase name="addAssetWithAboveTempratureAlarmTest" time="0.0" classname="com.connect.fluke.app.tests.AssetsPageTests">
    <ignored/>
  </testcase> <!-- addAssetWithAboveTempratureAlarmTest -->
  <testcase name="deletBasicAssetTest" time="0.0" classname="com.connect.fluke.app.tests.AssetsPageTests">
    <ignored/>
  </testcase> <!-- deletBasicAssetTest -->
  <testcase name="timeValueIn3WTabTest" time="0.0" classname="com.connect.fluke.app.tests.SessionDetailPageTests3560">
    <ignored/>
  </testcase> <!-- timeValueIn3WTabTest -->
  <testcase name="viewMoreCheck" time="0.0" classname="com.connect.fluke.app.tests.Thermography3550CompletedSessionTests">
    <ignored/>
  </testcase> <!-- viewMoreCheck -->
  <testcase name="clickOnSessionTileTest" time="0.0" classname="com.connect.fluke.app.tests.SessionListTests3560">
    <ignored/>
  </testcase> <!-- clickOnSessionTileTest -->
  <testcase name="switchBetweenPowerOverViewView" time="0.0" classname="com.connect.fluke.app.tests.PowerQuality3540CompletedSessionTests">
    <ignored/>
  </testcase> <!-- switchBetweenPowerOverViewView -->
  <testcase name="powerFactor1HGraphTabCheck" time="0.0" classname="com.connect.fluke.app.tests.PowerQuality3540CompletedSessionTests">
    <ignored/>
  </testcase> <!-- powerFactor1HGraphTabCheck -->
  <testcase name="delete805MeasurementTest" time="0.0" classname="com.connect.fluke.app.tests.MeasurementsHistoryPageTests">
    <ignored/>
  </testcase> <!-- delete805MeasurementTest -->
  <testcase name="changeAssetStatusTest" time="0.0" classname="com.connect.fluke.app.tests.AssetsPageTests">
    <ignored/>
  </testcase> <!-- changeAssetStatusTest -->
  <testcase name="addDeleteAssetTest" time="0.0" classname="com.connect.fluke.app.tests.AssetsPageTests">
    <ignored/>
  </testcase> <!-- addDeleteAssetTest -->
  <testcase name="verifyBlondelOption" time="0.0" classname="com.connect.fluke.app.tests.FCCM174XSessionConfigurationTests">
    <ignored/>
  </testcase> <!-- verifyBlondelOption -->
  <testcase name="assignAssetTest" time="0.0" classname="com.connect.fluke.app.tests.SessionSetupTests3560">
    <ignored/>
  </testcase> <!-- assignAssetTest -->
  <testcase name="switchTo3WTabTest" time="0.0" classname="com.connect.fluke.app.tests.SessionDetailPageTests3560">
    <ignored/>
  </testcase> <!-- switchTo3WTabTest -->
  <testcase name="viewInchesGraphTest" time="0.0" classname="com.connect.fluke.app.tests.AssetsPageTests">
    <ignored/>
  </testcase> <!-- viewInchesGraphTest -->
  <testcase name="captureBeakerMeasurementTest" time="0.0" classname="com.connect.fluke.app.tests.CaptureMeasurementsTests">
    <ignored/>
  </testcase> <!-- captureBeakerMeasurementTest -->
  <testcase name="powerOverView_PhaseA_1MGraphTabCheck" time="0.0" classname="com.connect.fluke.app.tests.PowerQuality3540CompletedSessionTests">
    <ignored/>
  </testcase> <!-- powerOverView_PhaseA_1MGraphTabCheck -->
  <testcase name="powerOverView_Total_AllGraphTabCheck" time="0.0" classname="com.connect.fluke.app.tests.PowerQuality3540CompletedSessionTests">
    <ignored/>
  </testcase> <!-- powerOverView_Total_AllGraphTabCheck -->
  <testcase name="measurementsWorkOrderDeleteTest" time="0.0" classname="com.connect.fluke.app.tests.WorkOrderPageTests">
    <ignored/>
  </testcase> <!-- measurementsWorkOrderDeleteTest -->
  <testcase name="sessionStartTimeTest" time="0.0" classname="com.connect.fluke.app.tests.SessionDetailPageTests3540">
    <ignored/>
  </testcase> <!-- sessionStartTimeTest -->
  <testcase name="deleteThermalImageReportTest" time="0.0" classname="com.connect.fluke.app.tests.ReportsPageTests">
    <ignored/>
  </testcase> <!-- deleteThermalImageReportTest -->
  <testcase name="assetNameTest" time="0.0" classname="com.connect.fluke.app.tests.SessionDetailPageTests3540">
    <ignored/>
  </testcase> <!-- assetNameTest -->
  <testcase name="switchToAll3WTabTest" time="0.0" classname="com.connect.fluke.app.tests.SessionDetailPageTests3560">
    <ignored/>
  </testcase> <!-- switchToAll3WTabTest -->
  <testcase name="eeveeMeasurementInAndroidCalculatedResultsPIStaticTextTest" time="0.0" classname="com.connect.fluke.app.tests.MeasurementsHistoryPageTests">
    <ignored/>
  </testcase> <!-- eeveeMeasurementInAndroidCalculatedResultsPIStaticTextTest -->
  <testcase name="eeveeMeasurementTertiaryValueUnitVerificationInAndroidMeasurementDetailspageTest" time="0.0" classname="com.connect.fluke.app.tests.MeasurementsHistoryPageTests">
    <ignored/>
  </testcase> <!-- eeveeMeasurementTertiaryValueUnitVerificationInAndroidMeasurementDetailspageTest -->
  <testcase name="zAxisLabelIn1HTabTest" time="0.0" classname="com.connect.fluke.app.tests.SessionDetailPageTests3560">
    <ignored/>
  </testcase> <!-- zAxisLabelIn1HTabTest -->
  <testcase name="eeveeMeasurementTestDurationValueInAndroidMeasurementDetailspageVerification" time="0.0" classname="com.connect.fluke.app.tests.MeasurementsHistoryPageTests">
    <ignored/>
  </testcase> <!-- eeveeMeasurementTestDurationValueInAndroidMeasurementDetailspageVerification -->
  <testcase name="tempratureValueIn1W8HTabTest" time="0.0" classname="com.connect.fluke.app.tests.SessionDetailPageTests3560">
    <ignored/>
  </testcase> <!-- tempratureValueIn1W8HTabTest -->
  <testcase name="powerOverView_PhaseC_1HGraphTabCheck" time="0.0" classname="com.connect.fluke.app.tests.PowerQuality3540CompletedSessionTests">
    <ignored/>
  </testcase> <!-- powerOverView_PhaseC_1HGraphTabCheck -->
  <testcase name="timeValueIn1HTabTest" time="0.0" classname="com.connect.fluke.app.tests.SessionDetailPageTests3560">
    <ignored/>
  </testcase> <!-- timeValueIn1HTabTest -->
  <testcase name="eeveeMeasurementInIosPIStaticTextVerificationInDetailsPage" time="0.0" classname="com.connect.fluke.app.tests.MeasurementsHistoryPageTests">
    <ignored/>
  </testcase> <!-- eeveeMeasurementInIosPIStaticTextVerificationInDetailsPage -->
  <testcase name="tempratureValueIn8HTabTest" time="0.0" classname="com.connect.fluke.app.tests.SessionDetailPageTests3560">
    <ignored/>
  </testcase> <!-- tempratureValueIn8HTabTest -->
  <testcase name="thermography1WGraphTabCheck" time="0.0" classname="com.connect.fluke.app.tests.Thermography3550CompletedSessionTests">
    <ignored/>
  </testcase> <!-- thermography1WGraphTabCheck -->
  <testcase name="sensorsStaticTextVisibleTest" time="0.0" classname="com.connect.fluke.app.tests.SessionDetailPageTests3560">
    <ignored/>
  </testcase> <!-- sensorsStaticTextVisibleTest -->
  <testcase name="eeveeMeasurementNavigationToMeasurementDetailsInIosTest" time="0.0" classname="com.connect.fluke.app.tests.MeasurementsHistoryPageTests">
    <ignored/>
  </testcase> <!-- eeveeMeasurementNavigationToMeasurementDetailsInIosTest -->
  <testcase name="addBasicAssetGroupTest" time="0.0" classname="com.connect.fluke.app.tests.AssetsPageTests">
    <ignored/>
  </testcase> <!-- addBasicAssetGroupTest -->
  <testcase name="isWorkOrderAssignedToHudsonTest" time="0.0" classname="com.connect.fluke.app.tests.MeasurementsHistoryPageTests">
    <ignored/>
  </testcase> <!-- isWorkOrderAssignedToHudsonTest -->
  <testcase name="viewMillimetersGraphTest" time="0.0" classname="com.connect.fluke.app.tests.AssetsPageTests">
    <ignored/>
  </testcase> <!-- viewMillimetersGraphTest -->
  <testcase name="powerOverView_PhaseA_1DGraphTabCheck" time="0.0" classname="com.connect.fluke.app.tests.PowerQuality3540CompletedSessionTests">
    <ignored/>
  </testcase> <!-- powerOverView_PhaseA_1DGraphTabCheck -->
  <testcase name="isHudsonMeasurementsUnitsSavedCorrectlyTest" time="0.0" classname="com.connect.fluke.app.tests.MeasurementsHistoryPageTests">
    <ignored/>
  </testcase> <!-- isHudsonMeasurementsUnitsSavedCorrectlyTest -->
  <testcase name="frequency1MGraphTabCheck" time="0.0" classname="com.connect.fluke.app.tests.PowerQuality3540CompletedSessionTests">
    <ignored/>
  </testcase> <!-- frequency1MGraphTabCheck -->
  <testcase name="eeveeMeasurementTertiaryValueUnitVerificationInAndroidTest" time="0.0" classname="com.connect.fluke.app.tests.MeasurementsHistoryPageTests">
    <ignored/>
  </testcase> <!-- eeveeMeasurementTertiaryValueUnitVerificationInAndroidTest -->
  <testcase name="tHD_THC_THCA_1DGraphTabCheck" time="0.0" classname="com.connect.fluke.app.tests.PowerQuality3540CompletedSessionTests">
    <ignored/>
  </testcase> <!-- tHD_THC_THCA_1DGraphTabCheck -->
  <testcase name="onNewAccountSampleDataTest" time="0.0" classname="com.connect.fluke.app.tests.CreateAccountPageTests">
    <ignored/>
  </testcase> <!-- onNewAccountSampleDataTest -->
  <testcase name="scrollGraphRight8HTab" time="0.0" classname="com.connect.fluke.app.tests.SessionDetailPageTests3560">
    <ignored/>
  </testcase> <!-- scrollGraphRight8HTab -->
  <testcase name="testMethodName" time="0.0" classname="com.connect.fluke.app.tests.JenkinsToQmetryMappingTests">
    <ignored/>
  </testcase> <!-- testMethodName -->
  <testcase name="tHD_THC_THDV_1HGraphTabCheck" time="0.0" classname="com.connect.fluke.app.tests.PowerQuality3540CompletedSessionTests">
    <ignored/>
  </testcase> <!-- tHD_THC_THDV_1HGraphTabCheck -->
  <testcase name="measurementUnitTimeValueInDifferentTabsTestProd" time="0.0" classname="com.connect.fluke.app.tests.SessionDetailPageTests3560">
    <ignored/>
  </testcase> <!-- measurementUnitTimeValueInDifferentTabsTestProd -->
  <testcase name="minLabelIn1HTabTest" time="0.0" classname="com.connect.fluke.app.tests.SessionDetailPageTests3560">
    <ignored/>
  </testcase> <!-- minLabelIn1HTabTest -->
  <testcase name="eeveeMeasurementTestDurationTextVerificationInIosMeasurementDetailspage" time="0.0" classname="com.connect.fluke.app.tests.MeasurementsHistoryPageTests">
    <ignored/>
  </testcase> <!-- eeveeMeasurementTestDurationTextVerificationInIosMeasurementDetailspage -->
  <testcase name="current1WGraphTabCheck" time="0.0" classname="com.connect.fluke.app.tests.PowerQuality3540CompletedSessionTests">
    <ignored/>
  </testcase> <!-- current1WGraphTabCheck -->
  <testcase name="tHD_THC_THCA_AllGraphTabCheck" time="0.0" classname="com.connect.fluke.app.tests.PowerQuality3540CompletedSessionTests">
    <ignored/>
  </testcase> <!-- tHD_THC_THCA_AllGraphTabCheck -->
  <testcase name="dateValueIn3W1WTabTest" time="0.0" classname="com.connect.fluke.app.tests.SessionDetailPageTests3560">
    <ignored/>
  </testcase> <!-- dateValueIn3W1WTabTest -->
  <testcase name="shareManualMeasurementTest" time="0.0" classname="com.connect.fluke.app.tests.MeasurementsHistoryPageTests">
    <ignored/>
  </testcase> <!-- shareManualMeasurementTest -->
  <testcase name="changeAssetTypeTest" time="0.0" classname="com.connect.fluke.app.tests.AssetsPageTests">
    <ignored/>
  </testcase> <!-- changeAssetTypeTest -->
  <testcase name="powerOverView_Total_1WGraphTabCheck" time="0.0" classname="com.connect.fluke.app.tests.PowerQuality3540CompletedSessionTests">
    <ignored/>
  </testcase> <!-- powerOverView_Total_1WGraphTabCheck -->
  <testcase name="vibrationUnitTest" time="0.0" classname="com.connect.fluke.app.tests.SessionDetailPageTests3560">
    <ignored/>
  </testcase> <!-- vibrationUnitTest -->
  <testcase name="switchTo1WTabTest" time="0.0" classname="com.connect.fluke.app.tests.SessionDetailPageTests3560">
    <ignored/>
  </testcase> <!-- switchTo1WTabTest -->
  <testcase name="voltage1HourGraphTabCheck" time="0.0" classname="com.connect.fluke.app.tests.PowerQuality3540CompletedSessionTests">
    <ignored/>
  </testcase> <!-- voltage1HourGraphTabCheck -->
  <testcase name="sessionTileStatusTest" time="0.0" classname="com.connect.fluke.app.tests.SessionListTests3560">
    <ignored/>
  </testcase> <!-- sessionTileStatusTest -->
  <testcase name="workOrderTypeChangeTest" time="0.0" classname="com.connect.fluke.app.tests.WorkOrderPageTests">
    <ignored/>
  </testcase> <!-- workOrderTypeChangeTest -->
  <testcase name="powerOverView_PhaseB_1HGraphTabCheck" time="0.0" classname="com.connect.fluke.app.tests.PowerQuality3540CompletedSessionTests">
    <ignored/>
  </testcase> <!-- powerOverView_PhaseB_1HGraphTabCheck -->
  <testcase name="vibrationUnitIn8H1HTabTest" time="0.0" classname="com.connect.fluke.app.tests.SessionDetailPageTests3560">
    <ignored/>
  </testcase> <!-- vibrationUnitIn8H1HTabTest -->
  <testcase name="vibrationUnitIn1HTabTest" time="0.0" classname="com.connect.fluke.app.tests.SessionDetailPageTests3560">
    <ignored/>
  </testcase> <!-- vibrationUnitIn1HTabTest -->
  <testcase name="eeveeMeasurementInIosCalculatedResultsNavigationTest" time="0.0" classname="com.connect.fluke.app.tests.MeasurementsHistoryPageTests">
    <ignored/>
  </testcase> <!-- eeveeMeasurementInIosCalculatedResultsNavigationTest -->
  <testcase name="powerOverView_PhaseB_1WGraphTabCheck" time="0.0" classname="com.connect.fluke.app.tests.PowerQuality3540CompletedSessionTests">
    <ignored/>
  </testcase> <!-- powerOverView_PhaseB_1WGraphTabCheck -->
  <testcase name="switchTo3W1WTabTest" time="0.0" classname="com.connect.fluke.app.tests.SessionDetailPageTests3560">
    <ignored/>
  </testcase> <!-- switchTo3W1WTabTest -->
  <testcase name="vibrationUnitInAllTabTest" time="0.0" classname="com.connect.fluke.app.tests.SessionDetailPageTests3560">
    <ignored/>
  </testcase> <!-- vibrationUnitInAllTabTest -->
  <testcase name="vibrationValueIn1W8HTabTest" time="0.0" classname="com.connect.fluke.app.tests.SessionDetailPageTests3560">
    <ignored/>
  </testcase> <!-- vibrationValueIn1W8HTabTest -->
  <testcase name="voltage1DGraphTabCheck" time="0.0" classname="com.connect.fluke.app.tests.PowerQuality3540CompletedSessionTests">
    <ignored/>
  </testcase> <!-- voltage1DGraphTabCheck -->
  <testcase name="voltage1WGraphTabCheck" time="0.0" classname="com.connect.fluke.app.tests.PowerQuality3540CompletedSessionTests">
    <ignored/>
  </testcase> <!-- voltage1WGraphTabCheck -->
  <testcase name="gatewayProvisionTest" time="0.0" classname="com.connect.fluke.app.tests.SessionSetupTests3560">
    <ignored/>
  </testcase> <!-- gatewayProvisionTest -->
  <testcase name="verifyLoggerAuthenticationPage" time="0.0" classname="com.connect.fluke.app.tests.FCCM174XSessionConfigurationTests">
    <ignored/>
  </testcase> <!-- verifyLoggerAuthenticationPage -->
  <testcase name="eeveeMeasurementInAndroidTestConditionTimeLimitValueTest" time="0.0" classname="com.connect.fluke.app.tests.MeasurementsHistoryPageTests">
    <ignored/>
  </testcase> <!-- eeveeMeasurementInAndroidTestConditionTimeLimitValueTest -->
  <testcase name="switchBetweenGraphView" time="0.0" classname="com.connect.fluke.app.tests.PowerQuality3540CompletedSessionTests">
    <ignored/>
  </testcase> <!-- switchBetweenGraphView -->
  <testcase name="captureMeasurementTest" time="0.0" classname="com.connect.fluke.app.tests.HomePageTests">
    <ignored/>
  </testcase> <!-- captureMeasurementTest -->
  <testcase name="recordMeasurementTest" time="0.0" classname="com.connect.fluke.app.tests.CaptureMeasurementsTests">
    <ignored/>
  </testcase> <!-- recordMeasurementTest -->
  <testcase name="viewCelciusInchesGraphTest" time="0.0" classname="com.connect.fluke.app.tests.AssetsPageTests">
    <ignored/>
  </testcase> <!-- viewCelciusInchesGraphTest -->
  <testcase name="assetGroupNameTest" time="0.0" classname="com.connect.fluke.app.tests.SessionDetailPageTests3560">
    <ignored/>
  </testcase> <!-- assetGroupNameTest -->
  <testcase name="sessionStartUserNameTest" time="0.0" classname="com.connect.fluke.app.tests.SessionListTests3560">
    <ignored/>
  </testcase> <!-- sessionStartUserNameTest -->
  <testcase name="frequency1DGraphTabCheck" time="0.0" classname="com.connect.fluke.app.tests.PowerQuality3540CompletedSessionTests">
    <ignored/>
  </testcase> <!-- frequency1DGraphTabCheck -->
  <testcase name="sessionStartTimeTest" time="0.0" classname="com.connect.fluke.app.tests.SessionDetailPageTests3560">
    <ignored/>
  </testcase> <!-- sessionStartTimeTest -->
  <testcase name="eeveeMeasurementInAndroidCalculatedResultsNavigationTest" time="0.0" classname="com.connect.fluke.app.tests.MeasurementsHistoryPageTests">
    <ignored/>
  </testcase> <!-- eeveeMeasurementInAndroidCalculatedResultsNavigationTest -->
  <testcase name="eeveeMeasurementInAndroidTestConditionVoltageValueTest" time="0.0" classname="com.connect.fluke.app.tests.MeasurementsHistoryPageTests">
    <ignored/>
  </testcase> <!-- eeveeMeasurementInAndroidTestConditionVoltageValueTest -->
  <testcase name="eeveeMeasurementPrimaryValueUnitVerificationInAndroidMeasurementDetailspageTest" time="0.0" classname="com.connect.fluke.app.tests.MeasurementsHistoryPageTests">
    <ignored/>
  </testcase> <!-- eeveeMeasurementPrimaryValueUnitVerificationInAndroidMeasurementDetailspageTest -->
  <testcase name="yAxisLabelIn1HTabTest" time="0.0" classname="com.connect.fluke.app.tests.SessionDetailPageTests3560">
    <ignored/>
  </testcase> <!-- yAxisLabelIn1HTabTest -->
  <testcase name="livePollingTest" time="0.0" classname="com.connect.fluke.app.tests.SessionDetailPageTests3550">
    <ignored/>
  </testcase> <!-- livePollingTest -->
  <testcase name="startTimeStaticTextVisibleTest" time="0.0" classname="com.connect.fluke.app.tests.SessionListTests3560">
    <ignored/>
  </testcase> <!-- startTimeStaticTextVisibleTest -->
  <testcase name="captureGroupMeasurementTest" time="0.0" classname="com.connect.fluke.app.tests.CaptureMeasurementsTests">
    <ignored/>
  </testcase> <!-- captureGroupMeasurementTest -->
  <testcase name="verifyRememberUsernamePassword" time="0.0" classname="com.connect.fluke.app.tests.FCCM174XSessionConfigurationTests">
    <ignored/>
  </testcase> <!-- verifyRememberUsernamePassword -->
  <testcase name="powerOverView_PhaseC_1MGraphTabCheck" time="0.0" classname="com.connect.fluke.app.tests.PowerQuality3540CompletedSessionTests">
    <ignored/>
  </testcase> <!-- powerOverView_PhaseC_1MGraphTabCheck -->
  <testcase name="createTestRun" time="0.0" classname="com.connect.fluke.app.tests.JiraTestRunAutomation">
    <ignored/>
  </testcase> <!-- createTestRun -->
  <testcase name="deleteInchesGraphTest" time="0.0" classname="com.connect.fluke.app.tests.AssetsPageTests">
    <ignored/>
  </testcase> <!-- deleteInchesGraphTest -->
  <testcase name="tempratureValueIn3WTabTest" time="0.0" classname="com.connect.fluke.app.tests.SessionDetailPageTests3560">
    <ignored/>
  </testcase> <!-- tempratureValueIn3WTabTest -->
  <testcase name="livePollingTest" time="0.0" classname="com.connect.fluke.app.tests.SessionDetailPageTests3560">
    <ignored/>
  </testcase> <!-- livePollingTest -->
  <testcase name="eeveeMeasurementResistanceValueAndUnitVerificationInIosMeasurementList" time="0.0" classname="com.connect.fluke.app.tests.MeasurementsHistoryPageTests">
    <ignored/>
  </testcase> <!-- eeveeMeasurementResistanceValueAndUnitVerificationInIosMeasurementList -->
  <testcase name="deleteMultipleMeasurementsTest" time="0.0" classname="com.connect.fluke.app.tests.MeasurementsHistoryPageTests">
    <ignored/>
  </testcase> <!-- deleteMultipleMeasurementsTest -->
  <testcase name="eeveeMeasurementInAndroidAssetAssignmentTest" time="0.0" classname="com.connect.fluke.app.tests.MeasurementsHistoryPageTests">
    <ignored/>
  </testcase> <!-- eeveeMeasurementInAndroidAssetAssignmentTest -->
  <testcase name="eeveeMeasurementInIosTestEndedVerificationInDetailsPage" time="0.0" classname="com.connect.fluke.app.tests.MeasurementsHistoryPageTests">
    <ignored/>
  </testcase> <!-- eeveeMeasurementInIosTestEndedVerificationInDetailsPage -->
  <testcase name="tHD_THC_THDA_1HGraphTabCheck" time="0.0" classname="com.connect.fluke.app.tests.PowerQuality3540CompletedSessionTests">
    <ignored/>
  </testcase> <!-- tHD_THC_THDA_1HGraphTabCheck -->
  <testcase name="voltage1MGraphTabCheck" time="0.0" classname="com.connect.fluke.app.tests.PowerQuality3540CompletedSessionTests">
    <ignored/>
  </testcase> <!-- voltage1MGraphTabCheck -->
  <testcase name="switchTo1W8HTabTest" time="0.0" classname="com.connect.fluke.app.tests.SessionDetailPageTests3560">
    <ignored/>
  </testcase> <!-- switchTo1W8HTabTest -->
  <testcase name="vibrationValueIn1HTabTest" time="0.0" classname="com.connect.fluke.app.tests.SessionDetailPageTests3560">
    <ignored/>
  </testcase> <!-- vibrationValueIn1HTabTest -->
  <testcase name="deleteMultipleAssetReportTest" time="0.0" classname="com.connect.fluke.app.tests.ReportsPageTests">
    <ignored/>
  </testcase> <!-- deleteMultipleAssetReportTest -->
  <testcase name="tHD_THC_THDV_AllGraphTabCheck" time="0.0" classname="com.connect.fluke.app.tests.PowerQuality3540CompletedSessionTests">
    <ignored/>
  </testcase> <!-- tHD_THC_THDV_AllGraphTabCheck -->
  <testcase name="addWorkOrderWithMeasurementsTest" time="0.0" classname="com.connect.fluke.app.tests.WorkOrderPageTests">
    <ignored/>
  </testcase> <!-- addWorkOrderWithMeasurementsTest -->
  <testcase name="tempratureUnitIn1HTabTest" time="0.0" classname="com.connect.fluke.app.tests.SessionDetailPageTests3560">
    <ignored/>
  </testcase> <!-- tempratureUnitIn1HTabTest -->
  <testcase name="switchTo8HTabTest" time="0.0" classname="com.connect.fluke.app.tests.SessionDetailPageTests3560">
    <ignored/>
  </testcase> <!-- switchTo8HTabTest -->
  <testcase name="tHD_THC_THDV_1WGraphTabCheck" time="0.0" classname="com.connect.fluke.app.tests.PowerQuality3540CompletedSessionTests">
    <ignored/>
  </testcase> <!-- tHD_THC_THDV_1WGraphTabCheck -->
  <testcase name="scrollGraphLeft1HTab" time="0.0" classname="com.connect.fluke.app.tests.SessionDetailPageTests3560">
    <ignored/>
  </testcase> <!-- scrollGraphLeft1HTab -->
  <testcase name="eeveeMeasurementPrimaryValueVerificationInAndroidMeasurementDetailsTest" time="0.0" classname="com.connect.fluke.app.tests.MeasurementsHistoryPageTests">
    <ignored/>
  </testcase> <!-- eeveeMeasurementPrimaryValueVerificationInAndroidMeasurementDetailsTest -->
  <testcase name="privacyPolicyTest" time="0.0" classname="com.connect.fluke.app.tests.SettingsPageTests">
    <ignored/>
  </testcase> <!-- privacyPolicyTest -->
  <testcase name="vibrationUnitIn1W8HTabTest" time="0.0" classname="com.connect.fluke.app.tests.SessionDetailPageTests3560">
    <ignored/>
  </testcase> <!-- vibrationUnitIn1W8HTabTest -->
  <testcase name="isChartDisplayedTest" time="0.0" classname="com.connect.fluke.app.tests.ThermalImageAnalysisTests">
    <ignored/>
  </testcase> <!-- isChartDisplayedTest -->
  <testcase name="vibrationValueIn8H1HTabTest" time="0.0" classname="com.connect.fluke.app.tests.SessionDetailPageTests3560">
    <ignored/>
  </testcase> <!-- vibrationValueIn8H1HTabTest -->
  <testcase name="workOrderPriorityChangeTest" time="0.0" classname="com.connect.fluke.app.tests.WorkOrderPageTests">
    <ignored/>
  </testcase> <!-- workOrderPriorityChangeTest -->
  <testcase name="eeveeMeasurementInIosDARValueVerificationInDetailsPage" time="0.0" classname="com.connect.fluke.app.tests.MeasurementsHistoryPageTests">
    <ignored/>
  </testcase> <!-- eeveeMeasurementInIosDARValueVerificationInDetailsPage -->
  <testcase name="scrollGraphRight8H1HTab" time="0.0" classname="com.connect.fluke.app.tests.SessionDetailPageTests3560">
    <ignored/>
  </testcase> <!-- scrollGraphRight8H1HTab -->
  <testcase name="tempratureUnitIn3WTabTest" time="0.0" classname="com.connect.fluke.app.tests.SessionDetailPageTests3560">
    <ignored/>
  </testcase> <!-- tempratureUnitIn3WTabTest -->
  <testcase name="addTextNoteToGroupMeasurementTest" time="0.0" classname="com.connect.fluke.app.tests.CaptureMeasurementsTests">
    <ignored/>
  </testcase> <!-- addTextNoteToGroupMeasurementTest -->
</testsuite> <!-- FCCM3550 iOS Session Verification Tests -->
