<html>
<head>
<title>TestNG:  FCCM3560 Web Chrome Session Verification Tests</title>
<link href="../testng.css" rel="stylesheet" type="text/css" />
<link href="../my-testng.css" rel="stylesheet" type="text/css" />

<style type="text/css">
.log { display: none;} 
.stack-trace { display: none;} 
</style>
<script type="text/javascript">
<!--
function flip(e) {
  current = e.style.display;
  if (current == 'block') {
    e.style.display = 'none';
    return 0;
  }
  else {
    e.style.display = 'block';
    return 1;
  }
}

function toggleBox(szDivId, elem, msg1, msg2)
{
  var res = -1;  if (document.getElementById) {
    res = flip(document.getElementById(szDivId));
  }
  else if (document.all) {
    // this is the way old msie versions work
    res = flip(document.all[szDivId]);
  }
  if(elem) {
    if(res == 0) elem.innerHTML = msg1; else elem.innerHTML = msg2;
  }

}

function toggleAllBoxes() {
  if (document.getElementsByTagName) {
    d = document.getElementsByTagName('div');
    for (i = 0; i < d.length; i++) {
      if (d[i].className == 'log') {
        flip(d[i]);
      }
    }
  }
}

// -->
</script>

</head>
<body>
<h2 align='center'>FCCM3560 Web Chrome Session Verification Tests</h2><table border='1' align="center">
<tr>
<td>Tests passed/Failed/Skipped:</td><td>42/10/0</td>
</tr><tr>
<td>Started on:</td><td>Wed Mar 14 12:53:31 IST 2018</td>
</tr>
<tr><td>Total time:</td><td>212 seconds (212313 ms)</td>
</tr><tr>
<td>Included groups:</td><td>3560_session_tests_web </td>
</tr><tr>
<td>Excluded groups:</td><td></td>
</tr>
</table><p/>
<small><i>(Hover the method name to see the test class name)</i></small><p/>
<table width='100%' border='1' class='invocation-failed'>
<tr><td colspan='4' align='center'><b>FAILED TESTS</b></td></tr>
<tr><td><b>Test method</b></td>
<td width="30%"><b>Exception</b></td>
<td width="10%"><b>Time (seconds)</b></td>
<td><b>Instance</b></td>
</tr>
<tr>
<td title='com.connect.fluke.app.tests.FCCM3560SessionDetailPageTests.graphDisplayedTest()'><b>graphDisplayedTest</b><br>Test class: com.connect.fluke.app.tests.FCCM3560SessionDetailPageTests</td>
<td><div><pre>java.lang.AssertionError: No graph object for sensor 0, exception details are: org.openqa.selenium.NoSuchElementException: no such element: Unable to locate element: {&quot;method&quot;:&quot;css selector&quot;,&quot;selector&quot;:&quot;path[stroke-linejoin=&apos;round&apos;]&quot;}
  (Session info: chrome=64.0.3282.186)
  (Driver info: chromedriver=2.35.528157 (4429ca2590d6988c0745c24c8858745aaaec01ef),platform=Mac OS X 10.12.6 x86_64) (WARNING: The server did not provide any stacktrace information)
Command duration or timeout: 0 milliseconds
For documentation on this error, please visit: http://seleniumhq.org/exceptions/no_such_element.html
Build info: version: &apos;3.5.3&apos;, revision: &apos;a88d25fe6b&apos;, time: &apos;2017-08-29T12:42:44.417Z&apos;
System info: host: &apos;m-bang-isharma1&apos;, ip: &apos;fe80:0:0:0:1853:bc70:921a:e3c0%en0&apos;, os.name: &apos;Mac OS X&apos;, os.arch: &apos;x86_64&apos;, os.version: &apos;10.12.6&apos;, java.version: &apos;1.8.0_121&apos;
Driver info: org.openqa.selenium.chrome.ChromeDriver
Capabilities [{mobileEmulationEnabled=false, hasTouchScreen=false, platform=MAC, acceptSslCerts=false, acceptInsecureCerts=false, webStorageEnabled=true, browserName=chrome, takesScreenshot=true, javascriptEnabled=true, platformName=MAC, setWindowRect=true, unexpectedAlertBehaviour=, applicationCacheEnabled=false, rotatable=false, networkConnectionEnabled=false, chrome={chromedriverVersion=2.35.528157 (4429ca2590d6988c0745c24c8858745aaaec01ef), userDataDir=/var/folders/cs/zrclh4hn5l76yn4w38ncnvb00000gp/T/.org.chromium.Chromium.nR4IXc}, takesHeapSnapshot=true, pageLoadStrategy=normal, unhandledPromptBehavior=, databaseEnabled=false, handlesAlerts=true, version=64.0.3282.186, browserConnectionEnabled=false, nativeEvents=true, locationContextEnabled=true, cssSelectorsEnabled=true}]
Session ID: 8f7d1f8c7b9c4894fadcda45f7d481a2
*** Element info: {Using=css selector, value=path[stroke-linejoin=&apos;round&apos;]}
	at com.connect.fluke.app.tests.FCCM3560SessionDetailPageTests.graphDisplayedTest(FCCM3560SessionDetailPageTests.java:317)
... Removed 25 stack frames</pre></div><a href='#' onClick='toggleBox("stack-trace1515403487", this, "Click to show all stack frames", "Click to hide stack frames")'>Click to show all stack frames</a>
<div class='stack-trace' id='stack-trace1515403487'><pre>java.lang.AssertionError: No graph object for sensor 0, exception details are: org.openqa.selenium.NoSuchElementException: no such element: Unable to locate element: {&quot;method&quot;:&quot;css selector&quot;,&quot;selector&quot;:&quot;path[stroke-linejoin=&apos;round&apos;]&quot;}
  (Session info: chrome=64.0.3282.186)
  (Driver info: chromedriver=2.35.528157 (4429ca2590d6988c0745c24c8858745aaaec01ef),platform=Mac OS X 10.12.6 x86_64) (WARNING: The server did not provide any stacktrace information)
Command duration or timeout: 0 milliseconds
For documentation on this error, please visit: http://seleniumhq.org/exceptions/no_such_element.html
Build info: version: &apos;3.5.3&apos;, revision: &apos;a88d25fe6b&apos;, time: &apos;2017-08-29T12:42:44.417Z&apos;
System info: host: &apos;m-bang-isharma1&apos;, ip: &apos;fe80:0:0:0:1853:bc70:921a:e3c0%en0&apos;, os.name: &apos;Mac OS X&apos;, os.arch: &apos;x86_64&apos;, os.version: &apos;10.12.6&apos;, java.version: &apos;1.8.0_121&apos;
Driver info: org.openqa.selenium.chrome.ChromeDriver
Capabilities [{mobileEmulationEnabled=false, hasTouchScreen=false, platform=MAC, acceptSslCerts=false, acceptInsecureCerts=false, webStorageEnabled=true, browserName=chrome, takesScreenshot=true, javascriptEnabled=true, platformName=MAC, setWindowRect=true, unexpectedAlertBehaviour=, applicationCacheEnabled=false, rotatable=false, networkConnectionEnabled=false, chrome={chromedriverVersion=2.35.528157 (4429ca2590d6988c0745c24c8858745aaaec01ef), userDataDir=/var/folders/cs/zrclh4hn5l76yn4w38ncnvb00000gp/T/.org.chromium.Chromium.nR4IXc}, takesHeapSnapshot=true, pageLoadStrategy=normal, unhandledPromptBehavior=, databaseEnabled=false, handlesAlerts=true, version=64.0.3282.186, browserConnectionEnabled=false, nativeEvents=true, locationContextEnabled=true, cssSelectorsEnabled=true}]
Session ID: 8f7d1f8c7b9c4894fadcda45f7d481a2
*** Element info: {Using=css selector, value=path[stroke-linejoin=&apos;round&apos;]}
	at org.testng.Assert.fail(Assert.java:94)
	at com.connect.fluke.app.tests.FCCM3560SessionDetailPageTests.graphDisplayedTest(FCCM3560SessionDetailPageTests.java:317)
	at sun.reflect.NativeMethodAccessorImpl.invoke0(Native Method)
	at sun.reflect.NativeMethodAccessorImpl.invoke(NativeMethodAccessorImpl.java:62)
	at sun.reflect.DelegatingMethodAccessorImpl.invoke(DelegatingMethodAccessorImpl.java:43)
	at java.lang.reflect.Method.invoke(Method.java:498)
	at org.testng.internal.MethodInvocationHelper.invokeMethod(MethodInvocationHelper.java:85)
	at org.testng.internal.Invoker.invokeMethod(Invoker.java:639)
	at org.testng.internal.Invoker.invokeTestMethod(Invoker.java:816)
	at org.testng.internal.Invoker.invokeTestMethods(Invoker.java:1124)
	at org.testng.internal.TestMethodWorker.invokeTestMethods(TestMethodWorker.java:125)
	at org.testng.internal.TestMethodWorker.run(TestMethodWorker.java:108)
	at org.testng.TestRunner.privateRun(TestRunner.java:774)
	at org.testng.TestRunner.run(TestRunner.java:624)
	at org.testng.SuiteRunner.runTest(SuiteRunner.java:359)
	at org.testng.SuiteRunner.runSequentially(SuiteRunner.java:354)
	at org.testng.SuiteRunner.privateRun(SuiteRunner.java:312)
	at org.testng.SuiteRunner.run(SuiteRunner.java:261)
	at org.testng.SuiteRunnerWorker.runSuite(SuiteRunnerWorker.java:52)
	at org.testng.SuiteRunnerWorker.run(SuiteRunnerWorker.java:86)
	at org.testng.TestNG.runSuitesSequentially(TestNG.java:1191)
	at org.testng.TestNG.runSuitesLocally(TestNG.java:1116)
	at org.testng.TestNG.run(TestNG.java:1024)
	at org.testng.remote.AbstractRemoteTestNG.run(AbstractRemoteTestNG.java:114)
	at org.testng.remote.RemoteTestNG.initAndRun(RemoteTestNG.java:251)
	at org.testng.remote.RemoteTestNG.main(RemoteTestNG.java:77)
</pre></div></td>
<td>12</td>
<td>com.connect.fluke.app.tests.FCCM3560SessionDetailPageTests@80169cf</td></tr>
<tr>
<td title='com.connect.fluke.app.tests.FCCM3560SessionDetailPageTests.measurementValueIn1HTabTest()'><b>measurementValueIn1HTabTest</b><br>Test class: com.connect.fluke.app.tests.FCCM3560SessionDetailPageTests</td>
<td><div><pre>java.lang.AssertionError: Live value is coming as stale or too high for sensor 1, exception details are: java.lang.StringIndexOutOfBoundsException: String index out of range: -1
	at com.connect.fluke.app.tests.FCCM3560SessionDetailPageTests.measurementValueIn1HTabTest(FCCM3560SessionDetailPageTests.java:411)
... Removed 25 stack frames</pre></div><a href='#' onClick='toggleBox("stack-trace1499840045", this, "Click to show all stack frames", "Click to hide stack frames")'>Click to show all stack frames</a>
<div class='stack-trace' id='stack-trace1499840045'><pre>java.lang.AssertionError: Live value is coming as stale or too high for sensor 1, exception details are: java.lang.StringIndexOutOfBoundsException: String index out of range: -1
	at org.testng.Assert.fail(Assert.java:94)
	at com.connect.fluke.app.tests.FCCM3560SessionDetailPageTests.measurementValueIn1HTabTest(FCCM3560SessionDetailPageTests.java:411)
	at sun.reflect.NativeMethodAccessorImpl.invoke0(Native Method)
	at sun.reflect.NativeMethodAccessorImpl.invoke(NativeMethodAccessorImpl.java:62)
	at sun.reflect.DelegatingMethodAccessorImpl.invoke(DelegatingMethodAccessorImpl.java:43)
	at java.lang.reflect.Method.invoke(Method.java:498)
	at org.testng.internal.MethodInvocationHelper.invokeMethod(MethodInvocationHelper.java:85)
	at org.testng.internal.Invoker.invokeMethod(Invoker.java:639)
	at org.testng.internal.Invoker.invokeTestMethod(Invoker.java:816)
	at org.testng.internal.Invoker.invokeTestMethods(Invoker.java:1124)
	at org.testng.internal.TestMethodWorker.invokeTestMethods(TestMethodWorker.java:125)
	at org.testng.internal.TestMethodWorker.run(TestMethodWorker.java:108)
	at org.testng.TestRunner.privateRun(TestRunner.java:774)
	at org.testng.TestRunner.run(TestRunner.java:624)
	at org.testng.SuiteRunner.runTest(SuiteRunner.java:359)
	at org.testng.SuiteRunner.runSequentially(SuiteRunner.java:354)
	at org.testng.SuiteRunner.privateRun(SuiteRunner.java:312)
	at org.testng.SuiteRunner.run(SuiteRunner.java:261)
	at org.testng.SuiteRunnerWorker.runSuite(SuiteRunnerWorker.java:52)
	at org.testng.SuiteRunnerWorker.run(SuiteRunnerWorker.java:86)
	at org.testng.TestNG.runSuitesSequentially(TestNG.java:1191)
	at org.testng.TestNG.runSuitesLocally(TestNG.java:1116)
	at org.testng.TestNG.run(TestNG.java:1024)
	at org.testng.remote.AbstractRemoteTestNG.run(AbstractRemoteTestNG.java:114)
	at org.testng.remote.RemoteTestNG.initAndRun(RemoteTestNG.java:251)
	at org.testng.remote.RemoteTestNG.main(RemoteTestNG.java:77)
</pre></div></td>
<td>0</td>
<td>com.connect.fluke.app.tests.FCCM3560SessionDetailPageTests@80169cf</td></tr>
<tr>
<td title='com.connect.fluke.app.tests.FCCM3560SessionDetailPageTests.measurementValueTimestampIsNotEmptyIn1H8HTabTest()'><b>measurementValueTimestampIsNotEmptyIn1H8HTabTest</b><br>Test class: com.connect.fluke.app.tests.FCCM3560SessionDetailPageTests</td>
<td><div><pre>java.lang.AssertionError: Time value format is not accurate 1, exception details are: java.lang.AssertionError: expected [true] but found [false]
	at com.connect.fluke.app.tests.FCCM3560SessionDetailPageTests.measurementValueTimestampIsNotEmptyIn1H8HTabTest(FCCM3560SessionDetailPageTests.java:516)
... Removed 25 stack frames</pre></div><a href='#' onClick='toggleBox("stack-trace1153907750", this, "Click to show all stack frames", "Click to hide stack frames")'>Click to show all stack frames</a>
<div class='stack-trace' id='stack-trace1153907750'><pre>java.lang.AssertionError: Time value format is not accurate 1, exception details are: java.lang.AssertionError: expected [true] but found [false]
	at org.testng.Assert.fail(Assert.java:94)
	at com.connect.fluke.app.tests.FCCM3560SessionDetailPageTests.measurementValueTimestampIsNotEmptyIn1H8HTabTest(FCCM3560SessionDetailPageTests.java:516)
	at sun.reflect.NativeMethodAccessorImpl.invoke0(Native Method)
	at sun.reflect.NativeMethodAccessorImpl.invoke(NativeMethodAccessorImpl.java:62)
	at sun.reflect.DelegatingMethodAccessorImpl.invoke(DelegatingMethodAccessorImpl.java:43)
	at java.lang.reflect.Method.invoke(Method.java:498)
	at org.testng.internal.MethodInvocationHelper.invokeMethod(MethodInvocationHelper.java:85)
	at org.testng.internal.Invoker.invokeMethod(Invoker.java:639)
	at org.testng.internal.Invoker.invokeTestMethod(Invoker.java:816)
	at org.testng.internal.Invoker.invokeTestMethods(Invoker.java:1124)
	at org.testng.internal.TestMethodWorker.invokeTestMethods(TestMethodWorker.java:125)
	at org.testng.internal.TestMethodWorker.run(TestMethodWorker.java:108)
	at org.testng.TestRunner.privateRun(TestRunner.java:774)
	at org.testng.TestRunner.run(TestRunner.java:624)
	at org.testng.SuiteRunner.runTest(SuiteRunner.java:359)
	at org.testng.SuiteRunner.runSequentially(SuiteRunner.java:354)
	at org.testng.SuiteRunner.privateRun(SuiteRunner.java:312)
	at org.testng.SuiteRunner.run(SuiteRunner.java:261)
	at org.testng.SuiteRunnerWorker.runSuite(SuiteRunnerWorker.java:52)
	at org.testng.SuiteRunnerWorker.run(SuiteRunnerWorker.java:86)
	at org.testng.TestNG.runSuitesSequentially(TestNG.java:1191)
	at org.testng.TestNG.runSuitesLocally(TestNG.java:1116)
	at org.testng.TestNG.run(TestNG.java:1024)
	at org.testng.remote.AbstractRemoteTestNG.run(AbstractRemoteTestNG.java:114)
	at org.testng.remote.RemoteTestNG.initAndRun(RemoteTestNG.java:251)
	at org.testng.remote.RemoteTestNG.main(RemoteTestNG.java:77)
</pre></div></td>
<td>0</td>
<td>com.connect.fluke.app.tests.FCCM3560SessionDetailPageTests@80169cf</td></tr>
<tr>
<td title='com.connect.fluke.app.tests.FCCM3560SessionDetailPageTests.measurementValueTimestampIsNotEmptyIn1HTabTest()'><b>measurementValueTimestampIsNotEmptyIn1HTabTest</b><br>Test class: com.connect.fluke.app.tests.FCCM3560SessionDetailPageTests</td>
<td><div><pre>java.lang.AssertionError: Time value format is not accurate 1, exception details are: java.lang.AssertionError: expected [true] but found [false]
	at com.connect.fluke.app.tests.FCCM3560SessionDetailPageTests.measurementValueTimestampIsNotEmptyIn1HTabTest(FCCM3560SessionDetailPageTests.java:443)
... Removed 25 stack frames</pre></div><a href='#' onClick='toggleBox("stack-trace1215904751", this, "Click to show all stack frames", "Click to hide stack frames")'>Click to show all stack frames</a>
<div class='stack-trace' id='stack-trace1215904751'><pre>java.lang.AssertionError: Time value format is not accurate 1, exception details are: java.lang.AssertionError: expected [true] but found [false]
	at org.testng.Assert.fail(Assert.java:94)
	at com.connect.fluke.app.tests.FCCM3560SessionDetailPageTests.measurementValueTimestampIsNotEmptyIn1HTabTest(FCCM3560SessionDetailPageTests.java:443)
	at sun.reflect.NativeMethodAccessorImpl.invoke0(Native Method)
	at sun.reflect.NativeMethodAccessorImpl.invoke(NativeMethodAccessorImpl.java:62)
	at sun.reflect.DelegatingMethodAccessorImpl.invoke(DelegatingMethodAccessorImpl.java:43)
	at java.lang.reflect.Method.invoke(Method.java:498)
	at org.testng.internal.MethodInvocationHelper.invokeMethod(MethodInvocationHelper.java:85)
	at org.testng.internal.Invoker.invokeMethod(Invoker.java:639)
	at org.testng.internal.Invoker.invokeTestMethod(Invoker.java:816)
	at org.testng.internal.Invoker.invokeTestMethods(Invoker.java:1124)
	at org.testng.internal.TestMethodWorker.invokeTestMethods(TestMethodWorker.java:125)
	at org.testng.internal.TestMethodWorker.run(TestMethodWorker.java:108)
	at org.testng.TestRunner.privateRun(TestRunner.java:774)
	at org.testng.TestRunner.run(TestRunner.java:624)
	at org.testng.SuiteRunner.runTest(SuiteRunner.java:359)
	at org.testng.SuiteRunner.runSequentially(SuiteRunner.java:354)
	at org.testng.SuiteRunner.privateRun(SuiteRunner.java:312)
	at org.testng.SuiteRunner.run(SuiteRunner.java:261)
	at org.testng.SuiteRunnerWorker.runSuite(SuiteRunnerWorker.java:52)
	at org.testng.SuiteRunnerWorker.run(SuiteRunnerWorker.java:86)
	at org.testng.TestNG.runSuitesSequentially(TestNG.java:1191)
	at org.testng.TestNG.runSuitesLocally(TestNG.java:1116)
	at org.testng.TestNG.run(TestNG.java:1024)
	at org.testng.remote.AbstractRemoteTestNG.run(AbstractRemoteTestNG.java:114)
	at org.testng.remote.RemoteTestNG.initAndRun(RemoteTestNG.java:251)
	at org.testng.remote.RemoteTestNG.main(RemoteTestNG.java:77)
</pre></div></td>
<td>0</td>
<td>com.connect.fluke.app.tests.FCCM3560SessionDetailPageTests@80169cf</td></tr>
<tr>
<td title='com.connect.fluke.app.tests.FCCM3560SessionDetailPageTests.measurementValueTimestampIsNotEmptyIn1W3WTabTest()'><b>measurementValueTimestampIsNotEmptyIn1W3WTabTest</b><br>Test class: com.connect.fluke.app.tests.FCCM3560SessionDetailPageTests</td>
<td><div><pre>java.lang.AssertionError: Time value format is not accurate 1, exception details are: java.lang.AssertionError: expected [true] but found [false]
	at com.connect.fluke.app.tests.FCCM3560SessionDetailPageTests.measurementValueTimestampIsNotEmptyIn1W3WTabTest(FCCM3560SessionDetailPageTests.java:662)
... Removed 25 stack frames</pre></div><a href='#' onClick='toggleBox("stack-trace1201466784", this, "Click to show all stack frames", "Click to hide stack frames")'>Click to show all stack frames</a>
<div class='stack-trace' id='stack-trace1201466784'><pre>java.lang.AssertionError: Time value format is not accurate 1, exception details are: java.lang.AssertionError: expected [true] but found [false]
	at org.testng.Assert.fail(Assert.java:94)
	at com.connect.fluke.app.tests.FCCM3560SessionDetailPageTests.measurementValueTimestampIsNotEmptyIn1W3WTabTest(FCCM3560SessionDetailPageTests.java:662)
	at sun.reflect.NativeMethodAccessorImpl.invoke0(Native Method)
	at sun.reflect.NativeMethodAccessorImpl.invoke(NativeMethodAccessorImpl.java:62)
	at sun.reflect.DelegatingMethodAccessorImpl.invoke(DelegatingMethodAccessorImpl.java:43)
	at java.lang.reflect.Method.invoke(Method.java:498)
	at org.testng.internal.MethodInvocationHelper.invokeMethod(MethodInvocationHelper.java:85)
	at org.testng.internal.Invoker.invokeMethod(Invoker.java:639)
	at org.testng.internal.Invoker.invokeTestMethod(Invoker.java:816)
	at org.testng.internal.Invoker.invokeTestMethods(Invoker.java:1124)
	at org.testng.internal.TestMethodWorker.invokeTestMethods(TestMethodWorker.java:125)
	at org.testng.internal.TestMethodWorker.run(TestMethodWorker.java:108)
	at org.testng.TestRunner.privateRun(TestRunner.java:774)
	at org.testng.TestRunner.run(TestRunner.java:624)
	at org.testng.SuiteRunner.runTest(SuiteRunner.java:359)
	at org.testng.SuiteRunner.runSequentially(SuiteRunner.java:354)
	at org.testng.SuiteRunner.privateRun(SuiteRunner.java:312)
	at org.testng.SuiteRunner.run(SuiteRunner.java:261)
	at org.testng.SuiteRunnerWorker.runSuite(SuiteRunnerWorker.java:52)
	at org.testng.SuiteRunnerWorker.run(SuiteRunnerWorker.java:86)
	at org.testng.TestNG.runSuitesSequentially(TestNG.java:1191)
	at org.testng.TestNG.runSuitesLocally(TestNG.java:1116)
	at org.testng.TestNG.run(TestNG.java:1024)
	at org.testng.remote.AbstractRemoteTestNG.run(AbstractRemoteTestNG.java:114)
	at org.testng.remote.RemoteTestNG.initAndRun(RemoteTestNG.java:251)
	at org.testng.remote.RemoteTestNG.main(RemoteTestNG.java:77)
</pre></div></td>
<td>0</td>
<td>com.connect.fluke.app.tests.FCCM3560SessionDetailPageTests@80169cf</td></tr>
<tr>
<td title='com.connect.fluke.app.tests.FCCM3560SessionDetailPageTests.measurementValueTimestampIsNotEmptyIn1W8HTabTest()'><b>measurementValueTimestampIsNotEmptyIn1W8HTabTest</b><br>Test class: com.connect.fluke.app.tests.FCCM3560SessionDetailPageTests</td>
<td><div><pre>java.lang.AssertionError: Time value format is not accurate 1, exception details are: java.lang.AssertionError: expected [true] but found [false]
	at com.connect.fluke.app.tests.FCCM3560SessionDetailPageTests.measurementValueTimestampIsNotEmptyIn1W8HTabTest(FCCM3560SessionDetailPageTests.java:808)
... Removed 25 stack frames</pre></div><a href='#' onClick='toggleBox("stack-trace826865256", this, "Click to show all stack frames", "Click to hide stack frames")'>Click to show all stack frames</a>
<div class='stack-trace' id='stack-trace826865256'><pre>java.lang.AssertionError: Time value format is not accurate 1, exception details are: java.lang.AssertionError: expected [true] but found [false]
	at org.testng.Assert.fail(Assert.java:94)
	at com.connect.fluke.app.tests.FCCM3560SessionDetailPageTests.measurementValueTimestampIsNotEmptyIn1W8HTabTest(FCCM3560SessionDetailPageTests.java:808)
	at sun.reflect.NativeMethodAccessorImpl.invoke0(Native Method)
	at sun.reflect.NativeMethodAccessorImpl.invoke(NativeMethodAccessorImpl.java:62)
	at sun.reflect.DelegatingMethodAccessorImpl.invoke(DelegatingMethodAccessorImpl.java:43)
	at java.lang.reflect.Method.invoke(Method.java:498)
	at org.testng.internal.MethodInvocationHelper.invokeMethod(MethodInvocationHelper.java:85)
	at org.testng.internal.Invoker.invokeMethod(Invoker.java:639)
	at org.testng.internal.Invoker.invokeTestMethod(Invoker.java:816)
	at org.testng.internal.Invoker.invokeTestMethods(Invoker.java:1124)
	at org.testng.internal.TestMethodWorker.invokeTestMethods(TestMethodWorker.java:125)
	at org.testng.internal.TestMethodWorker.run(TestMethodWorker.java:108)
	at org.testng.TestRunner.privateRun(TestRunner.java:774)
	at org.testng.TestRunner.run(TestRunner.java:624)
	at org.testng.SuiteRunner.runTest(SuiteRunner.java:359)
	at org.testng.SuiteRunner.runSequentially(SuiteRunner.java:354)
	at org.testng.SuiteRunner.privateRun(SuiteRunner.java:312)
	at org.testng.SuiteRunner.run(SuiteRunner.java:261)
	at org.testng.SuiteRunnerWorker.runSuite(SuiteRunnerWorker.java:52)
	at org.testng.SuiteRunnerWorker.run(SuiteRunnerWorker.java:86)
	at org.testng.TestNG.runSuitesSequentially(TestNG.java:1191)
	at org.testng.TestNG.runSuitesLocally(TestNG.java:1116)
	at org.testng.TestNG.run(TestNG.java:1024)
	at org.testng.remote.AbstractRemoteTestNG.run(AbstractRemoteTestNG.java:114)
	at org.testng.remote.RemoteTestNG.initAndRun(RemoteTestNG.java:251)
	at org.testng.remote.RemoteTestNG.main(RemoteTestNG.java:77)
</pre></div></td>
<td>0</td>
<td>com.connect.fluke.app.tests.FCCM3560SessionDetailPageTests@80169cf</td></tr>
<tr>
<td title='com.connect.fluke.app.tests.FCCM3560SessionDetailPageTests.measurementValueTimestampIsNotEmptyIn3W1WTabTest()'><b>measurementValueTimestampIsNotEmptyIn3W1WTabTest</b><br>Test class: com.connect.fluke.app.tests.FCCM3560SessionDetailPageTests</td>
<td><div><pre>java.lang.AssertionError: Time value format is not accurate 1, exception details are: java.lang.AssertionError: expected [true] but found [false]
	at com.connect.fluke.app.tests.FCCM3560SessionDetailPageTests.measurementValueTimestampIsNotEmptyIn3W1WTabTest(FCCM3560SessionDetailPageTests.java:735)
... Removed 25 stack frames</pre></div><a href='#' onClick='toggleBox("stack-trace951741667", this, "Click to show all stack frames", "Click to hide stack frames")'>Click to show all stack frames</a>
<div class='stack-trace' id='stack-trace951741667'><pre>java.lang.AssertionError: Time value format is not accurate 1, exception details are: java.lang.AssertionError: expected [true] but found [false]
	at org.testng.Assert.fail(Assert.java:94)
	at com.connect.fluke.app.tests.FCCM3560SessionDetailPageTests.measurementValueTimestampIsNotEmptyIn3W1WTabTest(FCCM3560SessionDetailPageTests.java:735)
	at sun.reflect.NativeMethodAccessorImpl.invoke0(Native Method)
	at sun.reflect.NativeMethodAccessorImpl.invoke(NativeMethodAccessorImpl.java:62)
	at sun.reflect.DelegatingMethodAccessorImpl.invoke(DelegatingMethodAccessorImpl.java:43)
	at java.lang.reflect.Method.invoke(Method.java:498)
	at org.testng.internal.MethodInvocationHelper.invokeMethod(MethodInvocationHelper.java:85)
	at org.testng.internal.Invoker.invokeMethod(Invoker.java:639)
	at org.testng.internal.Invoker.invokeTestMethod(Invoker.java:816)
	at org.testng.internal.Invoker.invokeTestMethods(Invoker.java:1124)
	at org.testng.internal.TestMethodWorker.invokeTestMethods(TestMethodWorker.java:125)
	at org.testng.internal.TestMethodWorker.run(TestMethodWorker.java:108)
	at org.testng.TestRunner.privateRun(TestRunner.java:774)
	at org.testng.TestRunner.run(TestRunner.java:624)
	at org.testng.SuiteRunner.runTest(SuiteRunner.java:359)
	at org.testng.SuiteRunner.runSequentially(SuiteRunner.java:354)
	at org.testng.SuiteRunner.privateRun(SuiteRunner.java:312)
	at org.testng.SuiteRunner.run(SuiteRunner.java:261)
	at org.testng.SuiteRunnerWorker.runSuite(SuiteRunnerWorker.java:52)
	at org.testng.SuiteRunnerWorker.run(SuiteRunnerWorker.java:86)
	at org.testng.TestNG.runSuitesSequentially(TestNG.java:1191)
	at org.testng.TestNG.runSuitesLocally(TestNG.java:1116)
	at org.testng.TestNG.run(TestNG.java:1024)
	at org.testng.remote.AbstractRemoteTestNG.run(AbstractRemoteTestNG.java:114)
	at org.testng.remote.RemoteTestNG.initAndRun(RemoteTestNG.java:251)
	at org.testng.remote.RemoteTestNG.main(RemoteTestNG.java:77)
</pre></div></td>
<td>0</td>
<td>com.connect.fluke.app.tests.FCCM3560SessionDetailPageTests@80169cf</td></tr>
<tr>
<td title='com.connect.fluke.app.tests.FCCM3560SessionDetailPageTests.measurementValueTimestampIsNotEmptyIn8H1HTabTest()'><b>measurementValueTimestampIsNotEmptyIn8H1HTabTest</b><br>Test class: com.connect.fluke.app.tests.FCCM3560SessionDetailPageTests</td>
<td><div><pre>java.lang.AssertionError: Time value format is not accurate 1, exception details are: java.lang.AssertionError: expected [true] but found [false]
	at com.connect.fluke.app.tests.FCCM3560SessionDetailPageTests.measurementValueTimestampIsNotEmptyIn8H1HTabTest(FCCM3560SessionDetailPageTests.java:881)
... Removed 25 stack frames</pre></div><a href='#' onClick='toggleBox("stack-trace1508059488", this, "Click to show all stack frames", "Click to hide stack frames")'>Click to show all stack frames</a>
<div class='stack-trace' id='stack-trace1508059488'><pre>java.lang.AssertionError: Time value format is not accurate 1, exception details are: java.lang.AssertionError: expected [true] but found [false]
	at org.testng.Assert.fail(Assert.java:94)
	at com.connect.fluke.app.tests.FCCM3560SessionDetailPageTests.measurementValueTimestampIsNotEmptyIn8H1HTabTest(FCCM3560SessionDetailPageTests.java:881)
	at sun.reflect.NativeMethodAccessorImpl.invoke0(Native Method)
	at sun.reflect.NativeMethodAccessorImpl.invoke(NativeMethodAccessorImpl.java:62)
	at sun.reflect.DelegatingMethodAccessorImpl.invoke(DelegatingMethodAccessorImpl.java:43)
	at java.lang.reflect.Method.invoke(Method.java:498)
	at org.testng.internal.MethodInvocationHelper.invokeMethod(MethodInvocationHelper.java:85)
	at org.testng.internal.Invoker.invokeMethod(Invoker.java:639)
	at org.testng.internal.Invoker.invokeTestMethod(Invoker.java:816)
	at org.testng.internal.Invoker.invokeTestMethods(Invoker.java:1124)
	at org.testng.internal.TestMethodWorker.invokeTestMethods(TestMethodWorker.java:125)
	at org.testng.internal.TestMethodWorker.run(TestMethodWorker.java:108)
	at org.testng.TestRunner.privateRun(TestRunner.java:774)
	at org.testng.TestRunner.run(TestRunner.java:624)
	at org.testng.SuiteRunner.runTest(SuiteRunner.java:359)
	at org.testng.SuiteRunner.runSequentially(SuiteRunner.java:354)
	at org.testng.SuiteRunner.privateRun(SuiteRunner.java:312)
	at org.testng.SuiteRunner.run(SuiteRunner.java:261)
	at org.testng.SuiteRunnerWorker.runSuite(SuiteRunnerWorker.java:52)
	at org.testng.SuiteRunnerWorker.run(SuiteRunnerWorker.java:86)
	at org.testng.TestNG.runSuitesSequentially(TestNG.java:1191)
	at org.testng.TestNG.runSuitesLocally(TestNG.java:1116)
	at org.testng.TestNG.run(TestNG.java:1024)
	at org.testng.remote.AbstractRemoteTestNG.run(AbstractRemoteTestNG.java:114)
	at org.testng.remote.RemoteTestNG.initAndRun(RemoteTestNG.java:251)
	at org.testng.remote.RemoteTestNG.main(RemoteTestNG.java:77)
</pre></div></td>
<td>0</td>
<td>com.connect.fluke.app.tests.FCCM3560SessionDetailPageTests@80169cf</td></tr>
<tr>
<td title='com.connect.fluke.app.tests.FCCM3560SessionDetailPageTests.measurementValueTimestampIsNotEmptyIn8H1WTabTest()'><b>measurementValueTimestampIsNotEmptyIn8H1WTabTest</b><br>Test class: com.connect.fluke.app.tests.FCCM3560SessionDetailPageTests</td>
<td><div><pre>java.lang.AssertionError: Time value format is not accurate 1, exception details are: java.lang.AssertionError: expected [true] but found [false]
	at com.connect.fluke.app.tests.FCCM3560SessionDetailPageTests.measurementValueTimestampIsNotEmptyIn8H1WTabTest(FCCM3560SessionDetailPageTests.java:589)
... Removed 25 stack frames</pre></div><a href='#' onClick='toggleBox("stack-trace1100399456", this, "Click to show all stack frames", "Click to hide stack frames")'>Click to show all stack frames</a>
<div class='stack-trace' id='stack-trace1100399456'><pre>java.lang.AssertionError: Time value format is not accurate 1, exception details are: java.lang.AssertionError: expected [true] but found [false]
	at org.testng.Assert.fail(Assert.java:94)
	at com.connect.fluke.app.tests.FCCM3560SessionDetailPageTests.measurementValueTimestampIsNotEmptyIn8H1WTabTest(FCCM3560SessionDetailPageTests.java:589)
	at sun.reflect.NativeMethodAccessorImpl.invoke0(Native Method)
	at sun.reflect.NativeMethodAccessorImpl.invoke(NativeMethodAccessorImpl.java:62)
	at sun.reflect.DelegatingMethodAccessorImpl.invoke(DelegatingMethodAccessorImpl.java:43)
	at java.lang.reflect.Method.invoke(Method.java:498)
	at org.testng.internal.MethodInvocationHelper.invokeMethod(MethodInvocationHelper.java:85)
	at org.testng.internal.Invoker.invokeMethod(Invoker.java:639)
	at org.testng.internal.Invoker.invokeTestMethod(Invoker.java:816)
	at org.testng.internal.Invoker.invokeTestMethods(Invoker.java:1124)
	at org.testng.internal.TestMethodWorker.invokeTestMethods(TestMethodWorker.java:125)
	at org.testng.internal.TestMethodWorker.run(TestMethodWorker.java:108)
	at org.testng.TestRunner.privateRun(TestRunner.java:774)
	at org.testng.TestRunner.run(TestRunner.java:624)
	at org.testng.SuiteRunner.runTest(SuiteRunner.java:359)
	at org.testng.SuiteRunner.runSequentially(SuiteRunner.java:354)
	at org.testng.SuiteRunner.privateRun(SuiteRunner.java:312)
	at org.testng.SuiteRunner.run(SuiteRunner.java:261)
	at org.testng.SuiteRunnerWorker.runSuite(SuiteRunnerWorker.java:52)
	at org.testng.SuiteRunnerWorker.run(SuiteRunnerWorker.java:86)
	at org.testng.TestNG.runSuitesSequentially(TestNG.java:1191)
	at org.testng.TestNG.runSuitesLocally(TestNG.java:1116)
	at org.testng.TestNG.run(TestNG.java:1024)
	at org.testng.remote.AbstractRemoteTestNG.run(AbstractRemoteTestNG.java:114)
	at org.testng.remote.RemoteTestNG.initAndRun(RemoteTestNG.java:251)
	at org.testng.remote.RemoteTestNG.main(RemoteTestNG.java:77)
</pre></div></td>
<td>0</td>
<td>com.connect.fluke.app.tests.FCCM3560SessionDetailPageTests@80169cf</td></tr>
<tr>
<td title='com.connect.fluke.app.tests.FCCM3560SessionDetailPageTests.unitInMeasurementValueIn1HTabTest()'><b>unitInMeasurementValueIn1HTabTest</b><br>Test class: com.connect.fluke.app.tests.FCCM3560SessionDetailPageTests</td>
<td><div><pre>java.lang.AssertionError: Unit is not accurate 1, exception details are: java.lang.AssertionError: expected [true] but found [false]
	at com.connect.fluke.app.tests.FCCM3560SessionDetailPageTests.unitInMeasurementValueIn1HTabTest(FCCM3560SessionDetailPageTests.java:427)
... Removed 25 stack frames</pre></div><a href='#' onClick='toggleBox("stack-trace999230073", this, "Click to show all stack frames", "Click to hide stack frames")'>Click to show all stack frames</a>
<div class='stack-trace' id='stack-trace999230073'><pre>java.lang.AssertionError: Unit is not accurate 1, exception details are: java.lang.AssertionError: expected [true] but found [false]
	at org.testng.Assert.fail(Assert.java:94)
	at com.connect.fluke.app.tests.FCCM3560SessionDetailPageTests.unitInMeasurementValueIn1HTabTest(FCCM3560SessionDetailPageTests.java:427)
	at sun.reflect.NativeMethodAccessorImpl.invoke0(Native Method)
	at sun.reflect.NativeMethodAccessorImpl.invoke(NativeMethodAccessorImpl.java:62)
	at sun.reflect.DelegatingMethodAccessorImpl.invoke(DelegatingMethodAccessorImpl.java:43)
	at java.lang.reflect.Method.invoke(Method.java:498)
	at org.testng.internal.MethodInvocationHelper.invokeMethod(MethodInvocationHelper.java:85)
	at org.testng.internal.Invoker.invokeMethod(Invoker.java:639)
	at org.testng.internal.Invoker.invokeTestMethod(Invoker.java:816)
	at org.testng.internal.Invoker.invokeTestMethods(Invoker.java:1124)
	at org.testng.internal.TestMethodWorker.invokeTestMethods(TestMethodWorker.java:125)
	at org.testng.internal.TestMethodWorker.run(TestMethodWorker.java:108)
	at org.testng.TestRunner.privateRun(TestRunner.java:774)
	at org.testng.TestRunner.run(TestRunner.java:624)
	at org.testng.SuiteRunner.runTest(SuiteRunner.java:359)
	at org.testng.SuiteRunner.runSequentially(SuiteRunner.java:354)
	at org.testng.SuiteRunner.privateRun(SuiteRunner.java:312)
	at org.testng.SuiteRunner.run(SuiteRunner.java:261)
	at org.testng.SuiteRunnerWorker.runSuite(SuiteRunnerWorker.java:52)
	at org.testng.SuiteRunnerWorker.run(SuiteRunnerWorker.java:86)
	at org.testng.TestNG.runSuitesSequentially(TestNG.java:1191)
	at org.testng.TestNG.runSuitesLocally(TestNG.java:1116)
	at org.testng.TestNG.run(TestNG.java:1024)
	at org.testng.remote.AbstractRemoteTestNG.run(AbstractRemoteTestNG.java:114)
	at org.testng.remote.RemoteTestNG.initAndRun(RemoteTestNG.java:251)
	at org.testng.remote.RemoteTestNG.main(RemoteTestNG.java:77)
</pre></div></td>
<td>0</td>
<td>com.connect.fluke.app.tests.FCCM3560SessionDetailPageTests@80169cf</td></tr>
</table><p>
<table width='100%' border='1' class='invocation-passed'>
<tr><td colspan='4' align='center'><b>PASSED TESTS</b></td></tr>
<tr><td><b>Test method</b></td>
<td width="30%"><b>Exception</b></td>
<td width="10%"><b>Time (seconds)</b></td>
<td><b>Instance</b></td>
</tr>
<tr>
<td title='com.connect.fluke.app.tests.FCCM3560SessionDetailPageTests.assetGroupNameTest()'><b>assetGroupNameTest</b><br>Test class: com.connect.fluke.app.tests.FCCM3560SessionDetailPageTests</td>
<td></td>
<td>0</td>
<td>com.connect.fluke.app.tests.FCCM3560SessionDetailPageTests@80169cf</td></tr>
<tr>
<td title='com.connect.fluke.app.tests.FCCM3560SessionDetailPageTests.assetNameTest()'><b>assetNameTest</b><br>Test class: com.connect.fluke.app.tests.FCCM3560SessionDetailPageTests</td>
<td></td>
<td>0</td>
<td>com.connect.fluke.app.tests.FCCM3560SessionDetailPageTests@80169cf</td></tr>
<tr>
<td title='com.connect.fluke.app.tests.FCCM3560ActiveMonitoringSessionTests.gateWayNameTest()'><b>gateWayNameTest</b><br>Test class: com.connect.fluke.app.tests.FCCM3560ActiveMonitoringSessionTests</td>
<td></td>
<td>0</td>
<td>com.connect.fluke.app.tests.FCCM3560ActiveMonitoringSessionTests@73d4cc9e</td></tr>
<tr>
<td title='com.connect.fluke.app.tests.FCCM3560SessionDetailPageTests.gateWayNameTest()'><b>gateWayNameTest</b><br>Test class: com.connect.fluke.app.tests.FCCM3560SessionDetailPageTests</td>
<td></td>
<td>0</td>
<td>com.connect.fluke.app.tests.FCCM3560SessionDetailPageTests@80169cf</td></tr>
<tr>
<td title='com.connect.fluke.app.tests.FCCM3560SessionDetailPageTests.machineLearningMessageTest()'><b>machineLearningMessageTest</b><br>Test class: com.connect.fluke.app.tests.FCCM3560SessionDetailPageTests</td>
<td></td>
<td>10</td>
<td>com.connect.fluke.app.tests.FCCM3560SessionDetailPageTests@80169cf</td></tr>
<tr>
<td title='com.connect.fluke.app.tests.FCCM3560SessionDetailPageTests.maxLabelIn1HTabTest()'><b>maxLabelIn1HTabTest</b><br>Test class: com.connect.fluke.app.tests.FCCM3560SessionDetailPageTests</td>
<td></td>
<td>0</td>
<td>com.connect.fluke.app.tests.FCCM3560SessionDetailPageTests@80169cf</td></tr>
<tr>
<td title='com.connect.fluke.app.tests.FCCM3560SessionDetailPageTests.measurementValueIn1H8HTabTest()'><b>measurementValueIn1H8HTabTest</b><br>Test class: com.connect.fluke.app.tests.FCCM3560SessionDetailPageTests</td>
<td></td>
<td>0</td>
<td>com.connect.fluke.app.tests.FCCM3560SessionDetailPageTests@80169cf</td></tr>
<tr>
<td title='com.connect.fluke.app.tests.FCCM3560SessionDetailPageTests.measurementValueIn1W3WTabTest()'><b>measurementValueIn1W3WTabTest</b><br>Test class: com.connect.fluke.app.tests.FCCM3560SessionDetailPageTests</td>
<td></td>
<td>0</td>
<td>com.connect.fluke.app.tests.FCCM3560SessionDetailPageTests@80169cf</td></tr>
<tr>
<td title='com.connect.fluke.app.tests.FCCM3560SessionDetailPageTests.measurementValueIn1W8HTabTest()'><b>measurementValueIn1W8HTabTest</b><br>Test class: com.connect.fluke.app.tests.FCCM3560SessionDetailPageTests</td>
<td></td>
<td>0</td>
<td>com.connect.fluke.app.tests.FCCM3560SessionDetailPageTests@80169cf</td></tr>
<tr>
<td title='com.connect.fluke.app.tests.FCCM3560SessionDetailPageTests.measurementValueIn3W1WTabTest()'><b>measurementValueIn3W1WTabTest</b><br>Test class: com.connect.fluke.app.tests.FCCM3560SessionDetailPageTests</td>
<td></td>
<td>0</td>
<td>com.connect.fluke.app.tests.FCCM3560SessionDetailPageTests@80169cf</td></tr>
<tr>
<td title='com.connect.fluke.app.tests.FCCM3560SessionDetailPageTests.measurementValueIn8H1HTabTest()'><b>measurementValueIn8H1HTabTest</b><br>Test class: com.connect.fluke.app.tests.FCCM3560SessionDetailPageTests</td>
<td></td>
<td>0</td>
<td>com.connect.fluke.app.tests.FCCM3560SessionDetailPageTests@80169cf</td></tr>
<tr>
<td title='com.connect.fluke.app.tests.FCCM3560SessionDetailPageTests.measurementValueIn8H1WTabTest()'><b>measurementValueIn8H1WTabTest</b><br>Test class: com.connect.fluke.app.tests.FCCM3560SessionDetailPageTests</td>
<td></td>
<td>0</td>
<td>com.connect.fluke.app.tests.FCCM3560SessionDetailPageTests@80169cf</td></tr>
<tr>
<td title='com.connect.fluke.app.tests.FCCM3560SessionDetailPageTests.minLabelIn1HTabTest()'><b>minLabelIn1HTabTest</b><br>Test class: com.connect.fluke.app.tests.FCCM3560SessionDetailPageTests</td>
<td></td>
<td>0</td>
<td>com.connect.fluke.app.tests.FCCM3560SessionDetailPageTests@80169cf</td></tr>
<tr>
<td title='com.connect.fluke.app.tests.FCCM3560ActiveMonitoringSessionTests.sensorCountAndTypeTest()'><b>sensorCountAndTypeTest</b><br>Test class: com.connect.fluke.app.tests.FCCM3560ActiveMonitoringSessionTests</td>
<td></td>
<td>0</td>
<td>com.connect.fluke.app.tests.FCCM3560ActiveMonitoringSessionTests@73d4cc9e</td></tr>
<tr>
<td title='com.connect.fluke.app.tests.FCCM3560ActiveMonitoringSessionTests.sensorsStaticTextVisibleTest()'><b>sensorsStaticTextVisibleTest</b><br>Test class: com.connect.fluke.app.tests.FCCM3560ActiveMonitoringSessionTests</td>
<td></td>
<td>0</td>
<td>com.connect.fluke.app.tests.FCCM3560ActiveMonitoringSessionTests@73d4cc9e</td></tr>
<tr>
<td title='com.connect.fluke.app.tests.FCCM3560ActiveMonitoringSessionTests.sessionStartTimeTest()'><b>sessionStartTimeTest</b><br>Test class: com.connect.fluke.app.tests.FCCM3560ActiveMonitoringSessionTests</td>
<td></td>
<td>0</td>
<td>com.connect.fluke.app.tests.FCCM3560ActiveMonitoringSessionTests@73d4cc9e</td></tr>
<tr>
<td title='com.connect.fluke.app.tests.FCCM3560SessionDetailPageTests.sessionStartTimeTest()'><b>sessionStartTimeTest</b><br>Test class: com.connect.fluke.app.tests.FCCM3560SessionDetailPageTests</td>
<td></td>
<td>0</td>
<td>com.connect.fluke.app.tests.FCCM3560SessionDetailPageTests@80169cf</td></tr>
<tr>
<td title='com.connect.fluke.app.tests.FCCM3560ActiveMonitoringSessionTests.sessionStartUserNameTest()'><b>sessionStartUserNameTest</b><br>Test class: com.connect.fluke.app.tests.FCCM3560ActiveMonitoringSessionTests</td>
<td></td>
<td>0</td>
<td>com.connect.fluke.app.tests.FCCM3560ActiveMonitoringSessionTests@73d4cc9e</td></tr>
<tr>
<td title='com.connect.fluke.app.tests.FCCM3560SessionDetailPageTests.sessionStartUserNameTest()'><b>sessionStartUserNameTest</b><br>Test class: com.connect.fluke.app.tests.FCCM3560SessionDetailPageTests</td>
<td></td>
<td>0</td>
<td>com.connect.fluke.app.tests.FCCM3560SessionDetailPageTests@80169cf</td></tr>
<tr>
<td title='com.connect.fluke.app.tests.FCCM3560ActiveMonitoringSessionTests.sessionTileStatusTest()'><b>sessionTileStatusTest</b><br>Test class: com.connect.fluke.app.tests.FCCM3560ActiveMonitoringSessionTests</td>
<td></td>
<td>0</td>
<td>com.connect.fluke.app.tests.FCCM3560ActiveMonitoringSessionTests@73d4cc9e</td></tr>
<tr>
<td title='com.connect.fluke.app.tests.FCCM3560SessionDetailPageTests.sessionTileStatusTest()'><b>sessionTileStatusTest</b><br>Test class: com.connect.fluke.app.tests.FCCM3560SessionDetailPageTests</td>
<td></td>
<td>0</td>
<td>com.connect.fluke.app.tests.FCCM3560SessionDetailPageTests@80169cf</td></tr>
<tr>
<td title='com.connect.fluke.app.tests.FCCM3560ActiveMonitoringSessionTests.sessionTileVisibleTest()'><b>sessionTileVisibleTest</b><br>Test class: com.connect.fluke.app.tests.FCCM3560ActiveMonitoringSessionTests</td>
<td></td>
<td>0</td>
<td>com.connect.fluke.app.tests.FCCM3560ActiveMonitoringSessionTests@73d4cc9e</td></tr>
<tr>
<td title='com.connect.fluke.app.tests.FCCM3560ActiveMonitoringSessionTests.startTimeStaticTextVisibleTest()'><b>startTimeStaticTextVisibleTest</b><br>Test class: com.connect.fluke.app.tests.FCCM3560ActiveMonitoringSessionTests</td>
<td></td>
<td>0</td>
<td>com.connect.fluke.app.tests.FCCM3560ActiveMonitoringSessionTests@73d4cc9e</td></tr>
<tr>
<td title='com.connect.fluke.app.tests.FCCM3560SessionDetailPageTests.startTimeStaticTextVisibleTest()'><b>startTimeStaticTextVisibleTest</b><br>Test class: com.connect.fluke.app.tests.FCCM3560SessionDetailPageTests</td>
<td></td>
<td>0</td>
<td>com.connect.fluke.app.tests.FCCM3560SessionDetailPageTests@80169cf</td></tr>
<tr>
<td title='com.connect.fluke.app.tests.FCCM3560SessionDetailPageTests.switchTo1H8HTabTest()'><b>switchTo1H8HTabTest</b><br>Test class: com.connect.fluke.app.tests.FCCM3560SessionDetailPageTests</td>
<td></td>
<td>10</td>
<td>com.connect.fluke.app.tests.FCCM3560SessionDetailPageTests@80169cf</td></tr>
<tr>
<td title='com.connect.fluke.app.tests.FCCM3560SessionDetailPageTests.switchTo1W3WTabTest()'><b>switchTo1W3WTabTest</b><br>Test class: com.connect.fluke.app.tests.FCCM3560SessionDetailPageTests</td>
<td></td>
<td>10</td>
<td>com.connect.fluke.app.tests.FCCM3560SessionDetailPageTests@80169cf</td></tr>
<tr>
<td title='com.connect.fluke.app.tests.FCCM3560SessionDetailPageTests.switchTo1W8HTabTest()'><b>switchTo1W8HTabTest</b><br>Test class: com.connect.fluke.app.tests.FCCM3560SessionDetailPageTests</td>
<td></td>
<td>10</td>
<td>com.connect.fluke.app.tests.FCCM3560SessionDetailPageTests@80169cf</td></tr>
<tr>
<td title='com.connect.fluke.app.tests.FCCM3560SessionDetailPageTests.switchTo3W1WTabTest()'><b>switchTo3W1WTabTest</b><br>Test class: com.connect.fluke.app.tests.FCCM3560SessionDetailPageTests</td>
<td></td>
<td>10</td>
<td>com.connect.fluke.app.tests.FCCM3560SessionDetailPageTests@80169cf</td></tr>
<tr>
<td title='com.connect.fluke.app.tests.FCCM3560SessionDetailPageTests.switchTo8H1HTabTest()'><b>switchTo8H1HTabTest</b><br>Test class: com.connect.fluke.app.tests.FCCM3560SessionDetailPageTests</td>
<td></td>
<td>10</td>
<td>com.connect.fluke.app.tests.FCCM3560SessionDetailPageTests@80169cf</td></tr>
<tr>
<td title='com.connect.fluke.app.tests.FCCM3560SessionDetailPageTests.switchTo8H1WTabTest()'><b>switchTo8H1WTabTest</b><br>Test class: com.connect.fluke.app.tests.FCCM3560SessionDetailPageTests</td>
<td></td>
<td>10</td>
<td>com.connect.fluke.app.tests.FCCM3560SessionDetailPageTests@80169cf</td></tr>
<tr>
<td title='com.connect.fluke.app.tests.FCCM3560ActiveMonitoringSessionTests.tapOnSessionTileTest()'><b>tapOnSessionTileTest</b><br>Test class: com.connect.fluke.app.tests.FCCM3560ActiveMonitoringSessionTests</td>
<td></td>
<td>0</td>
<td>com.connect.fluke.app.tests.FCCM3560ActiveMonitoringSessionTests@73d4cc9e</td></tr>
<tr>
<td title='com.connect.fluke.app.tests.FCCM3560SessionDetailPageTests.testPointNameTest()'><b>testPointNameTest</b><br>Test class: com.connect.fluke.app.tests.FCCM3560SessionDetailPageTests</td>
<td></td>
<td>0</td>
<td>com.connect.fluke.app.tests.FCCM3560SessionDetailPageTests@80169cf</td></tr>
<tr>
<td title='com.connect.fluke.app.tests.FCCM3560SessionDetailPageTests.unitInMeasurementValueIn1H8HTabTest()'><b>unitInMeasurementValueIn1H8HTabTest</b><br>Test class: com.connect.fluke.app.tests.FCCM3560SessionDetailPageTests</td>
<td></td>
<td>0</td>
<td>com.connect.fluke.app.tests.FCCM3560SessionDetailPageTests@80169cf</td></tr>
<tr>
<td title='com.connect.fluke.app.tests.FCCM3560SessionDetailPageTests.unitInMeasurementValueIn1W3WTabTest()'><b>unitInMeasurementValueIn1W3WTabTest</b><br>Test class: com.connect.fluke.app.tests.FCCM3560SessionDetailPageTests</td>
<td></td>
<td>0</td>
<td>com.connect.fluke.app.tests.FCCM3560SessionDetailPageTests@80169cf</td></tr>
<tr>
<td title='com.connect.fluke.app.tests.FCCM3560SessionDetailPageTests.unitInMeasurementValueIn1W8HTabTest()'><b>unitInMeasurementValueIn1W8HTabTest</b><br>Test class: com.connect.fluke.app.tests.FCCM3560SessionDetailPageTests</td>
<td></td>
<td>0</td>
<td>com.connect.fluke.app.tests.FCCM3560SessionDetailPageTests@80169cf</td></tr>
<tr>
<td title='com.connect.fluke.app.tests.FCCM3560SessionDetailPageTests.unitInMeasurementValueIn3W1WTabTest()'><b>unitInMeasurementValueIn3W1WTabTest</b><br>Test class: com.connect.fluke.app.tests.FCCM3560SessionDetailPageTests</td>
<td></td>
<td>0</td>
<td>com.connect.fluke.app.tests.FCCM3560SessionDetailPageTests@80169cf</td></tr>
<tr>
<td title='com.connect.fluke.app.tests.FCCM3560SessionDetailPageTests.unitInMeasurementValueIn8H1HTabTest()'><b>unitInMeasurementValueIn8H1HTabTest</b><br>Test class: com.connect.fluke.app.tests.FCCM3560SessionDetailPageTests</td>
<td></td>
<td>0</td>
<td>com.connect.fluke.app.tests.FCCM3560SessionDetailPageTests@80169cf</td></tr>
<tr>
<td title='com.connect.fluke.app.tests.FCCM3560SessionDetailPageTests.unitInMeasurementValueIn8H1WTabTest()'><b>unitInMeasurementValueIn8H1WTabTest</b><br>Test class: com.connect.fluke.app.tests.FCCM3560SessionDetailPageTests</td>
<td></td>
<td>0</td>
<td>com.connect.fluke.app.tests.FCCM3560SessionDetailPageTests@80169cf</td></tr>
<tr>
<td title='com.connect.fluke.app.tests.FCCM3560SessionDetailPageTests.vibrationUnitTest()'><b>vibrationUnitTest</b><br>Test class: com.connect.fluke.app.tests.FCCM3560SessionDetailPageTests</td>
<td></td>
<td>0</td>
<td>com.connect.fluke.app.tests.FCCM3560SessionDetailPageTests@80169cf</td></tr>
<tr>
<td title='com.connect.fluke.app.tests.FCCM3560SessionDetailPageTests.xAxisLabelIn1HTabTest()'><b>xAxisLabelIn1HTabTest</b><br>Test class: com.connect.fluke.app.tests.FCCM3560SessionDetailPageTests</td>
<td></td>
<td>0</td>
<td>com.connect.fluke.app.tests.FCCM3560SessionDetailPageTests@80169cf</td></tr>
<tr>
<td title='com.connect.fluke.app.tests.FCCM3560SessionDetailPageTests.yAxisLabelIn1HTabTest()'><b>yAxisLabelIn1HTabTest</b><br>Test class: com.connect.fluke.app.tests.FCCM3560SessionDetailPageTests</td>
<td></td>
<td>0</td>
<td>com.connect.fluke.app.tests.FCCM3560SessionDetailPageTests@80169cf</td></tr>
<tr>
<td title='com.connect.fluke.app.tests.FCCM3560SessionDetailPageTests.zAxisLabelIn1HTabTest()'><b>zAxisLabelIn1HTabTest</b><br>Test class: com.connect.fluke.app.tests.FCCM3560SessionDetailPageTests</td>
<td></td>
<td>0</td>
<td>com.connect.fluke.app.tests.FCCM3560SessionDetailPageTests@80169cf</td></tr>
</table><p>
</body>
</html>