<?xml version="1.0" encoding="UTF-8"?>
<!-- Generated by org.testng.reporters.JUnitXMLReporter -->
<testsuite hostname="m-bang-isharma1" ignored="427" name="FCCM3540 iOS Session Verification Tests" tests="78" failures="25" timestamp="08 Jun 2018 21:58:27 GMT" time="2700.675" errors="0">
  <testcase name="sessionTileVisibleTest" time="0.844" classname="com.connect.fluke.app.tests.SessionListTests3540"/>
  <testcase name="sessionTileStatusTest" time="1.317" classname="com.connect.fluke.app.tests.SessionListTests3540"/>
  <testcase name="gateWayNameTest" time="1.348" classname="com.connect.fluke.app.tests.SessionListTests3540"/>
  <testcase name="startTimeStaticTextVisibleTest" time="1.318" classname="com.connect.fluke.app.tests.SessionListTests3540"/>
  <testcase name="sessionStartTimeTest" time="1.34" classname="com.connect.fluke.app.tests.SessionListTests3540"/>
  <testcase name="sessionStartUserNameTest" time="1.364" classname="com.connect.fluke.app.tests.SessionListTests3540"/>
  <testcase name="clickOnSessionTileTest" time="3.781" classname="com.connect.fluke.app.tests.SessionListTests3540"/>
  <testcase name="sessionTileStatusTest" time="1.531" classname="com.connect.fluke.app.tests.SessionDetailPageTests3540"/>
  <testcase name="gateWayNameTest" time="1.443" classname="com.connect.fluke.app.tests.SessionDetailPageTests3540"/>
  <testcase name="startTimeStaticTextVisibleTest" time="1.419" classname="com.connect.fluke.app.tests.SessionDetailPageTests3540"/>
  <testcase name="sessionStartTimeTest" time="1.526" classname="com.connect.fluke.app.tests.SessionDetailPageTests3540"/>
  <testcase name="sessionStartUserNameTest" time="1.551" classname="com.connect.fluke.app.tests.SessionDetailPageTests3540"/>
  <testcase name="assetCountTextVisibleTest" time="1.588" classname="com.connect.fluke.app.tests.SessionDetailPageTests3540"/>
  <testcase name="assetGroupNameTest" time="1.602" classname="com.connect.fluke.app.tests.SessionDetailPageTests3540"/>
  <testcase name="assetNameTest" time="1.425" classname="com.connect.fluke.app.tests.SessionDetailPageTests3540"/>
  <testcase name="testPointNameTest" time="1.492" classname="com.connect.fluke.app.tests.SessionDetailPageTests3540"/>
  <testcase name="monitoringDataStaticTextVisibleTest" time="1.509" classname="com.connect.fluke.app.tests.SessionDetailPageTests3540"/>
  <testcase name="graphDisplayedTest" time="14.174" classname="com.connect.fluke.app.tests.SessionDetailPageTests3540"/>
  <testcase name="measurementValueUnitPhaseTestForAllTabs" time="46.095" classname="com.connect.fluke.app.tests.SessionDetailPageTests3540">
    <failure type="java.lang.AssertionError" message=" For Study Type -- Unit (V, A, Hz -- Volts (AB, BC, CA)) Unit is incorrect. Expected: Volts">
      <![CDATA[java.lang.AssertionError:  For Study Type -- Unit (V, A, Hz -- Volts (AB, BC, CA)) Unit is incorrect. Expected: Volts
at com.connect.fluke.app.tests.SessionDetailPageTests3540.measurementValueUnitPhaseTestForAllTabs(SessionDetailPageTests3540.java:518)
... Removed 26 stack frames]]>
    </failure>
  </testcase> <!-- measurementValueUnitPhaseTestForAllTabs -->
  <testcase name="measurementValueUnitPhaseTestForAllTabs" time="38.819" classname="com.connect.fluke.app.tests.SessionDetailPageTests3540">
    <failure type="java.lang.AssertionError" message=" For Study Type -- Unit (V, A, Hz -- Amps (A, B, C)) Unit is incorrect. Expected: Amps">
      <![CDATA[java.lang.AssertionError:  For Study Type -- Unit (V, A, Hz -- Amps (A, B, C)) Unit is incorrect. Expected: Amps
at com.connect.fluke.app.tests.SessionDetailPageTests3540.measurementValueUnitPhaseTestForAllTabs(SessionDetailPageTests3540.java:518)
... Removed 26 stack frames]]>
    </failure>
  </testcase> <!-- measurementValueUnitPhaseTestForAllTabs -->
  <testcase name="measurementValueUnitPhaseTestForAllTabs" time="39.048" classname="com.connect.fluke.app.tests.SessionDetailPageTests3540"/>
  <testcase name="measurementValueUnitPhaseTestForAllTabs" time="48.089" classname="com.connect.fluke.app.tests.SessionDetailPageTests3540"/>
  <testcase name="measurementValueUnitPhaseTestForAllTabs" time="22.155" classname="com.connect.fluke.app.tests.SessionDetailPageTests3540"/>
  <testcase name="measurementValueUnitPhaseTestForAllTabs" time="50.622" classname="com.connect.fluke.app.tests.SessionDetailPageTests3540">
    <failure type="java.lang.AssertionError" message=" For Study Type -- Unit (THD/THC -- THD - V (AB, BC, CA)) Unit is incorrect. Expected: THD - V">
      <![CDATA[java.lang.AssertionError:  For Study Type -- Unit (THD/THC -- THD - V (AB, BC, CA)) Unit is incorrect. Expected: THD - V
at com.connect.fluke.app.tests.SessionDetailPageTests3540.measurementValueUnitPhaseTestForAllTabs(SessionDetailPageTests3540.java:518)
... Removed 26 stack frames]]>
    </failure>
  </testcase> <!-- measurementValueUnitPhaseTestForAllTabs -->
  <testcase name="measurementValueUnitPhaseTestForAllTabs" time="38.117" classname="com.connect.fluke.app.tests.SessionDetailPageTests3540">
    <failure type="java.lang.AssertionError" message=" For Study Type -- Unit (THD/THC -- THD - A (A, B, C)) Unit is incorrect. Expected: THD - A">
      <![CDATA[java.lang.AssertionError:  For Study Type -- Unit (THD/THC -- THD - A (A, B, C)) Unit is incorrect. Expected: THD - A
at com.connect.fluke.app.tests.SessionDetailPageTests3540.measurementValueUnitPhaseTestForAllTabs(SessionDetailPageTests3540.java:518)
... Removed 26 stack frames]]>
    </failure>
  </testcase> <!-- measurementValueUnitPhaseTestForAllTabs -->
  <testcase name="measurementValueUnitPhaseTestForAllTabs" time="26.936" classname="com.connect.fluke.app.tests.SessionDetailPageTests3540">
    <failure type="java.lang.AssertionError" message=" For Study Type -- Unit (THD/THC -- THC - A (A, B, C)) Unit is incorrect. Expected: THC - A">
      <![CDATA[java.lang.AssertionError:  For Study Type -- Unit (THD/THC -- THC - A (A, B, C)) Unit is incorrect. Expected: THC - A
at com.connect.fluke.app.tests.SessionDetailPageTests3540.measurementValueUnitPhaseTestForAllTabs(SessionDetailPageTests3540.java:518)
... Removed 26 stack frames]]>
    </failure>
  </testcase> <!-- measurementValueUnitPhaseTestForAllTabs -->
  <testcase name="measurementValueUnitPhaseTestForAllTabs" time="52.897" classname="com.connect.fluke.app.tests.SessionDetailPageTests3540"/>
  <testcase name="measurementValueUnitPhaseTestForAllTabs" time="25.597" classname="com.connect.fluke.app.tests.SessionDetailPageTests3540"/>
  <testcase name="measurementValueUnitPhaseTestForAllTabs" time="27.508" classname="com.connect.fluke.app.tests.SessionDetailPageTests3540"/>
  <testcase name="measurementValueUnitPhaseTestForAllTabs" time="39.089" classname="com.connect.fluke.app.tests.SessionDetailPageTests3540"/>
  <testcase name="measurementValueUnitPhaseTestForAllTabs" time="64.958" classname="com.connect.fluke.app.tests.SessionDetailPageTests3540">
    <failure type="java.lang.AssertionError" message=" For Study Type -- Unit (V, A, Hz -- Volts (AB, BC, CA)) Unit is incorrect. Expected: Volts">
      <![CDATA[java.lang.AssertionError:  For Study Type -- Unit (V, A, Hz -- Volts (AB, BC, CA)) Unit is incorrect. Expected: Volts
at com.connect.fluke.app.tests.SessionDetailPageTests3540.measurementValueUnitPhaseTestForAllTabs(SessionDetailPageTests3540.java:518)
... Removed 26 stack frames]]>
    </failure>
  </testcase> <!-- measurementValueUnitPhaseTestForAllTabs -->
  <testcase name="measurementValueUnitPhaseTestForAllTabs" time="40.413" classname="com.connect.fluke.app.tests.SessionDetailPageTests3540">
    <failure type="java.lang.AssertionError" message=" For Study Type -- Unit (V, A, Hz -- Amps (A, B, C)) Unit is incorrect. Expected: Amps">
      <![CDATA[java.lang.AssertionError:  For Study Type -- Unit (V, A, Hz -- Amps (A, B, C)) Unit is incorrect. Expected: Amps
at com.connect.fluke.app.tests.SessionDetailPageTests3540.measurementValueUnitPhaseTestForAllTabs(SessionDetailPageTests3540.java:518)
... Removed 26 stack frames]]>
    </failure>
  </testcase> <!-- measurementValueUnitPhaseTestForAllTabs -->
  <testcase name="measurementValueUnitPhaseTestForAllTabs" time="43.014" classname="com.connect.fluke.app.tests.SessionDetailPageTests3540"/>
  <testcase name="measurementValueUnitPhaseTestForAllTabs" time="55.921" classname="com.connect.fluke.app.tests.SessionDetailPageTests3540"/>
  <testcase name="measurementValueUnitPhaseTestForAllTabs" time="30.819" classname="com.connect.fluke.app.tests.SessionDetailPageTests3540"/>
  <testcase name="measurementValueUnitPhaseTestForAllTabs" time="58.152" classname="com.connect.fluke.app.tests.SessionDetailPageTests3540">
    <failure type="java.lang.AssertionError" message=" For Study Type -- Unit (THD/THC -- THD - V (AB, BC, CA)) Unit is incorrect. Expected: THD - V">
      <![CDATA[java.lang.AssertionError:  For Study Type -- Unit (THD/THC -- THD - V (AB, BC, CA)) Unit is incorrect. Expected: THD - V
at com.connect.fluke.app.tests.SessionDetailPageTests3540.measurementValueUnitPhaseTestForAllTabs(SessionDetailPageTests3540.java:518)
... Removed 25 stack frames]]>
    </failure>
  </testcase> <!-- measurementValueUnitPhaseTestForAllTabs -->
  <testcase name="measurementValueUnitPhaseTestForAllTabs" time="40.399" classname="com.connect.fluke.app.tests.SessionDetailPageTests3540">
    <failure type="java.lang.AssertionError" message=" For Study Type -- Unit (THD/THC -- THD - A (A, B, C)) Unit is incorrect. Expected: THD - A">
      <![CDATA[java.lang.AssertionError:  For Study Type -- Unit (THD/THC -- THD - A (A, B, C)) Unit is incorrect. Expected: THD - A
at com.connect.fluke.app.tests.SessionDetailPageTests3540.measurementValueUnitPhaseTestForAllTabs(SessionDetailPageTests3540.java:518)
... Removed 25 stack frames]]>
    </failure>
  </testcase> <!-- measurementValueUnitPhaseTestForAllTabs -->
  <testcase name="measurementValueUnitPhaseTestForAllTabs" time="32.22" classname="com.connect.fluke.app.tests.SessionDetailPageTests3540">
    <failure type="java.lang.AssertionError" message=" For Study Type -- Unit (THD/THC -- THC - A (A, B, C)) Unit is incorrect. Expected: THC - A">
      <![CDATA[java.lang.AssertionError:  For Study Type -- Unit (THD/THC -- THC - A (A, B, C)) Unit is incorrect. Expected: THC - A
at com.connect.fluke.app.tests.SessionDetailPageTests3540.measurementValueUnitPhaseTestForAllTabs(SessionDetailPageTests3540.java:518)
... Removed 25 stack frames]]>
    </failure>
  </testcase> <!-- measurementValueUnitPhaseTestForAllTabs -->
  <testcase name="measurementValueUnitPhaseTestForAllTabs" time="53.476" classname="com.connect.fluke.app.tests.SessionDetailPageTests3540"/>
  <testcase name="measurementValueUnitPhaseTestForAllTabs" time="27.459" classname="com.connect.fluke.app.tests.SessionDetailPageTests3540"/>
  <testcase name="measurementValueUnitPhaseTestForAllTabs" time="27.585" classname="com.connect.fluke.app.tests.SessionDetailPageTests3540"/>
  <testcase name="measurementValueUnitPhaseTestForAllTabs" time="38.155" classname="com.connect.fluke.app.tests.SessionDetailPageTests3540"/>
  <testcase name="measurementValueUnitPhaseTestForAllTabs" time="64.102" classname="com.connect.fluke.app.tests.SessionDetailPageTests3540">
    <failure type="java.lang.AssertionError" message=" For Study Type -- Unit (V, A, Hz -- Volts (AB, BC, CA)) Unit is incorrect. Expected: Volts">
      <![CDATA[java.lang.AssertionError:  For Study Type -- Unit (V, A, Hz -- Volts (AB, BC, CA)) Unit is incorrect. Expected: Volts
at com.connect.fluke.app.tests.SessionDetailPageTests3540.measurementValueUnitPhaseTestForAllTabs(SessionDetailPageTests3540.java:518)
... Removed 25 stack frames]]>
    </failure>
  </testcase> <!-- measurementValueUnitPhaseTestForAllTabs -->
  <testcase name="measurementValueUnitPhaseTestForAllTabs" time="40.683" classname="com.connect.fluke.app.tests.SessionDetailPageTests3540">
    <failure type="java.lang.AssertionError" message=" For Study Type -- Unit (V, A, Hz -- Amps (A, B, C)) Unit is incorrect. Expected: Amps">
      <![CDATA[java.lang.AssertionError:  For Study Type -- Unit (V, A, Hz -- Amps (A, B, C)) Unit is incorrect. Expected: Amps
at com.connect.fluke.app.tests.SessionDetailPageTests3540.measurementValueUnitPhaseTestForAllTabs(SessionDetailPageTests3540.java:518)
... Removed 25 stack frames]]>
    </failure>
  </testcase> <!-- measurementValueUnitPhaseTestForAllTabs -->
  <testcase name="measurementValueUnitPhaseTestForAllTabs" time="40.297" classname="com.connect.fluke.app.tests.SessionDetailPageTests3540"/>
  <testcase name="measurementValueUnitPhaseTestForAllTabs" time="55.871" classname="com.connect.fluke.app.tests.SessionDetailPageTests3540"/>
  <testcase name="measurementValueUnitPhaseTestForAllTabs" time="30.896" classname="com.connect.fluke.app.tests.SessionDetailPageTests3540"/>
  <testcase name="measurementValueUnitPhaseTestForAllTabs" time="58.39" classname="com.connect.fluke.app.tests.SessionDetailPageTests3540">
    <failure type="java.lang.AssertionError" message=" For Study Type -- Unit (THD/THC -- THD - V (AB, BC, CA)) Unit is incorrect. Expected: THD - V">
      <![CDATA[java.lang.AssertionError:  For Study Type -- Unit (THD/THC -- THD - V (AB, BC, CA)) Unit is incorrect. Expected: THD - V
at com.connect.fluke.app.tests.SessionDetailPageTests3540.measurementValueUnitPhaseTestForAllTabs(SessionDetailPageTests3540.java:518)
... Removed 25 stack frames]]>
    </failure>
  </testcase> <!-- measurementValueUnitPhaseTestForAllTabs -->
  <testcase name="measurementValueUnitPhaseTestForAllTabs" time="40.769" classname="com.connect.fluke.app.tests.SessionDetailPageTests3540">
    <failure type="java.lang.AssertionError" message=" For Study Type -- Unit (THD/THC -- THD - A (A, B, C)) Unit is incorrect. Expected: THD - A">
      <![CDATA[java.lang.AssertionError:  For Study Type -- Unit (THD/THC -- THD - A (A, B, C)) Unit is incorrect. Expected: THD - A
at com.connect.fluke.app.tests.SessionDetailPageTests3540.measurementValueUnitPhaseTestForAllTabs(SessionDetailPageTests3540.java:518)
... Removed 25 stack frames]]>
    </failure>
  </testcase> <!-- measurementValueUnitPhaseTestForAllTabs -->
  <testcase name="measurementValueUnitPhaseTestForAllTabs" time="30.017" classname="com.connect.fluke.app.tests.SessionDetailPageTests3540">
    <failure type="java.lang.AssertionError" message=" For Study Type -- Unit (THD/THC -- THC - A (A, B, C)) Unit is incorrect. Expected: THC - A">
      <![CDATA[java.lang.AssertionError:  For Study Type -- Unit (THD/THC -- THC - A (A, B, C)) Unit is incorrect. Expected: THC - A
at com.connect.fluke.app.tests.SessionDetailPageTests3540.measurementValueUnitPhaseTestForAllTabs(SessionDetailPageTests3540.java:518)
... Removed 25 stack frames]]>
    </failure>
  </testcase> <!-- measurementValueUnitPhaseTestForAllTabs -->
  <testcase name="measurementValueUnitPhaseTestForAllTabs" time="51.942" classname="com.connect.fluke.app.tests.SessionDetailPageTests3540"/>
  <testcase name="measurementValueUnitPhaseTestForAllTabs" time="26.023" classname="com.connect.fluke.app.tests.SessionDetailPageTests3540"/>
  <testcase name="measurementValueUnitPhaseTestForAllTabs" time="25.862" classname="com.connect.fluke.app.tests.SessionDetailPageTests3540"/>
  <testcase name="measurementValueUnitPhaseTestForAllTabs" time="38.512" classname="com.connect.fluke.app.tests.SessionDetailPageTests3540"/>
  <testcase name="measurementValueUnitPhaseTestForAllTabs" time="65.162" classname="com.connect.fluke.app.tests.SessionDetailPageTests3540">
    <failure type="java.lang.AssertionError" message=" For Study Type -- Unit (V, A, Hz -- Volts (AB, BC, CA)) Unit is incorrect. Expected: Volts">
      <![CDATA[java.lang.AssertionError:  For Study Type -- Unit (V, A, Hz -- Volts (AB, BC, CA)) Unit is incorrect. Expected: Volts
at com.connect.fluke.app.tests.SessionDetailPageTests3540.measurementValueUnitPhaseTestForAllTabs(SessionDetailPageTests3540.java:518)
... Removed 25 stack frames]]>
    </failure>
  </testcase> <!-- measurementValueUnitPhaseTestForAllTabs -->
  <testcase name="measurementValueUnitPhaseTestForAllTabs" time="40.279" classname="com.connect.fluke.app.tests.SessionDetailPageTests3540">
    <failure type="java.lang.AssertionError" message=" For Study Type -- Unit (V, A, Hz -- Amps (A, B, C)) Unit is incorrect. Expected: Amps">
      <![CDATA[java.lang.AssertionError:  For Study Type -- Unit (V, A, Hz -- Amps (A, B, C)) Unit is incorrect. Expected: Amps
at com.connect.fluke.app.tests.SessionDetailPageTests3540.measurementValueUnitPhaseTestForAllTabs(SessionDetailPageTests3540.java:518)
... Removed 25 stack frames]]>
    </failure>
  </testcase> <!-- measurementValueUnitPhaseTestForAllTabs -->
  <testcase name="measurementValueUnitPhaseTestForAllTabs" time="41.499" classname="com.connect.fluke.app.tests.SessionDetailPageTests3540"/>
  <testcase name="measurementValueUnitPhaseTestForAllTabs" time="56.141" classname="com.connect.fluke.app.tests.SessionDetailPageTests3540"/>
  <testcase name="measurementValueUnitPhaseTestForAllTabs" time="30.887" classname="com.connect.fluke.app.tests.SessionDetailPageTests3540"/>
  <testcase name="measurementValueUnitPhaseTestForAllTabs" time="58.291" classname="com.connect.fluke.app.tests.SessionDetailPageTests3540">
    <failure type="java.lang.AssertionError" message=" For Study Type -- Unit (THD/THC -- THD - V (AB, BC, CA)) Unit is incorrect. Expected: THD - V">
      <![CDATA[java.lang.AssertionError:  For Study Type -- Unit (THD/THC -- THD - V (AB, BC, CA)) Unit is incorrect. Expected: THD - V
at com.connect.fluke.app.tests.SessionDetailPageTests3540.measurementValueUnitPhaseTestForAllTabs(SessionDetailPageTests3540.java:518)
... Removed 25 stack frames]]>
    </failure>
  </testcase> <!-- measurementValueUnitPhaseTestForAllTabs -->
  <testcase name="measurementValueUnitPhaseTestForAllTabs" time="41.608" classname="com.connect.fluke.app.tests.SessionDetailPageTests3540">
    <failure type="java.lang.AssertionError" message=" For Study Type -- Unit (THD/THC -- THD - A (A, B, C)) Unit is incorrect. Expected: THD - A">
      <![CDATA[java.lang.AssertionError:  For Study Type -- Unit (THD/THC -- THD - A (A, B, C)) Unit is incorrect. Expected: THD - A
at com.connect.fluke.app.tests.SessionDetailPageTests3540.measurementValueUnitPhaseTestForAllTabs(SessionDetailPageTests3540.java:518)
... Removed 25 stack frames]]>
    </failure>
  </testcase> <!-- measurementValueUnitPhaseTestForAllTabs -->
  <testcase name="measurementValueUnitPhaseTestForAllTabs" time="30.949" classname="com.connect.fluke.app.tests.SessionDetailPageTests3540">
    <failure type="java.lang.AssertionError" message=" For Study Type -- Unit (THD/THC -- THC - A (A, B, C)) Unit is incorrect. Expected: THC - A">
      <![CDATA[java.lang.AssertionError:  For Study Type -- Unit (THD/THC -- THC - A (A, B, C)) Unit is incorrect. Expected: THC - A
at com.connect.fluke.app.tests.SessionDetailPageTests3540.measurementValueUnitPhaseTestForAllTabs(SessionDetailPageTests3540.java:518)
... Removed 25 stack frames]]>
    </failure>
  </testcase> <!-- measurementValueUnitPhaseTestForAllTabs -->
  <testcase name="measurementValueUnitPhaseTestForAllTabs" time="53.037" classname="com.connect.fluke.app.tests.SessionDetailPageTests3540"/>
  <testcase name="measurementValueUnitPhaseTestForAllTabs" time="27.406" classname="com.connect.fluke.app.tests.SessionDetailPageTests3540"/>
  <testcase name="measurementValueUnitPhaseTestForAllTabs" time="27.322" classname="com.connect.fluke.app.tests.SessionDetailPageTests3540"/>
  <testcase name="measurementValueUnitPhaseTestForAllTabs" time="38.7" classname="com.connect.fluke.app.tests.SessionDetailPageTests3540"/>
  <testcase name="measurementValueUnitPhaseTestForAllTabs" time="65.672" classname="com.connect.fluke.app.tests.SessionDetailPageTests3540">
    <failure type="java.lang.AssertionError" message=" For Study Type -- Unit (V, A, Hz -- Volts (AB, BC, CA)) Unit is incorrect. Expected: Volts">
      <![CDATA[java.lang.AssertionError:  For Study Type -- Unit (V, A, Hz -- Volts (AB, BC, CA)) Unit is incorrect. Expected: Volts
at com.connect.fluke.app.tests.SessionDetailPageTests3540.measurementValueUnitPhaseTestForAllTabs(SessionDetailPageTests3540.java:518)
... Removed 25 stack frames]]>
    </failure>
  </testcase> <!-- measurementValueUnitPhaseTestForAllTabs -->
  <testcase name="measurementValueUnitPhaseTestForAllTabs" time="39.701" classname="com.connect.fluke.app.tests.SessionDetailPageTests3540">
    <failure type="java.lang.AssertionError" message=" For Study Type -- Unit (V, A, Hz -- Amps (A, B, C)) Unit is incorrect. Expected: Amps">
      <![CDATA[java.lang.AssertionError:  For Study Type -- Unit (V, A, Hz -- Amps (A, B, C)) Unit is incorrect. Expected: Amps
at com.connect.fluke.app.tests.SessionDetailPageTests3540.measurementValueUnitPhaseTestForAllTabs(SessionDetailPageTests3540.java:518)
... Removed 25 stack frames]]>
    </failure>
  </testcase> <!-- measurementValueUnitPhaseTestForAllTabs -->
  <testcase name="measurementValueUnitPhaseTestForAllTabs" time="42.395" classname="com.connect.fluke.app.tests.SessionDetailPageTests3540"/>
  <testcase name="measurementValueUnitPhaseTestForAllTabs" time="56.189" classname="com.connect.fluke.app.tests.SessionDetailPageTests3540"/>
  <testcase name="measurementValueUnitPhaseTestForAllTabs" time="29.48" classname="com.connect.fluke.app.tests.SessionDetailPageTests3540"/>
  <testcase name="measurementValueUnitPhaseTestForAllTabs" time="58.68" classname="com.connect.fluke.app.tests.SessionDetailPageTests3540">
    <failure type="java.lang.AssertionError" message=" For Study Type -- Unit (THD/THC -- THD - V (AB, BC, CA)) Unit is incorrect. Expected: THD - V">
      <![CDATA[java.lang.AssertionError:  For Study Type -- Unit (THD/THC -- THD - V (AB, BC, CA)) Unit is incorrect. Expected: THD - V
at com.connect.fluke.app.tests.SessionDetailPageTests3540.measurementValueUnitPhaseTestForAllTabs(SessionDetailPageTests3540.java:518)
... Removed 25 stack frames]]>
    </failure>
  </testcase> <!-- measurementValueUnitPhaseTestForAllTabs -->
  <testcase name="measurementValueUnitPhaseTestForAllTabs" time="42.081" classname="com.connect.fluke.app.tests.SessionDetailPageTests3540">
    <failure type="java.lang.AssertionError" message=" For Study Type -- Unit (THD/THC -- THD - A (A, B, C)) Unit is incorrect. Expected: THD - A">
      <![CDATA[java.lang.AssertionError:  For Study Type -- Unit (THD/THC -- THD - A (A, B, C)) Unit is incorrect. Expected: THD - A
at com.connect.fluke.app.tests.SessionDetailPageTests3540.measurementValueUnitPhaseTestForAllTabs(SessionDetailPageTests3540.java:518)
... Removed 25 stack frames]]>
    </failure>
  </testcase> <!-- measurementValueUnitPhaseTestForAllTabs -->
  <testcase name="measurementValueUnitPhaseTestForAllTabs" time="32.372" classname="com.connect.fluke.app.tests.SessionDetailPageTests3540">
    <failure type="java.lang.AssertionError" message=" For Study Type -- Unit (THD/THC -- THC - A (A, B, C)) Unit is incorrect. Expected: THC - A">
      <![CDATA[java.lang.AssertionError:  For Study Type -- Unit (THD/THC -- THC - A (A, B, C)) Unit is incorrect. Expected: THC - A
at com.connect.fluke.app.tests.SessionDetailPageTests3540.measurementValueUnitPhaseTestForAllTabs(SessionDetailPageTests3540.java:518)
... Removed 25 stack frames]]>
    </failure>
  </testcase> <!-- measurementValueUnitPhaseTestForAllTabs -->
  <testcase name="measurementValueUnitPhaseTestForAllTabs" time="53.42" classname="com.connect.fluke.app.tests.SessionDetailPageTests3540"/>
  <testcase name="measurementValueUnitPhaseTestForAllTabs" time="27.669" classname="com.connect.fluke.app.tests.SessionDetailPageTests3540"/>
  <testcase name="measurementValueUnitPhaseTestForAllTabs" time="26.321" classname="com.connect.fluke.app.tests.SessionDetailPageTests3540"/>
  <testcase name="measurementValueUnitPhaseTestForAllTabs" time="38.042" classname="com.connect.fluke.app.tests.SessionDetailPageTests3540"/>
  <testcase name="powerOverView_PhaseA_1HGraphTabCheck" time="0.0" classname="com.connect.fluke.app.tests.PowerQuality3540CompletedSessionTests">
    <ignored/>
  </testcase> <!-- powerOverView_PhaseA_1HGraphTabCheck -->
  <testcase name="pdfContentTest" time="0.0" classname="com.connect.fluke.app.tests.ReportsPageTests">
    <ignored/>
  </testcase> <!-- pdfContentTest -->
  <testcase name="powerOverView_KW_1DGraphTabCheck" time="0.0" classname="com.connect.fluke.app.tests.PowerQuality3540CompletedSessionTests">
    <ignored/>
  </testcase> <!-- powerOverView_KW_1DGraphTabCheck -->
  <testcase name="timeValueInAllTabTest" time="0.0" classname="com.connect.fluke.app.tests.SessionDetailPageTests3560">
    <ignored/>
  </testcase> <!-- timeValueInAllTabTest -->
  <testcase name="assetCountTextVisibleTest" time="0.0" classname="com.connect.fluke.app.tests.SessionDetailPageTests3550">
    <ignored/>
  </testcase> <!-- assetCountTextVisibleTest -->
  <testcase name="eeveeNavigationToMeasurementDetailsInAndroid" time="0.0" classname="com.connect.fluke.app.tests.MeasurementsHistoryPageTests">
    <ignored/>
  </testcase> <!-- eeveeNavigationToMeasurementDetailsInAndroid -->
  <testcase name="activePower1WGraphTabCheck" time="0.0" classname="com.connect.fluke.app.tests.PowerQuality3540CompletedSessionTests">
    <ignored/>
  </testcase> <!-- activePower1WGraphTabCheck -->
  <testcase name="onExistingAccountSampleDataTest" time="0.0" classname="com.connect.fluke.app.tests.MeasurementsHistoryPageTests">
    <ignored/>
  </testcase> <!-- onExistingAccountSampleDataTest -->
  <testcase name="minValueTimeTest1DTab" time="0.0" classname="com.connect.fluke.app.tests.SessionDetailPageTests3550">
    <ignored/>
  </testcase> <!-- minValueTimeTest1DTab -->
  <testcase name="liveValueTest" time="0.0" classname="com.connect.fluke.app.tests.SessionDetailPageTests3550">
    <ignored/>
  </testcase> <!-- liveValueTest -->
  <testcase name="sessionTileVisibleTest" time="0.0" classname="com.connect.fluke.app.tests.SessionListTests3560">
    <ignored/>
  </testcase> <!-- sessionTileVisibleTest -->
  <testcase name="tempratureValueIn3W1WTabTest" time="0.0" classname="com.connect.fluke.app.tests.SessionDetailPageTests3560">
    <ignored/>
  </testcase> <!-- tempratureValueIn3W1WTabTest -->
  <testcase name="tempratureValueInAllTabTest" time="0.0" classname="com.connect.fluke.app.tests.SessionDetailPageTests3560">
    <ignored/>
  </testcase> <!-- tempratureValueInAllTabTest -->
  <testcase name="maxValueTimeTest1DTab" time="0.0" classname="com.connect.fluke.app.tests.SessionDetailPageTests3550">
    <ignored/>
  </testcase> <!-- maxValueTimeTest1DTab -->
  <testcase name="check3540CompletedSession" time="0.0" classname="com.connect.fluke.app.tests.PowerQuality3540CompletedSessionTests">
    <ignored/>
  </testcase> <!-- check3540CompletedSession -->
  <testcase name="scrollGraphLeft1W8HTab" time="0.0" classname="com.connect.fluke.app.tests.SessionDetailPageTests3560">
    <ignored/>
  </testcase> <!-- scrollGraphLeft1W8HTab -->
  <testcase name="deletAssetGroupTest" time="0.0" classname="com.connect.fluke.app.tests.AssetsPageTests">
    <ignored/>
  </testcase> <!-- deletAssetGroupTest -->
  <testcase name="timeValueIn1WTabTest" time="0.0" classname="com.connect.fluke.app.tests.SessionDetailPageTests3560">
    <ignored/>
  </testcase> <!-- timeValueIn1WTabTest -->
  <testcase name="tempratureUnitIn8H1HTabTest" time="0.0" classname="com.connect.fluke.app.tests.SessionDetailPageTests3560">
    <ignored/>
  </testcase> <!-- tempratureUnitIn8H1HTabTest -->
  <testcase name="vibrationUnitIn8HTabTest" time="0.0" classname="com.connect.fluke.app.tests.SessionDetailPageTests3560">
    <ignored/>
  </testcase> <!-- vibrationUnitIn8HTabTest -->
  <testcase name="assignWorkOrderToGroupMeasurementTest" time="0.0" classname="com.connect.fluke.app.tests.CaptureMeasurementsTests">
    <ignored/>
  </testcase> <!-- assignWorkOrderToGroupMeasurementTest -->
  <testcase name="maxValueTest1MTab" time="0.0" classname="com.connect.fluke.app.tests.SessionDetailPageTests3550">
    <ignored/>
  </testcase> <!-- maxValueTest1MTab -->
  <testcase name="powerOverView_PhaseB_1MGraphTabCheck" time="0.0" classname="com.connect.fluke.app.tests.PowerQuality3540CompletedSessionTests">
    <ignored/>
  </testcase> <!-- powerOverView_PhaseB_1MGraphTabCheck -->
  <testcase name="assetCountTextVisibleTest" time="0.0" classname="com.connect.fluke.app.tests.SessionDetailPageTests3560">
    <ignored/>
  </testcase> <!-- assetCountTextVisibleTest -->
  <testcase name="eeveeMeasurementSecondaryValueUnitVerificationInAndroidTest" time="0.0" classname="com.connect.fluke.app.tests.MeasurementsHistoryPageTests">
    <ignored/>
  </testcase> <!-- eeveeMeasurementSecondaryValueUnitVerificationInAndroidTest -->
  <testcase name="isAssetTypeChangedTest" time="0.0" classname="com.connect.fluke.app.tests.AssetsPageTests">
    <ignored/>
  </testcase> <!-- isAssetTypeChangedTest -->
  <testcase name="liveValueUnitTest1WTab" time="0.0" classname="com.connect.fluke.app.tests.SessionDetailPageTests3550">
    <ignored/>
  </testcase> <!-- liveValueUnitTest1WTab -->
  <testcase name="viewThermalImageReportTest" time="0.0" classname="com.connect.fluke.app.tests.ReportsPageTests">
    <ignored/>
  </testcase> <!-- viewThermalImageReportTest -->
  <testcase name="activePower1DGraphTabCheck" time="0.0" classname="com.connect.fluke.app.tests.PowerQuality3540CompletedSessionTests">
    <ignored/>
  </testcase> <!-- activePower1DGraphTabCheck -->
  <testcase name="deleteWorkOrderMeasurementTest" time="0.0" classname="com.connect.fluke.app.tests.MeasurementsHistoryPageTests">
    <ignored/>
  </testcase> <!-- deleteWorkOrderMeasurementTest -->
  <testcase name="maxValueTimeTest" time="0.0" classname="com.connect.fluke.app.tests.SessionDetailPageTests3550">
    <ignored/>
  </testcase> <!-- maxValueTimeTest -->
  <testcase name="addAssetWithTestComponentAndAboveTempratureAlarmTest" time="0.0" classname="com.connect.fluke.app.tests.AssetsPageTests">
    <ignored/>
  </testcase> <!-- addAssetWithTestComponentAndAboveTempratureAlarmTest -->
  <testcase name="sessionStartUserNameTest" time="0.0" classname="com.connect.fluke.app.tests.SessionDetailPageTests3550">
    <ignored/>
  </testcase> <!-- sessionStartUserNameTest -->
  <testcase name="pdfComparisonTest" time="0.0" classname="com.connect.fluke.app.tests.ReportsPageTests">
    <ignored/>
  </testcase> <!-- pdfComparisonTest -->
  <testcase name="captureHudsonMeasurementTest" time="0.0" classname="com.connect.fluke.app.tests.CaptureMeasurementsTests">
    <ignored/>
  </testcase> <!-- captureHudsonMeasurementTest -->
  <testcase name="maxValueUnitTestALLTab" time="0.0" classname="com.connect.fluke.app.tests.SessionDetailPageTests3550">
    <ignored/>
  </testcase> <!-- maxValueUnitTestALLTab -->
  <testcase name="eeveeMeasurementInAndroidTestConditionRampStaticTextTest" time="0.0" classname="com.connect.fluke.app.tests.MeasurementsHistoryPageTests">
    <ignored/>
  </testcase> <!-- eeveeMeasurementInAndroidTestConditionRampStaticTextTest -->
  <testcase name="sensorCountAndTypeTest" time="0.0" classname="com.connect.fluke.app.tests.SessionListTests3550">
    <ignored/>
  </testcase> <!-- sensorCountAndTypeTest -->
  <testcase name="sessionStartUserNameTest" time="0.0" classname="com.connect.fluke.app.tests.SessionDetailPageTests3560">
    <ignored/>
  </testcase> <!-- sessionStartUserNameTest -->
  <testcase name="current1HGraphTabCheck" time="0.0" classname="com.connect.fluke.app.tests.PowerQuality3540CompletedSessionTests">
    <ignored/>
  </testcase> <!-- current1HGraphTabCheck -->
  <testcase name="eeveeMeasurementSecondaryValueVerificationInAndroidMeasurementDetailspageTest" time="0.0" classname="com.connect.fluke.app.tests.MeasurementsHistoryPageTests">
    <ignored/>
  </testcase> <!-- eeveeMeasurementSecondaryValueVerificationInAndroidMeasurementDetailspageTest -->
  <testcase name="addVoiceNoteToGroupMeasurementTest" time="0.0" classname="com.connect.fluke.app.tests.CaptureMeasurementsTests">
    <ignored/>
  </testcase> <!-- addVoiceNoteToGroupMeasurementTest -->
  <testcase name="thermography1HourGraphTabCheck" time="0.0" classname="com.connect.fluke.app.tests.Thermography3550CompletedSessionTests">
    <ignored/>
  </testcase> <!-- thermography1HourGraphTabCheck -->
  <testcase name="assignAssetToHudsonTest" time="0.0" classname="com.connect.fluke.app.tests.MeasurementsHistoryPageTests">
    <ignored/>
  </testcase> <!-- assignAssetToHudsonTest -->
  <testcase name="maxValueUnitTest1MTab" time="0.0" classname="com.connect.fluke.app.tests.SessionDetailPageTests3550">
    <ignored/>
  </testcase> <!-- maxValueUnitTest1MTab -->
  <testcase name="vibrationValueIn1WTabTest" time="0.0" classname="com.connect.fluke.app.tests.SessionDetailPageTests3560">
    <ignored/>
  </testcase> <!-- vibrationValueIn1WTabTest -->
  <testcase name="sensorCountAndTypeTest" time="0.0" classname="com.connect.fluke.app.tests.SessionDetailPageTests3560">
    <ignored/>
  </testcase> <!-- sensorCountAndTypeTest -->
  <testcase name="powerOverView_Kvar_AllGraphTabCheck" time="0.0" classname="com.connect.fluke.app.tests.PowerQuality3540CompletedSessionTests">
    <ignored/>
  </testcase> <!-- powerOverView_Kvar_AllGraphTabCheck -->
  <testcase name="scrollGraphLeft8H1HTab" time="0.0" classname="com.connect.fluke.app.tests.SessionDetailPageTests3560">
    <ignored/>
  </testcase> <!-- scrollGraphLeft8H1HTab -->
  <testcase name="powerOverView_PhaseB_AllGraphTabCheck" time="0.0" classname="com.connect.fluke.app.tests.PowerQuality3540CompletedSessionTests">
    <ignored/>
  </testcase> <!-- powerOverView_PhaseB_AllGraphTabCheck -->
  <testcase name="scrollGraphRight1W8HTab" time="0.0" classname="com.connect.fluke.app.tests.SessionDetailPageTests3560">
    <ignored/>
  </testcase> <!-- scrollGraphRight1W8HTab -->
  <testcase name="endUserLicenseAgreementTest" time="0.0" classname="com.connect.fluke.app.tests.SettingsPageTests">
    <ignored/>
  </testcase> <!-- endUserLicenseAgreementTest -->
  <testcase name="timeValueIn8H1HTabTest" time="0.0" classname="com.connect.fluke.app.tests.SessionDetailPageTests3560">
    <ignored/>
  </testcase> <!-- timeValueIn8H1HTabTest -->
  <testcase name="viewCelciusMillimeterGraphTest" time="0.0" classname="com.connect.fluke.app.tests.AssetsPageTests">
    <ignored/>
  </testcase> <!-- viewCelciusMillimeterGraphTest -->
  <testcase name="testFC3560NotificationTile" time="0.0" classname="com.connect.fluke.app.tests.HomePageTests">
    <ignored/>
  </testcase> <!-- testFC3560NotificationTile -->
  <testcase name="sensorProvisionTest" time="0.0" classname="com.connect.fluke.app.tests.SessionSetupTests3560">
    <ignored/>
  </testcase> <!-- sensorProvisionTest -->
  <testcase name="sessionStartUserNameTest" time="0.0" classname="com.connect.fluke.app.tests.SessionListTests3550">
    <ignored/>
  </testcase> <!-- sessionStartUserNameTest -->
  <testcase name="dateValueIn1HTabTest" time="0.0" classname="com.connect.fluke.app.tests.SessionDetailPageTests3560">
    <ignored/>
  </testcase> <!-- dateValueIn1HTabTest -->
  <testcase name="addTeamMembersTest" time="0.0" classname="com.connect.fluke.app.tests.TeamPageTests">
    <ignored/>
  </testcase> <!-- addTeamMembersTest -->
  <testcase name="assetNameTest" time="0.0" classname="com.connect.fluke.app.tests.SessionDetailPageTests3560">
    <ignored/>
  </testcase> <!-- assetNameTest -->
  <testcase name="startTimeStaticTextVisibleTest" time="0.0" classname="com.connect.fluke.app.tests.SessionDetailPageTests3560">
    <ignored/>
  </testcase> <!-- startTimeStaticTextVisibleTest -->
  <testcase name="eeveeMeasurementInIosCapacitanceValueVerificationInDetailsPage" time="0.0" classname="com.connect.fluke.app.tests.MeasurementsHistoryPageTests">
    <ignored/>
  </testcase> <!-- eeveeMeasurementInIosCapacitanceValueVerificationInDetailsPage -->
  <testcase name="tempratureUnitIn8HTabTest" time="0.0" classname="com.connect.fluke.app.tests.SessionDetailPageTests3560">
    <ignored/>
  </testcase> <!-- tempratureUnitIn8HTabTest -->
  <testcase name="savedDataTest" time="0.0" classname="com.connect.fluke.app.tests.ThermalImageAnalysisTests">
    <ignored/>
  </testcase> <!-- savedDataTest -->
  <testcase name="powerFactorAllGraphTabCheck" time="0.0" classname="com.connect.fluke.app.tests.PowerQuality3540CompletedSessionTests">
    <ignored/>
  </testcase> <!-- powerFactorAllGraphTabCheck -->
  <testcase name="xAxisLabelIn1HTabTest" time="0.0" classname="com.connect.fluke.app.tests.SessionDetailPageTests3560">
    <ignored/>
  </testcase> <!-- xAxisLabelIn1HTabTest -->
  <testcase name="sensorCountAndTypeTest" time="0.0" classname="com.connect.fluke.app.tests.SessionDetailPageTests3550">
    <ignored/>
  </testcase> <!-- sensorCountAndTypeTest -->
  <testcase name="powerOverView_Kvar_1DGraphTabCheck" time="0.0" classname="com.connect.fluke.app.tests.PowerQuality3540CompletedSessionTests">
    <ignored/>
  </testcase> <!-- powerOverView_Kvar_1DGraphTabCheck -->
  <testcase name="startTimeStaticTextVisibleTest" time="0.0" classname="com.connect.fluke.app.tests.SessionDetailPageTests3550">
    <ignored/>
  </testcase> <!-- startTimeStaticTextVisibleTest -->
  <testcase name="eeveeMeasurementInAndroidCalculatedResultsCapacitanceStaticTextTest" time="0.0" classname="com.connect.fluke.app.tests.MeasurementsHistoryPageTests">
    <ignored/>
  </testcase> <!-- eeveeMeasurementInAndroidCalculatedResultsCapacitanceStaticTextTest -->
  <testcase name="assetNameTest" time="0.0" classname="com.connect.fluke.app.tests.SessionDetailPageTests3550">
    <ignored/>
  </testcase> <!-- assetNameTest -->
  <testcase name="powerFactor1DGraphTabCheck" time="0.0" classname="com.connect.fluke.app.tests.PowerQuality3540CompletedSessionTests">
    <ignored/>
  </testcase> <!-- powerFactor1DGraphTabCheck -->
  <testcase name="maxValueUnitTest1WTab" time="0.0" classname="com.connect.fluke.app.tests.SessionDetailPageTests3550">
    <ignored/>
  </testcase> <!-- maxValueUnitTest1WTab -->
  <testcase name="switchTo1DTabTest" time="0.0" classname="com.connect.fluke.app.tests.SessionDetailPageTests3550">
    <ignored/>
  </testcase> <!-- switchTo1DTabTest -->
  <testcase name="vibrationValueIn8HTabTest" time="0.0" classname="com.connect.fluke.app.tests.SessionDetailPageTests3560">
    <ignored/>
  </testcase> <!-- vibrationValueIn8HTabTest -->
  <testcase name="thermography1DGraphTabCheck" time="0.0" classname="com.connect.fluke.app.tests.Thermography3550CompletedSessionTests">
    <ignored/>
  </testcase> <!-- thermography1DGraphTabCheck -->
  <testcase name="viewBasicReportTest" time="0.0" classname="com.connect.fluke.app.tests.ReportsPageTests">
    <ignored/>
  </testcase> <!-- viewBasicReportTest -->
  <testcase name="eeveeMeasurementInAndroidTestConditionRampValueTest" time="0.0" classname="com.connect.fluke.app.tests.MeasurementsHistoryPageTests">
    <ignored/>
  </testcase> <!-- eeveeMeasurementInAndroidTestConditionRampValueTest -->
  <testcase name="viewCelciusInchesGreaterMillimetersGraphTest" time="0.0" classname="com.connect.fluke.app.tests.AssetsPageTests">
    <ignored/>
  </testcase> <!-- viewCelciusInchesGreaterMillimetersGraphTest -->
  <testcase name="graphDisplayedTest" time="0.0" classname="com.connect.fluke.app.tests.SessionDetailPageTests3560">
    <ignored/>
  </testcase> <!-- graphDisplayedTest -->
  <testcase name="dateValueIn3WTabTest" time="0.0" classname="com.connect.fluke.app.tests.SessionDetailPageTests3560">
    <ignored/>
  </testcase> <!-- dateValueIn3WTabTest -->
  <testcase name="eeveeMeasurementInAndroidCalculatedResultsDARStaticTextTest" time="0.0" classname="com.connect.fluke.app.tests.MeasurementsHistoryPageTests">
    <ignored/>
  </testcase> <!-- eeveeMeasurementInAndroidCalculatedResultsDARStaticTextTest -->
  <testcase name="eeveeMeasurementAssetStatusVerificationInAndroidTest" time="0.0" classname="com.connect.fluke.app.tests.MeasurementsHistoryPageTests">
    <ignored/>
  </testcase> <!-- eeveeMeasurementAssetStatusVerificationInAndroidTest -->
  <testcase name="sessionDeleteTest" time="0.0" classname="com.connect.fluke.app.tests.SessionEndAandDeleteTests3560">
    <ignored/>
  </testcase> <!-- sessionDeleteTest -->
  <testcase name="powerOverView_KVA_1HGraphTabCheck" time="0.0" classname="com.connect.fluke.app.tests.PowerQuality3540CompletedSessionTests">
    <ignored/>
  </testcase> <!-- powerOverView_KVA_1HGraphTabCheck -->
  <testcase name="powerOverView_KVA_1DGraphTabCheck" time="0.0" classname="com.connect.fluke.app.tests.PowerQuality3540CompletedSessionTests">
    <ignored/>
  </testcase> <!-- powerOverView_KVA_1DGraphTabCheck -->
  <testcase name="tHD_THC_THDV_1DGraphTabCheck" time="0.0" classname="com.connect.fluke.app.tests.PowerQuality3540CompletedSessionTests">
    <ignored/>
  </testcase> <!-- tHD_THC_THDV_1DGraphTabCheck -->
  <testcase name="dateValueInAllTabTest" time="0.0" classname="com.connect.fluke.app.tests.SessionDetailPageTests3560">
    <ignored/>
  </testcase> <!-- dateValueInAllTabTest -->
  <testcase name="liveValueTest1WTab" time="0.0" classname="com.connect.fluke.app.tests.SessionDetailPageTests3550">
    <ignored/>
  </testcase> <!-- liveValueTest1WTab -->
  <testcase name="frequencyAllGraphTabCheck" time="0.0" classname="com.connect.fluke.app.tests.PowerQuality3540CompletedSessionTests">
    <ignored/>
  </testcase> <!-- frequencyAllGraphTabCheck -->
  <testcase name="addAssetToReport" time="0.0" classname="com.connect.fluke.app.tests.ReportsPageTests">
    <ignored/>
  </testcase> <!-- addAssetToReport -->
  <testcase name="eeveeMeasurementInAndroidCalculatedResultsCapacitanceValueTest" time="0.0" classname="com.connect.fluke.app.tests.MeasurementsHistoryPageTests">
    <ignored/>
  </testcase> <!-- eeveeMeasurementInAndroidCalculatedResultsCapacitanceValueTest -->
  <testcase name="graphDisplayedTest" time="0.0" classname="com.connect.fluke.app.tests.SessionDetailPageTests3550">
    <ignored/>
  </testcase> <!-- graphDisplayedTest -->
  <testcase name="timeValueIn3W1WTabTest" time="0.0" classname="com.connect.fluke.app.tests.SessionDetailPageTests3560">
    <ignored/>
  </testcase> <!-- timeValueIn3W1WTabTest -->
  <testcase name="tHD_THC_THCA_1HGraphTabCheck" time="0.0" classname="com.connect.fluke.app.tests.PowerQuality3540CompletedSessionTests">
    <ignored/>
  </testcase> <!-- tHD_THC_THCA_1HGraphTabCheck -->
  <testcase name="powerOverView_PhaseC_1DGraphTabCheck" time="0.0" classname="com.connect.fluke.app.tests.PowerQuality3540CompletedSessionTests">
    <ignored/>
  </testcase> <!-- powerOverView_PhaseC_1DGraphTabCheck -->
  <testcase name="powerOverView_Total_1HGraphTabCheck" time="0.0" classname="com.connect.fluke.app.tests.PowerQuality3540CompletedSessionTests">
    <ignored/>
  </testcase> <!-- powerOverView_Total_1HGraphTabCheck -->
  <testcase name="switchToALLTabTest" time="0.0" classname="com.connect.fluke.app.tests.SessionDetailPageTests3550">
    <ignored/>
  </testcase> <!-- switchToALLTabTest -->
  <testcase name="powerOverView_PhaseA_1WGraphTabCheck" time="0.0" classname="com.connect.fluke.app.tests.PowerQuality3540CompletedSessionTests">
    <ignored/>
  </testcase> <!-- powerOverView_PhaseA_1WGraphTabCheck -->
  <testcase name="powerOverView_PhaseA_AllGraphTabCheck" time="0.0" classname="com.connect.fluke.app.tests.PowerQuality3540CompletedSessionTests">
    <ignored/>
  </testcase> <!-- powerOverView_PhaseA_AllGraphTabCheck -->
  <testcase name="addBasicAssetTest" time="0.0" classname="com.connect.fluke.app.tests.AssetsPageTests">
    <ignored/>
  </testcase> <!-- addBasicAssetTest -->
  <testcase name="powerOverView_Total_1DGraphTabCheck" time="0.0" classname="com.connect.fluke.app.tests.PowerQuality3540CompletedSessionTests">
    <ignored/>
  </testcase> <!-- powerOverView_Total_1DGraphTabCheck -->
  <testcase name="eeveeMeasurementInAndroidTestConditionTimeLimitTest" time="0.0" classname="com.connect.fluke.app.tests.MeasurementsHistoryPageTests">
    <ignored/>
  </testcase> <!-- eeveeMeasurementInAndroidTestConditionTimeLimitTest -->
  <testcase name="eeveeMeasurementInIosTimeValueVerificationInDetailsPage" time="0.0" classname="com.connect.fluke.app.tests.MeasurementsHistoryPageTests">
    <ignored/>
  </testcase> <!-- eeveeMeasurementInIosTimeValueVerificationInDetailsPage -->
  <testcase name="createBasicReportTest" time="0.0" classname="com.connect.fluke.app.tests.ReportsPageTests">
    <ignored/>
  </testcase> <!-- createBasicReportTest -->
  <testcase name="powerFactor1WGraphTabCheck" time="0.0" classname="com.connect.fluke.app.tests.PowerQuality3540CompletedSessionTests">
    <ignored/>
  </testcase> <!-- powerFactor1WGraphTabCheck -->
  <testcase name="sensorsStaticTextVisibleTest" time="0.0" classname="com.connect.fluke.app.tests.SessionListTests3560">
    <ignored/>
  </testcase> <!-- sensorsStaticTextVisibleTest -->
  <testcase name="addTextNoteToHudsonTest" time="0.0" classname="com.connect.fluke.app.tests.MeasurementsHistoryPageTests">
    <ignored/>
  </testcase> <!-- addTextNoteToHudsonTest -->
  <testcase name="isAssetStatusChangedTest" time="0.0" classname="com.connect.fluke.app.tests.AssetsPageTests">
    <ignored/>
  </testcase> <!-- isAssetStatusChangedTest -->
  <testcase name="addDeleteAssetGroupTest" time="0.0" classname="com.connect.fluke.app.tests.AssetsPageTests">
    <ignored/>
  </testcase> <!-- addDeleteAssetGroupTest -->
  <testcase name="activePowerAllGraphTabCheck" time="0.0" classname="com.connect.fluke.app.tests.PowerQuality3540CompletedSessionTests">
    <ignored/>
  </testcase> <!-- activePowerAllGraphTabCheck -->
  <testcase name="voltageAllGraphTabCheck" time="0.0" classname="com.connect.fluke.app.tests.PowerQuality3540CompletedSessionTests">
    <ignored/>
  </testcase> <!-- voltageAllGraphTabCheck -->
  <testcase name="eeveeMeasurementAssetStatusVerificationInIosMeasurementList" time="0.0" classname="com.connect.fluke.app.tests.MeasurementsHistoryPageTests">
    <ignored/>
  </testcase> <!-- eeveeMeasurementAssetStatusVerificationInIosMeasurementList -->
  <testcase name="eeveeMeasurementTertiaryValueVerificationInAndroidMeasurementDetailsTest" time="0.0" classname="com.connect.fluke.app.tests.MeasurementsHistoryPageTests">
    <ignored/>
  </testcase> <!-- eeveeMeasurementTertiaryValueVerificationInAndroidMeasurementDetailsTest -->
  <testcase name="maxValueTimeTest1WTab" time="0.0" classname="com.connect.fluke.app.tests.SessionDetailPageTests3550">
    <ignored/>
  </testcase> <!-- maxValueTimeTest1WTab -->
  <testcase name="powerOverView_KW_1HGraphTabCheck" time="0.0" classname="com.connect.fluke.app.tests.PowerQuality3540CompletedSessionTests">
    <ignored/>
  </testcase> <!-- powerOverView_KW_1HGraphTabCheck -->
  <testcase name="eeveeMeasurementInIosDARStaticTextVerificationInDetailsPage" time="0.0" classname="com.connect.fluke.app.tests.MeasurementsHistoryPageTests">
    <ignored/>
  </testcase> <!-- eeveeMeasurementInIosDARStaticTextVerificationInDetailsPage -->
  <testcase name="eeveeMeasurementTagNameVerificationInIosMeasurementList" time="0.0" classname="com.connect.fluke.app.tests.MeasurementsHistoryPageTests">
    <ignored/>
  </testcase> <!-- eeveeMeasurementTagNameVerificationInIosMeasurementList -->
  <testcase name="editWifiTemplateTest" time="0.0" classname="com.connect.fluke.app.tests.SessionSetupTests3560">
    <ignored/>
  </testcase> <!-- editWifiTemplateTest -->
  <testcase name="isHudsonMeasurementsValueSavedCorrectlyTest" time="0.0" classname="com.connect.fluke.app.tests.MeasurementsHistoryPageTests">
    <ignored/>
  </testcase> <!-- isHudsonMeasurementsValueSavedCorrectlyTest -->
  <testcase name="switchToAllTabTest" time="0.0" classname="com.connect.fluke.app.tests.SessionDetailPageTests3560">
    <ignored/>
  </testcase> <!-- switchToAllTabTest -->
  <testcase name="powerOverView_KW_1MGraphTabCheck" time="0.0" classname="com.connect.fluke.app.tests.PowerQuality3540CompletedSessionTests">
    <ignored/>
  </testcase> <!-- powerOverView_KW_1MGraphTabCheck -->
  <testcase name="tempratureValueIn1WTabTest" time="0.0" classname="com.connect.fluke.app.tests.SessionDetailPageTests3560">
    <ignored/>
  </testcase> <!-- tempratureValueIn1WTabTest -->
  <testcase name="dateValueIn8H1HTabTest" time="0.0" classname="com.connect.fluke.app.tests.SessionDetailPageTests3560">
    <ignored/>
  </testcase> <!-- dateValueIn8H1HTabTest -->
  <testcase name="createAssetReportWithoutCoverPageTest" time="0.0" classname="com.connect.fluke.app.tests.ReportsPageTests">
    <ignored/>
  </testcase> <!-- createAssetReportWithoutCoverPageTest -->
  <testcase name="istextNoteAdedToHudsonTest" time="0.0" classname="com.connect.fluke.app.tests.MeasurementsHistoryPageTests">
    <ignored/>
  </testcase> <!-- istextNoteAdedToHudsonTest -->
  <testcase name="scalarMeasurementValueInteroperabilityTest" time="0.0" classname="com.connect.fluke.app.tests.MeasurementsHistoryPageTests">
    <ignored/>
  </testcase> <!-- scalarMeasurementValueInteroperabilityTest -->
  <testcase name="deleteInchesGreaterMillimetersGraphTest" time="0.0" classname="com.connect.fluke.app.tests.AssetsPageTests">
    <ignored/>
  </testcase> <!-- deleteInchesGreaterMillimetersGraphTest -->
  <testcase name="pdfImageTest" time="0.0" classname="com.connect.fluke.app.tests.ReportsPageTests">
    <ignored/>
  </testcase> <!-- pdfImageTest -->
  <testcase name="scrollGraphLeft8HTab" time="0.0" classname="com.connect.fluke.app.tests.SessionDetailPageTests3560">
    <ignored/>
  </testcase> <!-- scrollGraphLeft8HTab -->
  <testcase name="deleteMillimetersGraphTest" time="0.0" classname="com.connect.fluke.app.tests.AssetsPageTests">
    <ignored/>
  </testcase> <!-- deleteMillimetersGraphTest -->
  <testcase name="viewCelciusMillimetersGreaterInchesGraphTest" time="0.0" classname="com.connect.fluke.app.tests.AssetsPageTests">
    <ignored/>
  </testcase> <!-- viewCelciusMillimetersGreaterInchesGraphTest -->
  <testcase name="testPointNameTest" time="0.0" classname="com.connect.fluke.app.tests.SessionDetailPageTests3550">
    <ignored/>
  </testcase> <!-- testPointNameTest -->
  <testcase name="switchBetweenTHDTHCView" time="0.0" classname="com.connect.fluke.app.tests.PowerQuality3540CompletedSessionTests">
    <ignored/>
  </testcase> <!-- switchBetweenTHDTHCView -->
  <testcase name="removeTeamMembersTest" time="0.0" classname="com.connect.fluke.app.tests.TeamPageTests">
    <ignored/>
  </testcase> <!-- removeTeamMembersTest -->
  <testcase name="minValueTimeTest1MTab" time="0.0" classname="com.connect.fluke.app.tests.SessionDetailPageTests3550">
    <ignored/>
  </testcase> <!-- minValueTimeTest1MTab -->
  <testcase name="dateValueIn1WTabTest" time="0.0" classname="com.connect.fluke.app.tests.SessionDetailPageTests3560">
    <ignored/>
  </testcase> <!-- dateValueIn1WTabTest -->
  <testcase name="vibrationValueInAll3WTabTest" time="0.0" classname="com.connect.fluke.app.tests.SessionDetailPageTests3560">
    <ignored/>
  </testcase> <!-- vibrationValueInAll3WTabTest -->
  <testcase name="check3550CompletedSession" time="0.0" classname="com.connect.fluke.app.tests.Thermography3550CompletedSessionTests">
    <ignored/>
  </testcase> <!-- check3550CompletedSession -->
  <testcase name="maxValueTest" time="0.0" classname="com.connect.fluke.app.tests.SessionDetailPageTests3550">
    <ignored/>
  </testcase> <!-- maxValueTest -->
  <testcase name="gateWayNameTest" time="0.0" classname="com.connect.fluke.app.tests.SessionDetailPageTests3560">
    <ignored/>
  </testcase> <!-- gateWayNameTest -->
  <testcase name="powerOverView_Kvar_1MGraphTabCheck" time="0.0" classname="com.connect.fluke.app.tests.PowerQuality3540CompletedSessionTests">
    <ignored/>
  </testcase> <!-- powerOverView_Kvar_1MGraphTabCheck -->
  <testcase name="timeValueInAll3WTabTest" time="0.0" classname="com.connect.fluke.app.tests.SessionDetailPageTests3560">
    <ignored/>
  </testcase> <!-- timeValueInAll3WTabTest -->
  <testcase name="maxValueTimeTest1MTab" time="0.0" classname="com.connect.fluke.app.tests.SessionDetailPageTests3550">
    <ignored/>
  </testcase> <!-- maxValueTimeTest1MTab -->
  <testcase name="activePower1HGraphTabCheck" time="0.0" classname="com.connect.fluke.app.tests.PowerQuality3540CompletedSessionTests">
    <ignored/>
  </testcase> <!-- activePower1HGraphTabCheck -->
  <testcase name="thermography1MGraphTabCheck" time="0.0" classname="com.connect.fluke.app.tests.Thermography3550CompletedSessionTests">
    <ignored/>
  </testcase> <!-- thermography1MGraphTabCheck -->
  <testcase name="eeveeMeasurementTagNameVerificationInAndroidMeasurementDetailsTest" time="0.0" classname="com.connect.fluke.app.tests.MeasurementsHistoryPageTests">
    <ignored/>
  </testcase> <!-- eeveeMeasurementTagNameVerificationInAndroidMeasurementDetailsTest -->
  <testcase name="tHD_THC_THCA_1MGraphTabCheck" time="0.0" classname="com.connect.fluke.app.tests.PowerQuality3540CompletedSessionTests">
    <ignored/>
  </testcase> <!-- tHD_THC_THCA_1MGraphTabCheck -->
  <testcase name="tempratureUnitIn1WTabTest" time="0.0" classname="com.connect.fluke.app.tests.SessionDetailPageTests3560">
    <ignored/>
  </testcase> <!-- tempratureUnitIn1WTabTest -->
  <testcase name="vibrationUnitIn3WTabTest" time="0.0" classname="com.connect.fluke.app.tests.SessionDetailPageTests3560">
    <ignored/>
  </testcase> <!-- vibrationUnitIn3WTabTest -->
  <testcase name="timeValueIn1W8HTabTest" time="0.0" classname="com.connect.fluke.app.tests.SessionDetailPageTests3560">
    <ignored/>
  </testcase> <!-- timeValueIn1W8HTabTest -->
  <testcase name="testPointNameTest" time="0.0" classname="com.connect.fluke.app.tests.SessionDetailPageTests3560">
    <ignored/>
  </testcase> <!-- testPointNameTest -->
  <testcase name="sessionStartTimeTest" time="0.0" classname="com.connect.fluke.app.tests.SessionListTests3550">
    <ignored/>
  </testcase> <!-- sessionStartTimeTest -->
  <testcase name="switchTo8H1HTabTest" time="0.0" classname="com.connect.fluke.app.tests.SessionDetailPageTests3560">
    <ignored/>
  </testcase> <!-- switchTo8H1HTabTest -->
  <testcase name="addAssetGroupTest" time="0.0" classname="com.connect.fluke.app.tests.AssetsPageTests">
    <ignored/>
  </testcase> <!-- addAssetGroupTest -->
  <testcase name="workOrderStatusChangeTest" time="0.0" classname="com.connect.fluke.app.tests.WorkOrderPageTests">
    <ignored/>
  </testcase> <!-- workOrderStatusChangeTest -->
  <testcase name="eeveeMeasurementInIosTestEndedValueVerificationInDetailsPage" time="0.0" classname="com.connect.fluke.app.tests.MeasurementsHistoryPageTests">
    <ignored/>
  </testcase> <!-- eeveeMeasurementInIosTestEndedValueVerificationInDetailsPage -->
  <testcase name="liveValueUnitTest1DTab" time="0.0" classname="com.connect.fluke.app.tests.SessionDetailPageTests3550">
    <ignored/>
  </testcase> <!-- liveValueUnitTest1DTab -->
  <testcase name="eeveeMeasurementTestDurationTextVerificationInIosMeasurementList" time="0.0" classname="com.connect.fluke.app.tests.MeasurementsHistoryPageTests">
    <ignored/>
  </testcase> <!-- eeveeMeasurementTestDurationTextVerificationInIosMeasurementList -->
  <testcase name="viewAssetReportTest" time="0.0" classname="com.connect.fluke.app.tests.ReportsPageTests">
    <ignored/>
  </testcase> <!-- viewAssetReportTest -->
  <testcase name="eeveeMeasurementInIosTestConditionTabNavigationTest" time="0.0" classname="com.connect.fluke.app.tests.MeasurementsHistoryPageTests">
    <ignored/>
  </testcase> <!-- eeveeMeasurementInIosTestConditionTabNavigationTest -->
  <testcase name="current1DGraphTabCheck" time="0.0" classname="com.connect.fluke.app.tests.PowerQuality3540CompletedSessionTests">
    <ignored/>
  </testcase> <!-- current1DGraphTabCheck -->
  <testcase name="vibrationValueInAllTabTest" time="0.0" classname="com.connect.fluke.app.tests.SessionDetailPageTests3560">
    <ignored/>
  </testcase> <!-- vibrationValueInAllTabTest -->
  <testcase name="eeveeMeasurementInIosTimeLimitTextVerificationInDetailsPage" time="0.0" classname="com.connect.fluke.app.tests.MeasurementsHistoryPageTests">
    <ignored/>
  </testcase> <!-- eeveeMeasurementInIosTimeLimitTextVerificationInDetailsPage -->
  <testcase name="unitAndPhaseTest" time="0.0" classname="com.connect.fluke.app.tests.SessionDetailPageTests3540">
    <ignored/>
  </testcase> <!-- unitAndPhaseTest -->
  <testcase name="gateWayNameTest" time="0.0" classname="com.connect.fluke.app.tests.SessionDetailPageTests3550">
    <ignored/>
  </testcase> <!-- gateWayNameTest -->
  <testcase name="tempratureUnitIn1W8HTabTest" time="0.0" classname="com.connect.fluke.app.tests.SessionDetailPageTests3560">
    <ignored/>
  </testcase> <!-- tempratureUnitIn1W8HTabTest -->
  <testcase name="sensorCountAndTypeTest" time="0.0" classname="com.connect.fluke.app.tests.SessionListTests3560">
    <ignored/>
  </testcase> <!-- sensorCountAndTypeTest -->
  <testcase name="eeveeMeasurementInIosVolageStaticTextVerificationInDetailsPage" time="0.0" classname="com.connect.fluke.app.tests.MeasurementsHistoryPageTests">
    <ignored/>
  </testcase> <!-- eeveeMeasurementInIosVolageStaticTextVerificationInDetailsPage -->
  <testcase name="dateValueIn8HTabTest" time="0.0" classname="com.connect.fluke.app.tests.SessionDetailPageTests3560">
    <ignored/>
  </testcase> <!-- dateValueIn8HTabTest -->
  <testcase name="dateValueIn1W8HTabTest" time="0.0" classname="com.connect.fluke.app.tests.SessionDetailPageTests3560">
    <ignored/>
  </testcase> <!-- dateValueIn1W8HTabTest -->
  <testcase name="sessionStartTimeTest" time="0.0" classname="com.connect.fluke.app.tests.SessionListTests3560">
    <ignored/>
  </testcase> <!-- sessionStartTimeTest -->
  <testcase name="tHD_THC_THCA_1WGraphTabCheck" time="0.0" classname="com.connect.fluke.app.tests.PowerQuality3540CompletedSessionTests">
    <ignored/>
  </testcase> <!-- tHD_THC_THCA_1WGraphTabCheck -->
  <testcase name="tempratureValueInAll3WTabTest" time="0.0" classname="com.connect.fluke.app.tests.SessionDetailPageTests3560">
    <ignored/>
  </testcase> <!-- tempratureValueInAll3WTabTest -->
  <testcase name="timeValueIn8HTabTest" time="0.0" classname="com.connect.fluke.app.tests.SessionDetailPageTests3560">
    <ignored/>
  </testcase> <!-- timeValueIn8HTabTest -->
  <testcase name="liveValueUnitTest" time="0.0" classname="com.connect.fluke.app.tests.SessionDetailPageTests3550">
    <ignored/>
  </testcase> <!-- liveValueUnitTest -->
  <testcase name="eeveeMeasurementTagNameVerificationInAndroidMeasurementListTest" time="0.0" classname="com.connect.fluke.app.tests.MeasurementsHistoryPageTests">
    <ignored/>
  </testcase> <!-- eeveeMeasurementTagNameVerificationInAndroidMeasurementListTest -->
  <testcase name="powerOverView_Total_1MGraphTabCheck" time="0.0" classname="com.connect.fluke.app.tests.PowerQuality3540CompletedSessionTests">
    <ignored/>
  </testcase> <!-- powerOverView_Total_1MGraphTabCheck -->
  <testcase name="eeveeMeasurementSecondaryValueUnitVerificationInAndroidMeasurementDetailspageTest" time="0.0" classname="com.connect.fluke.app.tests.MeasurementsHistoryPageTests">
    <ignored/>
  </testcase> <!-- eeveeMeasurementSecondaryValueUnitVerificationInAndroidMeasurementDetailspageTest -->
  <testcase name="createAccountTest" time="0.0" classname="com.connect.fluke.app.tests.CreateAccountPageTests">
    <ignored/>
  </testcase> <!-- createAccountTest -->
  <testcase name="eeveeMeasurementInIosRampValueVerificationInDetailsPage" time="0.0" classname="com.connect.fluke.app.tests.MeasurementsHistoryPageTests">
    <ignored/>
  </testcase> <!-- eeveeMeasurementInIosRampValueVerificationInDetailsPage -->
  <testcase name="tHD_THC_THDA_1DGraphTabCheck" time="0.0" classname="com.connect.fluke.app.tests.PowerQuality3540CompletedSessionTests">
    <ignored/>
  </testcase> <!-- tHD_THC_THDA_1DGraphTabCheck -->
  <testcase name="eeveeMeasurementTestDurationTextVerificationInAndroidMeasurementDetailsTest" time="0.0" classname="com.connect.fluke.app.tests.MeasurementsHistoryPageTests">
    <ignored/>
  </testcase> <!-- eeveeMeasurementTestDurationTextVerificationInAndroidMeasurementDetailsTest -->
  <testcase name="deletTestAssetGroupTest" time="0.0" classname="com.connect.fluke.app.tests.AssetsPageTests">
    <ignored/>
  </testcase> <!-- deletTestAssetGroupTest -->
  <testcase name="powerOverView_KW_1WGraphTabCheck" time="0.0" classname="com.connect.fluke.app.tests.PowerQuality3540CompletedSessionTests">
    <ignored/>
  </testcase> <!-- powerOverView_KW_1WGraphTabCheck -->
  <testcase name="vibrationValueIn3W1WTabTest" time="0.0" classname="com.connect.fluke.app.tests.SessionDetailPageTests3560">
    <ignored/>
  </testcase> <!-- vibrationValueIn3W1WTabTest -->
  <testcase name="minValueTimeTestALLTab" time="0.0" classname="com.connect.fluke.app.tests.SessionDetailPageTests3550">
    <ignored/>
  </testcase> <!-- minValueTimeTestALLTab -->
  <testcase name="editAssetReportTest" time="0.0" classname="com.connect.fluke.app.tests.ReportsPageTests">
    <ignored/>
  </testcase> <!-- editAssetReportTest -->
  <testcase name="viewInchesGreaterMillimetersGraphTest" time="0.0" classname="com.connect.fluke.app.tests.AssetsPageTests">
    <ignored/>
  </testcase> <!-- viewInchesGreaterMillimetersGraphTest -->
  <testcase name="viewMillimetersGreaterInchesGraphTest" time="0.0" classname="com.connect.fluke.app.tests.AssetsPageTests">
    <ignored/>
  </testcase> <!-- viewMillimetersGreaterInchesGraphTest -->
  <testcase name="deletBasicAssetGroupTest" time="0.0" classname="com.connect.fluke.app.tests.AssetsPageTests">
    <ignored/>
  </testcase> <!-- deletBasicAssetGroupTest -->
  <testcase name="switchBetweenActivePowerView" time="0.0" classname="com.connect.fluke.app.tests.PowerQuality3540CompletedSessionTests">
    <ignored/>
  </testcase> <!-- switchBetweenActivePowerView -->
  <testcase name="vibrationUnitIn3W1WTabTest" time="0.0" classname="com.connect.fluke.app.tests.SessionDetailPageTests3560">
    <ignored/>
  </testcase> <!-- vibrationUnitIn3W1WTabTest -->
  <testcase name="tHD_THC_THDA_1MGraphTabCheck" time="0.0" classname="com.connect.fluke.app.tests.PowerQuality3540CompletedSessionTests">
    <ignored/>
  </testcase> <!-- tHD_THC_THDA_1MGraphTabCheck -->
  <testcase name="gateWayNameTest" time="0.0" classname="com.connect.fluke.app.tests.SessionListTests3550">
    <ignored/>
  </testcase> <!-- gateWayNameTest -->
  <testcase name="frequency1WGraphTabCheck" time="0.0" classname="com.connect.fluke.app.tests.PowerQuality3540CompletedSessionTests">
    <ignored/>
  </testcase> <!-- frequency1WGraphTabCheck -->
  <testcase name="tHD_THC_THDV_1MGraphTabCheck" time="0.0" classname="com.connect.fluke.app.tests.PowerQuality3540CompletedSessionTests">
    <ignored/>
  </testcase> <!-- tHD_THC_THDV_1MGraphTabCheck -->
  <testcase name="captureMyWorkOrderCellScreenshot" time="0.0" classname="com.connect.fluke.app.tests.HomePageTests">
    <ignored/>
  </testcase> <!-- captureMyWorkOrderCellScreenshot -->
  <testcase name="powerFactor1MGraphTabCheck" time="0.0" classname="com.connect.fluke.app.tests.PowerQuality3540CompletedSessionTests">
    <ignored/>
  </testcase> <!-- powerFactor1MGraphTabCheck -->
  <testcase name="dateValueInAll3WTabTest" time="0.0" classname="com.connect.fluke.app.tests.SessionDetailPageTests3560">
    <ignored/>
  </testcase> <!-- dateValueInAll3WTabTest -->
  <testcase name="eeveeMeasurementTagNameVerificationInIosMeasurementDetailpage" time="0.0" classname="com.connect.fluke.app.tests.MeasurementsHistoryPageTests">
    <ignored/>
  </testcase> <!-- eeveeMeasurementTagNameVerificationInIosMeasurementDetailpage -->
  <testcase name="eeveeMeasurementInAndroidTestConditionTestEndedValueTest" time="0.0" classname="com.connect.fluke.app.tests.MeasurementsHistoryPageTests">
    <ignored/>
  </testcase> <!-- eeveeMeasurementInAndroidTestConditionTestEndedValueTest -->
  <testcase name="eeveeMeasurementTestDurationValuetVerificationInIosMeasurementList" time="0.0" classname="com.connect.fluke.app.tests.MeasurementsHistoryPageTests">
    <ignored/>
  </testcase> <!-- eeveeMeasurementTestDurationValuetVerificationInIosMeasurementList -->
  <testcase name="deleteAssetReportTest" time="0.0" classname="com.connect.fluke.app.tests.ReportsPageTests">
    <ignored/>
  </testcase> <!-- deleteAssetReportTest -->
  <testcase name="scrollGraphRight1HTab" time="0.0" classname="com.connect.fluke.app.tests.SessionDetailPageTests3560">
    <ignored/>
  </testcase> <!-- scrollGraphRight1HTab -->
  <testcase name="isAssetAssignedToHudsonTest" time="0.0" classname="com.connect.fluke.app.tests.MeasurementsHistoryPageTests">
    <ignored/>
  </testcase> <!-- isAssetAssignedToHudsonTest -->
  <testcase name="eeveeMeasurementTestDurationTextVerificationInAndroidMeasurementListTest" time="0.0" classname="com.connect.fluke.app.tests.MeasurementsHistoryPageTests">
    <ignored/>
  </testcase> <!-- eeveeMeasurementTestDurationTextVerificationInAndroidMeasurementListTest -->
  <testcase name="eeveeMeasurementTestDurationValuetVerificationInIosMeasurementDetailsPage" time="0.0" classname="com.connect.fluke.app.tests.MeasurementsHistoryPageTests">
    <ignored/>
  </testcase> <!-- eeveeMeasurementTestDurationValuetVerificationInIosMeasurementDetailsPage -->
  <testcase name="vibrationValueIn3WTabTest" time="0.0" classname="com.connect.fluke.app.tests.SessionDetailPageTests3560">
    <ignored/>
  </testcase> <!-- vibrationValueIn3WTabTest -->
  <testcase name="startVATGSessionTest" time="0.0" classname="com.connect.fluke.app.tests.SessionSetupPageTests">
    <ignored/>
  </testcase> <!-- startVATGSessionTest -->
  <testcase name="sensorsStaticTextVisibleTest" time="0.0" classname="com.connect.fluke.app.tests.SessionListTests3550">
    <ignored/>
  </testcase> <!-- sensorsStaticTextVisibleTest -->
  <testcase name="startMonitoringTest" time="0.0" classname="com.connect.fluke.app.tests.SessionSetupTests3560">
    <ignored/>
  </testcase> <!-- startMonitoringTest -->
  <testcase name="maxValueTestALLTab" time="0.0" classname="com.connect.fluke.app.tests.SessionDetailPageTests3550">
    <ignored/>
  </testcase> <!-- maxValueTestALLTab -->
  <testcase name="eeveeMeasurementInAndroidTestConditionVoltageStaticTextTest" time="0.0" classname="com.connect.fluke.app.tests.MeasurementsHistoryPageTests">
    <ignored/>
  </testcase> <!-- eeveeMeasurementInAndroidTestConditionVoltageStaticTextTest -->
  <testcase name="minValueTestALLTab" time="0.0" classname="com.connect.fluke.app.tests.SessionDetailPageTests3550">
    <ignored/>
  </testcase> <!-- minValueTestALLTab -->
  <testcase name="maxValueTest1WTab" time="0.0" classname="com.connect.fluke.app.tests.SessionDetailPageTests3550">
    <ignored/>
  </testcase> <!-- maxValueTest1WTab -->
  <testcase name="powerOverView_KVA_1WGraphTabCheck" time="0.0" classname="com.connect.fluke.app.tests.PowerQuality3540CompletedSessionTests">
    <ignored/>
  </testcase> <!-- powerOverView_KVA_1WGraphTabCheck -->
  <testcase name="sessionTileVisibleTest" time="0.0" classname="com.connect.fluke.app.tests.SessionListTests3550">
    <ignored/>
  </testcase> <!-- sessionTileVisibleTest -->
  <testcase name="assignedWorkOrderToHudsonTest" time="0.0" classname="com.connect.fluke.app.tests.MeasurementsHistoryPageTests">
    <ignored/>
  </testcase> <!-- assignedWorkOrderToHudsonTest -->
  <testcase name="maxValueUnitTest" time="0.0" classname="com.connect.fluke.app.tests.SessionDetailPageTests3550">
    <ignored/>
  </testcase> <!-- maxValueUnitTest -->
  <testcase name="connectToVATG" time="0.0" classname="com.connect.fluke.app.tests.PhoneSettingsPageTests">
    <ignored/>
  </testcase> <!-- connectToVATG -->
  <testcase name="scalarMeasurementUnitInteroperabilityTest" time="0.0" classname="com.connect.fluke.app.tests.MeasurementsHistoryPageTests">
    <ignored/>
  </testcase> <!-- scalarMeasurementUnitInteroperabilityTest -->
  <testcase name="tHD_THC_THDA_1WGraphTabCheck" time="0.0" classname="com.connect.fluke.app.tests.PowerQuality3540CompletedSessionTests">
    <ignored/>
  </testcase> <!-- tHD_THC_THDA_1WGraphTabCheck -->
  <testcase name="maxLabelIn1HTabTest" time="0.0" classname="com.connect.fluke.app.tests.SessionDetailPageTests3550">
    <ignored/>
  </testcase> <!-- maxLabelIn1HTabTest -->
  <testcase name="eeveeMeasurementInAndroidTestConditionTabNavigationTest" time="0.0" classname="com.connect.fluke.app.tests.MeasurementsHistoryPageTests">
    <ignored/>
  </testcase> <!-- eeveeMeasurementInAndroidTestConditionTabNavigationTest -->
  <testcase name="tempratureValueIn8H1HTabTest" time="0.0" classname="com.connect.fluke.app.tests.SessionDetailPageTests3560">
    <ignored/>
  </testcase> <!-- tempratureValueIn8H1HTabTest -->
  <testcase name="powerOverView_PhaseC_1WGraphTabCheck" time="0.0" classname="com.connect.fluke.app.tests.PowerQuality3540CompletedSessionTests">
    <ignored/>
  </testcase> <!-- powerOverView_PhaseC_1WGraphTabCheck -->
  <testcase name="tempratureValueIn1HTabTest" time="0.0" classname="com.connect.fluke.app.tests.SessionDetailPageTests3560">
    <ignored/>
  </testcase> <!-- tempratureValueIn1HTabTest -->
  <testcase name="createAssetReportWithCoverPageTest" time="0.0" classname="com.connect.fluke.app.tests.ReportsPageTests">
    <ignored/>
  </testcase> <!-- createAssetReportWithCoverPageTest -->
  <testcase name="powerOverView_KVA_AllGraphTabCheck" time="0.0" classname="com.connect.fluke.app.tests.PowerQuality3540CompletedSessionTests">
    <ignored/>
  </testcase> <!-- powerOverView_KVA_AllGraphTabCheck -->
  <testcase name="CreateReportWithThisAsset" time="0.0" classname="com.connect.fluke.app.tests.ReportsPageTests">
    <ignored/>
  </testcase> <!-- CreateReportWithThisAsset -->
  <testcase name="vibrationUnitInAll3WTabTest" time="0.0" classname="com.connect.fluke.app.tests.SessionDetailPageTests3560">
    <ignored/>
  </testcase> <!-- vibrationUnitInAll3WTabTest -->
  <testcase name="vibrationUnitIn1WTabTest" time="0.0" classname="com.connect.fluke.app.tests.SessionDetailPageTests3560">
    <ignored/>
  </testcase> <!-- vibrationUnitIn1WTabTest -->
  <testcase name="eeveeMeasurementInAndroidCalculatedResultsPIValueTest" time="0.0" classname="com.connect.fluke.app.tests.MeasurementsHistoryPageTests">
    <ignored/>
  </testcase> <!-- eeveeMeasurementInAndroidCalculatedResultsPIValueTest -->
  <testcase name="powerOverView_PhaseC_AllGraphTabCheck" time="0.0" classname="com.connect.fluke.app.tests.PowerQuality3540CompletedSessionTests">
    <ignored/>
  </testcase> <!-- powerOverView_PhaseC_AllGraphTabCheck -->
  <testcase name="tempratureUnitIn3W1WTabTest" time="0.0" classname="com.connect.fluke.app.tests.SessionDetailPageTests3560">
    <ignored/>
  </testcase> <!-- tempratureUnitIn3W1WTabTest -->
  <testcase name="tHD_THC_THDA_AllGraphTabCheck" time="0.0" classname="com.connect.fluke.app.tests.PowerQuality3540CompletedSessionTests">
    <ignored/>
  </testcase> <!-- tHD_THC_THDA_AllGraphTabCheck -->
  <testcase name="eeveeMeasurementInAndroidCalculatedResultsDARValueTest" time="0.0" classname="com.connect.fluke.app.tests.MeasurementsHistoryPageTests">
    <ignored/>
  </testcase> <!-- eeveeMeasurementInAndroidCalculatedResultsDARValueTest -->
  <testcase name="deleteBasicReportTest" time="0.0" classname="com.connect.fluke.app.tests.ReportsPageTests">
    <ignored/>
  </testcase> <!-- deleteBasicReportTest -->
  <testcase name="assignAssetToGroupMeasurementTest" time="0.0" classname="com.connect.fluke.app.tests.CaptureMeasurementsTests">
    <ignored/>
  </testcase> <!-- assignAssetToGroupMeasurementTest -->
  <testcase name="eeveeMeasurementInIosRampStaticTextVerificationInDetailsPage" time="0.0" classname="com.connect.fluke.app.tests.MeasurementsHistoryPageTests">
    <ignored/>
  </testcase> <!-- eeveeMeasurementInIosRampStaticTextVerificationInDetailsPage -->
  <testcase name="eeveeMeasurementSecondaryValueVerificationInAndroidTest" time="0.0" classname="com.connect.fluke.app.tests.MeasurementsHistoryPageTests">
    <ignored/>
  </testcase> <!-- eeveeMeasurementSecondaryValueVerificationInAndroidTest -->
  <testcase name="maxLabelIn1HTabTest" time="0.0" classname="com.connect.fluke.app.tests.SessionDetailPageTests3560">
    <ignored/>
  </testcase> <!-- maxLabelIn1HTabTest -->
  <testcase name="eeveeMeasurementAssetAssignmentInIosTest" time="0.0" classname="com.connect.fluke.app.tests.MeasurementsHistoryPageTests">
    <ignored/>
  </testcase> <!-- eeveeMeasurementAssetAssignmentInIosTest -->
  <testcase name="eeveeMeasurementCurrentValueAndUnitVerificationInIosMeasurementList" time="0.0" classname="com.connect.fluke.app.tests.MeasurementsHistoryPageTests">
    <ignored/>
  </testcase> <!-- eeveeMeasurementCurrentValueAndUnitVerificationInIosMeasurementList -->
  <testcase name="tempratureUnitInAll3WTabTest" time="0.0" classname="com.connect.fluke.app.tests.SessionDetailPageTests3560">
    <ignored/>
  </testcase> <!-- tempratureUnitInAll3WTabTest -->
  <testcase name="machineLearningMessageTest" time="0.0" classname="com.connect.fluke.app.tests.SessionDetailPageTests3560">
    <ignored/>
  </testcase> <!-- machineLearningMessageTest -->
  <testcase name="eeveeMeasurementInIosPIValueVerificationInDetailsPage" time="0.0" classname="com.connect.fluke.app.tests.MeasurementsHistoryPageTests">
    <ignored/>
  </testcase> <!-- eeveeMeasurementInIosPIValueVerificationInDetailsPage -->
  <testcase name="powerOverView_Kvar_1WGraphTabCheck" time="0.0" classname="com.connect.fluke.app.tests.PowerQuality3540CompletedSessionTests">
    <ignored/>
  </testcase> <!-- powerOverView_Kvar_1WGraphTabCheck -->
  <testcase name="clickOnSessionTileTest" time="0.0" classname="com.connect.fluke.app.tests.SessionListTests3550">
    <ignored/>
  </testcase> <!-- clickOnSessionTileTest -->
  <testcase name="tempratureUnitTest" time="0.0" classname="com.connect.fluke.app.tests.SessionDetailPageTests3550">
    <ignored/>
  </testcase> <!-- tempratureUnitTest -->
  <testcase name="deleteMillimetersGreaterInchesGraphTest" time="0.0" classname="com.connect.fluke.app.tests.AssetsPageTests">
    <ignored/>
  </testcase> <!-- deleteMillimetersGreaterInchesGraphTest -->
  <testcase name="eeveeMeasurementTertiaryValueVerificationInAndroidTest" time="0.0" classname="com.connect.fluke.app.tests.MeasurementsHistoryPageTests">
    <ignored/>
  </testcase> <!-- eeveeMeasurementTertiaryValueVerificationInAndroidTest -->
  <testcase name="liveValueUnitTestALLTab" time="0.0" classname="com.connect.fluke.app.tests.SessionDetailPageTests3550">
    <ignored/>
  </testcase> <!-- liveValueUnitTestALLTab -->
  <testcase name="config888" time="0.0" classname="com.connect.fluke.app.tests.LastConfig">
    <ignored/>
  </testcase> <!-- config888 -->
  <testcase name="minValueUnitTest1MTab" time="0.0" classname="com.connect.fluke.app.tests.SessionDetailPageTests3550">
    <ignored/>
  </testcase> <!-- minValueUnitTest1MTab -->
  <testcase name="config999" time="0.0" classname="com.connect.fluke.app.tests.LastConfig">
    <ignored/>
  </testcase> <!-- config999 -->
  <testcase name="eeveeMeasurementInAndroidTestConditionTestEndedStaticTextTest" time="0.0" classname="com.connect.fluke.app.tests.MeasurementsHistoryPageTests">
    <ignored/>
  </testcase> <!-- eeveeMeasurementInAndroidTestConditionTestEndedStaticTextTest -->
  <testcase name="minValueTest1WTab" time="0.0" classname="com.connect.fluke.app.tests.SessionDetailPageTests3550">
    <ignored/>
  </testcase> <!-- minValueTest1WTab -->
  <testcase name="minValueTimeTest" time="0.0" classname="com.connect.fluke.app.tests.SessionDetailPageTests3550">
    <ignored/>
  </testcase> <!-- minValueTimeTest -->
  <testcase name="liveValueTest1MTab" time="0.0" classname="com.connect.fluke.app.tests.SessionDetailPageTests3550">
    <ignored/>
  </testcase> <!-- liveValueTest1MTab -->
  <testcase name="eeveeMeasurementInIosVolageValueVerificationInDetailsPage" time="0.0" classname="com.connect.fluke.app.tests.MeasurementsHistoryPageTests">
    <ignored/>
  </testcase> <!-- eeveeMeasurementInIosVolageValueVerificationInDetailsPage -->
  <testcase name="powerOverView_PhaseB_1DGraphTabCheck" time="0.0" classname="com.connect.fluke.app.tests.PowerQuality3540CompletedSessionTests">
    <ignored/>
  </testcase> <!-- powerOverView_PhaseB_1DGraphTabCheck -->
  <testcase name="currentAllGraphTabCheck" time="0.0" classname="com.connect.fluke.app.tests.PowerQuality3540CompletedSessionTests">
    <ignored/>
  </testcase> <!-- currentAllGraphTabCheck -->
  <testcase name="gateWayNameTest" time="0.0" classname="com.connect.fluke.app.tests.SessionListTests3560">
    <ignored/>
  </testcase> <!-- gateWayNameTest -->
  <testcase name="sessionTileStatusTest" time="0.0" classname="com.connect.fluke.app.tests.SessionDetailPageTests3560">
    <ignored/>
  </testcase> <!-- sessionTileStatusTest -->
  <testcase name="eeveeMeasurementVoltageValueAndUnitVerificationInIosMeasurementList" time="0.0" classname="com.connect.fluke.app.tests.MeasurementsHistoryPageTests">
    <ignored/>
  </testcase> <!-- eeveeMeasurementVoltageValueAndUnitVerificationInIosMeasurementList -->
  <testcase name="tempratureUnitTest" time="0.0" classname="com.connect.fluke.app.tests.SessionDetailPageTests3560">
    <ignored/>
  </testcase> <!-- tempratureUnitTest -->
  <testcase name="thermographyAllGraphTabCheck" time="0.0" classname="com.connect.fluke.app.tests.Thermography3550CompletedSessionTests">
    <ignored/>
  </testcase> <!-- thermographyAllGraphTabCheck -->
  <testcase name="eeveeMeasurementPrimaryValueUnitVerificationInAndroidTest" time="0.0" classname="com.connect.fluke.app.tests.MeasurementsHistoryPageTests">
    <ignored/>
  </testcase> <!-- eeveeMeasurementPrimaryValueUnitVerificationInAndroidTest -->
  <testcase name="frequency1HGraphTabCheck" time="0.0" classname="com.connect.fluke.app.tests.PowerQuality3540CompletedSessionTests">
    <ignored/>
  </testcase> <!-- frequency1HGraphTabCheck -->
  <testcase name="eeveeMeasurementPrimaryValueVerificationInAndroidMeasurementListTest" time="0.0" classname="com.connect.fluke.app.tests.MeasurementsHistoryPageTests">
    <ignored/>
  </testcase> <!-- eeveeMeasurementPrimaryValueVerificationInAndroidMeasurementListTest -->
  <testcase name="sessionTileStatusTest" time="0.0" classname="com.connect.fluke.app.tests.SessionDetailPageTests3550">
    <ignored/>
  </testcase> <!-- sessionTileStatusTest -->
  <testcase name="startTimeStaticTextVisibleTest" time="0.0" classname="com.connect.fluke.app.tests.SessionListTests3550">
    <ignored/>
  </testcase> <!-- startTimeStaticTextVisibleTest -->
  <testcase name="createSession" time="0.0" classname="com.connect.fluke.app.tests.FCCM3540ActiveMonitoringSessionsTests">
    <ignored/>
  </testcase> <!-- createSession -->
  <testcase name="minValueTest" time="0.0" classname="com.connect.fluke.app.tests.SessionDetailPageTests3550">
    <ignored/>
  </testcase> <!-- minValueTest -->
  <testcase name="powerOverView_KVA_1MGraphTabCheck" time="0.0" classname="com.connect.fluke.app.tests.PowerQuality3540CompletedSessionTests">
    <ignored/>
  </testcase> <!-- powerOverView_KVA_1MGraphTabCheck -->
  <testcase name="tempratureUnitInAllTabTest" time="0.0" classname="com.connect.fluke.app.tests.SessionDetailPageTests3560">
    <ignored/>
  </testcase> <!-- tempratureUnitInAllTabTest -->
  <testcase name="deletAssetTest" time="0.0" classname="com.connect.fluke.app.tests.AssetsPageTests">
    <ignored/>
  </testcase> <!-- deletAssetTest -->
  <testcase name="test1" time="0.0" classname="com.connect.fluke.app.tests.JenkinsToQmetryMappingTests">
    <ignored/>
  </testcase> <!-- test1 -->
  <testcase name="eeveeMeasurementResistanceValueAndUnitVerificationInIosMeasurementDetailsPage" time="0.0" classname="com.connect.fluke.app.tests.MeasurementsHistoryPageTests">
    <ignored/>
  </testcase> <!-- eeveeMeasurementResistanceValueAndUnitVerificationInIosMeasurementDetailsPage -->
  <testcase name="powerOverView_KW_AllGraphTabCheck" time="0.0" classname="com.connect.fluke.app.tests.PowerQuality3540CompletedSessionTests">
    <ignored/>
  </testcase> <!-- powerOverView_KW_AllGraphTabCheck -->
  <testcase name="createThermalImageReportTest" time="0.0" classname="com.connect.fluke.app.tests.ReportsPageTests">
    <ignored/>
  </testcase> <!-- createThermalImageReportTest -->
  <testcase name="activePower1MGraphTabCheck" time="0.0" classname="com.connect.fluke.app.tests.PowerQuality3540CompletedSessionTests">
    <ignored/>
  </testcase> <!-- activePower1MGraphTabCheck -->
  <testcase name="current1MGraphTabCheck" time="0.0" classname="com.connect.fluke.app.tests.PowerQuality3540CompletedSessionTests">
    <ignored/>
  </testcase> <!-- current1MGraphTabCheck -->
  <testcase name="switchBetweenVAHzView" time="0.0" classname="com.connect.fluke.app.tests.PowerQuality3540CompletedSessionTests">
    <ignored/>
  </testcase> <!-- switchBetweenVAHzView -->
  <testcase name="eeveeMeasurementVoltageValueAndUnitVerificationInIosMeasurementDetails" time="0.0" classname="com.connect.fluke.app.tests.MeasurementsHistoryPageTests">
    <ignored/>
  </testcase> <!-- eeveeMeasurementVoltageValueAndUnitVerificationInIosMeasurementDetails -->
  <testcase name="eeveeMeasurementCurrentValueAndUnitVerificationInIosMeasurementDetails" time="0.0" classname="com.connect.fluke.app.tests.MeasurementsHistoryPageTests">
    <ignored/>
  </testcase> <!-- eeveeMeasurementCurrentValueAndUnitVerificationInIosMeasurementDetails -->
  <testcase name="eeveeMeasurementTestDurationValueInAndroidVerification" time="0.0" classname="com.connect.fluke.app.tests.MeasurementsHistoryPageTests">
    <ignored/>
  </testcase> <!-- eeveeMeasurementTestDurationValueInAndroidVerification -->
  <testcase name="powerOverView_Kvar_1HGraphTabCheck" time="0.0" classname="com.connect.fluke.app.tests.PowerQuality3540CompletedSessionTests">
    <ignored/>
  </testcase> <!-- powerOverView_Kvar_1HGraphTabCheck -->
  <testcase name="sessionEndTest" time="0.0" classname="com.connect.fluke.app.tests.SessionEndAandDeleteTests3560">
    <ignored/>
  </testcase> <!-- sessionEndTest -->
  <testcase name="eeveeMeasurementInIosCapacitanceStaticTextVerificationInDetailsPage" time="0.0" classname="com.connect.fluke.app.tests.MeasurementsHistoryPageTests">
    <ignored/>
  </testcase> <!-- eeveeMeasurementInIosCapacitanceStaticTextVerificationInDetailsPage -->
  <testcase name="addAssetWithAboveTempratureAlarmTest" time="0.0" classname="com.connect.fluke.app.tests.AssetsPageTests">
    <ignored/>
  </testcase> <!-- addAssetWithAboveTempratureAlarmTest -->
  <testcase name="deletBasicAssetTest" time="0.0" classname="com.connect.fluke.app.tests.AssetsPageTests">
    <ignored/>
  </testcase> <!-- deletBasicAssetTest -->
  <testcase name="timeValueIn3WTabTest" time="0.0" classname="com.connect.fluke.app.tests.SessionDetailPageTests3560">
    <ignored/>
  </testcase> <!-- timeValueIn3WTabTest -->
  <testcase name="minValueTest1MTab" time="0.0" classname="com.connect.fluke.app.tests.SessionDetailPageTests3550">
    <ignored/>
  </testcase> <!-- minValueTest1MTab -->
  <testcase name="viewMoreCheck" time="0.0" classname="com.connect.fluke.app.tests.Thermography3550CompletedSessionTests">
    <ignored/>
  </testcase> <!-- viewMoreCheck -->
  <testcase name="clickOnSessionTileTest" time="0.0" classname="com.connect.fluke.app.tests.SessionListTests3560">
    <ignored/>
  </testcase> <!-- clickOnSessionTileTest -->
  <testcase name="switchBetweenPowerOverViewView" time="0.0" classname="com.connect.fluke.app.tests.PowerQuality3540CompletedSessionTests">
    <ignored/>
  </testcase> <!-- switchBetweenPowerOverViewView -->
  <testcase name="powerFactor1HGraphTabCheck" time="0.0" classname="com.connect.fluke.app.tests.PowerQuality3540CompletedSessionTests">
    <ignored/>
  </testcase> <!-- powerFactor1HGraphTabCheck -->
  <testcase name="minValueUnitTestALLTab" time="0.0" classname="com.connect.fluke.app.tests.SessionDetailPageTests3550">
    <ignored/>
  </testcase> <!-- minValueUnitTestALLTab -->
  <testcase name="sessionTileStatusTest" time="0.0" classname="com.connect.fluke.app.tests.SessionListTests3550">
    <ignored/>
  </testcase> <!-- sessionTileStatusTest -->
  <testcase name="delete805MeasurementTest" time="0.0" classname="com.connect.fluke.app.tests.MeasurementsHistoryPageTests">
    <ignored/>
  </testcase> <!-- delete805MeasurementTest -->
  <testcase name="changeAssetStatusTest" time="0.0" classname="com.connect.fluke.app.tests.AssetsPageTests">
    <ignored/>
  </testcase> <!-- changeAssetStatusTest -->
  <testcase name="addDeleteAssetTest" time="0.0" classname="com.connect.fluke.app.tests.AssetsPageTests">
    <ignored/>
  </testcase> <!-- addDeleteAssetTest -->
  <testcase name="assignAssetTest" time="0.0" classname="com.connect.fluke.app.tests.SessionSetupTests3560">
    <ignored/>
  </testcase> <!-- assignAssetTest -->
  <testcase name="switchTo3WTabTest" time="0.0" classname="com.connect.fluke.app.tests.SessionDetailPageTests3560">
    <ignored/>
  </testcase> <!-- switchTo3WTabTest -->
  <testcase name="viewInchesGraphTest" time="0.0" classname="com.connect.fluke.app.tests.AssetsPageTests">
    <ignored/>
  </testcase> <!-- viewInchesGraphTest -->
  <testcase name="captureBeakerMeasurementTest" time="0.0" classname="com.connect.fluke.app.tests.CaptureMeasurementsTests">
    <ignored/>
  </testcase> <!-- captureBeakerMeasurementTest -->
  <testcase name="powerOverView_PhaseA_1MGraphTabCheck" time="0.0" classname="com.connect.fluke.app.tests.PowerQuality3540CompletedSessionTests">
    <ignored/>
  </testcase> <!-- powerOverView_PhaseA_1MGraphTabCheck -->
  <testcase name="powerOverView_Total_AllGraphTabCheck" time="0.0" classname="com.connect.fluke.app.tests.PowerQuality3540CompletedSessionTests">
    <ignored/>
  </testcase> <!-- powerOverView_Total_AllGraphTabCheck -->
  <testcase name="measurementsWorkOrderDeleteTest" time="0.0" classname="com.connect.fluke.app.tests.WorkOrderPageTests">
    <ignored/>
  </testcase> <!-- measurementsWorkOrderDeleteTest -->
  <testcase name="deleteThermalImageReportTest" time="0.0" classname="com.connect.fluke.app.tests.ReportsPageTests">
    <ignored/>
  </testcase> <!-- deleteThermalImageReportTest -->
  <testcase name="switchToAll3WTabTest" time="0.0" classname="com.connect.fluke.app.tests.SessionDetailPageTests3560">
    <ignored/>
  </testcase> <!-- switchToAll3WTabTest -->
  <testcase name="maxValueTest1DTab" time="0.0" classname="com.connect.fluke.app.tests.SessionDetailPageTests3550">
    <ignored/>
  </testcase> <!-- maxValueTest1DTab -->
  <testcase name="minValueUnitTest1DTab" time="0.0" classname="com.connect.fluke.app.tests.SessionDetailPageTests3550">
    <ignored/>
  </testcase> <!-- minValueUnitTest1DTab -->
  <testcase name="eeveeMeasurementInAndroidCalculatedResultsPIStaticTextTest" time="0.0" classname="com.connect.fluke.app.tests.MeasurementsHistoryPageTests">
    <ignored/>
  </testcase> <!-- eeveeMeasurementInAndroidCalculatedResultsPIStaticTextTest -->
  <testcase name="eeveeMeasurementTertiaryValueUnitVerificationInAndroidMeasurementDetailspageTest" time="0.0" classname="com.connect.fluke.app.tests.MeasurementsHistoryPageTests">
    <ignored/>
  </testcase> <!-- eeveeMeasurementTertiaryValueUnitVerificationInAndroidMeasurementDetailspageTest -->
  <testcase name="zAxisLabelIn1HTabTest" time="0.0" classname="com.connect.fluke.app.tests.SessionDetailPageTests3560">
    <ignored/>
  </testcase> <!-- zAxisLabelIn1HTabTest -->
  <testcase name="eeveeMeasurementTestDurationValueInAndroidMeasurementDetailspageVerification" time="0.0" classname="com.connect.fluke.app.tests.MeasurementsHistoryPageTests">
    <ignored/>
  </testcase> <!-- eeveeMeasurementTestDurationValueInAndroidMeasurementDetailspageVerification -->
  <testcase name="tempratureValueIn1W8HTabTest" time="0.0" classname="com.connect.fluke.app.tests.SessionDetailPageTests3560">
    <ignored/>
  </testcase> <!-- tempratureValueIn1W8HTabTest -->
  <testcase name="powerOverView_PhaseC_1HGraphTabCheck" time="0.0" classname="com.connect.fluke.app.tests.PowerQuality3540CompletedSessionTests">
    <ignored/>
  </testcase> <!-- powerOverView_PhaseC_1HGraphTabCheck -->
  <testcase name="timeValueIn1HTabTest" time="0.0" classname="com.connect.fluke.app.tests.SessionDetailPageTests3560">
    <ignored/>
  </testcase> <!-- timeValueIn1HTabTest -->
  <testcase name="eeveeMeasurementInIosPIStaticTextVerificationInDetailsPage" time="0.0" classname="com.connect.fluke.app.tests.MeasurementsHistoryPageTests">
    <ignored/>
  </testcase> <!-- eeveeMeasurementInIosPIStaticTextVerificationInDetailsPage -->
  <testcase name="tempratureValueIn8HTabTest" time="0.0" classname="com.connect.fluke.app.tests.SessionDetailPageTests3560">
    <ignored/>
  </testcase> <!-- tempratureValueIn8HTabTest -->
  <testcase name="minValueUnitTest" time="0.0" classname="com.connect.fluke.app.tests.SessionDetailPageTests3550">
    <ignored/>
  </testcase> <!-- minValueUnitTest -->
  <testcase name="minLabelIn1HTabTest" time="0.0" classname="com.connect.fluke.app.tests.SessionDetailPageTests3550">
    <ignored/>
  </testcase> <!-- minLabelIn1HTabTest -->
  <testcase name="thermography1WGraphTabCheck" time="0.0" classname="com.connect.fluke.app.tests.Thermography3550CompletedSessionTests">
    <ignored/>
  </testcase> <!-- thermography1WGraphTabCheck -->
  <testcase name="sensorsStaticTextVisibleTest" time="0.0" classname="com.connect.fluke.app.tests.SessionDetailPageTests3560">
    <ignored/>
  </testcase> <!-- sensorsStaticTextVisibleTest -->
  <testcase name="eeveeMeasurementNavigationToMeasurementDetailsInIosTest" time="0.0" classname="com.connect.fluke.app.tests.MeasurementsHistoryPageTests">
    <ignored/>
  </testcase> <!-- eeveeMeasurementNavigationToMeasurementDetailsInIosTest -->
  <testcase name="addBasicAssetGroupTest" time="0.0" classname="com.connect.fluke.app.tests.AssetsPageTests">
    <ignored/>
  </testcase> <!-- addBasicAssetGroupTest -->
  <testcase name="isWorkOrderAssignedToHudsonTest" time="0.0" classname="com.connect.fluke.app.tests.MeasurementsHistoryPageTests">
    <ignored/>
  </testcase> <!-- isWorkOrderAssignedToHudsonTest -->
  <testcase name="viewMillimetersGraphTest" time="0.0" classname="com.connect.fluke.app.tests.AssetsPageTests">
    <ignored/>
  </testcase> <!-- viewMillimetersGraphTest -->
  <testcase name="powerOverView_PhaseA_1DGraphTabCheck" time="0.0" classname="com.connect.fluke.app.tests.PowerQuality3540CompletedSessionTests">
    <ignored/>
  </testcase> <!-- powerOverView_PhaseA_1DGraphTabCheck -->
  <testcase name="isHudsonMeasurementsUnitsSavedCorrectlyTest" time="0.0" classname="com.connect.fluke.app.tests.MeasurementsHistoryPageTests">
    <ignored/>
  </testcase> <!-- isHudsonMeasurementsUnitsSavedCorrectlyTest -->
  <testcase name="frequency1MGraphTabCheck" time="0.0" classname="com.connect.fluke.app.tests.PowerQuality3540CompletedSessionTests">
    <ignored/>
  </testcase> <!-- frequency1MGraphTabCheck -->
  <testcase name="eeveeMeasurementTertiaryValueUnitVerificationInAndroidTest" time="0.0" classname="com.connect.fluke.app.tests.MeasurementsHistoryPageTests">
    <ignored/>
  </testcase> <!-- eeveeMeasurementTertiaryValueUnitVerificationInAndroidTest -->
  <testcase name="tHD_THC_THCA_1DGraphTabCheck" time="0.0" classname="com.connect.fluke.app.tests.PowerQuality3540CompletedSessionTests">
    <ignored/>
  </testcase> <!-- tHD_THC_THCA_1DGraphTabCheck -->
  <testcase name="onNewAccountSampleDataTest" time="0.0" classname="com.connect.fluke.app.tests.CreateAccountPageTests">
    <ignored/>
  </testcase> <!-- onNewAccountSampleDataTest -->
  <testcase name="sensorsStaticTextVisibleTest" time="0.0" classname="com.connect.fluke.app.tests.SessionDetailPageTests3550">
    <ignored/>
  </testcase> <!-- sensorsStaticTextVisibleTest -->
  <testcase name="scrollGraphRight8HTab" time="0.0" classname="com.connect.fluke.app.tests.SessionDetailPageTests3560">
    <ignored/>
  </testcase> <!-- scrollGraphRight8HTab -->
  <testcase name="testMethodName" time="0.0" classname="com.connect.fluke.app.tests.JenkinsToQmetryMappingTests">
    <ignored/>
  </testcase> <!-- testMethodName -->
  <testcase name="tHD_THC_THDV_1HGraphTabCheck" time="0.0" classname="com.connect.fluke.app.tests.PowerQuality3540CompletedSessionTests">
    <ignored/>
  </testcase> <!-- tHD_THC_THDV_1HGraphTabCheck -->
  <testcase name="measurementUnitTimeValueInDifferentTabsTestProd" time="0.0" classname="com.connect.fluke.app.tests.SessionDetailPageTests3560">
    <ignored/>
  </testcase> <!-- measurementUnitTimeValueInDifferentTabsTestProd -->
  <testcase name="minLabelIn1HTabTest" time="0.0" classname="com.connect.fluke.app.tests.SessionDetailPageTests3560">
    <ignored/>
  </testcase> <!-- minLabelIn1HTabTest -->
  <testcase name="eeveeMeasurementTestDurationTextVerificationInIosMeasurementDetailspage" time="0.0" classname="com.connect.fluke.app.tests.MeasurementsHistoryPageTests">
    <ignored/>
  </testcase> <!-- eeveeMeasurementTestDurationTextVerificationInIosMeasurementDetailspage -->
  <testcase name="current1WGraphTabCheck" time="0.0" classname="com.connect.fluke.app.tests.PowerQuality3540CompletedSessionTests">
    <ignored/>
  </testcase> <!-- current1WGraphTabCheck -->
  <testcase name="minValueTimeTest1WTab" time="0.0" classname="com.connect.fluke.app.tests.SessionDetailPageTests3550">
    <ignored/>
  </testcase> <!-- minValueTimeTest1WTab -->
  <testcase name="tHD_THC_THCA_AllGraphTabCheck" time="0.0" classname="com.connect.fluke.app.tests.PowerQuality3540CompletedSessionTests">
    <ignored/>
  </testcase> <!-- tHD_THC_THCA_AllGraphTabCheck -->
  <testcase name="dateValueIn3W1WTabTest" time="0.0" classname="com.connect.fluke.app.tests.SessionDetailPageTests3560">
    <ignored/>
  </testcase> <!-- dateValueIn3W1WTabTest -->
  <testcase name="shareManualMeasurementTest" time="0.0" classname="com.connect.fluke.app.tests.MeasurementsHistoryPageTests">
    <ignored/>
  </testcase> <!-- shareManualMeasurementTest -->
  <testcase name="changeAssetTypeTest" time="0.0" classname="com.connect.fluke.app.tests.AssetsPageTests">
    <ignored/>
  </testcase> <!-- changeAssetTypeTest -->
  <testcase name="powerOverView_Total_1WGraphTabCheck" time="0.0" classname="com.connect.fluke.app.tests.PowerQuality3540CompletedSessionTests">
    <ignored/>
  </testcase> <!-- powerOverView_Total_1WGraphTabCheck -->
  <testcase name="vibrationUnitTest" time="0.0" classname="com.connect.fluke.app.tests.SessionDetailPageTests3560">
    <ignored/>
  </testcase> <!-- vibrationUnitTest -->
  <testcase name="switchTo1WTabTest" time="0.0" classname="com.connect.fluke.app.tests.SessionDetailPageTests3560">
    <ignored/>
  </testcase> <!-- switchTo1WTabTest -->
  <testcase name="voltage1HourGraphTabCheck" time="0.0" classname="com.connect.fluke.app.tests.PowerQuality3540CompletedSessionTests">
    <ignored/>
  </testcase> <!-- voltage1HourGraphTabCheck -->
  <testcase name="minValueTest1DTab" time="0.0" classname="com.connect.fluke.app.tests.SessionDetailPageTests3550">
    <ignored/>
  </testcase> <!-- minValueTest1DTab -->
  <testcase name="sessionTileStatusTest" time="0.0" classname="com.connect.fluke.app.tests.SessionListTests3560">
    <ignored/>
  </testcase> <!-- sessionTileStatusTest -->
  <testcase name="assetGroupNameTest" time="0.0" classname="com.connect.fluke.app.tests.SessionDetailPageTests3550">
    <ignored/>
  </testcase> <!-- assetGroupNameTest -->
  <testcase name="workOrderTypeChangeTest" time="0.0" classname="com.connect.fluke.app.tests.WorkOrderPageTests">
    <ignored/>
  </testcase> <!-- workOrderTypeChangeTest -->
  <testcase name="powerOverView_PhaseB_1HGraphTabCheck" time="0.0" classname="com.connect.fluke.app.tests.PowerQuality3540CompletedSessionTests">
    <ignored/>
  </testcase> <!-- powerOverView_PhaseB_1HGraphTabCheck -->
  <testcase name="vibrationUnitIn8H1HTabTest" time="0.0" classname="com.connect.fluke.app.tests.SessionDetailPageTests3560">
    <ignored/>
  </testcase> <!-- vibrationUnitIn8H1HTabTest -->
  <testcase name="vibrationUnitIn1HTabTest" time="0.0" classname="com.connect.fluke.app.tests.SessionDetailPageTests3560">
    <ignored/>
  </testcase> <!-- vibrationUnitIn1HTabTest -->
  <testcase name="eeveeMeasurementInIosCalculatedResultsNavigationTest" time="0.0" classname="com.connect.fluke.app.tests.MeasurementsHistoryPageTests">
    <ignored/>
  </testcase> <!-- eeveeMeasurementInIosCalculatedResultsNavigationTest -->
  <testcase name="powerOverView_PhaseB_1WGraphTabCheck" time="0.0" classname="com.connect.fluke.app.tests.PowerQuality3540CompletedSessionTests">
    <ignored/>
  </testcase> <!-- powerOverView_PhaseB_1WGraphTabCheck -->
  <testcase name="switchTo3W1WTabTest" time="0.0" classname="com.connect.fluke.app.tests.SessionDetailPageTests3560">
    <ignored/>
  </testcase> <!-- switchTo3W1WTabTest -->
  <testcase name="vibrationUnitInAllTabTest" time="0.0" classname="com.connect.fluke.app.tests.SessionDetailPageTests3560">
    <ignored/>
  </testcase> <!-- vibrationUnitInAllTabTest -->
  <testcase name="vibrationValueIn1W8HTabTest" time="0.0" classname="com.connect.fluke.app.tests.SessionDetailPageTests3560">
    <ignored/>
  </testcase> <!-- vibrationValueIn1W8HTabTest -->
  <testcase name="voltage1DGraphTabCheck" time="0.0" classname="com.connect.fluke.app.tests.PowerQuality3540CompletedSessionTests">
    <ignored/>
  </testcase> <!-- voltage1DGraphTabCheck -->
  <testcase name="voltage1WGraphTabCheck" time="0.0" classname="com.connect.fluke.app.tests.PowerQuality3540CompletedSessionTests">
    <ignored/>
  </testcase> <!-- voltage1WGraphTabCheck -->
  <testcase name="gatewayProvisionTest" time="0.0" classname="com.connect.fluke.app.tests.SessionSetupTests3560">
    <ignored/>
  </testcase> <!-- gatewayProvisionTest -->
  <testcase name="eeveeMeasurementInAndroidTestConditionTimeLimitValueTest" time="0.0" classname="com.connect.fluke.app.tests.MeasurementsHistoryPageTests">
    <ignored/>
  </testcase> <!-- eeveeMeasurementInAndroidTestConditionTimeLimitValueTest -->
  <testcase name="switchTo1WTabTest" time="0.0" classname="com.connect.fluke.app.tests.SessionDetailPageTests3550">
    <ignored/>
  </testcase> <!-- switchTo1WTabTest -->
  <testcase name="switchBetweenGraphView" time="0.0" classname="com.connect.fluke.app.tests.PowerQuality3540CompletedSessionTests">
    <ignored/>
  </testcase> <!-- switchBetweenGraphView -->
  <testcase name="captureMeasurementTest" time="0.0" classname="com.connect.fluke.app.tests.HomePageTests">
    <ignored/>
  </testcase> <!-- captureMeasurementTest -->
  <testcase name="recordMeasurementTest" time="0.0" classname="com.connect.fluke.app.tests.CaptureMeasurementsTests">
    <ignored/>
  </testcase> <!-- recordMeasurementTest -->
  <testcase name="viewCelciusInchesGraphTest" time="0.0" classname="com.connect.fluke.app.tests.AssetsPageTests">
    <ignored/>
  </testcase> <!-- viewCelciusInchesGraphTest -->
  <testcase name="assetGroupNameTest" time="0.0" classname="com.connect.fluke.app.tests.SessionDetailPageTests3560">
    <ignored/>
  </testcase> <!-- assetGroupNameTest -->
  <testcase name="sessionStartUserNameTest" time="0.0" classname="com.connect.fluke.app.tests.SessionListTests3560">
    <ignored/>
  </testcase> <!-- sessionStartUserNameTest -->
  <testcase name="maxValueTimeTestALLTab" time="0.0" classname="com.connect.fluke.app.tests.SessionDetailPageTests3550">
    <ignored/>
  </testcase> <!-- maxValueTimeTestALLTab -->
  <testcase name="frequency1DGraphTabCheck" time="0.0" classname="com.connect.fluke.app.tests.PowerQuality3540CompletedSessionTests">
    <ignored/>
  </testcase> <!-- frequency1DGraphTabCheck -->
  <testcase name="sessionStartTimeTest" time="0.0" classname="com.connect.fluke.app.tests.SessionDetailPageTests3560">
    <ignored/>
  </testcase> <!-- sessionStartTimeTest -->
  <testcase name="eeveeMeasurementInAndroidCalculatedResultsNavigationTest" time="0.0" classname="com.connect.fluke.app.tests.MeasurementsHistoryPageTests">
    <ignored/>
  </testcase> <!-- eeveeMeasurementInAndroidCalculatedResultsNavigationTest -->
  <testcase name="eeveeMeasurementInAndroidTestConditionVoltageValueTest" time="0.0" classname="com.connect.fluke.app.tests.MeasurementsHistoryPageTests">
    <ignored/>
  </testcase> <!-- eeveeMeasurementInAndroidTestConditionVoltageValueTest -->
  <testcase name="eeveeMeasurementPrimaryValueUnitVerificationInAndroidMeasurementDetailspageTest" time="0.0" classname="com.connect.fluke.app.tests.MeasurementsHistoryPageTests">
    <ignored/>
  </testcase> <!-- eeveeMeasurementPrimaryValueUnitVerificationInAndroidMeasurementDetailspageTest -->
  <testcase name="yAxisLabelIn1HTabTest" time="0.0" classname="com.connect.fluke.app.tests.SessionDetailPageTests3560">
    <ignored/>
  </testcase> <!-- yAxisLabelIn1HTabTest -->
  <testcase name="livePollingTest" time="0.0" classname="com.connect.fluke.app.tests.SessionDetailPageTests3550">
    <ignored/>
  </testcase> <!-- livePollingTest -->
  <testcase name="liveValueUnitTest1MTab" time="0.0" classname="com.connect.fluke.app.tests.SessionDetailPageTests3550">
    <ignored/>
  </testcase> <!-- liveValueUnitTest1MTab -->
  <testcase name="startTimeStaticTextVisibleTest" time="0.0" classname="com.connect.fluke.app.tests.SessionListTests3560">
    <ignored/>
  </testcase> <!-- startTimeStaticTextVisibleTest -->
  <testcase name="captureGroupMeasurementTest" time="0.0" classname="com.connect.fluke.app.tests.CaptureMeasurementsTests">
    <ignored/>
  </testcase> <!-- captureGroupMeasurementTest -->
  <testcase name="powerOverView_PhaseC_1MGraphTabCheck" time="0.0" classname="com.connect.fluke.app.tests.PowerQuality3540CompletedSessionTests">
    <ignored/>
  </testcase> <!-- powerOverView_PhaseC_1MGraphTabCheck -->
  <testcase name="createTestRun" time="0.0" classname="com.connect.fluke.app.tests.JiraTestRunAutomation">
    <ignored/>
  </testcase> <!-- createTestRun -->
  <testcase name="deleteInchesGraphTest" time="0.0" classname="com.connect.fluke.app.tests.AssetsPageTests">
    <ignored/>
  </testcase> <!-- deleteInchesGraphTest -->
  <testcase name="tempratureValueIn3WTabTest" time="0.0" classname="com.connect.fluke.app.tests.SessionDetailPageTests3560">
    <ignored/>
  </testcase> <!-- tempratureValueIn3WTabTest -->
  <testcase name="livePollingTest" time="0.0" classname="com.connect.fluke.app.tests.SessionDetailPageTests3560">
    <ignored/>
  </testcase> <!-- livePollingTest -->
  <testcase name="eeveeMeasurementResistanceValueAndUnitVerificationInIosMeasurementList" time="0.0" classname="com.connect.fluke.app.tests.MeasurementsHistoryPageTests">
    <ignored/>
  </testcase> <!-- eeveeMeasurementResistanceValueAndUnitVerificationInIosMeasurementList -->
  <testcase name="deleteMultipleMeasurementsTest" time="0.0" classname="com.connect.fluke.app.tests.MeasurementsHistoryPageTests">
    <ignored/>
  </testcase> <!-- deleteMultipleMeasurementsTest -->
  <testcase name="sessionStartTimeTest" time="0.0" classname="com.connect.fluke.app.tests.SessionDetailPageTests3550">
    <ignored/>
  </testcase> <!-- sessionStartTimeTest -->
  <testcase name="eeveeMeasurementInAndroidAssetAssignmentTest" time="0.0" classname="com.connect.fluke.app.tests.MeasurementsHistoryPageTests">
    <ignored/>
  </testcase> <!-- eeveeMeasurementInAndroidAssetAssignmentTest -->
  <testcase name="eeveeMeasurementInIosTestEndedVerificationInDetailsPage" time="0.0" classname="com.connect.fluke.app.tests.MeasurementsHistoryPageTests">
    <ignored/>
  </testcase> <!-- eeveeMeasurementInIosTestEndedVerificationInDetailsPage -->
  <testcase name="tHD_THC_THDA_1HGraphTabCheck" time="0.0" classname="com.connect.fluke.app.tests.PowerQuality3540CompletedSessionTests">
    <ignored/>
  </testcase> <!-- tHD_THC_THDA_1HGraphTabCheck -->
  <testcase name="voltage1MGraphTabCheck" time="0.0" classname="com.connect.fluke.app.tests.PowerQuality3540CompletedSessionTests">
    <ignored/>
  </testcase> <!-- voltage1MGraphTabCheck -->
  <testcase name="switchTo1W8HTabTest" time="0.0" classname="com.connect.fluke.app.tests.SessionDetailPageTests3560">
    <ignored/>
  </testcase> <!-- switchTo1W8HTabTest -->
  <testcase name="vibrationValueIn1HTabTest" time="0.0" classname="com.connect.fluke.app.tests.SessionDetailPageTests3560">
    <ignored/>
  </testcase> <!-- vibrationValueIn1HTabTest -->
  <testcase name="liveValueTestALLTab" time="0.0" classname="com.connect.fluke.app.tests.SessionDetailPageTests3550">
    <ignored/>
  </testcase> <!-- liveValueTestALLTab -->
  <testcase name="deleteMultipleAssetReportTest" time="0.0" classname="com.connect.fluke.app.tests.ReportsPageTests">
    <ignored/>
  </testcase> <!-- deleteMultipleAssetReportTest -->
  <testcase name="tHD_THC_THDV_AllGraphTabCheck" time="0.0" classname="com.connect.fluke.app.tests.PowerQuality3540CompletedSessionTests">
    <ignored/>
  </testcase> <!-- tHD_THC_THDV_AllGraphTabCheck -->
  <testcase name="addWorkOrderWithMeasurementsTest" time="0.0" classname="com.connect.fluke.app.tests.WorkOrderPageTests">
    <ignored/>
  </testcase> <!-- addWorkOrderWithMeasurementsTest -->
  <testcase name="tempratureUnitIn1HTabTest" time="0.0" classname="com.connect.fluke.app.tests.SessionDetailPageTests3560">
    <ignored/>
  </testcase> <!-- tempratureUnitIn1HTabTest -->
  <testcase name="switchTo8HTabTest" time="0.0" classname="com.connect.fluke.app.tests.SessionDetailPageTests3560">
    <ignored/>
  </testcase> <!-- switchTo8HTabTest -->
  <testcase name="tHD_THC_THDV_1WGraphTabCheck" time="0.0" classname="com.connect.fluke.app.tests.PowerQuality3540CompletedSessionTests">
    <ignored/>
  </testcase> <!-- tHD_THC_THDV_1WGraphTabCheck -->
  <testcase name="scrollGraphLeft1HTab" time="0.0" classname="com.connect.fluke.app.tests.SessionDetailPageTests3560">
    <ignored/>
  </testcase> <!-- scrollGraphLeft1HTab -->
  <testcase name="eeveeMeasurementPrimaryValueVerificationInAndroidMeasurementDetailsTest" time="0.0" classname="com.connect.fluke.app.tests.MeasurementsHistoryPageTests">
    <ignored/>
  </testcase> <!-- eeveeMeasurementPrimaryValueVerificationInAndroidMeasurementDetailsTest -->
  <testcase name="privacyPolicyTest" time="0.0" classname="com.connect.fluke.app.tests.SettingsPageTests">
    <ignored/>
  </testcase> <!-- privacyPolicyTest -->
  <testcase name="vibrationUnitIn1W8HTabTest" time="0.0" classname="com.connect.fluke.app.tests.SessionDetailPageTests3560">
    <ignored/>
  </testcase> <!-- vibrationUnitIn1W8HTabTest -->
  <testcase name="isChartDisplayedTest" time="0.0" classname="com.connect.fluke.app.tests.ThermalImageAnalysisTests">
    <ignored/>
  </testcase> <!-- isChartDisplayedTest -->
  <testcase name="vibrationValueIn8H1HTabTest" time="0.0" classname="com.connect.fluke.app.tests.SessionDetailPageTests3560">
    <ignored/>
  </testcase> <!-- vibrationValueIn8H1HTabTest -->
  <testcase name="maxValueUnitTest1DTab" time="0.0" classname="com.connect.fluke.app.tests.SessionDetailPageTests3550">
    <ignored/>
  </testcase> <!-- maxValueUnitTest1DTab -->
  <testcase name="workOrderPriorityChangeTest" time="0.0" classname="com.connect.fluke.app.tests.WorkOrderPageTests">
    <ignored/>
  </testcase> <!-- workOrderPriorityChangeTest -->
  <testcase name="eeveeMeasurementInIosDARValueVerificationInDetailsPage" time="0.0" classname="com.connect.fluke.app.tests.MeasurementsHistoryPageTests">
    <ignored/>
  </testcase> <!-- eeveeMeasurementInIosDARValueVerificationInDetailsPage -->
  <testcase name="minValueUnitTest1WTab" time="0.0" classname="com.connect.fluke.app.tests.SessionDetailPageTests3550">
    <ignored/>
  </testcase> <!-- minValueUnitTest1WTab -->
  <testcase name="scrollGraphRight8H1HTab" time="0.0" classname="com.connect.fluke.app.tests.SessionDetailPageTests3560">
    <ignored/>
  </testcase> <!-- scrollGraphRight8H1HTab -->
  <testcase name="studyTypesTest" time="0.0" classname="com.connect.fluke.app.tests.SessionDetailPageTests3540">
    <ignored/>
  </testcase> <!-- studyTypesTest -->
  <testcase name="liveValueTest1DTab" time="0.0" classname="com.connect.fluke.app.tests.SessionDetailPageTests3550">
    <ignored/>
  </testcase> <!-- liveValueTest1DTab -->
  <testcase name="tempratureUnitIn3WTabTest" time="0.0" classname="com.connect.fluke.app.tests.SessionDetailPageTests3560">
    <ignored/>
  </testcase> <!-- tempratureUnitIn3WTabTest -->
  <testcase name="addTextNoteToGroupMeasurementTest" time="0.0" classname="com.connect.fluke.app.tests.CaptureMeasurementsTests">
    <ignored/>
  </testcase> <!-- addTextNoteToGroupMeasurementTest -->
  <testcase name="switchTo1MTabTest" time="0.0" classname="com.connect.fluke.app.tests.SessionDetailPageTests3550">
    <ignored/>
  </testcase> <!-- switchTo1MTabTest -->
</testsuite> <!-- FCCM3540 iOS Session Verification Tests -->
