<?xml version="1.0" encoding="UTF-8"?>
<!-- Generated by org.testng.reporters.JUnitXMLReporter -->
<testsuite hostname="m-bang-isharma1" ignored="393" name="FCCM3560 Web Completed Session Verification Tests Chrome" tests="2" failures="1" timestamp="08 Sep 2018 14:48:27 GMT" time="2.152" errors="0">
  <testcase name="@BeforeClass initClass" time="0.024" classname="com.connect.fluke.app.tests.SessionListTests3560">
    <failure type="java.lang.NullPointerException">
      <![CDATA[java.lang.NullPointerException
at com.connect.fluke.app.utils.CommonUtils.initElements(CommonUtils.java:117)
at com.connect.fluke.app.pages.Switcher.<init>(Switcher.java:105)
at com.connect.fluke.app.tests.SessionListTests3560.initClass(SessionListTests3560.java:38)
... Removed 26 stack frames]]>
    </failure>
  </testcase> <!-- @BeforeClass initClass -->
  <testcase name="sessionTileVisibleTest" time="0.0" classname="com.connect.fluke.app.tests.SessionListTests3560">
    <skipped/>
  </testcase> <!-- sessionTileVisibleTest -->
  <testcase name="sessionTileVisibleTest" time="0.034" classname="com.connect.fluke.app.tests.SessionListTests3560">
    <failure type="java.lang.NullPointerException">
      <![CDATA[java.lang.NullPointerException
at com.connect.fluke.app.utils.TestResultsReport.onTestSkipped(TestResultsReport.java:57)
... Removed 23 stack frames]]>
    </failure>
  </testcase> <!-- sessionTileVisibleTest -->
  <testcase name="powerOverView_PhaseA_1HGraphTabCheck" time="0.0" classname="com.connect.fluke.app.tests.PowerQuality3540CompletedSessionTests">
    <ignored/>
  </testcase> <!-- powerOverView_PhaseA_1HGraphTabCheck -->
  <testcase name="pdfContentTest" time="0.0" classname="com.connect.fluke.app.tests.ReportsPageTests">
    <ignored/>
  </testcase> <!-- pdfContentTest -->
  <testcase name="powerOverView_KW_1DGraphTabCheck" time="0.0" classname="com.connect.fluke.app.tests.PowerQuality3540CompletedSessionTests">
    <ignored/>
  </testcase> <!-- powerOverView_KW_1DGraphTabCheck -->
  <testcase name="assetCountTextVisibleTest" time="0.0" classname="com.connect.fluke.app.tests.SessionDetailPageTests3550">
    <ignored/>
  </testcase> <!-- assetCountTextVisibleTest -->
  <testcase name="eeveeNavigationToMeasurementDetailsInAndroid" time="0.0" classname="com.connect.fluke.app.tests.MeasurementsHistoryPageTests">
    <ignored/>
  </testcase> <!-- eeveeNavigationToMeasurementDetailsInAndroid -->
  <testcase name="sessionTileStatusTest" time="0.0" classname="com.connect.fluke.app.tests.SessionDetailPageTests3540">
    <ignored/>
  </testcase> <!-- sessionTileStatusTest -->
  <testcase name="activePower1WGraphTabCheck" time="0.0" classname="com.connect.fluke.app.tests.PowerQuality3540CompletedSessionTests">
    <ignored/>
  </testcase> <!-- activePower1WGraphTabCheck -->
  <testcase name="onExistingAccountSampleDataTest" time="0.0" classname="com.connect.fluke.app.tests.MeasurementsHistoryPageTests">
    <ignored/>
  </testcase> <!-- onExistingAccountSampleDataTest -->
  <testcase name="minValueTimeTest1DTab" time="0.0" classname="com.connect.fluke.app.tests.SessionDetailPageTests3550">
    <ignored/>
  </testcase> <!-- minValueTimeTest1DTab -->
  <testcase name="liveValueTest" time="0.0" classname="com.connect.fluke.app.tests.SessionDetailPageTests3550">
    <ignored/>
  </testcase> <!-- liveValueTest -->
  <testcase name="maxValueTimeTest1DTab" time="0.0" classname="com.connect.fluke.app.tests.SessionDetailPageTests3550">
    <ignored/>
  </testcase> <!-- maxValueTimeTest1DTab -->
  <testcase name="check3540CompletedSession" time="0.0" classname="com.connect.fluke.app.tests.PowerQuality3540CompletedSessionTests">
    <ignored/>
  </testcase> <!-- check3540CompletedSession -->
  <testcase name="scrollGraphLeft1W8HTab" time="0.0" classname="com.connect.fluke.app.tests.SessionDetailPageTests3560">
    <ignored/>
  </testcase> <!-- scrollGraphLeft1W8HTab -->
  <testcase name="xAxis805VerficationOnAnalysisPage" time="0.0" classname="com.connect.fluke.app.tests.AssetAnalysisTest">
    <ignored/>
  </testcase> <!-- xAxis805VerficationOnAnalysisPage -->
  <testcase name="assignWorkOrderToGroupMeasurementTest" time="0.0" classname="com.connect.fluke.app.tests.CaptureMeasurementsTests">
    <ignored/>
  </testcase> <!-- assignWorkOrderToGroupMeasurementTest -->
  <testcase name="maxValueTest1MTab" time="0.0" classname="com.connect.fluke.app.tests.SessionDetailPageTests3550">
    <ignored/>
  </testcase> <!-- maxValueTest1MTab -->
  <testcase name="sessionStartUserNameTest" time="0.0" classname="com.connect.fluke.app.tests.SessionDetailPageTests3540">
    <ignored/>
  </testcase> <!-- sessionStartUserNameTest -->
  <testcase name="powerOverView_PhaseB_1MGraphTabCheck" time="0.0" classname="com.connect.fluke.app.tests.PowerQuality3540CompletedSessionTests">
    <ignored/>
  </testcase> <!-- powerOverView_PhaseB_1MGraphTabCheck -->
  <testcase name="assetCountTextVisibleTest" time="0.0" classname="com.connect.fluke.app.tests.SessionDetailPageTests3560">
    <ignored/>
  </testcase> <!-- assetCountTextVisibleTest -->
  <testcase name="addedCNXVerficationOnMeasurementPage" time="0.0" classname="com.connect.fluke.app.tests.AssetAnalysisTest">
    <ignored/>
  </testcase> <!-- addedCNXVerficationOnMeasurementPage -->
  <testcase name="eeveeMeasurementSecondaryValueUnitVerificationInAndroidTest" time="0.0" classname="com.connect.fluke.app.tests.MeasurementsHistoryPageTests">
    <ignored/>
  </testcase> <!-- eeveeMeasurementSecondaryValueUnitVerificationInAndroidTest -->
  <testcase name="liveValueUnitTest1WTab" time="0.0" classname="com.connect.fluke.app.tests.SessionDetailPageTests3550">
    <ignored/>
  </testcase> <!-- liveValueUnitTest1WTab -->
  <testcase name="searchAsset" time="0.0" classname="com.connect.fluke.app.tests.AssetsPageTests">
    <ignored/>
  </testcase> <!-- searchAsset -->
  <testcase name="sessionSetupTest" time="0.0" classname="com.connect.fluke.app.tests.SessionSetupTests3550">
    <ignored/>
  </testcase> <!-- sessionSetupTest -->
  <testcase name="viewThermalImageReportTest" time="0.0" classname="com.connect.fluke.app.tests.ReportsPageTests">
    <ignored/>
  </testcase> <!-- viewThermalImageReportTest -->
  <testcase name="activePower1DGraphTabCheck" time="0.0" classname="com.connect.fluke.app.tests.PowerQuality3540CompletedSessionTests">
    <ignored/>
  </testcase> <!-- activePower1DGraphTabCheck -->
  <testcase name="deleteWorkOrderMeasurementTest" time="0.0" classname="com.connect.fluke.app.tests.MeasurementsHistoryPageTests">
    <ignored/>
  </testcase> <!-- deleteWorkOrderMeasurementTest -->
  <testcase name="maxValueTimeTest" time="0.0" classname="com.connect.fluke.app.tests.SessionDetailPageTests3550">
    <ignored/>
  </testcase> <!-- maxValueTimeTest -->
  <testcase name="sessionStartUserNameTest" time="0.0" classname="com.connect.fluke.app.tests.SessionDetailPageTests3550">
    <ignored/>
  </testcase> <!-- sessionStartUserNameTest -->
  <testcase name="pdfComparisonTest" time="0.0" classname="com.connect.fluke.app.tests.ReportsPageTests">
    <ignored/>
  </testcase> <!-- pdfComparisonTest -->
  <testcase name="verifyWrongUsrnameAndPasswordForAuthentication" time="0.0" classname="com.connect.fluke.app.tests.FCCM174XSessionConfigurationTests">
    <ignored/>
  </testcase> <!-- verifyWrongUsrnameAndPasswordForAuthentication -->
  <testcase name="captureHudsonMeasurementTest" time="0.0" classname="com.connect.fluke.app.tests.CaptureMeasurementsTests">
    <ignored/>
  </testcase> <!-- captureHudsonMeasurementTest -->
  <testcase name="maxValueUnitTestALLTab" time="0.0" classname="com.connect.fluke.app.tests.SessionDetailPageTests3550">
    <ignored/>
  </testcase> <!-- maxValueUnitTestALLTab -->
  <testcase name="eeveeMeasurementInAndroidTestConditionRampStaticTextTest" time="0.0" classname="com.connect.fluke.app.tests.MeasurementsHistoryPageTests">
    <ignored/>
  </testcase> <!-- eeveeMeasurementInAndroidTestConditionRampStaticTextTest -->
  <testcase name="sensorCountAndTypeTest" time="0.0" classname="com.connect.fluke.app.tests.SessionListTests3550">
    <ignored/>
  </testcase> <!-- sensorCountAndTypeTest -->
  <testcase name="current1HGraphTabCheck" time="0.0" classname="com.connect.fluke.app.tests.PowerQuality3540CompletedSessionTests">
    <ignored/>
  </testcase> <!-- current1HGraphTabCheck -->
  <testcase name="eeveeMeasurementSecondaryValueVerificationInAndroidMeasurementDetailspageTest" time="0.0" classname="com.connect.fluke.app.tests.MeasurementsHistoryPageTests">
    <ignored/>
  </testcase> <!-- eeveeMeasurementSecondaryValueVerificationInAndroidMeasurementDetailspageTest -->
  <testcase name="addVoiceNoteToGroupMeasurementTest" time="0.0" classname="com.connect.fluke.app.tests.CaptureMeasurementsTests">
    <ignored/>
  </testcase> <!-- addVoiceNoteToGroupMeasurementTest -->
  <testcase name="thermography1HourGraphTabCheck" time="0.0" classname="com.connect.fluke.app.tests.Thermography3550CompletedSessionTests">
    <ignored/>
  </testcase> <!-- thermography1HourGraphTabCheck -->
  <testcase name="assignAssetToHudsonTest" time="0.0" classname="com.connect.fluke.app.tests.MeasurementsHistoryPageTests">
    <ignored/>
  </testcase> <!-- assignAssetToHudsonTest -->
  <testcase name="maxValueUnitTest1MTab" time="0.0" classname="com.connect.fluke.app.tests.SessionDetailPageTests3550">
    <ignored/>
  </testcase> <!-- maxValueUnitTest1MTab -->
  <testcase name="sensorCountAndTypeTest" time="0.0" classname="com.connect.fluke.app.tests.SessionDetailPageTests3560">
    <ignored/>
  </testcase> <!-- sensorCountAndTypeTest -->
  <testcase name="powerOverView_Kvar_AllGraphTabCheck" time="0.0" classname="com.connect.fluke.app.tests.PowerQuality3540CompletedSessionTests">
    <ignored/>
  </testcase> <!-- powerOverView_Kvar_AllGraphTabCheck -->
  <testcase name="monitoringDataStaticTextVisibleTest" time="0.0" classname="com.connect.fluke.app.tests.SessionDetailPageTests3540">
    <ignored/>
  </testcase> <!-- monitoringDataStaticTextVisibleTest -->
  <testcase name="scrollGraphLeft8H1HTab" time="0.0" classname="com.connect.fluke.app.tests.SessionDetailPageTests3560">
    <ignored/>
  </testcase> <!-- scrollGraphLeft8H1HTab -->
  <testcase name="powerOverView_PhaseB_AllGraphTabCheck" time="0.0" classname="com.connect.fluke.app.tests.PowerQuality3540CompletedSessionTests">
    <ignored/>
  </testcase> <!-- powerOverView_PhaseB_AllGraphTabCheck -->
  <testcase name="scrollGraphRight1W8HTab" time="0.0" classname="com.connect.fluke.app.tests.SessionDetailPageTests3560">
    <ignored/>
  </testcase> <!-- scrollGraphRight1W8HTab -->
  <testcase name="endUserLicenseAgreementTest" time="0.0" classname="com.connect.fluke.app.tests.SettingsPageTests">
    <ignored/>
  </testcase> <!-- endUserLicenseAgreementTest -->
  <testcase name="testFC3560NotificationTile" time="0.0" classname="com.connect.fluke.app.tests.HomePageTests">
    <ignored/>
  </testcase> <!-- testFC3560NotificationTile -->
  <testcase name="verifyEditAsset" time="0.0" classname="com.connect.fluke.app.tests.AssetsPageTests">
    <ignored/>
  </testcase> <!-- verifyEditAsset -->
  <testcase name="sensorProvisionTest" time="0.0" classname="com.connect.fluke.app.tests.SessionSetupTests3560">
    <ignored/>
  </testcase> <!-- sensorProvisionTest -->
  <testcase name="sessionStartUserNameTest" time="0.0" classname="com.connect.fluke.app.tests.SessionListTests3550">
    <ignored/>
  </testcase> <!-- sessionStartUserNameTest -->
  <testcase name="addTeamMembersTest" time="0.0" classname="com.connect.fluke.app.tests.TeamPageTests">
    <ignored/>
  </testcase> <!-- addTeamMembersTest -->
  <testcase name="eeveeMeasurementInIosCapacitanceValueVerificationInDetailsPage" time="0.0" classname="com.connect.fluke.app.tests.MeasurementsHistoryPageTests">
    <ignored/>
  </testcase> <!-- eeveeMeasurementInIosCapacitanceValueVerificationInDetailsPage -->
  <testcase name="sessionStartUserNameTest" time="0.0" classname="com.connect.fluke.app.tests.SessionListTests3540">
    <ignored/>
  </testcase> <!-- sessionStartUserNameTest -->
  <testcase name="VerifyDeleteAsset" time="0.0" classname="com.connect.fluke.app.tests.AssetsPageTests">
    <ignored/>
  </testcase> <!-- VerifyDeleteAsset -->
  <testcase name="savedDataTest" time="0.0" classname="com.connect.fluke.app.tests.ThermalImageAnalysisTests">
    <ignored/>
  </testcase> <!-- savedDataTest -->
  <testcase name="powerFactorAllGraphTabCheck" time="0.0" classname="com.connect.fluke.app.tests.PowerQuality3540CompletedSessionTests">
    <ignored/>
  </testcase> <!-- powerFactorAllGraphTabCheck -->
  <testcase name="sensorCountAndTypeTest" time="0.0" classname="com.connect.fluke.app.tests.SessionDetailPageTests3550">
    <ignored/>
  </testcase> <!-- sensorCountAndTypeTest -->
  <testcase name="powerOverView_Kvar_1DGraphTabCheck" time="0.0" classname="com.connect.fluke.app.tests.PowerQuality3540CompletedSessionTests">
    <ignored/>
  </testcase> <!-- powerOverView_Kvar_1DGraphTabCheck -->
  <testcase name="startTimeStaticTextVisibleTest" time="0.0" classname="com.connect.fluke.app.tests.SessionDetailPageTests3550">
    <ignored/>
  </testcase> <!-- startTimeStaticTextVisibleTest -->
  <testcase name="eeveeMeasurementInAndroidCalculatedResultsCapacitanceStaticTextTest" time="0.0" classname="com.connect.fluke.app.tests.MeasurementsHistoryPageTests">
    <ignored/>
  </testcase> <!-- eeveeMeasurementInAndroidCalculatedResultsCapacitanceStaticTextTest -->
  <testcase name="assetNameTest" time="0.0" classname="com.connect.fluke.app.tests.SessionDetailPageTests3550">
    <ignored/>
  </testcase> <!-- assetNameTest -->
  <testcase name="powerFactor1DGraphTabCheck" time="0.0" classname="com.connect.fluke.app.tests.PowerQuality3540CompletedSessionTests">
    <ignored/>
  </testcase> <!-- powerFactor1DGraphTabCheck -->
  <testcase name="maxValueUnitTest1WTab" time="0.0" classname="com.connect.fluke.app.tests.SessionDetailPageTests3550">
    <ignored/>
  </testcase> <!-- maxValueUnitTest1WTab -->
  <testcase name="switchTo1DTabTest" time="0.0" classname="com.connect.fluke.app.tests.SessionDetailPageTests3550">
    <ignored/>
  </testcase> <!-- switchTo1DTabTest -->
  <testcase name="thermography1DGraphTabCheck" time="0.0" classname="com.connect.fluke.app.tests.Thermography3550CompletedSessionTests">
    <ignored/>
  </testcase> <!-- thermography1DGraphTabCheck -->
  <testcase name="viewBasicReportTest" time="0.0" classname="com.connect.fluke.app.tests.ReportsPageTests">
    <ignored/>
  </testcase> <!-- viewBasicReportTest -->
  <testcase name="eeveeMeasurementInAndroidTestConditionRampValueTest" time="0.0" classname="com.connect.fluke.app.tests.MeasurementsHistoryPageTests">
    <ignored/>
  </testcase> <!-- eeveeMeasurementInAndroidTestConditionRampValueTest -->
  <testcase name="eeveeMeasurementInAndroidCalculatedResultsDARStaticTextTest" time="0.0" classname="com.connect.fluke.app.tests.MeasurementsHistoryPageTests">
    <ignored/>
  </testcase> <!-- eeveeMeasurementInAndroidCalculatedResultsDARStaticTextTest -->
  <testcase name="eeveeMeasurementAssetStatusVerificationInAndroidTest" time="0.0" classname="com.connect.fluke.app.tests.MeasurementsHistoryPageTests">
    <ignored/>
  </testcase> <!-- eeveeMeasurementAssetStatusVerificationInAndroidTest -->
  <testcase name="sessionDeleteTest" time="0.0" classname="com.connect.fluke.app.tests.SessionEndAandDeleteTests3560">
    <ignored/>
  </testcase> <!-- sessionDeleteTest -->
  <testcase name="powerOverView_KVA_1HGraphTabCheck" time="0.0" classname="com.connect.fluke.app.tests.PowerQuality3540CompletedSessionTests">
    <ignored/>
  </testcase> <!-- powerOverView_KVA_1HGraphTabCheck -->
  <testcase name="powerOverView_KVA_1DGraphTabCheck" time="0.0" classname="com.connect.fluke.app.tests.PowerQuality3540CompletedSessionTests">
    <ignored/>
  </testcase> <!-- powerOverView_KVA_1DGraphTabCheck -->
  <testcase name="tHD_THC_THDV_1DGraphTabCheck" time="0.0" classname="com.connect.fluke.app.tests.PowerQuality3540CompletedSessionTests">
    <ignored/>
  </testcase> <!-- tHD_THC_THDV_1DGraphTabCheck -->
  <testcase name="liveValueTest1WTab" time="0.0" classname="com.connect.fluke.app.tests.SessionDetailPageTests3550">
    <ignored/>
  </testcase> <!-- liveValueTest1WTab -->
  <testcase name="frequencyAllGraphTabCheck" time="0.0" classname="com.connect.fluke.app.tests.PowerQuality3540CompletedSessionTests">
    <ignored/>
  </testcase> <!-- frequencyAllGraphTabCheck -->
  <testcase name="addAssetToReport" time="0.0" classname="com.connect.fluke.app.tests.ReportsPageTests">
    <ignored/>
  </testcase> <!-- addAssetToReport -->
  <testcase name="eeveeMeasurementInAndroidCalculatedResultsCapacitanceValueTest" time="0.0" classname="com.connect.fluke.app.tests.MeasurementsHistoryPageTests">
    <ignored/>
  </testcase> <!-- eeveeMeasurementInAndroidCalculatedResultsCapacitanceValueTest -->
  <testcase name="graphDisplayedTest" time="0.0" classname="com.connect.fluke.app.tests.SessionDetailPageTests3550">
    <ignored/>
  </testcase> <!-- graphDisplayedTest -->
  <testcase name="tHD_THC_THCA_1HGraphTabCheck" time="0.0" classname="com.connect.fluke.app.tests.PowerQuality3540CompletedSessionTests">
    <ignored/>
  </testcase> <!-- tHD_THC_THCA_1HGraphTabCheck -->
  <testcase name="addedThermalImageVerficationOnMeasurementPage" time="0.0" classname="com.connect.fluke.app.tests.AssetAnalysisTest">
    <ignored/>
  </testcase> <!-- addedThermalImageVerficationOnMeasurementPage -->
  <testcase name="powerOverView_PhaseC_1DGraphTabCheck" time="0.0" classname="com.connect.fluke.app.tests.PowerQuality3540CompletedSessionTests">
    <ignored/>
  </testcase> <!-- powerOverView_PhaseC_1DGraphTabCheck -->
  <testcase name="powerOverView_Total_1HGraphTabCheck" time="0.0" classname="com.connect.fluke.app.tests.PowerQuality3540CompletedSessionTests">
    <ignored/>
  </testcase> <!-- powerOverView_Total_1HGraphTabCheck -->
  <testcase name="switchToALLTabTest" time="0.0" classname="com.connect.fluke.app.tests.SessionDetailPageTests3550">
    <ignored/>
  </testcase> <!-- switchToALLTabTest -->
  <testcase name="powerOverView_PhaseA_1WGraphTabCheck" time="0.0" classname="com.connect.fluke.app.tests.PowerQuality3540CompletedSessionTests">
    <ignored/>
  </testcase> <!-- powerOverView_PhaseA_1WGraphTabCheck -->
  <testcase name="powerOverView_PhaseA_AllGraphTabCheck" time="0.0" classname="com.connect.fluke.app.tests.PowerQuality3540CompletedSessionTests">
    <ignored/>
  </testcase> <!-- powerOverView_PhaseA_AllGraphTabCheck -->
  <testcase name="powerOverView_Total_1DGraphTabCheck" time="0.0" classname="com.connect.fluke.app.tests.PowerQuality3540CompletedSessionTests">
    <ignored/>
  </testcase> <!-- powerOverView_Total_1DGraphTabCheck -->
  <testcase name="eeveeMeasurementInAndroidTestConditionTimeLimitTest" time="0.0" classname="com.connect.fluke.app.tests.MeasurementsHistoryPageTests">
    <ignored/>
  </testcase> <!-- eeveeMeasurementInAndroidTestConditionTimeLimitTest -->
  <testcase name="studyTypeTest" time="0.0" classname="com.connect.fluke.app.tests.SessionDetailPageTests3540">
    <ignored/>
  </testcase> <!-- studyTypeTest -->
  <testcase name="eeveeMeasurementInIosTimeValueVerificationInDetailsPage" time="0.0" classname="com.connect.fluke.app.tests.MeasurementsHistoryPageTests">
    <ignored/>
  </testcase> <!-- eeveeMeasurementInIosTimeValueVerificationInDetailsPage -->
  <testcase name="add805VerficationOnSavedPage" time="0.0" classname="com.connect.fluke.app.tests.AssetAnalysisTest">
    <ignored/>
  </testcase> <!-- add805VerficationOnSavedPage -->
  <testcase name="createBasicReportTest" time="0.0" classname="com.connect.fluke.app.tests.ReportsPageTests">
    <ignored/>
  </testcase> <!-- createBasicReportTest -->
  <testcase name="powerFactor1WGraphTabCheck" time="0.0" classname="com.connect.fluke.app.tests.PowerQuality3540CompletedSessionTests">
    <ignored/>
  </testcase> <!-- powerFactor1WGraphTabCheck -->
  <testcase name="addTextNoteToHudsonTest" time="0.0" classname="com.connect.fluke.app.tests.MeasurementsHistoryPageTests">
    <ignored/>
  </testcase> <!-- addTextNoteToHudsonTest -->
  <testcase name="activePowerAllGraphTabCheck" time="0.0" classname="com.connect.fluke.app.tests.PowerQuality3540CompletedSessionTests">
    <ignored/>
  </testcase> <!-- activePowerAllGraphTabCheck -->
  <testcase name="addMuseVerficationOnAnalysisPage" time="0.0" classname="com.connect.fluke.app.tests.AssetAnalysisTest">
    <ignored/>
  </testcase> <!-- addMuseVerficationOnAnalysisPage -->
  <testcase name="voltageAllGraphTabCheck" time="0.0" classname="com.connect.fluke.app.tests.PowerQuality3540CompletedSessionTests">
    <ignored/>
  </testcase> <!-- voltageAllGraphTabCheck -->
  <testcase name="eeveeMeasurementAssetStatusVerificationInIosMeasurementList" time="0.0" classname="com.connect.fluke.app.tests.MeasurementsHistoryPageTests">
    <ignored/>
  </testcase> <!-- eeveeMeasurementAssetStatusVerificationInIosMeasurementList -->
  <testcase name="eeveeMeasurementTertiaryValueVerificationInAndroidMeasurementDetailsTest" time="0.0" classname="com.connect.fluke.app.tests.MeasurementsHistoryPageTests">
    <ignored/>
  </testcase> <!-- eeveeMeasurementTertiaryValueVerificationInAndroidMeasurementDetailsTest -->
  <testcase name="add805VerficationOnAnalysisPage" time="0.0" classname="com.connect.fluke.app.tests.AssetAnalysisTest">
    <ignored/>
  </testcase> <!-- add805VerficationOnAnalysisPage -->
  <testcase name="maxValueTimeTest1WTab" time="0.0" classname="com.connect.fluke.app.tests.SessionDetailPageTests3550">
    <ignored/>
  </testcase> <!-- maxValueTimeTest1WTab -->
  <testcase name="powerOverView_KW_1HGraphTabCheck" time="0.0" classname="com.connect.fluke.app.tests.PowerQuality3540CompletedSessionTests">
    <ignored/>
  </testcase> <!-- powerOverView_KW_1HGraphTabCheck -->
  <testcase name="eeveeMeasurementInIosDARStaticTextVerificationInDetailsPage" time="0.0" classname="com.connect.fluke.app.tests.MeasurementsHistoryPageTests">
    <ignored/>
  </testcase> <!-- eeveeMeasurementInIosDARStaticTextVerificationInDetailsPage -->
  <testcase name="gateWayNameTest" time="0.0" classname="com.connect.fluke.app.tests.SessionDetailPageTests3540">
    <ignored/>
  </testcase> <!-- gateWayNameTest -->
  <testcase name="eeveeMeasurementTagNameVerificationInIosMeasurementList" time="0.0" classname="com.connect.fluke.app.tests.MeasurementsHistoryPageTests">
    <ignored/>
  </testcase> <!-- eeveeMeasurementTagNameVerificationInIosMeasurementList -->
  <testcase name="editWifiTemplateTest" time="0.0" classname="com.connect.fluke.app.tests.SessionSetupTests3560">
    <ignored/>
  </testcase> <!-- editWifiTemplateTest -->
  <testcase name="deleteAlarmTest" time="0.0" classname="com.connect.fluke.app.tests.SessionDetailPageTests3550">
    <ignored/>
  </testcase> <!-- deleteAlarmTest -->
  <testcase name="testPointNameTest" time="0.0" classname="com.connect.fluke.app.tests.SessionDetailPageTests3540">
    <ignored/>
  </testcase> <!-- testPointNameTest -->
  <testcase name="isHudsonMeasurementsValueSavedCorrectlyTest" time="0.0" classname="com.connect.fluke.app.tests.MeasurementsHistoryPageTests">
    <ignored/>
  </testcase> <!-- isHudsonMeasurementsValueSavedCorrectlyTest -->
  <testcase name="addFrequencyAlarm" time="0.0" classname="com.connect.fluke.app.tests.AssetAnalysisTest">
    <ignored/>
  </testcase> <!-- addFrequencyAlarm -->
  <testcase name="powerOverView_KW_1MGraphTabCheck" time="0.0" classname="com.connect.fluke.app.tests.PowerQuality3540CompletedSessionTests">
    <ignored/>
  </testcase> <!-- powerOverView_KW_1MGraphTabCheck -->
  <testcase name="thermalImageMaxValueVerficationOnAnalysisPage" time="0.0" classname="com.connect.fluke.app.tests.AssetAnalysisTest">
    <ignored/>
  </testcase> <!-- thermalImageMaxValueVerficationOnAnalysisPage -->
  <testcase name="createAssetReportWithoutCoverPageTest" time="0.0" classname="com.connect.fluke.app.tests.ReportsPageTests">
    <ignored/>
  </testcase> <!-- createAssetReportWithoutCoverPageTest -->
  <testcase name="istextNoteAdedToHudsonTest" time="0.0" classname="com.connect.fluke.app.tests.MeasurementsHistoryPageTests">
    <ignored/>
  </testcase> <!-- istextNoteAdedToHudsonTest -->
  <testcase name="verfiyStatusFilter" time="0.0" classname="com.connect.fluke.app.tests.AssetsPageTests">
    <ignored/>
  </testcase> <!-- verfiyStatusFilter -->
  <testcase name="scalarMeasurementValueInteroperabilityTest" time="0.0" classname="com.connect.fluke.app.tests.MeasurementsHistoryPageTests">
    <ignored/>
  </testcase> <!-- scalarMeasurementValueInteroperabilityTest -->
  <testcase name="pdfImageTest" time="0.0" classname="com.connect.fluke.app.tests.ReportsPageTests">
    <ignored/>
  </testcase> <!-- pdfImageTest -->
  <testcase name="scrollGraphLeft8HTab" time="0.0" classname="com.connect.fluke.app.tests.SessionDetailPageTests3560">
    <ignored/>
  </testcase> <!-- scrollGraphLeft8HTab -->
  <testcase name="addBeakerVerficationOnAnalysisPage" time="0.0" classname="com.connect.fluke.app.tests.AssetAnalysisTest">
    <ignored/>
  </testcase> <!-- addBeakerVerficationOnAnalysisPage -->
  <testcase name="testPointNameTest" time="0.0" classname="com.connect.fluke.app.tests.SessionDetailPageTests3550">
    <ignored/>
  </testcase> <!-- testPointNameTest -->
  <testcase name="switchBetweenTHDTHCView" time="0.0" classname="com.connect.fluke.app.tests.PowerQuality3540CompletedSessionTests">
    <ignored/>
  </testcase> <!-- switchBetweenTHDTHCView -->
  <testcase name="removeTeamMembersTest" time="0.0" classname="com.connect.fluke.app.tests.TeamPageTests">
    <ignored/>
  </testcase> <!-- removeTeamMembersTest -->
  <testcase name="minValueTimeTest1MTab" time="0.0" classname="com.connect.fluke.app.tests.SessionDetailPageTests3550">
    <ignored/>
  </testcase> <!-- minValueTimeTest1MTab -->
  <testcase name="sessionStartTimeTest" time="0.0" classname="com.connect.fluke.app.tests.SessionListTests3540">
    <ignored/>
  </testcase> <!-- sessionStartTimeTest -->
  <testcase name="check3550CompletedSession" time="0.0" classname="com.connect.fluke.app.tests.Thermography3550CompletedSessionTests">
    <ignored/>
  </testcase> <!-- check3550CompletedSession -->
  <testcase name="maxValueTest" time="0.0" classname="com.connect.fluke.app.tests.SessionDetailPageTests3550">
    <ignored/>
  </testcase> <!-- maxValueTest -->
  <testcase name="powerOverView_Kvar_1MGraphTabCheck" time="0.0" classname="com.connect.fluke.app.tests.PowerQuality3540CompletedSessionTests">
    <ignored/>
  </testcase> <!-- powerOverView_Kvar_1MGraphTabCheck -->
  <testcase name="maxValueTimeTest1MTab" time="0.0" classname="com.connect.fluke.app.tests.SessionDetailPageTests3550">
    <ignored/>
  </testcase> <!-- maxValueTimeTest1MTab -->
  <testcase name="activePower1HGraphTabCheck" time="0.0" classname="com.connect.fluke.app.tests.PowerQuality3540CompletedSessionTests">
    <ignored/>
  </testcase> <!-- activePower1HGraphTabCheck -->
  <testcase name="thermography1MGraphTabCheck" time="0.0" classname="com.connect.fluke.app.tests.Thermography3550CompletedSessionTests">
    <ignored/>
  </testcase> <!-- thermography1MGraphTabCheck -->
  <testcase name="eeveeMeasurementTagNameVerificationInAndroidMeasurementDetailsTest" time="0.0" classname="com.connect.fluke.app.tests.MeasurementsHistoryPageTests">
    <ignored/>
  </testcase> <!-- eeveeMeasurementTagNameVerificationInAndroidMeasurementDetailsTest -->
  <testcase name="tHD_THC_THCA_1MGraphTabCheck" time="0.0" classname="com.connect.fluke.app.tests.PowerQuality3540CompletedSessionTests">
    <ignored/>
  </testcase> <!-- tHD_THC_THCA_1MGraphTabCheck -->
  <testcase name="addTHDVAlarm" time="0.0" classname="com.connect.fluke.app.tests.AssetAnalysisTest">
    <ignored/>
  </testcase> <!-- addTHDVAlarm -->
  <testcase name="sessionStartTimeTest" time="0.0" classname="com.connect.fluke.app.tests.SessionListTests3550">
    <ignored/>
  </testcase> <!-- sessionStartTimeTest -->
  <testcase name="workOrderStatusChangeTest" time="0.0" classname="com.connect.fluke.app.tests.WorkOrderPageTests">
    <ignored/>
  </testcase> <!-- workOrderStatusChangeTest -->
  <testcase name="eeveeMeasurementInIosTestEndedValueVerificationInDetailsPage" time="0.0" classname="com.connect.fluke.app.tests.MeasurementsHistoryPageTests">
    <ignored/>
  </testcase> <!-- eeveeMeasurementInIosTestEndedValueVerificationInDetailsPage -->
  <testcase name="liveValueUnitTest1DTab" time="0.0" classname="com.connect.fluke.app.tests.SessionDetailPageTests3550">
    <ignored/>
  </testcase> <!-- liveValueUnitTest1DTab -->
  <testcase name="addActivePowerAlarm" time="0.0" classname="com.connect.fluke.app.tests.AssetAnalysisTest">
    <ignored/>
  </testcase> <!-- addActivePowerAlarm -->
  <testcase name="assetCountTextVisibleTest" time="0.0" classname="com.connect.fluke.app.tests.SessionDetailPageTests3540">
    <ignored/>
  </testcase> <!-- assetCountTextVisibleTest -->
  <testcase name="eeveeMeasurementTestDurationTextVerificationInIosMeasurementList" time="0.0" classname="com.connect.fluke.app.tests.MeasurementsHistoryPageTests">
    <ignored/>
  </testcase> <!-- eeveeMeasurementTestDurationTextVerificationInIosMeasurementList -->
  <testcase name="viewAssetReportTest" time="0.0" classname="com.connect.fluke.app.tests.ReportsPageTests">
    <ignored/>
  </testcase> <!-- viewAssetReportTest -->
  <testcase name="eeveeMeasurementInIosTestConditionTabNavigationTest" time="0.0" classname="com.connect.fluke.app.tests.MeasurementsHistoryPageTests">
    <ignored/>
  </testcase> <!-- eeveeMeasurementInIosTestConditionTabNavigationTest -->
  <testcase name="current1DGraphTabCheck" time="0.0" classname="com.connect.fluke.app.tests.PowerQuality3540CompletedSessionTests">
    <ignored/>
  </testcase> <!-- current1DGraphTabCheck -->
  <testcase name="eeveeMeasurementInIosTimeLimitTextVerificationInDetailsPage" time="0.0" classname="com.connect.fluke.app.tests.MeasurementsHistoryPageTests">
    <ignored/>
  </testcase> <!-- eeveeMeasurementInIosTimeLimitTextVerificationInDetailsPage -->
  <testcase name="gateWayNameTest" time="0.0" classname="com.connect.fluke.app.tests.SessionDetailPageTests3550">
    <ignored/>
  </testcase> <!-- gateWayNameTest -->
  <testcase name="graphDisplayedTest" time="0.0" classname="com.connect.fluke.app.tests.SessionDetailPageTests3540">
    <ignored/>
  </testcase> <!-- graphDisplayedTest -->
  <testcase name="eeveeMeasurementInIosVolageStaticTextVerificationInDetailsPage" time="0.0" classname="com.connect.fluke.app.tests.MeasurementsHistoryPageTests">
    <ignored/>
  </testcase> <!-- eeveeMeasurementInIosVolageStaticTextVerificationInDetailsPage -->
  <testcase name="tHD_THC_THCA_1WGraphTabCheck" time="0.0" classname="com.connect.fluke.app.tests.PowerQuality3540CompletedSessionTests">
    <ignored/>
  </testcase> <!-- tHD_THC_THCA_1WGraphTabCheck -->
  <testcase name="liveValueUnitTest" time="0.0" classname="com.connect.fluke.app.tests.SessionDetailPageTests3550">
    <ignored/>
  </testcase> <!-- liveValueUnitTest -->
  <testcase name="eeveeMeasurementTagNameVerificationInAndroidMeasurementListTest" time="0.0" classname="com.connect.fluke.app.tests.MeasurementsHistoryPageTests">
    <ignored/>
  </testcase> <!-- eeveeMeasurementTagNameVerificationInAndroidMeasurementListTest -->
  <testcase name="powerOverView_Total_1MGraphTabCheck" time="0.0" classname="com.connect.fluke.app.tests.PowerQuality3540CompletedSessionTests">
    <ignored/>
  </testcase> <!-- powerOverView_Total_1MGraphTabCheck -->
  <testcase name="eeveeMeasurementSecondaryValueUnitVerificationInAndroidMeasurementDetailspageTest" time="0.0" classname="com.connect.fluke.app.tests.MeasurementsHistoryPageTests">
    <ignored/>
  </testcase> <!-- eeveeMeasurementSecondaryValueUnitVerificationInAndroidMeasurementDetailspageTest -->
  <testcase name="createAccountTest" time="0.0" classname="com.connect.fluke.app.tests.CreateAccountPageTests">
    <ignored/>
  </testcase> <!-- createAccountTest -->
  <testcase name="eeveeMeasurementInIosRampValueVerificationInDetailsPage" time="0.0" classname="com.connect.fluke.app.tests.MeasurementsHistoryPageTests">
    <ignored/>
  </testcase> <!-- eeveeMeasurementInIosRampValueVerificationInDetailsPage -->
  <testcase name="gateWayNameTest" time="0.0" classname="com.connect.fluke.app.tests.SessionListTests3540">
    <ignored/>
  </testcase> <!-- gateWayNameTest -->
  <testcase name="deleteDownloadedSessionTest" time="0.0" classname="com.connect.fluke.app.tests.EventLogging3540test">
    <ignored/>
  </testcase> <!-- deleteDownloadedSessionTest -->
  <testcase name="tHD_THC_THDA_1DGraphTabCheck" time="0.0" classname="com.connect.fluke.app.tests.PowerQuality3540CompletedSessionTests">
    <ignored/>
  </testcase> <!-- tHD_THC_THDA_1DGraphTabCheck -->
  <testcase name="eeveeMeasurementTestDurationTextVerificationInAndroidMeasurementDetailsTest" time="0.0" classname="com.connect.fluke.app.tests.MeasurementsHistoryPageTests">
    <ignored/>
  </testcase> <!-- eeveeMeasurementTestDurationTextVerificationInAndroidMeasurementDetailsTest -->
  <testcase name="powerOverView_KW_1WGraphTabCheck" time="0.0" classname="com.connect.fluke.app.tests.PowerQuality3540CompletedSessionTests">
    <ignored/>
  </testcase> <!-- powerOverView_KW_1WGraphTabCheck -->
  <testcase name="minValueTimeTestALLTab" time="0.0" classname="com.connect.fluke.app.tests.SessionDetailPageTests3550">
    <ignored/>
  </testcase> <!-- minValueTimeTestALLTab -->
  <testcase name="editAssetReportTest" time="0.0" classname="com.connect.fluke.app.tests.ReportsPageTests">
    <ignored/>
  </testcase> <!-- editAssetReportTest -->
  <testcase name="editAlarmTest" time="0.0" classname="com.connect.fluke.app.tests.SessionDetailPageTests3550">
    <ignored/>
  </testcase> <!-- editAlarmTest -->
  <testcase name="deletBasicAssetGroupTest" time="0.0" classname="com.connect.fluke.app.tests.AssetsPageTests">
    <ignored/>
  </testcase> <!-- deletBasicAssetGroupTest -->
  <testcase name="switchBetweenActivePowerView" time="0.0" classname="com.connect.fluke.app.tests.PowerQuality3540CompletedSessionTests">
    <ignored/>
  </testcase> <!-- switchBetweenActivePowerView -->
  <testcase name="tHD_THC_THDA_1MGraphTabCheck" time="0.0" classname="com.connect.fluke.app.tests.PowerQuality3540CompletedSessionTests">
    <ignored/>
  </testcase> <!-- tHD_THC_THDA_1MGraphTabCheck -->
  <testcase name="gateWayNameTest" time="0.0" classname="com.connect.fluke.app.tests.SessionListTests3550">
    <ignored/>
  </testcase> <!-- gateWayNameTest -->
  <testcase name="frequency1WGraphTabCheck" time="0.0" classname="com.connect.fluke.app.tests.PowerQuality3540CompletedSessionTests">
    <ignored/>
  </testcase> <!-- frequency1WGraphTabCheck -->
  <testcase name="tHD_THC_THDV_1MGraphTabCheck" time="0.0" classname="com.connect.fluke.app.tests.PowerQuality3540CompletedSessionTests">
    <ignored/>
  </testcase> <!-- tHD_THC_THDV_1MGraphTabCheck -->
  <testcase name="captureMyWorkOrderCellScreenshot" time="0.0" classname="com.connect.fluke.app.tests.HomePageTests">
    <ignored/>
  </testcase> <!-- captureMyWorkOrderCellScreenshot -->
  <testcase name="powerFactor1MGraphTabCheck" time="0.0" classname="com.connect.fluke.app.tests.PowerQuality3540CompletedSessionTests">
    <ignored/>
  </testcase> <!-- powerFactor1MGraphTabCheck -->
  <testcase name="eeveeMeasurementTagNameVerificationInIosMeasurementDetailpage" time="0.0" classname="com.connect.fluke.app.tests.MeasurementsHistoryPageTests">
    <ignored/>
  </testcase> <!-- eeveeMeasurementTagNameVerificationInIosMeasurementDetailpage -->
  <testcase name="addVoltageAlarm" time="0.0" classname="com.connect.fluke.app.tests.AssetAnalysisTest">
    <ignored/>
  </testcase> <!-- addVoltageAlarm -->
  <testcase name="eeveeMeasurementInAndroidTestConditionTestEndedValueTest" time="0.0" classname="com.connect.fluke.app.tests.MeasurementsHistoryPageTests">
    <ignored/>
  </testcase> <!-- eeveeMeasurementInAndroidTestConditionTestEndedValueTest -->
  <testcase name="sortByAssetName" time="0.0" classname="com.connect.fluke.app.tests.AssetsPageTests">
    <ignored/>
  </testcase> <!-- sortByAssetName -->
  <testcase name="thermalImageMinValueVerficationOnAnalysisPage" time="0.0" classname="com.connect.fluke.app.tests.AssetAnalysisTest">
    <ignored/>
  </testcase> <!-- thermalImageMinValueVerficationOnAnalysisPage -->
  <testcase name="eeveeMeasurementTestDurationValuetVerificationInIosMeasurementList" time="0.0" classname="com.connect.fluke.app.tests.MeasurementsHistoryPageTests">
    <ignored/>
  </testcase> <!-- eeveeMeasurementTestDurationValuetVerificationInIosMeasurementList -->
  <testcase name="deleteAssetReportTest" time="0.0" classname="com.connect.fluke.app.tests.ReportsPageTests">
    <ignored/>
  </testcase> <!-- deleteAssetReportTest -->
  <testcase name="scrollGraphRight1HTab" time="0.0" classname="com.connect.fluke.app.tests.SessionDetailPageTests3560">
    <ignored/>
  </testcase> <!-- scrollGraphRight1HTab -->
  <testcase name="measurementValueUnitPhaseTestForAllTabs" time="0.0" classname="com.connect.fluke.app.tests.SessionDetailPageTests3540">
    <ignored/>
  </testcase> <!-- measurementValueUnitPhaseTestForAllTabs -->
  <testcase name="measurementValueUnitPhaseTestForAllTabs" time="0.0" classname="com.connect.fluke.app.tests.SessionDetailPageTests3540">
    <ignored/>
  </testcase> <!-- measurementValueUnitPhaseTestForAllTabs -->
  <testcase name="isAssetAssignedToHudsonTest" time="0.0" classname="com.connect.fluke.app.tests.MeasurementsHistoryPageTests">
    <ignored/>
  </testcase> <!-- isAssetAssignedToHudsonTest -->
  <testcase name="eeveeMeasurementTestDurationTextVerificationInAndroidMeasurementListTest" time="0.0" classname="com.connect.fluke.app.tests.MeasurementsHistoryPageTests">
    <ignored/>
  </testcase> <!-- eeveeMeasurementTestDurationTextVerificationInAndroidMeasurementListTest -->
  <testcase name="startTimeStaticTextVisibleTest" time="0.0" classname="com.connect.fluke.app.tests.SessionDetailPageTests3540">
    <ignored/>
  </testcase> <!-- startTimeStaticTextVisibleTest -->
  <testcase name="sessionTileVisibleTest" time="0.0" classname="com.connect.fluke.app.tests.SessionListTests3540">
    <ignored/>
  </testcase> <!-- sessionTileVisibleTest -->
  <testcase name="eeveeMeasurementTestDurationValuetVerificationInIosMeasurementDetailsPage" time="0.0" classname="com.connect.fluke.app.tests.MeasurementsHistoryPageTests">
    <ignored/>
  </testcase> <!-- eeveeMeasurementTestDurationValuetVerificationInIosMeasurementDetailsPage -->
  <testcase name="thermalImageMaxGraphVerficationOnAnalysisPage" time="0.0" classname="com.connect.fluke.app.tests.AssetAnalysisTest">
    <ignored/>
  </testcase> <!-- thermalImageMaxGraphVerficationOnAnalysisPage -->
  <testcase name="startVATGSessionTest" time="0.0" classname="com.connect.fluke.app.tests.SessionSetupPageTests">
    <ignored/>
  </testcase> <!-- startVATGSessionTest -->
  <testcase name="sensorsStaticTextVisibleTest" time="0.0" classname="com.connect.fluke.app.tests.SessionListTests3550">
    <ignored/>
  </testcase> <!-- sensorsStaticTextVisibleTest -->
  <testcase name="startMonitoringTest" time="0.0" classname="com.connect.fluke.app.tests.SessionSetupTests3560">
    <ignored/>
  </testcase> <!-- startMonitoringTest -->
  <testcase name="maxValueTestALLTab" time="0.0" classname="com.connect.fluke.app.tests.SessionDetailPageTests3550">
    <ignored/>
  </testcase> <!-- maxValueTestALLTab -->
  <testcase name="eeveeMeasurementInAndroidTestConditionVoltageStaticTextTest" time="0.0" classname="com.connect.fluke.app.tests.MeasurementsHistoryPageTests">
    <ignored/>
  </testcase> <!-- eeveeMeasurementInAndroidTestConditionVoltageStaticTextTest -->
  <testcase name="connectingBlondelTool" time="0.0" classname="com.connect.fluke.app.tests.FCCM174XSessionConfigurationTests">
    <ignored/>
  </testcase> <!-- connectingBlondelTool -->
  <testcase name="minValueTestALLTab" time="0.0" classname="com.connect.fluke.app.tests.SessionDetailPageTests3550">
    <ignored/>
  </testcase> <!-- minValueTestALLTab -->
  <testcase name="maxValueTest1WTab" time="0.0" classname="com.connect.fluke.app.tests.SessionDetailPageTests3550">
    <ignored/>
  </testcase> <!-- maxValueTest1WTab -->
  <testcase name="powerOverView_KVA_1WGraphTabCheck" time="0.0" classname="com.connect.fluke.app.tests.PowerQuality3540CompletedSessionTests">
    <ignored/>
  </testcase> <!-- powerOverView_KVA_1WGraphTabCheck -->
  <testcase name="sessionTileVisibleTest" time="0.0" classname="com.connect.fluke.app.tests.SessionListTests3550">
    <ignored/>
  </testcase> <!-- sessionTileVisibleTest -->
  <testcase name="assignedWorkOrderToHudsonTest" time="0.0" classname="com.connect.fluke.app.tests.MeasurementsHistoryPageTests">
    <ignored/>
  </testcase> <!-- assignedWorkOrderToHudsonTest -->
  <testcase name="maxValueUnitTest" time="0.0" classname="com.connect.fluke.app.tests.SessionDetailPageTests3550">
    <ignored/>
  </testcase> <!-- maxValueUnitTest -->
  <testcase name="connectToVATG" time="0.0" classname="com.connect.fluke.app.tests.PhoneSettingsPageTests">
    <ignored/>
  </testcase> <!-- connectToVATG -->
  <testcase name="t3000Test" time="0.0" classname="com.connect.fluke.app.tests.CaptureMeasurementsTests">
    <ignored/>
  </testcase> <!-- t3000Test -->
  <testcase name="scalarMeasurementUnitInteroperabilityTest" time="0.0" classname="com.connect.fluke.app.tests.MeasurementsHistoryPageTests">
    <ignored/>
  </testcase> <!-- scalarMeasurementUnitInteroperabilityTest -->
  <testcase name="tHD_THC_THDA_1WGraphTabCheck" time="0.0" classname="com.connect.fluke.app.tests.PowerQuality3540CompletedSessionTests">
    <ignored/>
  </testcase> <!-- tHD_THC_THDA_1WGraphTabCheck -->
  <testcase name="maxLabelIn1HTabTest" time="0.0" classname="com.connect.fluke.app.tests.SessionDetailPageTests3550">
    <ignored/>
  </testcase> <!-- maxLabelIn1HTabTest -->
  <testcase name="eeveeMeasurementInAndroidTestConditionTabNavigationTest" time="0.0" classname="com.connect.fluke.app.tests.MeasurementsHistoryPageTests">
    <ignored/>
  </testcase> <!-- eeveeMeasurementInAndroidTestConditionTabNavigationTest -->
  <testcase name="powerOverView_PhaseC_1WGraphTabCheck" time="0.0" classname="com.connect.fluke.app.tests.PowerQuality3540CompletedSessionTests">
    <ignored/>
  </testcase> <!-- powerOverView_PhaseC_1WGraphTabCheck -->
  <testcase name="createAssetReportWithCoverPageTest" time="0.0" classname="com.connect.fluke.app.tests.ReportsPageTests">
    <ignored/>
  </testcase> <!-- createAssetReportWithCoverPageTest -->
  <testcase name="powerOverView_KVA_AllGraphTabCheck" time="0.0" classname="com.connect.fluke.app.tests.PowerQuality3540CompletedSessionTests">
    <ignored/>
  </testcase> <!-- powerOverView_KVA_AllGraphTabCheck -->
  <testcase name="CreateReportWithThisAsset" time="0.0" classname="com.connect.fluke.app.tests.ReportsPageTests">
    <ignored/>
  </testcase> <!-- CreateReportWithThisAsset -->
  <testcase name="eeveeMeasurementInAndroidCalculatedResultsPIValueTest" time="0.0" classname="com.connect.fluke.app.tests.MeasurementsHistoryPageTests">
    <ignored/>
  </testcase> <!-- eeveeMeasurementInAndroidCalculatedResultsPIValueTest -->
  <testcase name="powerOverView_PhaseC_AllGraphTabCheck" time="0.0" classname="com.connect.fluke.app.tests.PowerQuality3540CompletedSessionTests">
    <ignored/>
  </testcase> <!-- powerOverView_PhaseC_AllGraphTabCheck -->
  <testcase name="tHD_THC_THDA_AllGraphTabCheck" time="0.0" classname="com.connect.fluke.app.tests.PowerQuality3540CompletedSessionTests">
    <ignored/>
  </testcase> <!-- tHD_THC_THDA_AllGraphTabCheck -->
  <testcase name="eeveeMeasurementInAndroidCalculatedResultsDARValueTest" time="0.0" classname="com.connect.fluke.app.tests.MeasurementsHistoryPageTests">
    <ignored/>
  </testcase> <!-- eeveeMeasurementInAndroidCalculatedResultsDARValueTest -->
  <testcase name="deleteBasicReportTest" time="0.0" classname="com.connect.fluke.app.tests.ReportsPageTests">
    <ignored/>
  </testcase> <!-- deleteBasicReportTest -->
  <testcase name="assignAssetToGroupMeasurementTest" time="0.0" classname="com.connect.fluke.app.tests.CaptureMeasurementsTests">
    <ignored/>
  </testcase> <!-- assignAssetToGroupMeasurementTest -->
  <testcase name="assetTypeFilter" time="0.0" classname="com.connect.fluke.app.tests.AssetsPageTests">
    <ignored/>
  </testcase> <!-- assetTypeFilter -->
  <testcase name="eeveeMeasurementInIosRampStaticTextVerificationInDetailsPage" time="0.0" classname="com.connect.fluke.app.tests.MeasurementsHistoryPageTests">
    <ignored/>
  </testcase> <!-- eeveeMeasurementInIosRampStaticTextVerificationInDetailsPage -->
  <testcase name="eeveeMeasurementSecondaryValueVerificationInAndroidTest" time="0.0" classname="com.connect.fluke.app.tests.MeasurementsHistoryPageTests">
    <ignored/>
  </testcase> <!-- eeveeMeasurementSecondaryValueVerificationInAndroidTest -->
  <testcase name="assetGroupNameTest" time="0.0" classname="com.connect.fluke.app.tests.SessionDetailPageTests3540">
    <ignored/>
  </testcase> <!-- assetGroupNameTest -->
  <testcase name="eeveeMeasurementAssetAssignmentInIosTest" time="0.0" classname="com.connect.fluke.app.tests.MeasurementsHistoryPageTests">
    <ignored/>
  </testcase> <!-- eeveeMeasurementAssetAssignmentInIosTest -->
  <testcase name="eeveeMeasurementCurrentValueAndUnitVerificationInIosMeasurementList" time="0.0" classname="com.connect.fluke.app.tests.MeasurementsHistoryPageTests">
    <ignored/>
  </testcase> <!-- eeveeMeasurementCurrentValueAndUnitVerificationInIosMeasurementList -->
  <testcase name="eeveeMeasurementInIosPIValueVerificationInDetailsPage" time="0.0" classname="com.connect.fluke.app.tests.MeasurementsHistoryPageTests">
    <ignored/>
  </testcase> <!-- eeveeMeasurementInIosPIValueVerificationInDetailsPage -->
  <testcase name="powerOverView_Kvar_1WGraphTabCheck" time="0.0" classname="com.connect.fluke.app.tests.PowerQuality3540CompletedSessionTests">
    <ignored/>
  </testcase> <!-- powerOverView_Kvar_1WGraphTabCheck -->
  <testcase name="clickOnSessionTileTest" time="0.0" classname="com.connect.fluke.app.tests.SessionListTests3550">
    <ignored/>
  </testcase> <!-- clickOnSessionTileTest -->
  <testcase name="tempratureUnitTest" time="0.0" classname="com.connect.fluke.app.tests.SessionDetailPageTests3550">
    <ignored/>
  </testcase> <!-- tempratureUnitTest -->
  <testcase name="eeveeMeasurementTertiaryValueVerificationInAndroidTest" time="0.0" classname="com.connect.fluke.app.tests.MeasurementsHistoryPageTests">
    <ignored/>
  </testcase> <!-- eeveeMeasurementTertiaryValueVerificationInAndroidTest -->
  <testcase name="liveValueUnitTestALLTab" time="0.0" classname="com.connect.fluke.app.tests.SessionDetailPageTests3550">
    <ignored/>
  </testcase> <!-- liveValueUnitTestALLTab -->
  <testcase name="config888" time="0.0" classname="com.connect.fluke.app.tests.LastConfig">
    <ignored/>
  </testcase> <!-- config888 -->
  <testcase name="minValueUnitTest1MTab" time="0.0" classname="com.connect.fluke.app.tests.SessionDetailPageTests3550">
    <ignored/>
  </testcase> <!-- minValueUnitTest1MTab -->
  <testcase name="config999" time="0.0" classname="com.connect.fluke.app.tests.LastConfig">
    <ignored/>
  </testcase> <!-- config999 -->
  <testcase name="startTimeStaticTextVisibleTest" time="0.0" classname="com.connect.fluke.app.tests.SessionListTests3540">
    <ignored/>
  </testcase> <!-- startTimeStaticTextVisibleTest -->
  <testcase name="eeveeMeasurementInAndroidTestConditionTestEndedStaticTextTest" time="0.0" classname="com.connect.fluke.app.tests.MeasurementsHistoryPageTests">
    <ignored/>
  </testcase> <!-- eeveeMeasurementInAndroidTestConditionTestEndedStaticTextTest -->
  <testcase name="minValueTest1WTab" time="0.0" classname="com.connect.fluke.app.tests.SessionDetailPageTests3550">
    <ignored/>
  </testcase> <!-- minValueTest1WTab -->
  <testcase name="minValueTimeTest" time="0.0" classname="com.connect.fluke.app.tests.SessionDetailPageTests3550">
    <ignored/>
  </testcase> <!-- minValueTimeTest -->
  <testcase name="liveValueTest1MTab" time="0.0" classname="com.connect.fluke.app.tests.SessionDetailPageTests3550">
    <ignored/>
  </testcase> <!-- liveValueTest1MTab -->
  <testcase name="eeveeMeasurementInIosVolageValueVerificationInDetailsPage" time="0.0" classname="com.connect.fluke.app.tests.MeasurementsHistoryPageTests">
    <ignored/>
  </testcase> <!-- eeveeMeasurementInIosVolageValueVerificationInDetailsPage -->
  <testcase name="powerOverView_PhaseB_1DGraphTabCheck" time="0.0" classname="com.connect.fluke.app.tests.PowerQuality3540CompletedSessionTests">
    <ignored/>
  </testcase> <!-- powerOverView_PhaseB_1DGraphTabCheck -->
  <testcase name="currentAllGraphTabCheck" time="0.0" classname="com.connect.fluke.app.tests.PowerQuality3540CompletedSessionTests">
    <ignored/>
  </testcase> <!-- currentAllGraphTabCheck -->
  <testcase name="addBeakerVerficationOnSavedPage" time="0.0" classname="com.connect.fluke.app.tests.AssetAnalysisTest">
    <ignored/>
  </testcase> <!-- addBeakerVerficationOnSavedPage -->
  <testcase name="sessionTileStatusTest" time="0.0" classname="com.connect.fluke.app.tests.SessionDetailPageTests3560">
    <ignored/>
  </testcase> <!-- sessionTileStatusTest -->
  <testcase name="eeveeMeasurementVoltageValueAndUnitVerificationInIosMeasurementList" time="0.0" classname="com.connect.fluke.app.tests.MeasurementsHistoryPageTests">
    <ignored/>
  </testcase> <!-- eeveeMeasurementVoltageValueAndUnitVerificationInIosMeasurementList -->
  <testcase name="thermographyAllGraphTabCheck" time="0.0" classname="com.connect.fluke.app.tests.Thermography3550CompletedSessionTests">
    <ignored/>
  </testcase> <!-- thermographyAllGraphTabCheck -->
  <testcase name="eeveeMeasurementPrimaryValueUnitVerificationInAndroidTest" time="0.0" classname="com.connect.fluke.app.tests.MeasurementsHistoryPageTests">
    <ignored/>
  </testcase> <!-- eeveeMeasurementPrimaryValueUnitVerificationInAndroidTest -->
  <testcase name="addTHDAAlarm" time="0.0" classname="com.connect.fluke.app.tests.AssetAnalysisTest">
    <ignored/>
  </testcase> <!-- addTHDAAlarm -->
  <testcase name="clickOnSessionTileTest" time="0.0" classname="com.connect.fluke.app.tests.SessionListTests3540">
    <ignored/>
  </testcase> <!-- clickOnSessionTileTest -->
  <testcase name="frequency1HGraphTabCheck" time="0.0" classname="com.connect.fluke.app.tests.PowerQuality3540CompletedSessionTests">
    <ignored/>
  </testcase> <!-- frequency1HGraphTabCheck -->
  <testcase name="eeveeMeasurementPrimaryValueVerificationInAndroidMeasurementListTest" time="0.0" classname="com.connect.fluke.app.tests.MeasurementsHistoryPageTests">
    <ignored/>
  </testcase> <!-- eeveeMeasurementPrimaryValueVerificationInAndroidMeasurementListTest -->
  <testcase name="sessionTileStatusTest" time="0.0" classname="com.connect.fluke.app.tests.SessionDetailPageTests3550">
    <ignored/>
  </testcase> <!-- sessionTileStatusTest -->
  <testcase name="startTimeStaticTextVisibleTest" time="0.0" classname="com.connect.fluke.app.tests.SessionListTests3550">
    <ignored/>
  </testcase> <!-- startTimeStaticTextVisibleTest -->
  <testcase name="createSession" time="0.0" classname="com.connect.fluke.app.tests.FCCM3540ActiveMonitoringSessionsTests">
    <ignored/>
  </testcase> <!-- createSession -->
  <testcase name="minValueTest" time="0.0" classname="com.connect.fluke.app.tests.SessionDetailPageTests3550">
    <ignored/>
  </testcase> <!-- minValueTest -->
  <testcase name="powerOverView_KVA_1MGraphTabCheck" time="0.0" classname="com.connect.fluke.app.tests.PowerQuality3540CompletedSessionTests">
    <ignored/>
  </testcase> <!-- powerOverView_KVA_1MGraphTabCheck -->
  <testcase name="addCNXVerficationOnSavedPage" time="0.0" classname="com.connect.fluke.app.tests.AssetAnalysisTest">
    <ignored/>
  </testcase> <!-- addCNXVerficationOnSavedPage -->
  <testcase name="test1" time="0.0" classname="com.connect.fluke.app.tests.JenkinsToQmetryMappingTests">
    <ignored/>
  </testcase> <!-- test1 -->
  <testcase name="eeveeMeasurementResistanceValueAndUnitVerificationInIosMeasurementDetailsPage" time="0.0" classname="com.connect.fluke.app.tests.MeasurementsHistoryPageTests">
    <ignored/>
  </testcase> <!-- eeveeMeasurementResistanceValueAndUnitVerificationInIosMeasurementDetailsPage -->
  <testcase name="powerOverView_KW_AllGraphTabCheck" time="0.0" classname="com.connect.fluke.app.tests.PowerQuality3540CompletedSessionTests">
    <ignored/>
  </testcase> <!-- powerOverView_KW_AllGraphTabCheck -->
  <testcase name="createThermalImageReportTest" time="0.0" classname="com.connect.fluke.app.tests.ReportsPageTests">
    <ignored/>
  </testcase> <!-- createThermalImageReportTest -->
  <testcase name="addAlarmTest" time="0.0" classname="com.connect.fluke.app.tests.SessionDetailPageTests3550">
    <ignored/>
  </testcase> <!-- addAlarmTest -->
  <testcase name="activePower1MGraphTabCheck" time="0.0" classname="com.connect.fluke.app.tests.PowerQuality3540CompletedSessionTests">
    <ignored/>
  </testcase> <!-- activePower1MGraphTabCheck -->
  <testcase name="current1MGraphTabCheck" time="0.0" classname="com.connect.fluke.app.tests.PowerQuality3540CompletedSessionTests">
    <ignored/>
  </testcase> <!-- current1MGraphTabCheck -->
  <testcase name="switchBetweenVAHzView" time="0.0" classname="com.connect.fluke.app.tests.PowerQuality3540CompletedSessionTests">
    <ignored/>
  </testcase> <!-- switchBetweenVAHzView -->
  <testcase name="downloadEventLoggingSessionTest" time="0.0" classname="com.connect.fluke.app.tests.EventLogging3540test">
    <ignored/>
  </testcase> <!-- downloadEventLoggingSessionTest -->
  <testcase name="eeveeMeasurementVoltageValueAndUnitVerificationInIosMeasurementDetails" time="0.0" classname="com.connect.fluke.app.tests.MeasurementsHistoryPageTests">
    <ignored/>
  </testcase> <!-- eeveeMeasurementVoltageValueAndUnitVerificationInIosMeasurementDetails -->
  <testcase name="eeveeMeasurementCurrentValueAndUnitVerificationInIosMeasurementDetails" time="0.0" classname="com.connect.fluke.app.tests.MeasurementsHistoryPageTests">
    <ignored/>
  </testcase> <!-- eeveeMeasurementCurrentValueAndUnitVerificationInIosMeasurementDetails -->
  <testcase name="eeveeMeasurementTestDurationValueInAndroidVerification" time="0.0" classname="com.connect.fluke.app.tests.MeasurementsHistoryPageTests">
    <ignored/>
  </testcase> <!-- eeveeMeasurementTestDurationValueInAndroidVerification -->
  <testcase name="powerOverView_Kvar_1HGraphTabCheck" time="0.0" classname="com.connect.fluke.app.tests.PowerQuality3540CompletedSessionTests">
    <ignored/>
  </testcase> <!-- powerOverView_Kvar_1HGraphTabCheck -->
  <testcase name="sessionTileStatusTest" time="0.0" classname="com.connect.fluke.app.tests.SessionListTests3540">
    <ignored/>
  </testcase> <!-- sessionTileStatusTest -->
  <testcase name="sessionEndTest" time="0.0" classname="com.connect.fluke.app.tests.SessionEndAandDeleteTests3560">
    <ignored/>
  </testcase> <!-- sessionEndTest -->
  <testcase name="verifySavedConfig" time="0.0" classname="com.connect.fluke.app.tests.FCCM174XSessionConfigurationTests">
    <ignored/>
  </testcase> <!-- verifySavedConfig -->
  <testcase name="eeveeMeasurementInIosCapacitanceStaticTextVerificationInDetailsPage" time="0.0" classname="com.connect.fluke.app.tests.MeasurementsHistoryPageTests">
    <ignored/>
  </testcase> <!-- eeveeMeasurementInIosCapacitanceStaticTextVerificationInDetailsPage -->
  <testcase name="minValueTest1MTab" time="0.0" classname="com.connect.fluke.app.tests.SessionDetailPageTests3550">
    <ignored/>
  </testcase> <!-- minValueTest1MTab -->
  <testcase name="viewMoreCheck" time="0.0" classname="com.connect.fluke.app.tests.Thermography3550CompletedSessionTests">
    <ignored/>
  </testcase> <!-- viewMoreCheck -->
  <testcase name="switchBetweenPowerOverViewView" time="0.0" classname="com.connect.fluke.app.tests.PowerQuality3540CompletedSessionTests">
    <ignored/>
  </testcase> <!-- switchBetweenPowerOverViewView -->
  <testcase name="powerFactor1HGraphTabCheck" time="0.0" classname="com.connect.fluke.app.tests.PowerQuality3540CompletedSessionTests">
    <ignored/>
  </testcase> <!-- powerFactor1HGraphTabCheck -->
  <testcase name="minValueUnitTestALLTab" time="0.0" classname="com.connect.fluke.app.tests.SessionDetailPageTests3550">
    <ignored/>
  </testcase> <!-- minValueUnitTestALLTab -->
  <testcase name="sessionTileStatusTest" time="0.0" classname="com.connect.fluke.app.tests.SessionListTests3550">
    <ignored/>
  </testcase> <!-- sessionTileStatusTest -->
  <testcase name="delete805MeasurementTest" time="0.0" classname="com.connect.fluke.app.tests.MeasurementsHistoryPageTests">
    <ignored/>
  </testcase> <!-- delete805MeasurementTest -->
  <testcase name="verifyBlondelOption" time="0.0" classname="com.connect.fluke.app.tests.FCCM174XSessionConfigurationTests">
    <ignored/>
  </testcase> <!-- verifyBlondelOption -->
  <testcase name="assignAssetTest" time="0.0" classname="com.connect.fluke.app.tests.SessionSetupTests3560">
    <ignored/>
  </testcase> <!-- assignAssetTest -->
  <testcase name="captureBeakerMeasurementTest" time="0.0" classname="com.connect.fluke.app.tests.CaptureMeasurementsTests">
    <ignored/>
  </testcase> <!-- captureBeakerMeasurementTest -->
  <testcase name="powerOverView_PhaseA_1MGraphTabCheck" time="0.0" classname="com.connect.fluke.app.tests.PowerQuality3540CompletedSessionTests">
    <ignored/>
  </testcase> <!-- powerOverView_PhaseA_1MGraphTabCheck -->
  <testcase name="powerOverView_Total_AllGraphTabCheck" time="0.0" classname="com.connect.fluke.app.tests.PowerQuality3540CompletedSessionTests">
    <ignored/>
  </testcase> <!-- powerOverView_Total_AllGraphTabCheck -->
  <testcase name="measurementsWorkOrderDeleteTest" time="0.0" classname="com.connect.fluke.app.tests.WorkOrderPageTests">
    <ignored/>
  </testcase> <!-- measurementsWorkOrderDeleteTest -->
  <testcase name="sessionStartTimeTest" time="0.0" classname="com.connect.fluke.app.tests.SessionDetailPageTests3540">
    <ignored/>
  </testcase> <!-- sessionStartTimeTest -->
  <testcase name="deleteThermalImageReportTest" time="0.0" classname="com.connect.fluke.app.tests.ReportsPageTests">
    <ignored/>
  </testcase> <!-- deleteThermalImageReportTest -->
  <testcase name="assetNameTest" time="0.0" classname="com.connect.fluke.app.tests.SessionDetailPageTests3540">
    <ignored/>
  </testcase> <!-- assetNameTest -->
  <testcase name="addedMuseVerficationOnSavedPage" time="0.0" classname="com.connect.fluke.app.tests.AssetAnalysisTest">
    <ignored/>
  </testcase> <!-- addedMuseVerficationOnSavedPage -->
  <testcase name="maxValueTest1DTab" time="0.0" classname="com.connect.fluke.app.tests.SessionDetailPageTests3550">
    <ignored/>
  </testcase> <!-- maxValueTest1DTab -->
  <testcase name="minValueUnitTest1DTab" time="0.0" classname="com.connect.fluke.app.tests.SessionDetailPageTests3550">
    <ignored/>
  </testcase> <!-- minValueUnitTest1DTab -->
  <testcase name="eeveeMeasurementInAndroidCalculatedResultsPIStaticTextTest" time="0.0" classname="com.connect.fluke.app.tests.MeasurementsHistoryPageTests">
    <ignored/>
  </testcase> <!-- eeveeMeasurementInAndroidCalculatedResultsPIStaticTextTest -->
  <testcase name="eeveeMeasurementTertiaryValueUnitVerificationInAndroidMeasurementDetailspageTest" time="0.0" classname="com.connect.fluke.app.tests.MeasurementsHistoryPageTests">
    <ignored/>
  </testcase> <!-- eeveeMeasurementTertiaryValueUnitVerificationInAndroidMeasurementDetailspageTest -->
  <testcase name="addedBeakerVerficationOnMeasurementPage" time="0.0" classname="com.connect.fluke.app.tests.AssetAnalysisTest">
    <ignored/>
  </testcase> <!-- addedBeakerVerficationOnMeasurementPage -->
  <testcase name="eeveeMeasurementTestDurationValueInAndroidMeasurementDetailspageVerification" time="0.0" classname="com.connect.fluke.app.tests.MeasurementsHistoryPageTests">
    <ignored/>
  </testcase> <!-- eeveeMeasurementTestDurationValueInAndroidMeasurementDetailspageVerification -->
  <testcase name="powerOverView_PhaseC_1HGraphTabCheck" time="0.0" classname="com.connect.fluke.app.tests.PowerQuality3540CompletedSessionTests">
    <ignored/>
  </testcase> <!-- powerOverView_PhaseC_1HGraphTabCheck -->
  <testcase name="eeveeMeasurementInIosPIStaticTextVerificationInDetailsPage" time="0.0" classname="com.connect.fluke.app.tests.MeasurementsHistoryPageTests">
    <ignored/>
  </testcase> <!-- eeveeMeasurementInIosPIStaticTextVerificationInDetailsPage -->
  <testcase name="minValueUnitTest" time="0.0" classname="com.connect.fluke.app.tests.SessionDetailPageTests3550">
    <ignored/>
  </testcase> <!-- minValueUnitTest -->
  <testcase name="minLabelIn1HTabTest" time="0.0" classname="com.connect.fluke.app.tests.SessionDetailPageTests3550">
    <ignored/>
  </testcase> <!-- minLabelIn1HTabTest -->
  <testcase name="added805VerficationOnMeasurementPage" time="0.0" classname="com.connect.fluke.app.tests.AssetAnalysisTest">
    <ignored/>
  </testcase> <!-- added805VerficationOnMeasurementPage -->
  <testcase name="thermography1WGraphTabCheck" time="0.0" classname="com.connect.fluke.app.tests.Thermography3550CompletedSessionTests">
    <ignored/>
  </testcase> <!-- thermography1WGraphTabCheck -->
  <testcase name="sensorsStaticTextVisibleTest" time="0.0" classname="com.connect.fluke.app.tests.SessionDetailPageTests3560">
    <ignored/>
  </testcase> <!-- sensorsStaticTextVisibleTest -->
  <testcase name="eeveeMeasurementNavigationToMeasurementDetailsInIosTest" time="0.0" classname="com.connect.fluke.app.tests.MeasurementsHistoryPageTests">
    <ignored/>
  </testcase> <!-- eeveeMeasurementNavigationToMeasurementDetailsInIosTest -->
  <testcase name="verifySavedConfigMenuOptions" time="0.0" classname="com.connect.fluke.app.tests.FCCM174XSessionConfigurationTests">
    <ignored/>
  </testcase> <!-- verifySavedConfigMenuOptions -->
  <testcase name="addBasicAssetGroupTest" time="0.0" classname="com.connect.fluke.app.tests.AssetsPageTests">
    <ignored/>
  </testcase> <!-- addBasicAssetGroupTest -->
  <testcase name="isWorkOrderAssignedToHudsonTest" time="0.0" classname="com.connect.fluke.app.tests.MeasurementsHistoryPageTests">
    <ignored/>
  </testcase> <!-- isWorkOrderAssignedToHudsonTest -->
  <testcase name="powerOverView_PhaseA_1DGraphTabCheck" time="0.0" classname="com.connect.fluke.app.tests.PowerQuality3540CompletedSessionTests">
    <ignored/>
  </testcase> <!-- powerOverView_PhaseA_1DGraphTabCheck -->
  <testcase name="isHudsonMeasurementsUnitsSavedCorrectlyTest" time="0.0" classname="com.connect.fluke.app.tests.MeasurementsHistoryPageTests">
    <ignored/>
  </testcase> <!-- isHudsonMeasurementsUnitsSavedCorrectlyTest -->
  <testcase name="frequency1MGraphTabCheck" time="0.0" classname="com.connect.fluke.app.tests.PowerQuality3540CompletedSessionTests">
    <ignored/>
  </testcase> <!-- frequency1MGraphTabCheck -->
  <testcase name="eeveeMeasurementTertiaryValueUnitVerificationInAndroidTest" time="0.0" classname="com.connect.fluke.app.tests.MeasurementsHistoryPageTests">
    <ignored/>
  </testcase> <!-- eeveeMeasurementTertiaryValueUnitVerificationInAndroidTest -->
  <testcase name="addTempratureAlarm" time="0.0" classname="com.connect.fluke.app.tests.AssetAnalysisTest">
    <ignored/>
  </testcase> <!-- addTempratureAlarm -->
  <testcase name="tHD_THC_THCA_1DGraphTabCheck" time="0.0" classname="com.connect.fluke.app.tests.PowerQuality3540CompletedSessionTests">
    <ignored/>
  </testcase> <!-- tHD_THC_THCA_1DGraphTabCheck -->
  <testcase name="onNewAccountSampleDataTest" time="0.0" classname="com.connect.fluke.app.tests.CreateAccountPageTests">
    <ignored/>
  </testcase> <!-- onNewAccountSampleDataTest -->
  <testcase name="sensorsStaticTextVisibleTest" time="0.0" classname="com.connect.fluke.app.tests.SessionDetailPageTests3550">
    <ignored/>
  </testcase> <!-- sensorsStaticTextVisibleTest -->
  <testcase name="scrollGraphRight8HTab" time="0.0" classname="com.connect.fluke.app.tests.SessionDetailPageTests3560">
    <ignored/>
  </testcase> <!-- scrollGraphRight8HTab -->
  <testcase name="testMethodName" time="0.0" classname="com.connect.fluke.app.tests.JenkinsToQmetryMappingTests">
    <ignored/>
  </testcase> <!-- testMethodName -->
  <testcase name="tHD_THC_THDV_1HGraphTabCheck" time="0.0" classname="com.connect.fluke.app.tests.PowerQuality3540CompletedSessionTests">
    <ignored/>
  </testcase> <!-- tHD_THC_THDV_1HGraphTabCheck -->
  <testcase name="measurementUnitTimeValueInDifferentTabsTestProd" time="0.0" classname="com.connect.fluke.app.tests.SessionDetailPageTests3560">
    <ignored/>
  </testcase> <!-- measurementUnitTimeValueInDifferentTabsTestProd -->
  <testcase name="eeveeMeasurementTestDurationTextVerificationInIosMeasurementDetailspage" time="0.0" classname="com.connect.fluke.app.tests.MeasurementsHistoryPageTests">
    <ignored/>
  </testcase> <!-- eeveeMeasurementTestDurationTextVerificationInIosMeasurementDetailspage -->
  <testcase name="verifyEditTestComponent" time="0.0" classname="com.connect.fluke.app.tests.AssetsPageTests">
    <ignored/>
  </testcase> <!-- verifyEditTestComponent -->
  <testcase name="current1WGraphTabCheck" time="0.0" classname="com.connect.fluke.app.tests.PowerQuality3540CompletedSessionTests">
    <ignored/>
  </testcase> <!-- current1WGraphTabCheck -->
  <testcase name="minValueTimeTest1WTab" time="0.0" classname="com.connect.fluke.app.tests.SessionDetailPageTests3550">
    <ignored/>
  </testcase> <!-- minValueTimeTest1WTab -->
  <testcase name="tHD_THC_THCA_AllGraphTabCheck" time="0.0" classname="com.connect.fluke.app.tests.PowerQuality3540CompletedSessionTests">
    <ignored/>
  </testcase> <!-- tHD_THC_THCA_AllGraphTabCheck -->
  <testcase name="shareManualMeasurementTest" time="0.0" classname="com.connect.fluke.app.tests.MeasurementsHistoryPageTests">
    <ignored/>
  </testcase> <!-- shareManualMeasurementTest -->
  <testcase name="powerOverView_Total_1WGraphTabCheck" time="0.0" classname="com.connect.fluke.app.tests.PowerQuality3540CompletedSessionTests">
    <ignored/>
  </testcase> <!-- powerOverView_Total_1WGraphTabCheck -->
  <testcase name="verifyAddAsset" time="0.0" classname="com.connect.fluke.app.tests.AssetsPageTests">
    <ignored/>
  </testcase> <!-- verifyAddAsset -->
  <testcase name="verifydeleteTestComponent" time="0.0" classname="com.connect.fluke.app.tests.AssetsPageTests">
    <ignored/>
  </testcase> <!-- verifydeleteTestComponent -->
  <testcase name="voltage1HourGraphTabCheck" time="0.0" classname="com.connect.fluke.app.tests.PowerQuality3540CompletedSessionTests">
    <ignored/>
  </testcase> <!-- voltage1HourGraphTabCheck -->
  <testcase name="minValueTest1DTab" time="0.0" classname="com.connect.fluke.app.tests.SessionDetailPageTests3550">
    <ignored/>
  </testcase> <!-- minValueTest1DTab -->
  <testcase name="thermalImageCenterPointGraphVerficationOnAnalysisPage" time="0.0" classname="com.connect.fluke.app.tests.AssetAnalysisTest">
    <ignored/>
  </testcase> <!-- thermalImageCenterPointGraphVerficationOnAnalysisPage -->
  <testcase name="sessionTileStatusTest" time="0.0" classname="com.connect.fluke.app.tests.SessionListTests3560">
    <ignored/>
  </testcase> <!-- sessionTileStatusTest -->
  <testcase name="assetGroupNameTest" time="0.0" classname="com.connect.fluke.app.tests.SessionDetailPageTests3550">
    <ignored/>
  </testcase> <!-- assetGroupNameTest -->
  <testcase name="workOrderTypeChangeTest" time="0.0" classname="com.connect.fluke.app.tests.WorkOrderPageTests">
    <ignored/>
  </testcase> <!-- workOrderTypeChangeTest -->
  <testcase name="powerOverView_PhaseB_1HGraphTabCheck" time="0.0" classname="com.connect.fluke.app.tests.PowerQuality3540CompletedSessionTests">
    <ignored/>
  </testcase> <!-- powerOverView_PhaseB_1HGraphTabCheck -->
  <testcase name="eeveeMeasurementInIosCalculatedResultsNavigationTest" time="0.0" classname="com.connect.fluke.app.tests.MeasurementsHistoryPageTests">
    <ignored/>
  </testcase> <!-- eeveeMeasurementInIosCalculatedResultsNavigationTest -->
  <testcase name="powerOverView_PhaseB_1WGraphTabCheck" time="0.0" classname="com.connect.fluke.app.tests.PowerQuality3540CompletedSessionTests">
    <ignored/>
  </testcase> <!-- powerOverView_PhaseB_1WGraphTabCheck -->
  <testcase name="voltage1DGraphTabCheck" time="0.0" classname="com.connect.fluke.app.tests.PowerQuality3540CompletedSessionTests">
    <ignored/>
  </testcase> <!-- voltage1DGraphTabCheck -->
  <testcase name="voltage1WGraphTabCheck" time="0.0" classname="com.connect.fluke.app.tests.PowerQuality3540CompletedSessionTests">
    <ignored/>
  </testcase> <!-- voltage1WGraphTabCheck -->
  <testcase name="gatewayProvisionTest" time="0.0" classname="com.connect.fluke.app.tests.SessionSetupTests3560">
    <ignored/>
  </testcase> <!-- gatewayProvisionTest -->
  <testcase name="verifyLoggerAuthenticationPage" time="0.0" classname="com.connect.fluke.app.tests.FCCM174XSessionConfigurationTests">
    <ignored/>
  </testcase> <!-- verifyLoggerAuthenticationPage -->
  <testcase name="eeveeMeasurementInAndroidTestConditionTimeLimitValueTest" time="0.0" classname="com.connect.fluke.app.tests.MeasurementsHistoryPageTests">
    <ignored/>
  </testcase> <!-- eeveeMeasurementInAndroidTestConditionTimeLimitValueTest -->
  <testcase name="switchTo1WTabTest" time="0.0" classname="com.connect.fluke.app.tests.SessionDetailPageTests3550">
    <ignored/>
  </testcase> <!-- switchTo1WTabTest -->
  <testcase name="switchBetweenGraphView" time="0.0" classname="com.connect.fluke.app.tests.PowerQuality3540CompletedSessionTests">
    <ignored/>
  </testcase> <!-- switchBetweenGraphView -->
  <testcase name="captureMeasurementTest" time="0.0" classname="com.connect.fluke.app.tests.HomePageTests">
    <ignored/>
  </testcase> <!-- captureMeasurementTest -->
  <testcase name="addedThermalImageVerficationOnSavedPage" time="0.0" classname="com.connect.fluke.app.tests.AssetAnalysisTest">
    <ignored/>
  </testcase> <!-- addedThermalImageVerficationOnSavedPage -->
  <testcase name="thermalImageCenterPointValueVerficationOnAnalysisPage" time="0.0" classname="com.connect.fluke.app.tests.AssetAnalysisTest">
    <ignored/>
  </testcase> <!-- thermalImageCenterPointValueVerficationOnAnalysisPage -->
  <testcase name="addPowerFactorAlarm" time="0.0" classname="com.connect.fluke.app.tests.AssetAnalysisTest">
    <ignored/>
  </testcase> <!-- addPowerFactorAlarm -->
  <testcase name="recordMeasurementTest" time="0.0" classname="com.connect.fluke.app.tests.CaptureMeasurementsTests">
    <ignored/>
  </testcase> <!-- recordMeasurementTest -->
  <testcase name="addCurrentAlarm" time="0.0" classname="com.connect.fluke.app.tests.AssetAnalysisTest">
    <ignored/>
  </testcase> <!-- addCurrentAlarm -->
  <testcase name="maxValueTimeTestALLTab" time="0.0" classname="com.connect.fluke.app.tests.SessionDetailPageTests3550">
    <ignored/>
  </testcase> <!-- maxValueTimeTestALLTab -->
  <testcase name="sortByLastUpdateDate" time="0.0" classname="com.connect.fluke.app.tests.AssetsPageTests">
    <ignored/>
  </testcase> <!-- sortByLastUpdateDate -->
  <testcase name="frequency1DGraphTabCheck" time="0.0" classname="com.connect.fluke.app.tests.PowerQuality3540CompletedSessionTests">
    <ignored/>
  </testcase> <!-- frequency1DGraphTabCheck -->
  <testcase name="eeveeMeasurementInAndroidCalculatedResultsNavigationTest" time="0.0" classname="com.connect.fluke.app.tests.MeasurementsHistoryPageTests">
    <ignored/>
  </testcase> <!-- eeveeMeasurementInAndroidCalculatedResultsNavigationTest -->
  <testcase name="eeveeMeasurementInAndroidTestConditionVoltageValueTest" time="0.0" classname="com.connect.fluke.app.tests.MeasurementsHistoryPageTests">
    <ignored/>
  </testcase> <!-- eeveeMeasurementInAndroidTestConditionVoltageValueTest -->
  <testcase name="eeveeMeasurementPrimaryValueUnitVerificationInAndroidMeasurementDetailspageTest" time="0.0" classname="com.connect.fluke.app.tests.MeasurementsHistoryPageTests">
    <ignored/>
  </testcase> <!-- eeveeMeasurementPrimaryValueUnitVerificationInAndroidMeasurementDetailspageTest -->
  <testcase name="livePollingTest" time="0.0" classname="com.connect.fluke.app.tests.SessionDetailPageTests3550">
    <ignored/>
  </testcase> <!-- livePollingTest -->
  <testcase name="liveValueUnitTest1MTab" time="0.0" classname="com.connect.fluke.app.tests.SessionDetailPageTests3550">
    <ignored/>
  </testcase> <!-- liveValueUnitTest1MTab -->
  <testcase name="verifySessionSetupPage" time="0.0" classname="com.connect.fluke.app.tests.FCCM174XSessionConfigurationTests">
    <ignored/>
  </testcase> <!-- verifySessionSetupPage -->
  <testcase name="verifyAddTestComponent" time="0.0" classname="com.connect.fluke.app.tests.AssetsPageTests">
    <ignored/>
  </testcase> <!-- verifyAddTestComponent -->
  <testcase name="captureGroupMeasurementTest" time="0.0" classname="com.connect.fluke.app.tests.CaptureMeasurementsTests">
    <ignored/>
  </testcase> <!-- captureGroupMeasurementTest -->
  <testcase name="verifyRememberUsernamePassword" time="0.0" classname="com.connect.fluke.app.tests.FCCM174XSessionConfigurationTests">
    <ignored/>
  </testcase> <!-- verifyRememberUsernamePassword -->
  <testcase name="powerOverView_PhaseC_1MGraphTabCheck" time="0.0" classname="com.connect.fluke.app.tests.PowerQuality3540CompletedSessionTests">
    <ignored/>
  </testcase> <!-- powerOverView_PhaseC_1MGraphTabCheck -->
  <testcase name="createTestRun" time="0.0" classname="com.connect.fluke.app.tests.JiraTestRunAutomation">
    <ignored/>
  </testcase> <!-- createTestRun -->
  <testcase name="livePollingTest" time="0.0" classname="com.connect.fluke.app.tests.SessionDetailPageTests3560">
    <ignored/>
  </testcase> <!-- livePollingTest -->
  <testcase name="eeveeMeasurementResistanceValueAndUnitVerificationInIosMeasurementList" time="0.0" classname="com.connect.fluke.app.tests.MeasurementsHistoryPageTests">
    <ignored/>
  </testcase> <!-- eeveeMeasurementResistanceValueAndUnitVerificationInIosMeasurementList -->
  <testcase name="deleteMultipleMeasurementsTest" time="0.0" classname="com.connect.fluke.app.tests.MeasurementsHistoryPageTests">
    <ignored/>
  </testcase> <!-- deleteMultipleMeasurementsTest -->
  <testcase name="addedMuseVerficationOnMeasurementPage" time="0.0" classname="com.connect.fluke.app.tests.AssetAnalysisTest">
    <ignored/>
  </testcase> <!-- addedMuseVerficationOnMeasurementPage -->
  <testcase name="eeveeMeasurementInAndroidAssetAssignmentTest" time="0.0" classname="com.connect.fluke.app.tests.MeasurementsHistoryPageTests">
    <ignored/>
  </testcase> <!-- eeveeMeasurementInAndroidAssetAssignmentTest -->
  <testcase name="eeveeMeasurementInIosTestEndedVerificationInDetailsPage" time="0.0" classname="com.connect.fluke.app.tests.MeasurementsHistoryPageTests">
    <ignored/>
  </testcase> <!-- eeveeMeasurementInIosTestEndedVerificationInDetailsPage -->
  <testcase name="tHD_THC_THDA_1HGraphTabCheck" time="0.0" classname="com.connect.fluke.app.tests.PowerQuality3540CompletedSessionTests">
    <ignored/>
  </testcase> <!-- tHD_THC_THDA_1HGraphTabCheck -->
  <testcase name="voltage1MGraphTabCheck" time="0.0" classname="com.connect.fluke.app.tests.PowerQuality3540CompletedSessionTests">
    <ignored/>
  </testcase> <!-- voltage1MGraphTabCheck -->
  <testcase name="addedThermalImageVerficationOnAnalysisPage" time="0.0" classname="com.connect.fluke.app.tests.AssetAnalysisTest">
    <ignored/>
  </testcase> <!-- addedThermalImageVerficationOnAnalysisPage -->
  <testcase name="liveValueTestALLTab" time="0.0" classname="com.connect.fluke.app.tests.SessionDetailPageTests3550">
    <ignored/>
  </testcase> <!-- liveValueTestALLTab -->
  <testcase name="deleteMultipleAssetReportTest" time="0.0" classname="com.connect.fluke.app.tests.ReportsPageTests">
    <ignored/>
  </testcase> <!-- deleteMultipleAssetReportTest -->
  <testcase name="tHD_THC_THDV_AllGraphTabCheck" time="0.0" classname="com.connect.fluke.app.tests.PowerQuality3540CompletedSessionTests">
    <ignored/>
  </testcase> <!-- tHD_THC_THDV_AllGraphTabCheck -->
  <testcase name="addWorkOrderWithMeasurementsTest" time="0.0" classname="com.connect.fluke.app.tests.WorkOrderPageTests">
    <ignored/>
  </testcase> <!-- addWorkOrderWithMeasurementsTest -->
  <testcase name="verifyConfigOverview" time="0.0" classname="com.connect.fluke.app.tests.FCCM174XSessionConfigurationTests">
    <ignored/>
  </testcase> <!-- verifyConfigOverview -->
  <testcase name="verfiyEditBasicAssetGroupTest" time="0.0" classname="com.connect.fluke.app.tests.AssetsPageTests">
    <ignored/>
  </testcase> <!-- verfiyEditBasicAssetGroupTest -->
  <testcase name="tHD_THC_THDV_1WGraphTabCheck" time="0.0" classname="com.connect.fluke.app.tests.PowerQuality3540CompletedSessionTests">
    <ignored/>
  </testcase> <!-- tHD_THC_THDV_1WGraphTabCheck -->
  <testcase name="verifyAssetStatusAfterChanged" time="0.0" classname="com.connect.fluke.app.tests.AssetsPageTests">
    <ignored/>
  </testcase> <!-- verifyAssetStatusAfterChanged -->
  <testcase name="scrollGraphLeft1HTab" time="0.0" classname="com.connect.fluke.app.tests.SessionDetailPageTests3560">
    <ignored/>
  </testcase> <!-- scrollGraphLeft1HTab -->
  <testcase name="eeveeMeasurementPrimaryValueVerificationInAndroidMeasurementDetailsTest" time="0.0" classname="com.connect.fluke.app.tests.MeasurementsHistoryPageTests">
    <ignored/>
  </testcase> <!-- eeveeMeasurementPrimaryValueVerificationInAndroidMeasurementDetailsTest -->
  <testcase name="privacyPolicyTest" time="0.0" classname="com.connect.fluke.app.tests.SettingsPageTests">
    <ignored/>
  </testcase> <!-- privacyPolicyTest -->
  <testcase name="isChartDisplayedTest" time="0.0" classname="com.connect.fluke.app.tests.ThermalImageAnalysisTests">
    <ignored/>
  </testcase> <!-- isChartDisplayedTest -->
  <testcase name="maxValueUnitTest1DTab" time="0.0" classname="com.connect.fluke.app.tests.SessionDetailPageTests3550">
    <ignored/>
  </testcase> <!-- maxValueUnitTest1DTab -->
  <testcase name="verifyEditSavedConfig" time="0.0" classname="com.connect.fluke.app.tests.FCCM174XSessionConfigurationTests">
    <ignored/>
  </testcase> <!-- verifyEditSavedConfig -->
  <testcase name="workOrderPriorityChangeTest" time="0.0" classname="com.connect.fluke.app.tests.WorkOrderPageTests">
    <ignored/>
  </testcase> <!-- workOrderPriorityChangeTest -->
  <testcase name="eeveeMeasurementInIosDARValueVerificationInDetailsPage" time="0.0" classname="com.connect.fluke.app.tests.MeasurementsHistoryPageTests">
    <ignored/>
  </testcase> <!-- eeveeMeasurementInIosDARValueVerificationInDetailsPage -->
  <testcase name="minValueUnitTest1WTab" time="0.0" classname="com.connect.fluke.app.tests.SessionDetailPageTests3550">
    <ignored/>
  </testcase> <!-- minValueUnitTest1WTab -->
  <testcase name="thermalImageMinGraphVerficationOnAnalysisPage" time="0.0" classname="com.connect.fluke.app.tests.AssetAnalysisTest">
    <ignored/>
  </testcase> <!-- thermalImageMinGraphVerficationOnAnalysisPage -->
  <testcase name="scrollGraphRight8H1HTab" time="0.0" classname="com.connect.fluke.app.tests.SessionDetailPageTests3560">
    <ignored/>
  </testcase> <!-- scrollGraphRight8H1HTab -->
  <testcase name="addCNXVerficationOnAnalysisPage" time="0.0" classname="com.connect.fluke.app.tests.AssetAnalysisTest">
    <ignored/>
  </testcase> <!-- addCNXVerficationOnAnalysisPage -->
  <testcase name="liveValueTest1DTab" time="0.0" classname="com.connect.fluke.app.tests.SessionDetailPageTests3550">
    <ignored/>
  </testcase> <!-- liveValueTest1DTab -->
  <testcase name="addTextNoteToGroupMeasurementTest" time="0.0" classname="com.connect.fluke.app.tests.CaptureMeasurementsTests">
    <ignored/>
  </testcase> <!-- addTextNoteToGroupMeasurementTest -->
  <testcase name="switchTo1MTabTest" time="0.0" classname="com.connect.fluke.app.tests.SessionDetailPageTests3550">
    <ignored/>
  </testcase> <!-- switchTo1MTabTest -->
</testsuite> <!-- FCCM3560 Web Completed Session Verification Tests Chrome -->
