<?xml version="1.0" encoding="UTF-8"?>
<!-- Generated by org.testng.reporters.JUnitXMLReporter -->
<testsuite hostname="m-bang-isharma1" name="FCCM3560 Web Chrome Session Verification Tests" tests="52" failures="10" timestamp="14 Mar 2018 07:27:03 GMT" time="212.313" errors="0">
  <testcase name="sessionTileVisibleTest" time="0.023" classname="com.connect.fluke.app.tests.FCCM3560ActiveMonitoringSessionTests"/>
  <testcase name="sessionTileStatusTest" time="0.045" classname="com.connect.fluke.app.tests.FCCM3560ActiveMonitoringSessionTests"/>
  <testcase name="gateWayNameTest" time="0.046" classname="com.connect.fluke.app.tests.FCCM3560ActiveMonitoringSessionTests"/>
  <testcase name="sensorsStaticTextVisibleTest" time="0.045" classname="com.connect.fluke.app.tests.FCCM3560ActiveMonitoringSessionTests"/>
  <testcase name="sensorCountAndTypeTest" time="0.034" classname="com.connect.fluke.app.tests.FCCM3560ActiveMonitoringSessionTests"/>
  <testcase name="startTimeStaticTextVisibleTest" time="0.042" classname="com.connect.fluke.app.tests.FCCM3560ActiveMonitoringSessionTests"/>
  <testcase name="sessionStartTimeTest" time="0.043" classname="com.connect.fluke.app.tests.FCCM3560ActiveMonitoringSessionTests"/>
  <testcase name="sessionStartUserNameTest" time="0.04" classname="com.connect.fluke.app.tests.FCCM3560ActiveMonitoringSessionTests"/>
  <testcase name="tapOnSessionTileTest" time="0.217" classname="com.connect.fluke.app.tests.FCCM3560ActiveMonitoringSessionTests"/>
  <testcase name="sessionTileStatusTest" time="0.031" classname="com.connect.fluke.app.tests.FCCM3560SessionDetailPageTests"/>
  <testcase name="gateWayNameTest" time="0.032" classname="com.connect.fluke.app.tests.FCCM3560SessionDetailPageTests"/>
  <testcase name="startTimeStaticTextVisibleTest" time="0.034" classname="com.connect.fluke.app.tests.FCCM3560SessionDetailPageTests"/>
  <testcase name="sessionStartTimeTest" time="0.021" classname="com.connect.fluke.app.tests.FCCM3560SessionDetailPageTests"/>
  <testcase name="sessionStartUserNameTest" time="0.022" classname="com.connect.fluke.app.tests.FCCM3560SessionDetailPageTests"/>
  <testcase name="assetGroupNameTest" time="0.032" classname="com.connect.fluke.app.tests.FCCM3560SessionDetailPageTests"/>
  <testcase name="assetNameTest" time="0.034" classname="com.connect.fluke.app.tests.FCCM3560SessionDetailPageTests"/>
  <testcase name="testPointNameTest" time="0.04" classname="com.connect.fluke.app.tests.FCCM3560SessionDetailPageTests"/>
  <testcase name="machineLearningMessageTest" time="10.029" classname="com.connect.fluke.app.tests.FCCM3560SessionDetailPageTests"/>
  <testcase name="vibrationUnitTest" time="0.035" classname="com.connect.fluke.app.tests.FCCM3560SessionDetailPageTests"/>
  <testcase name="graphDisplayedTest" time="12.046" classname="com.connect.fluke.app.tests.FCCM3560SessionDetailPageTests">
    <failure type="java.lang.AssertionError" message="No graph object for sensor 0, exception details are: org.openqa.selenium.NoSuchElementException: no such element: Unable to locate element: {&amp;quot;method&amp;quot;:&amp;quot;css selector&amp;quot;,&amp;quot;selector&amp;quot;:&amp;quot;path[stroke-linejoin=&amp;apos;round&amp;apos;]&amp;quot;}
  (Session info: chrome=64.0.3282.186)
  (Driver info: chromedriver=2.35.528157 (4429ca2590d6988c0745c24c8858745aaaec01ef),platform=Mac OS X 10.12.6 x86_64) (WARNING: The server did not provide any stacktrace information)
Command duration or timeout: 0 milliseconds
For documentation on this error, please visit: http://seleniumhq.org/exceptions/no_such_element.html
Build info: version: &amp;apos;3.5.3&amp;apos;, revision: &amp;apos;a88d25fe6b&amp;apos;, time: &amp;apos;2017-08-29T12:42:44.417Z&amp;apos;
System info: host: &amp;apos;m-bang-isharma1&amp;apos;, ip: &amp;apos;fe80:0:0:0:1853:bc70:921a:e3c0%en0&amp;apos;, os.name: &amp;apos;Mac OS X&amp;apos;, os.arch: &amp;apos;x86_64&amp;apos;, os.version: &amp;apos;10.12.6&amp;apos;, java.version: &amp;apos;1.8.0_121&amp;apos;
Driver info: org.openqa.selenium.chrome.ChromeDriver
Capabilities [{mobileEmulationEnabled=false, hasTouchScreen=false, platform=MAC, acceptSslCerts=false, acceptInsecureCerts=false, webStorageEnabled=true, browserName=chrome, takesScreenshot=true, javascriptEnabled=true, platformName=MAC, setWindowRect=true, unexpectedAlertBehaviour=, applicationCacheEnabled=false, rotatable=false, networkConnectionEnabled=false, chrome={chromedriverVersion=2.35.528157 (4429ca2590d6988c0745c24c8858745aaaec01ef), userDataDir=/var/folders/cs/zrclh4hn5l76yn4w38ncnvb00000gp/T/.org.chromium.Chromium.nR4IXc}, takesHeapSnapshot=true, pageLoadStrategy=normal, unhandledPromptBehavior=, databaseEnabled=false, handlesAlerts=true, version=64.0.3282.186, browserConnectionEnabled=false, nativeEvents=true, locationContextEnabled=true, cssSelectorsEnabled=true}]
Session ID: 8f7d1f8c7b9c4894fadcda45f7d481a2
*** Element info: {Using=css selector, value=path[stroke-linejoin=&amp;apos;round&amp;apos;]}">
      <![CDATA[java.lang.AssertionError: No graph object for sensor 0, exception details are: org.openqa.selenium.NoSuchElementException: no such element: Unable to locate element: {"method":"css selector","selector":"path[stroke-linejoin='round']"}
  (Session info: chrome=64.0.3282.186)
  (Driver info: chromedriver=2.35.528157 (4429ca2590d6988c0745c24c8858745aaaec01ef),platform=Mac OS X 10.12.6 x86_64) (WARNING: The server did not provide any stacktrace information)
Command duration or timeout: 0 milliseconds
For documentation on this error, please visit: http://seleniumhq.org/exceptions/no_such_element.html
Build info: version: '3.5.3', revision: 'a88d25fe6b', time: '2017-08-29T12:42:44.417Z'
System info: host: 'm-bang-isharma1', ip: 'fe80:0:0:0:1853:bc70:921a:e3c0%en0', os.name: 'Mac OS X', os.arch: 'x86_64', os.version: '10.12.6', java.version: '1.8.0_121'
Driver info: org.openqa.selenium.chrome.ChromeDriver
Capabilities [{mobileEmulationEnabled=false, hasTouchScreen=false, platform=MAC, acceptSslCerts=false, acceptInsecureCerts=false, webStorageEnabled=true, browserName=chrome, takesScreenshot=true, javascriptEnabled=true, platformName=MAC, setWindowRect=true, unexpectedAlertBehaviour=, applicationCacheEnabled=false, rotatable=false, networkConnectionEnabled=false, chrome={chromedriverVersion=2.35.528157 (4429ca2590d6988c0745c24c8858745aaaec01ef), userDataDir=/var/folders/cs/zrclh4hn5l76yn4w38ncnvb00000gp/T/.org.chromium.Chromium.nR4IXc}, takesHeapSnapshot=true, pageLoadStrategy=normal, unhandledPromptBehavior=, databaseEnabled=false, handlesAlerts=true, version=64.0.3282.186, browserConnectionEnabled=false, nativeEvents=true, locationContextEnabled=true, cssSelectorsEnabled=true}]
Session ID: 8f7d1f8c7b9c4894fadcda45f7d481a2
*** Element info: {Using=css selector, value=path[stroke-linejoin='round']}
	at com.connect.fluke.app.tests.FCCM3560SessionDetailPageTests.graphDisplayedTest(FCCM3560SessionDetailPageTests.java:317)
... Removed 25 stack frames]]>
    </failure>
  </testcase> <!-- graphDisplayedTest -->
  <testcase name="maxLabelIn1HTabTest" time="0.028" classname="com.connect.fluke.app.tests.FCCM3560SessionDetailPageTests"/>
  <testcase name="minLabelIn1HTabTest" time="0.029" classname="com.connect.fluke.app.tests.FCCM3560SessionDetailPageTests"/>
  <testcase name="xAxisLabelIn1HTabTest" time="0.03" classname="com.connect.fluke.app.tests.FCCM3560SessionDetailPageTests"/>
  <testcase name="yAxisLabelIn1HTabTest" time="0.03" classname="com.connect.fluke.app.tests.FCCM3560SessionDetailPageTests"/>
  <testcase name="zAxisLabelIn1HTabTest" time="0.028" classname="com.connect.fluke.app.tests.FCCM3560SessionDetailPageTests"/>
  <testcase name="measurementValueIn1HTabTest" time="0.463" classname="com.connect.fluke.app.tests.FCCM3560SessionDetailPageTests">
    <failure type="java.lang.AssertionError" message="Live value is coming as stale or too high for sensor 1, exception details are: java.lang.StringIndexOutOfBoundsException: String index out of range: -1">
      <![CDATA[java.lang.AssertionError: Live value is coming as stale or too high for sensor 1, exception details are: java.lang.StringIndexOutOfBoundsException: String index out of range: -1
	at com.connect.fluke.app.tests.FCCM3560SessionDetailPageTests.measurementValueIn1HTabTest(FCCM3560SessionDetailPageTests.java:411)
... Removed 25 stack frames]]>
    </failure>
  </testcase> <!-- measurementValueIn1HTabTest -->
  <testcase name="unitInMeasurementValueIn1HTabTest" time="0.001" classname="com.connect.fluke.app.tests.FCCM3560SessionDetailPageTests">
    <failure type="java.lang.AssertionError" message="Unit is not accurate 1, exception details are: java.lang.AssertionError: expected [true] but found [false]">
      <![CDATA[java.lang.AssertionError: Unit is not accurate 1, exception details are: java.lang.AssertionError: expected [true] but found [false]
	at com.connect.fluke.app.tests.FCCM3560SessionDetailPageTests.unitInMeasurementValueIn1HTabTest(FCCM3560SessionDetailPageTests.java:427)
... Removed 25 stack frames]]>
    </failure>
  </testcase> <!-- unitInMeasurementValueIn1HTabTest -->
  <testcase name="measurementValueTimestampIsNotEmptyIn1HTabTest" time="0.001" classname="com.connect.fluke.app.tests.FCCM3560SessionDetailPageTests">
    <failure type="java.lang.AssertionError" message="Time value format is not accurate 1, exception details are: java.lang.AssertionError: expected [true] but found [false]">
      <![CDATA[java.lang.AssertionError: Time value format is not accurate 1, exception details are: java.lang.AssertionError: expected [true] but found [false]
	at com.connect.fluke.app.tests.FCCM3560SessionDetailPageTests.measurementValueTimestampIsNotEmptyIn1HTabTest(FCCM3560SessionDetailPageTests.java:443)
... Removed 25 stack frames]]>
    </failure>
  </testcase> <!-- measurementValueTimestampIsNotEmptyIn1HTabTest -->
  <testcase name="switchTo1H8HTabTest" time="10.203" classname="com.connect.fluke.app.tests.FCCM3560SessionDetailPageTests"/>
  <testcase name="measurementValueIn1H8HTabTest" time="0.463" classname="com.connect.fluke.app.tests.FCCM3560SessionDetailPageTests"/>
  <testcase name="unitInMeasurementValueIn1H8HTabTest" time="0.001" classname="com.connect.fluke.app.tests.FCCM3560SessionDetailPageTests"/>
  <testcase name="measurementValueTimestampIsNotEmptyIn1H8HTabTest" time="0.0" classname="com.connect.fluke.app.tests.FCCM3560SessionDetailPageTests">
    <failure type="java.lang.AssertionError" message="Time value format is not accurate 1, exception details are: java.lang.AssertionError: expected [true] but found [false]">
      <![CDATA[java.lang.AssertionError: Time value format is not accurate 1, exception details are: java.lang.AssertionError: expected [true] but found [false]
	at com.connect.fluke.app.tests.FCCM3560SessionDetailPageTests.measurementValueTimestampIsNotEmptyIn1H8HTabTest(FCCM3560SessionDetailPageTests.java:516)
... Removed 25 stack frames]]>
    </failure>
  </testcase> <!-- measurementValueTimestampIsNotEmptyIn1H8HTabTest -->
  <testcase name="switchTo8H1WTabTest" time="10.15" classname="com.connect.fluke.app.tests.FCCM3560SessionDetailPageTests"/>
  <testcase name="measurementValueIn8H1WTabTest" time="0.48" classname="com.connect.fluke.app.tests.FCCM3560SessionDetailPageTests"/>
  <testcase name="unitInMeasurementValueIn8H1WTabTest" time="0.001" classname="com.connect.fluke.app.tests.FCCM3560SessionDetailPageTests"/>
  <testcase name="measurementValueTimestampIsNotEmptyIn8H1WTabTest" time="0.001" classname="com.connect.fluke.app.tests.FCCM3560SessionDetailPageTests">
    <failure type="java.lang.AssertionError" message="Time value format is not accurate 1, exception details are: java.lang.AssertionError: expected [true] but found [false]">
      <![CDATA[java.lang.AssertionError: Time value format is not accurate 1, exception details are: java.lang.AssertionError: expected [true] but found [false]
	at com.connect.fluke.app.tests.FCCM3560SessionDetailPageTests.measurementValueTimestampIsNotEmptyIn8H1WTabTest(FCCM3560SessionDetailPageTests.java:589)
... Removed 25 stack frames]]>
    </failure>
  </testcase> <!-- measurementValueTimestampIsNotEmptyIn8H1WTabTest -->
  <testcase name="switchTo1W3WTabTest" time="10.187" classname="com.connect.fluke.app.tests.FCCM3560SessionDetailPageTests"/>
  <testcase name="measurementValueIn1W3WTabTest" time="0.333" classname="com.connect.fluke.app.tests.FCCM3560SessionDetailPageTests"/>
  <testcase name="unitInMeasurementValueIn1W3WTabTest" time="0.001" classname="com.connect.fluke.app.tests.FCCM3560SessionDetailPageTests"/>
  <testcase name="measurementValueTimestampIsNotEmptyIn1W3WTabTest" time="0.001" classname="com.connect.fluke.app.tests.FCCM3560SessionDetailPageTests">
    <failure type="java.lang.AssertionError" message="Time value format is not accurate 1, exception details are: java.lang.AssertionError: expected [true] but found [false]">
      <![CDATA[java.lang.AssertionError: Time value format is not accurate 1, exception details are: java.lang.AssertionError: expected [true] but found [false]
	at com.connect.fluke.app.tests.FCCM3560SessionDetailPageTests.measurementValueTimestampIsNotEmptyIn1W3WTabTest(FCCM3560SessionDetailPageTests.java:662)
... Removed 25 stack frames]]>
    </failure>
  </testcase> <!-- measurementValueTimestampIsNotEmptyIn1W3WTabTest -->
  <testcase name="switchTo3W1WTabTest" time="10.132" classname="com.connect.fluke.app.tests.FCCM3560SessionDetailPageTests"/>
  <testcase name="measurementValueIn3W1WTabTest" time="0.318" classname="com.connect.fluke.app.tests.FCCM3560SessionDetailPageTests"/>
  <testcase name="unitInMeasurementValueIn3W1WTabTest" time="0.001" classname="com.connect.fluke.app.tests.FCCM3560SessionDetailPageTests"/>
  <testcase name="measurementValueTimestampIsNotEmptyIn3W1WTabTest" time="0.0" classname="com.connect.fluke.app.tests.FCCM3560SessionDetailPageTests">
    <failure type="java.lang.AssertionError" message="Time value format is not accurate 1, exception details are: java.lang.AssertionError: expected [true] but found [false]">
      <![CDATA[java.lang.AssertionError: Time value format is not accurate 1, exception details are: java.lang.AssertionError: expected [true] but found [false]
	at com.connect.fluke.app.tests.FCCM3560SessionDetailPageTests.measurementValueTimestampIsNotEmptyIn3W1WTabTest(FCCM3560SessionDetailPageTests.java:735)
... Removed 25 stack frames]]>
    </failure>
  </testcase> <!-- measurementValueTimestampIsNotEmptyIn3W1WTabTest -->
  <testcase name="switchTo1W8HTabTest" time="10.136" classname="com.connect.fluke.app.tests.FCCM3560SessionDetailPageTests"/>
  <testcase name="measurementValueIn1W8HTabTest" time="0.311" classname="com.connect.fluke.app.tests.FCCM3560SessionDetailPageTests"/>
  <testcase name="unitInMeasurementValueIn1W8HTabTest" time="0.001" classname="com.connect.fluke.app.tests.FCCM3560SessionDetailPageTests"/>
  <testcase name="measurementValueTimestampIsNotEmptyIn1W8HTabTest" time="0.001" classname="com.connect.fluke.app.tests.FCCM3560SessionDetailPageTests">
    <failure type="java.lang.AssertionError" message="Time value format is not accurate 1, exception details are: java.lang.AssertionError: expected [true] but found [false]">
      <![CDATA[java.lang.AssertionError: Time value format is not accurate 1, exception details are: java.lang.AssertionError: expected [true] but found [false]
	at com.connect.fluke.app.tests.FCCM3560SessionDetailPageTests.measurementValueTimestampIsNotEmptyIn1W8HTabTest(FCCM3560SessionDetailPageTests.java:808)
... Removed 25 stack frames]]>
    </failure>
  </testcase> <!-- measurementValueTimestampIsNotEmptyIn1W8HTabTest -->
  <testcase name="switchTo8H1HTabTest" time="10.134" classname="com.connect.fluke.app.tests.FCCM3560SessionDetailPageTests"/>
  <testcase name="measurementValueIn8H1HTabTest" time="0.322" classname="com.connect.fluke.app.tests.FCCM3560SessionDetailPageTests"/>
  <testcase name="unitInMeasurementValueIn8H1HTabTest" time="0.001" classname="com.connect.fluke.app.tests.FCCM3560SessionDetailPageTests"/>
  <testcase name="measurementValueTimestampIsNotEmptyIn8H1HTabTest" time="0.0" classname="com.connect.fluke.app.tests.FCCM3560SessionDetailPageTests">
    <failure type="java.lang.AssertionError" message="Time value format is not accurate 1, exception details are: java.lang.AssertionError: expected [true] but found [false]">
      <![CDATA[java.lang.AssertionError: Time value format is not accurate 1, exception details are: java.lang.AssertionError: expected [true] but found [false]
	at com.connect.fluke.app.tests.FCCM3560SessionDetailPageTests.measurementValueTimestampIsNotEmptyIn8H1HTabTest(FCCM3560SessionDetailPageTests.java:881)
... Removed 25 stack frames]]>
    </failure>
  </testcase> <!-- measurementValueTimestampIsNotEmptyIn8H1HTabTest -->
</testsuite> <!-- FCCM3560 Web Chrome Session Verification Tests -->
