<html>
<head>
<title>TestNG:  FCCM3540 Web Session Verification Tests</title>
<link href="../testng.css" rel="stylesheet" type="text/css" />
<link href="../my-testng.css" rel="stylesheet" type="text/css" />

<style type="text/css">
.log { display: none;} 
.stack-trace { display: none;} 
</style>
<script type="text/javascript">
<!--
function flip(e) {
  current = e.style.display;
  if (current == 'block') {
    e.style.display = 'none';
    return 0;
  }
  else {
    e.style.display = 'block';
    return 1;
  }
}

function toggleBox(szDivId, elem, msg1, msg2)
{
  var res = -1;  if (document.getElementById) {
    res = flip(document.getElementById(szDivId));
  }
  else if (document.all) {
    // this is the way old msie versions work
    res = flip(document.all[szDivId]);
  }
  if(elem) {
    if(res == 0) elem.innerHTML = msg1; else elem.innerHTML = msg2;
  }

}

function toggleAllBoxes() {
  if (document.getElementsByTagName) {
    d = document.getElementsByTagName('div');
    for (i = 0; i < d.length; i++) {
      if (d[i].className == 'log') {
        flip(d[i]);
      }
    }
  }
}

// -->
</script>

</head>
<body>
<h2 align='center'>FCCM3540 Web Session Verification Tests</h2><table border='1' align="center">
<tr>
<td>Tests passed/Failed/Skipped:</td><td>35/4/0</td>
</tr><tr>
<td>Started on:</td><td>Sat Jun 23 03:06:26 IST 2018</td>
</tr>
<tr><td>Total time:</td><td>721 seconds (721844 ms)</td>
</tr><tr>
<td>Included groups:</td><td>3540_session_tests_web </td>
</tr><tr>
<td>Excluded groups:</td><td></td>
</tr>
</table><p/>
<small><i>(Hover the method name to see the test class name)</i></small><p/>
<table width='100%' border='1' class='invocation-failed'>
<tr><td colspan='4' align='center'><b>FAILED TESTS</b></td></tr>
<tr><td><b>Test method</b></td>
<td width="30%"><b>Exception</b></td>
<td width="10%"><b>Time (seconds)</b></td>
<td><b>Instance</b></td>
</tr>
<tr>
<td title='com.connect.fluke.app.tests.SessionDetailPageTests3540.measurementValueUnitPhaseTestForAllTabs()'><b>measurementValueUnitPhaseTestForAllTabs</b><br>Test class: com.connect.fluke.app.tests.SessionDetailPageTests3540<br>Parameters: Active Power, 1H, Active Power, Total</td>
<td><div><pre>java.lang.AssertionError: In 1H tab For Study Type(Active Power) , For Active Power unit on graph is not accurate
	at com.connect.fluke.app.tests.SessionDetailPageTests3540.measurementValueUnitPhaseTestForAllTabs(SessionDetailPageTests3540.java:549)
... Removed 26 stack frames</pre></div><a href='#' onClick='toggleBox("stack-trace1479140596", this, "Click to show all stack frames", "Click to hide stack frames")'>Click to show all stack frames</a>
<div class='stack-trace' id='stack-trace1479140596'><pre>java.lang.AssertionError: In 1H tab For Study Type(Active Power) , For Active Power unit on graph is not accurate
	at org.testng.Assert.fail(Assert.java:96)
	at com.connect.fluke.app.tests.SessionDetailPageTests3540.measurementValueUnitPhaseTestForAllTabs(SessionDetailPageTests3540.java:549)
	at sun.reflect.NativeMethodAccessorImpl.invoke0(Native Method)
	at sun.reflect.NativeMethodAccessorImpl.invoke(NativeMethodAccessorImpl.java:62)
	at sun.reflect.DelegatingMethodAccessorImpl.invoke(DelegatingMethodAccessorImpl.java:43)
	at java.lang.reflect.Method.invoke(Method.java:498)
	at org.testng.internal.MethodInvocationHelper.invokeMethod(MethodInvocationHelper.java:124)
	at org.testng.internal.Invoker.invokeMethod(Invoker.java:580)
	at org.testng.internal.Invoker.invokeTestMethod(Invoker.java:716)
	at org.testng.internal.Invoker.invokeTestMethods(Invoker.java:988)
	at org.testng.internal.TestMethodWorker.invokeTestMethods(TestMethodWorker.java:125)
	at org.testng.internal.TestMethodWorker.run(TestMethodWorker.java:109)
	at org.testng.TestRunner.privateRun(TestRunner.java:648)
	at org.testng.TestRunner.run(TestRunner.java:505)
	at org.testng.SuiteRunner.runTest(SuiteRunner.java:455)
	at org.testng.SuiteRunner.runSequentially(SuiteRunner.java:450)
	at org.testng.SuiteRunner.privateRun(SuiteRunner.java:415)
	at org.testng.SuiteRunner.run(SuiteRunner.java:364)
	at org.testng.SuiteRunnerWorker.runSuite(SuiteRunnerWorker.java:52)
	at org.testng.SuiteRunnerWorker.run(SuiteRunnerWorker.java:84)
	at org.testng.TestNG.runSuitesSequentially(TestNG.java:1208)
	at org.testng.TestNG.runSuitesLocally(TestNG.java:1137)
	at org.testng.TestNG.runSuites(TestNG.java:1049)
	at org.testng.TestNG.run(TestNG.java:1017)
	at org.testng.remote.AbstractRemoteTestNG.run(AbstractRemoteTestNG.java:114)
	at org.testng.remote.RemoteTestNG.initAndRun(RemoteTestNG.java:251)
	at org.testng.remote.RemoteTestNG.main(RemoteTestNG.java:77)
</pre></div></td>
<td>23</td>
<td>com.connect.fluke.app.tests.SessionDetailPageTests3540@3901d134</td></tr>
<tr>
<td title='com.connect.fluke.app.tests.SessionDetailPageTests3540.measurementValueUnitPhaseTestForAllTabs()'><b>measurementValueUnitPhaseTestForAllTabs</b><br>Test class: com.connect.fluke.app.tests.SessionDetailPageTests3540<br>Parameters: Active Power, 12H, Active Power, Total</td>
<td><div><pre>java.lang.AssertionError: In 12H tab For Study Type(Active Power) , For Active Power unit on graph is not accurate
	at com.connect.fluke.app.tests.SessionDetailPageTests3540.measurementValueUnitPhaseTestForAllTabs(SessionDetailPageTests3540.java:549)
... Removed 26 stack frames</pre></div><a href='#' onClick='toggleBox("stack-trace204805934", this, "Click to show all stack frames", "Click to hide stack frames")'>Click to show all stack frames</a>
<div class='stack-trace' id='stack-trace204805934'><pre>java.lang.AssertionError: In 12H tab For Study Type(Active Power) , For Active Power unit on graph is not accurate
	at org.testng.Assert.fail(Assert.java:96)
	at com.connect.fluke.app.tests.SessionDetailPageTests3540.measurementValueUnitPhaseTestForAllTabs(SessionDetailPageTests3540.java:549)
	at sun.reflect.NativeMethodAccessorImpl.invoke0(Native Method)
	at sun.reflect.NativeMethodAccessorImpl.invoke(NativeMethodAccessorImpl.java:62)
	at sun.reflect.DelegatingMethodAccessorImpl.invoke(DelegatingMethodAccessorImpl.java:43)
	at java.lang.reflect.Method.invoke(Method.java:498)
	at org.testng.internal.MethodInvocationHelper.invokeMethod(MethodInvocationHelper.java:124)
	at org.testng.internal.Invoker.invokeMethod(Invoker.java:580)
	at org.testng.internal.Invoker.invokeTestMethod(Invoker.java:716)
	at org.testng.internal.Invoker.invokeTestMethods(Invoker.java:988)
	at org.testng.internal.TestMethodWorker.invokeTestMethods(TestMethodWorker.java:125)
	at org.testng.internal.TestMethodWorker.run(TestMethodWorker.java:109)
	at org.testng.TestRunner.privateRun(TestRunner.java:648)
	at org.testng.TestRunner.run(TestRunner.java:505)
	at org.testng.SuiteRunner.runTest(SuiteRunner.java:455)
	at org.testng.SuiteRunner.runSequentially(SuiteRunner.java:450)
	at org.testng.SuiteRunner.privateRun(SuiteRunner.java:415)
	at org.testng.SuiteRunner.run(SuiteRunner.java:364)
	at org.testng.SuiteRunnerWorker.runSuite(SuiteRunnerWorker.java:52)
	at org.testng.SuiteRunnerWorker.run(SuiteRunnerWorker.java:84)
	at org.testng.TestNG.runSuitesSequentially(TestNG.java:1208)
	at org.testng.TestNG.runSuitesLocally(TestNG.java:1137)
	at org.testng.TestNG.runSuites(TestNG.java:1049)
	at org.testng.TestNG.run(TestNG.java:1017)
	at org.testng.remote.AbstractRemoteTestNG.run(AbstractRemoteTestNG.java:114)
	at org.testng.remote.RemoteTestNG.initAndRun(RemoteTestNG.java:251)
	at org.testng.remote.RemoteTestNG.main(RemoteTestNG.java:77)
</pre></div></td>
<td>20</td>
<td>com.connect.fluke.app.tests.SessionDetailPageTests3540@3901d134</td></tr>
<tr>
<td title='com.connect.fluke.app.tests.SessionDetailPageTests3540.measurementValueUnitPhaseTestForAllTabs()'><b>measurementValueUnitPhaseTestForAllTabs</b><br>Test class: com.connect.fluke.app.tests.SessionDetailPageTests3540<br>Parameters: Power Overview, 12H, Active Power, Total</td>
<td><div><pre>java.lang.AssertionError: In 12H tab For Study Type(Power Overview) , For Active Power unit on graph is not accurate
	at com.connect.fluke.app.tests.SessionDetailPageTests3540.measurementValueUnitPhaseTestForAllTabs(SessionDetailPageTests3540.java:549)
... Removed 26 stack frames</pre></div><a href='#' onClick='toggleBox("stack-trace2138005960", this, "Click to show all stack frames", "Click to hide stack frames")'>Click to show all stack frames</a>
<div class='stack-trace' id='stack-trace2138005960'><pre>java.lang.AssertionError: In 12H tab For Study Type(Power Overview) , For Active Power unit on graph is not accurate
	at org.testng.Assert.fail(Assert.java:96)
	at com.connect.fluke.app.tests.SessionDetailPageTests3540.measurementValueUnitPhaseTestForAllTabs(SessionDetailPageTests3540.java:549)
	at sun.reflect.NativeMethodAccessorImpl.invoke0(Native Method)
	at sun.reflect.NativeMethodAccessorImpl.invoke(NativeMethodAccessorImpl.java:62)
	at sun.reflect.DelegatingMethodAccessorImpl.invoke(DelegatingMethodAccessorImpl.java:43)
	at java.lang.reflect.Method.invoke(Method.java:498)
	at org.testng.internal.MethodInvocationHelper.invokeMethod(MethodInvocationHelper.java:124)
	at org.testng.internal.Invoker.invokeMethod(Invoker.java:580)
	at org.testng.internal.Invoker.invokeTestMethod(Invoker.java:716)
	at org.testng.internal.Invoker.invokeTestMethods(Invoker.java:988)
	at org.testng.internal.TestMethodWorker.invokeTestMethods(TestMethodWorker.java:125)
	at org.testng.internal.TestMethodWorker.run(TestMethodWorker.java:109)
	at org.testng.TestRunner.privateRun(TestRunner.java:648)
	at org.testng.TestRunner.run(TestRunner.java:505)
	at org.testng.SuiteRunner.runTest(SuiteRunner.java:455)
	at org.testng.SuiteRunner.runSequentially(SuiteRunner.java:450)
	at org.testng.SuiteRunner.privateRun(SuiteRunner.java:415)
	at org.testng.SuiteRunner.run(SuiteRunner.java:364)
	at org.testng.SuiteRunnerWorker.runSuite(SuiteRunnerWorker.java:52)
	at org.testng.SuiteRunnerWorker.run(SuiteRunnerWorker.java:84)
	at org.testng.TestNG.runSuitesSequentially(TestNG.java:1208)
	at org.testng.TestNG.runSuitesLocally(TestNG.java:1137)
	at org.testng.TestNG.runSuites(TestNG.java:1049)
	at org.testng.TestNG.run(TestNG.java:1017)
	at org.testng.remote.AbstractRemoteTestNG.run(AbstractRemoteTestNG.java:114)
	at org.testng.remote.RemoteTestNG.initAndRun(RemoteTestNG.java:251)
	at org.testng.remote.RemoteTestNG.main(RemoteTestNG.java:77)
</pre></div></td>
<td>80</td>
<td>com.connect.fluke.app.tests.SessionDetailPageTests3540@3901d134</td></tr>
<tr>
<td title='com.connect.fluke.app.tests.SessionDetailPageTests3540.measurementValueUnitPhaseTestForAllTabs()'><b>measurementValueUnitPhaseTestForAllTabs</b><br>Test class: com.connect.fluke.app.tests.SessionDetailPageTests3540<br>Parameters: Power Overview, 12H, Non-Active Power, Total</td>
<td><div><pre>java.lang.AssertionError: In 12H tab For Study Type(Power Overview) , For Non-Active Power unit on graph is not accurate
	at com.connect.fluke.app.tests.SessionDetailPageTests3540.measurementValueUnitPhaseTestForAllTabs(SessionDetailPageTests3540.java:549)
... Removed 26 stack frames</pre></div><a href='#' onClick='toggleBox("stack-trace15477956", this, "Click to show all stack frames", "Click to hide stack frames")'>Click to show all stack frames</a>
<div class='stack-trace' id='stack-trace15477956'><pre>java.lang.AssertionError: In 12H tab For Study Type(Power Overview) , For Non-Active Power unit on graph is not accurate
	at org.testng.Assert.fail(Assert.java:96)
	at com.connect.fluke.app.tests.SessionDetailPageTests3540.measurementValueUnitPhaseTestForAllTabs(SessionDetailPageTests3540.java:549)
	at sun.reflect.NativeMethodAccessorImpl.invoke0(Native Method)
	at sun.reflect.NativeMethodAccessorImpl.invoke(NativeMethodAccessorImpl.java:62)
	at sun.reflect.DelegatingMethodAccessorImpl.invoke(DelegatingMethodAccessorImpl.java:43)
	at java.lang.reflect.Method.invoke(Method.java:498)
	at org.testng.internal.MethodInvocationHelper.invokeMethod(MethodInvocationHelper.java:124)
	at org.testng.internal.Invoker.invokeMethod(Invoker.java:580)
	at org.testng.internal.Invoker.invokeTestMethod(Invoker.java:716)
	at org.testng.internal.Invoker.invokeTestMethods(Invoker.java:988)
	at org.testng.internal.TestMethodWorker.invokeTestMethods(TestMethodWorker.java:125)
	at org.testng.internal.TestMethodWorker.run(TestMethodWorker.java:109)
	at org.testng.TestRunner.privateRun(TestRunner.java:648)
	at org.testng.TestRunner.run(TestRunner.java:505)
	at org.testng.SuiteRunner.runTest(SuiteRunner.java:455)
	at org.testng.SuiteRunner.runSequentially(SuiteRunner.java:450)
	at org.testng.SuiteRunner.privateRun(SuiteRunner.java:415)
	at org.testng.SuiteRunner.run(SuiteRunner.java:364)
	at org.testng.SuiteRunnerWorker.runSuite(SuiteRunnerWorker.java:52)
	at org.testng.SuiteRunnerWorker.run(SuiteRunnerWorker.java:84)
	at org.testng.TestNG.runSuitesSequentially(TestNG.java:1208)
	at org.testng.TestNG.runSuitesLocally(TestNG.java:1137)
	at org.testng.TestNG.runSuites(TestNG.java:1049)
	at org.testng.TestNG.run(TestNG.java:1017)
	at org.testng.remote.AbstractRemoteTestNG.run(AbstractRemoteTestNG.java:114)
	at org.testng.remote.RemoteTestNG.initAndRun(RemoteTestNG.java:251)
	at org.testng.remote.RemoteTestNG.main(RemoteTestNG.java:77)
</pre></div></td>
<td>10</td>
<td>com.connect.fluke.app.tests.SessionDetailPageTests3540@3901d134</td></tr>
</table><p>
<table width='100%' border='1' class='invocation-passed'>
<tr><td colspan='4' align='center'><b>PASSED TESTS</b></td></tr>
<tr><td><b>Test method</b></td>
<td width="30%"><b>Exception</b></td>
<td width="10%"><b>Time (seconds)</b></td>
<td><b>Instance</b></td>
</tr>
<tr>
<td title='com.connect.fluke.app.tests.SessionDetailPageTests3540.assetGroupNameTest()'><b>assetGroupNameTest</b><br>Test class: com.connect.fluke.app.tests.SessionDetailPageTests3540</td>
<td></td>
<td>0</td>
<td>com.connect.fluke.app.tests.SessionDetailPageTests3540@3901d134</td></tr>
<tr>
<td title='com.connect.fluke.app.tests.SessionDetailPageTests3540.assetNameTest()'><b>assetNameTest</b><br>Test class: com.connect.fluke.app.tests.SessionDetailPageTests3540</td>
<td></td>
<td>0</td>
<td>com.connect.fluke.app.tests.SessionDetailPageTests3540@3901d134</td></tr>
<tr>
<td title='com.connect.fluke.app.tests.SessionListTests3540.clickOnSessionTileTest()'><b>clickOnSessionTileTest</b><br>Test class: com.connect.fluke.app.tests.SessionListTests3540</td>
<td></td>
<td>0</td>
<td>com.connect.fluke.app.tests.SessionListTests3540@11a9e7c8</td></tr>
<tr>
<td title='com.connect.fluke.app.tests.SessionListTests3540.gateWayNameTest()'><b>gateWayNameTest</b><br>Test class: com.connect.fluke.app.tests.SessionListTests3540</td>
<td></td>
<td>0</td>
<td>com.connect.fluke.app.tests.SessionListTests3540@11a9e7c8</td></tr>
<tr>
<td title='com.connect.fluke.app.tests.SessionDetailPageTests3540.gateWayNameTest()'><b>gateWayNameTest</b><br>Test class: com.connect.fluke.app.tests.SessionDetailPageTests3540</td>
<td></td>
<td>0</td>
<td>com.connect.fluke.app.tests.SessionDetailPageTests3540@3901d134</td></tr>
<tr>
<td title='com.connect.fluke.app.tests.SessionDetailPageTests3540.graphDisplayedTest()'><b>graphDisplayedTest</b><br>Test class: com.connect.fluke.app.tests.SessionDetailPageTests3540</td>
<td></td>
<td>0</td>
<td>com.connect.fluke.app.tests.SessionDetailPageTests3540@3901d134</td></tr>
<tr>
<td title='com.connect.fluke.app.tests.SessionDetailPageTests3540.measurementValueUnitPhaseTestForAllTabs()'><b>measurementValueUnitPhaseTestForAllTabs</b><br>Test class: com.connect.fluke.app.tests.SessionDetailPageTests3540<br>Parameters: V,A,Hz, 1H, Voltage, AB, BC, CA</td>
<td></td>
<td>31</td>
<td>com.connect.fluke.app.tests.SessionDetailPageTests3540@3901d134</td></tr>
<tr>
<td title='com.connect.fluke.app.tests.SessionDetailPageTests3540.measurementValueUnitPhaseTestForAllTabs()'><b>measurementValueUnitPhaseTestForAllTabs</b><br>Test class: com.connect.fluke.app.tests.SessionDetailPageTests3540<br>Parameters: V,A,Hz, 1H, Current, A, B, C</td>
<td></td>
<td>31</td>
<td>com.connect.fluke.app.tests.SessionDetailPageTests3540@3901d134</td></tr>
<tr>
<td title='com.connect.fluke.app.tests.SessionDetailPageTests3540.measurementValueUnitPhaseTestForAllTabs()'><b>measurementValueUnitPhaseTestForAllTabs</b><br>Test class: com.connect.fluke.app.tests.SessionDetailPageTests3540<br>Parameters: V,A,Hz, 1H, Frequency, Hz</td>
<td></td>
<td>10</td>
<td>com.connect.fluke.app.tests.SessionDetailPageTests3540@3901d134</td></tr>
<tr>
<td title='com.connect.fluke.app.tests.SessionDetailPageTests3540.measurementValueUnitPhaseTestForAllTabs()'><b>measurementValueUnitPhaseTestForAllTabs</b><br>Test class: com.connect.fluke.app.tests.SessionDetailPageTests3540<br>Parameters: V,A,Hz, 12H, Voltage, AB, BC, CA</td>
<td></td>
<td>41</td>
<td>com.connect.fluke.app.tests.SessionDetailPageTests3540@3901d134</td></tr>
<tr>
<td title='com.connect.fluke.app.tests.SessionDetailPageTests3540.measurementValueUnitPhaseTestForAllTabs()'><b>measurementValueUnitPhaseTestForAllTabs</b><br>Test class: com.connect.fluke.app.tests.SessionDetailPageTests3540<br>Parameters: V,A,Hz, 12H, Current, A, B, C</td>
<td></td>
<td>31</td>
<td>com.connect.fluke.app.tests.SessionDetailPageTests3540@3901d134</td></tr>
<tr>
<td title='com.connect.fluke.app.tests.SessionDetailPageTests3540.measurementValueUnitPhaseTestForAllTabs()'><b>measurementValueUnitPhaseTestForAllTabs</b><br>Test class: com.connect.fluke.app.tests.SessionDetailPageTests3540<br>Parameters: V,A,Hz, 12H, Frequency, Hz</td>
<td></td>
<td>10</td>
<td>com.connect.fluke.app.tests.SessionDetailPageTests3540@3901d134</td></tr>
<tr>
<td title='com.connect.fluke.app.tests.SessionDetailPageTests3540.measurementValueUnitPhaseTestForAllTabs()'><b>measurementValueUnitPhaseTestForAllTabs</b><br>Test class: com.connect.fluke.app.tests.SessionDetailPageTests3540<br>Parameters: Active Power, 1H, Power Factor, Total</td>
<td></td>
<td>10</td>
<td>com.connect.fluke.app.tests.SessionDetailPageTests3540@3901d134</td></tr>
<tr>
<td title='com.connect.fluke.app.tests.SessionDetailPageTests3540.measurementValueUnitPhaseTestForAllTabs()'><b>measurementValueUnitPhaseTestForAllTabs</b><br>Test class: com.connect.fluke.app.tests.SessionDetailPageTests3540<br>Parameters: Active Power, 12H, Power Factor, Total</td>
<td></td>
<td>10</td>
<td>com.connect.fluke.app.tests.SessionDetailPageTests3540@3901d134</td></tr>
<tr>
<td title='com.connect.fluke.app.tests.SessionDetailPageTests3540.measurementValueUnitPhaseTestForAllTabs()'><b>measurementValueUnitPhaseTestForAllTabs</b><br>Test class: com.connect.fluke.app.tests.SessionDetailPageTests3540<br>Parameters: Power Overview, 1H, Active Power, Total</td>
<td></td>
<td>83</td>
<td>com.connect.fluke.app.tests.SessionDetailPageTests3540@3901d134</td></tr>
<tr>
<td title='com.connect.fluke.app.tests.SessionDetailPageTests3540.measurementValueUnitPhaseTestForAllTabs()'><b>measurementValueUnitPhaseTestForAllTabs</b><br>Test class: com.connect.fluke.app.tests.SessionDetailPageTests3540<br>Parameters: Power Overview, 1H, Apparent Power, Total</td>
<td></td>
<td>10</td>
<td>com.connect.fluke.app.tests.SessionDetailPageTests3540@3901d134</td></tr>
<tr>
<td title='com.connect.fluke.app.tests.SessionDetailPageTests3540.measurementValueUnitPhaseTestForAllTabs()'><b>measurementValueUnitPhaseTestForAllTabs</b><br>Test class: com.connect.fluke.app.tests.SessionDetailPageTests3540<br>Parameters: Power Overview, 1H, Non-Active Power, Total</td>
<td></td>
<td>10</td>
<td>com.connect.fluke.app.tests.SessionDetailPageTests3540@3901d134</td></tr>
<tr>
<td title='com.connect.fluke.app.tests.SessionDetailPageTests3540.measurementValueUnitPhaseTestForAllTabs()'><b>measurementValueUnitPhaseTestForAllTabs</b><br>Test class: com.connect.fluke.app.tests.SessionDetailPageTests3540<br>Parameters: Power Overview, 12H, Apparent Power, Total</td>
<td></td>
<td>10</td>
<td>com.connect.fluke.app.tests.SessionDetailPageTests3540@3901d134</td></tr>
<tr>
<td title='com.connect.fluke.app.tests.SessionDetailPageTests3540.measurementValueUnitPhaseTestForAllTabs()'><b>measurementValueUnitPhaseTestForAllTabs</b><br>Test class: com.connect.fluke.app.tests.SessionDetailPageTests3540<br>Parameters: THD/THC, 1H, THD-V, AB, BC, CA</td>
<td></td>
<td>44</td>
<td>com.connect.fluke.app.tests.SessionDetailPageTests3540@3901d134</td></tr>
<tr>
<td title='com.connect.fluke.app.tests.SessionDetailPageTests3540.measurementValueUnitPhaseTestForAllTabs()'><b>measurementValueUnitPhaseTestForAllTabs</b><br>Test class: com.connect.fluke.app.tests.SessionDetailPageTests3540<br>Parameters: THD/THC, 1H, THD-A, A, B, C</td>
<td></td>
<td>31</td>
<td>com.connect.fluke.app.tests.SessionDetailPageTests3540@3901d134</td></tr>
<tr>
<td title='com.connect.fluke.app.tests.SessionDetailPageTests3540.measurementValueUnitPhaseTestForAllTabs()'><b>measurementValueUnitPhaseTestForAllTabs</b><br>Test class: com.connect.fluke.app.tests.SessionDetailPageTests3540<br>Parameters: THD/THC, 1H, THC-A, A, B, C</td>
<td></td>
<td>31</td>
<td>com.connect.fluke.app.tests.SessionDetailPageTests3540@3901d134</td></tr>
<tr>
<td title='com.connect.fluke.app.tests.SessionDetailPageTests3540.measurementValueUnitPhaseTestForAllTabs()'><b>measurementValueUnitPhaseTestForAllTabs</b><br>Test class: com.connect.fluke.app.tests.SessionDetailPageTests3540<br>Parameters: THD/THC, 12H, THD-V, AB, BC, CA</td>
<td></td>
<td>41</td>
<td>com.connect.fluke.app.tests.SessionDetailPageTests3540@3901d134</td></tr>
<tr>
<td title='com.connect.fluke.app.tests.SessionDetailPageTests3540.measurementValueUnitPhaseTestForAllTabs()'><b>measurementValueUnitPhaseTestForAllTabs</b><br>Test class: com.connect.fluke.app.tests.SessionDetailPageTests3540<br>Parameters: THD/THC, 12H, THD-A, A, B, C</td>
<td></td>
<td>31</td>
<td>com.connect.fluke.app.tests.SessionDetailPageTests3540@3901d134</td></tr>
<tr>
<td title='com.connect.fluke.app.tests.SessionDetailPageTests3540.measurementValueUnitPhaseTestForAllTabs()'><b>measurementValueUnitPhaseTestForAllTabs</b><br>Test class: com.connect.fluke.app.tests.SessionDetailPageTests3540<br>Parameters: THD/THC, 12H, THC-A, A, B, C</td>
<td></td>
<td>31</td>
<td>com.connect.fluke.app.tests.SessionDetailPageTests3540@3901d134</td></tr>
<tr>
<td title='com.connect.fluke.app.tests.SessionListTests3540.sessionStartTimeTest()'><b>sessionStartTimeTest</b><br>Test class: com.connect.fluke.app.tests.SessionListTests3540</td>
<td></td>
<td>0</td>
<td>com.connect.fluke.app.tests.SessionListTests3540@11a9e7c8</td></tr>
<tr>
<td title='com.connect.fluke.app.tests.SessionDetailPageTests3540.sessionStartTimeTest()'><b>sessionStartTimeTest</b><br>Test class: com.connect.fluke.app.tests.SessionDetailPageTests3540</td>
<td></td>
<td>0</td>
<td>com.connect.fluke.app.tests.SessionDetailPageTests3540@3901d134</td></tr>
<tr>
<td title='com.connect.fluke.app.tests.SessionListTests3540.sessionStartUserNameTest()'><b>sessionStartUserNameTest</b><br>Test class: com.connect.fluke.app.tests.SessionListTests3540<br>Parameters: at@yopmail.com</td>
<td></td>
<td>0</td>
<td>com.connect.fluke.app.tests.SessionListTests3540@11a9e7c8</td></tr>
<tr>
<td title='com.connect.fluke.app.tests.SessionDetailPageTests3540.sessionStartUserNameTest()'><b>sessionStartUserNameTest</b><br>Test class: com.connect.fluke.app.tests.SessionDetailPageTests3540</td>
<td></td>
<td>0</td>
<td>com.connect.fluke.app.tests.SessionDetailPageTests3540@3901d134</td></tr>
<tr>
<td title='com.connect.fluke.app.tests.SessionListTests3540.sessionTileStatusTest()'><b>sessionTileStatusTest</b><br>Test class: com.connect.fluke.app.tests.SessionListTests3540</td>
<td></td>
<td>0</td>
<td>com.connect.fluke.app.tests.SessionListTests3540@11a9e7c8</td></tr>
<tr>
<td title='com.connect.fluke.app.tests.SessionDetailPageTests3540.sessionTileStatusTest()'><b>sessionTileStatusTest</b><br>Test class: com.connect.fluke.app.tests.SessionDetailPageTests3540</td>
<td></td>
<td>0</td>
<td>com.connect.fluke.app.tests.SessionDetailPageTests3540@3901d134</td></tr>
<tr>
<td title='com.connect.fluke.app.tests.SessionListTests3540.sessionTileVisibleTest()'><b>sessionTileVisibleTest</b><br>Test class: com.connect.fluke.app.tests.SessionListTests3540</td>
<td></td>
<td>0</td>
<td>com.connect.fluke.app.tests.SessionListTests3540@11a9e7c8</td></tr>
<tr>
<td title='com.connect.fluke.app.tests.SessionListTests3540.startTimeStaticTextVisibleTest()'><b>startTimeStaticTextVisibleTest</b><br>Test class: com.connect.fluke.app.tests.SessionListTests3540</td>
<td></td>
<td>0</td>
<td>com.connect.fluke.app.tests.SessionListTests3540@11a9e7c8</td></tr>
<tr>
<td title='com.connect.fluke.app.tests.SessionDetailPageTests3540.startTimeStaticTextVisibleTest()'><b>startTimeStaticTextVisibleTest</b><br>Test class: com.connect.fluke.app.tests.SessionDetailPageTests3540</td>
<td></td>
<td>0</td>
<td>com.connect.fluke.app.tests.SessionDetailPageTests3540@3901d134</td></tr>
<tr>
<td title='com.connect.fluke.app.tests.SessionDetailPageTests3540.studyTypeTest()'><b>studyTypeTest</b><br>Test class: com.connect.fluke.app.tests.SessionDetailPageTests3540</td>
<td></td>
<td>0</td>
<td>com.connect.fluke.app.tests.SessionDetailPageTests3540@3901d134</td></tr>
<tr>
<td title='com.connect.fluke.app.tests.SessionDetailPageTests3540.testPointNameTest()'><b>testPointNameTest</b><br>Test class: com.connect.fluke.app.tests.SessionDetailPageTests3540</td>
<td></td>
<td>0</td>
<td>com.connect.fluke.app.tests.SessionDetailPageTests3540@3901d134</td></tr>
</table><p>
</body>
</html>