<html>
<head>
<title>TestNG:  FCCM3560 iOS Session Verification Tests</title>
<link href="../testng.css" rel="stylesheet" type="text/css" />
<link href="../my-testng.css" rel="stylesheet" type="text/css" />

<style type="text/css">
.log { display: none;} 
.stack-trace { display: none;} 
</style>
<script type="text/javascript">
<!--
function flip(e) {
  current = e.style.display;
  if (current == 'block') {
    e.style.display = 'none';
    return 0;
  }
  else {
    e.style.display = 'block';
    return 1;
  }
}

function toggleBox(szDivId, elem, msg1, msg2)
{
  var res = -1;  if (document.getElementById) {
    res = flip(document.getElementById(szDivId));
  }
  else if (document.all) {
    // this is the way old msie versions work
    res = flip(document.all[szDivId]);
  }
  if(elem) {
    if(res == 0) elem.innerHTML = msg1; else elem.innerHTML = msg2;
  }

}

function toggleAllBoxes() {
  if (document.getElementsByTagName) {
    d = document.getElementsByTagName('div');
    for (i = 0; i < d.length; i++) {
      if (d[i].className == 'log') {
        flip(d[i]);
      }
    }
  }
}

// -->
</script>

</head>
<body>
<h2 align='center'>FCCM3560 iOS Session Verification Tests</h2><table border='1' align="center">
<tr>
<td>Tests passed/Failed/Skipped:</td><td>0/0/56</td>
</tr><tr>
<td>Started on:</td><td>Wed Mar 14 12:57:03 IST 2018</td>
</tr>
<tr><td>Total time:</td><td>6 seconds (6352 ms)</td>
</tr><tr>
<td>Included groups:</td><td>3560_session_tests </td>
</tr><tr>
<td>Excluded groups:</td><td></td>
</tr>
</table><p/>
<small><i>(Hover the method name to see the test class name)</i></small><p/>
<table width='100%' border='1' class='invocation-failed'>
<tr><td colspan='4' align='center'><b>FAILED CONFIGURATIONS</b></td></tr>
<tr><td><b>Test method</b></td>
<td width="30%"><b>Exception</b></td>
<td width="10%"><b>Time (seconds)</b></td>
<td><b>Instance</b></td>
</tr>
<tr>
<td title='com.connect.fluke.app.tests.FCCM3560ActiveMonitoringSessionTests.initClass()'><b>initClass</b><br>Test class: com.connect.fluke.app.tests.FCCM3560ActiveMonitoringSessionTests</td>
<td><div><pre>java.lang.ClassCastException: org.openqa.selenium.chrome.ChromeDriver cannot be cast to io.appium.java_client.PerformsTouchActions
	at com.connect.fluke.app.utils.Gestures.&lt;init&gt;(Gestures.java:42)
	at com.connect.fluke.app.pages.HomePage.&lt;init&gt;(HomePage.java:74)
	at com.connect.fluke.app.tests.FCCM3560ActiveMonitoringSessionTests.initClass(FCCM3560ActiveMonitoringSessionTests.java:45)
... Removed 24 stack frames</pre></div><a href='#' onClick='toggleBox("stack-trace2035381640", this, "Click to show all stack frames", "Click to hide stack frames")'>Click to show all stack frames</a>
<div class='stack-trace' id='stack-trace2035381640'><pre>java.lang.ClassCastException: org.openqa.selenium.chrome.ChromeDriver cannot be cast to io.appium.java_client.PerformsTouchActions
	at com.connect.fluke.app.utils.Gestures.&lt;init&gt;(Gestures.java:42)
	at com.connect.fluke.app.pages.HomePage.&lt;init&gt;(HomePage.java:74)
	at com.connect.fluke.app.tests.FCCM3560ActiveMonitoringSessionTests.initClass(FCCM3560ActiveMonitoringSessionTests.java:45)
	at sun.reflect.NativeMethodAccessorImpl.invoke0(Native Method)
	at sun.reflect.NativeMethodAccessorImpl.invoke(NativeMethodAccessorImpl.java:62)
	at sun.reflect.DelegatingMethodAccessorImpl.invoke(DelegatingMethodAccessorImpl.java:43)
	at java.lang.reflect.Method.invoke(Method.java:498)
	at org.testng.internal.MethodInvocationHelper.invokeMethod(MethodInvocationHelper.java:85)
	at org.testng.internal.Invoker.invokeConfigurationMethod(Invoker.java:510)
	at org.testng.internal.Invoker.invokeConfigurations(Invoker.java:211)
	at org.testng.internal.Invoker.invokeConfigurations(Invoker.java:138)
	at org.testng.internal.TestMethodWorker.invokeBeforeClassMethods(TestMethodWorker.java:170)
	at org.testng.internal.TestMethodWorker.run(TestMethodWorker.java:104)
	at org.testng.TestRunner.privateRun(TestRunner.java:774)
	at org.testng.TestRunner.run(TestRunner.java:624)
	at org.testng.SuiteRunner.runTest(SuiteRunner.java:359)
	at org.testng.SuiteRunner.runSequentially(SuiteRunner.java:354)
	at org.testng.SuiteRunner.privateRun(SuiteRunner.java:312)
	at org.testng.SuiteRunner.run(SuiteRunner.java:261)
	at org.testng.SuiteRunnerWorker.runSuite(SuiteRunnerWorker.java:52)
	at org.testng.SuiteRunnerWorker.run(SuiteRunnerWorker.java:86)
	at org.testng.TestNG.runSuitesSequentially(TestNG.java:1191)
	at org.testng.TestNG.runSuitesLocally(TestNG.java:1116)
	at org.testng.TestNG.run(TestNG.java:1024)
	at org.testng.remote.AbstractRemoteTestNG.run(AbstractRemoteTestNG.java:114)
	at org.testng.remote.RemoteTestNG.initAndRun(RemoteTestNG.java:251)
	at org.testng.remote.RemoteTestNG.main(RemoteTestNG.java:77)
</pre></div></td>
<td>0</td>
<td>com.connect.fluke.app.tests.FCCM3560ActiveMonitoringSessionTests@3439f68d</td></tr>
<tr>
<td title='com.connect.fluke.app.tests.FCCM3560SessionDetailPageTests.initClass()'><b>initClass</b><br>Test class: com.connect.fluke.app.tests.FCCM3560SessionDetailPageTests</td>
<td><div><pre>java.lang.ClassCastException: org.openqa.selenium.chrome.ChromeDriver cannot be cast to io.appium.java_client.PerformsTouchActions
	at com.connect.fluke.app.utils.Gestures.&lt;init&gt;(Gestures.java:42)
	at com.connect.fluke.app.pages.SessionDetailPage.&lt;init&gt;(SessionDetailPage.java:298)
	at com.connect.fluke.app.tests.FCCM3560SessionDetailPageTests.initClass(FCCM3560SessionDetailPageTests.java:31)
... Removed 24 stack frames</pre></div><a href='#' onClick='toggleBox("stack-trace2016949136", this, "Click to show all stack frames", "Click to hide stack frames")'>Click to show all stack frames</a>
<div class='stack-trace' id='stack-trace2016949136'><pre>java.lang.ClassCastException: org.openqa.selenium.chrome.ChromeDriver cannot be cast to io.appium.java_client.PerformsTouchActions
	at com.connect.fluke.app.utils.Gestures.&lt;init&gt;(Gestures.java:42)
	at com.connect.fluke.app.pages.SessionDetailPage.&lt;init&gt;(SessionDetailPage.java:298)
	at com.connect.fluke.app.tests.FCCM3560SessionDetailPageTests.initClass(FCCM3560SessionDetailPageTests.java:31)
	at sun.reflect.NativeMethodAccessorImpl.invoke0(Native Method)
	at sun.reflect.NativeMethodAccessorImpl.invoke(NativeMethodAccessorImpl.java:62)
	at sun.reflect.DelegatingMethodAccessorImpl.invoke(DelegatingMethodAccessorImpl.java:43)
	at java.lang.reflect.Method.invoke(Method.java:498)
	at org.testng.internal.MethodInvocationHelper.invokeMethod(MethodInvocationHelper.java:85)
	at org.testng.internal.Invoker.invokeConfigurationMethod(Invoker.java:510)
	at org.testng.internal.Invoker.invokeConfigurations(Invoker.java:211)
	at org.testng.internal.Invoker.invokeConfigurations(Invoker.java:138)
	at org.testng.internal.TestMethodWorker.invokeBeforeClassMethods(TestMethodWorker.java:170)
	at org.testng.internal.TestMethodWorker.run(TestMethodWorker.java:104)
	at org.testng.TestRunner.privateRun(TestRunner.java:774)
	at org.testng.TestRunner.run(TestRunner.java:624)
	at org.testng.SuiteRunner.runTest(SuiteRunner.java:359)
	at org.testng.SuiteRunner.runSequentially(SuiteRunner.java:354)
	at org.testng.SuiteRunner.privateRun(SuiteRunner.java:312)
	at org.testng.SuiteRunner.run(SuiteRunner.java:261)
	at org.testng.SuiteRunnerWorker.runSuite(SuiteRunnerWorker.java:52)
	at org.testng.SuiteRunnerWorker.run(SuiteRunnerWorker.java:86)
	at org.testng.TestNG.runSuitesSequentially(TestNG.java:1191)
	at org.testng.TestNG.runSuitesLocally(TestNG.java:1116)
	at org.testng.TestNG.run(TestNG.java:1024)
	at org.testng.remote.AbstractRemoteTestNG.run(AbstractRemoteTestNG.java:114)
	at org.testng.remote.RemoteTestNG.initAndRun(RemoteTestNG.java:251)
	at org.testng.remote.RemoteTestNG.main(RemoteTestNG.java:77)
</pre></div></td>
<td>0</td>
<td>com.connect.fluke.app.tests.FCCM3560SessionDetailPageTests@dbd940d</td></tr>
</table><p>
<table width='100%' border='1' class='invocation-skipped'>
<tr><td colspan='4' align='center'><b>SKIPPED TESTS</b></td></tr>
<tr><td><b>Test method</b></td>
<td width="30%"><b>Exception</b></td>
<td width="10%"><b>Time (seconds)</b></td>
<td><b>Instance</b></td>
</tr>
<tr>
<td title='com.connect.fluke.app.tests.FCCM3560SessionDetailPageTests.assetCountTextVisibleTest()'><b>assetCountTextVisibleTest</b><br>Test class: com.connect.fluke.app.tests.FCCM3560SessionDetailPageTests</td>
<td></td>
<td>0</td>
<td>com.connect.fluke.app.tests.FCCM3560SessionDetailPageTests@dbd940d</td></tr>
<tr>
<td title='com.connect.fluke.app.tests.FCCM3560SessionDetailPageTests.assetGroupNameTest()'><b>assetGroupNameTest</b><br>Test class: com.connect.fluke.app.tests.FCCM3560SessionDetailPageTests</td>
<td></td>
<td>0</td>
<td>com.connect.fluke.app.tests.FCCM3560SessionDetailPageTests@dbd940d</td></tr>
<tr>
<td title='com.connect.fluke.app.tests.FCCM3560SessionDetailPageTests.assetNameTest()'><b>assetNameTest</b><br>Test class: com.connect.fluke.app.tests.FCCM3560SessionDetailPageTests</td>
<td></td>
<td>0</td>
<td>com.connect.fluke.app.tests.FCCM3560SessionDetailPageTests@dbd940d</td></tr>
<tr>
<td title='com.connect.fluke.app.tests.FCCM3560ActiveMonitoringSessionTests.gateWayNameTest()'><b>gateWayNameTest</b><br>Test class: com.connect.fluke.app.tests.FCCM3560ActiveMonitoringSessionTests</td>
<td></td>
<td>0</td>
<td>com.connect.fluke.app.tests.FCCM3560ActiveMonitoringSessionTests@3439f68d</td></tr>
<tr>
<td title='com.connect.fluke.app.tests.FCCM3560SessionDetailPageTests.gateWayNameTest()'><b>gateWayNameTest</b><br>Test class: com.connect.fluke.app.tests.FCCM3560SessionDetailPageTests</td>
<td></td>
<td>0</td>
<td>com.connect.fluke.app.tests.FCCM3560SessionDetailPageTests@dbd940d</td></tr>
<tr>
<td title='com.connect.fluke.app.tests.FCCM3560SessionDetailPageTests.graphDisplayedTest()'><b>graphDisplayedTest</b><br>Test class: com.connect.fluke.app.tests.FCCM3560SessionDetailPageTests</td>
<td></td>
<td>0</td>
<td>com.connect.fluke.app.tests.FCCM3560SessionDetailPageTests@dbd940d</td></tr>
<tr>
<td title='com.connect.fluke.app.tests.FCCM3560SessionDetailPageTests.livePollingTest()'><b>livePollingTest</b><br>Test class: com.connect.fluke.app.tests.FCCM3560SessionDetailPageTests</td>
<td></td>
<td>0</td>
<td>com.connect.fluke.app.tests.FCCM3560SessionDetailPageTests@dbd940d</td></tr>
<tr>
<td title='com.connect.fluke.app.tests.FCCM3560SessionDetailPageTests.machineLearningMessageTest()'><b>machineLearningMessageTest</b><br>Test class: com.connect.fluke.app.tests.FCCM3560SessionDetailPageTests</td>
<td></td>
<td>0</td>
<td>com.connect.fluke.app.tests.FCCM3560SessionDetailPageTests@dbd940d</td></tr>
<tr>
<td title='com.connect.fluke.app.tests.FCCM3560SessionDetailPageTests.maxLabelIn1HTabTest()'><b>maxLabelIn1HTabTest</b><br>Test class: com.connect.fluke.app.tests.FCCM3560SessionDetailPageTests</td>
<td></td>
<td>0</td>
<td>com.connect.fluke.app.tests.FCCM3560SessionDetailPageTests@dbd940d</td></tr>
<tr>
<td title='com.connect.fluke.app.tests.FCCM3560SessionDetailPageTests.measurementValueIn1H8HTabTest()'><b>measurementValueIn1H8HTabTest</b><br>Test class: com.connect.fluke.app.tests.FCCM3560SessionDetailPageTests</td>
<td></td>
<td>0</td>
<td>com.connect.fluke.app.tests.FCCM3560SessionDetailPageTests@dbd940d</td></tr>
<tr>
<td title='com.connect.fluke.app.tests.FCCM3560SessionDetailPageTests.measurementValueIn1HTabTest()'><b>measurementValueIn1HTabTest</b><br>Test class: com.connect.fluke.app.tests.FCCM3560SessionDetailPageTests</td>
<td></td>
<td>0</td>
<td>com.connect.fluke.app.tests.FCCM3560SessionDetailPageTests@dbd940d</td></tr>
<tr>
<td title='com.connect.fluke.app.tests.FCCM3560SessionDetailPageTests.measurementValueIn1W3WTabTest()'><b>measurementValueIn1W3WTabTest</b><br>Test class: com.connect.fluke.app.tests.FCCM3560SessionDetailPageTests</td>
<td></td>
<td>0</td>
<td>com.connect.fluke.app.tests.FCCM3560SessionDetailPageTests@dbd940d</td></tr>
<tr>
<td title='com.connect.fluke.app.tests.FCCM3560SessionDetailPageTests.measurementValueIn1W8HTabTest()'><b>measurementValueIn1W8HTabTest</b><br>Test class: com.connect.fluke.app.tests.FCCM3560SessionDetailPageTests</td>
<td></td>
<td>0</td>
<td>com.connect.fluke.app.tests.FCCM3560SessionDetailPageTests@dbd940d</td></tr>
<tr>
<td title='com.connect.fluke.app.tests.FCCM3560SessionDetailPageTests.measurementValueIn3W1WTabTest()'><b>measurementValueIn3W1WTabTest</b><br>Test class: com.connect.fluke.app.tests.FCCM3560SessionDetailPageTests</td>
<td></td>
<td>0</td>
<td>com.connect.fluke.app.tests.FCCM3560SessionDetailPageTests@dbd940d</td></tr>
<tr>
<td title='com.connect.fluke.app.tests.FCCM3560SessionDetailPageTests.measurementValueIn8H1HTabTest()'><b>measurementValueIn8H1HTabTest</b><br>Test class: com.connect.fluke.app.tests.FCCM3560SessionDetailPageTests</td>
<td></td>
<td>0</td>
<td>com.connect.fluke.app.tests.FCCM3560SessionDetailPageTests@dbd940d</td></tr>
<tr>
<td title='com.connect.fluke.app.tests.FCCM3560SessionDetailPageTests.measurementValueIn8H1WTabTest()'><b>measurementValueIn8H1WTabTest</b><br>Test class: com.connect.fluke.app.tests.FCCM3560SessionDetailPageTests</td>
<td></td>
<td>0</td>
<td>com.connect.fluke.app.tests.FCCM3560SessionDetailPageTests@dbd940d</td></tr>
<tr>
<td title='com.connect.fluke.app.tests.FCCM3560SessionDetailPageTests.measurementValueTimestampIsNotEmptyIn1H8HTabTest()'><b>measurementValueTimestampIsNotEmptyIn1H8HTabTest</b><br>Test class: com.connect.fluke.app.tests.FCCM3560SessionDetailPageTests</td>
<td></td>
<td>0</td>
<td>com.connect.fluke.app.tests.FCCM3560SessionDetailPageTests@dbd940d</td></tr>
<tr>
<td title='com.connect.fluke.app.tests.FCCM3560SessionDetailPageTests.measurementValueTimestampIsNotEmptyIn1HTabTest()'><b>measurementValueTimestampIsNotEmptyIn1HTabTest</b><br>Test class: com.connect.fluke.app.tests.FCCM3560SessionDetailPageTests</td>
<td></td>
<td>0</td>
<td>com.connect.fluke.app.tests.FCCM3560SessionDetailPageTests@dbd940d</td></tr>
<tr>
<td title='com.connect.fluke.app.tests.FCCM3560SessionDetailPageTests.measurementValueTimestampIsNotEmptyIn1W3WTabTest()'><b>measurementValueTimestampIsNotEmptyIn1W3WTabTest</b><br>Test class: com.connect.fluke.app.tests.FCCM3560SessionDetailPageTests</td>
<td></td>
<td>0</td>
<td>com.connect.fluke.app.tests.FCCM3560SessionDetailPageTests@dbd940d</td></tr>
<tr>
<td title='com.connect.fluke.app.tests.FCCM3560SessionDetailPageTests.measurementValueTimestampIsNotEmptyIn1W8HTabTest()'><b>measurementValueTimestampIsNotEmptyIn1W8HTabTest</b><br>Test class: com.connect.fluke.app.tests.FCCM3560SessionDetailPageTests</td>
<td></td>
<td>0</td>
<td>com.connect.fluke.app.tests.FCCM3560SessionDetailPageTests@dbd940d</td></tr>
<tr>
<td title='com.connect.fluke.app.tests.FCCM3560SessionDetailPageTests.measurementValueTimestampIsNotEmptyIn3W1WTabTest()'><b>measurementValueTimestampIsNotEmptyIn3W1WTabTest</b><br>Test class: com.connect.fluke.app.tests.FCCM3560SessionDetailPageTests</td>
<td></td>
<td>0</td>
<td>com.connect.fluke.app.tests.FCCM3560SessionDetailPageTests@dbd940d</td></tr>
<tr>
<td title='com.connect.fluke.app.tests.FCCM3560SessionDetailPageTests.measurementValueTimestampIsNotEmptyIn8H1HTabTest()'><b>measurementValueTimestampIsNotEmptyIn8H1HTabTest</b><br>Test class: com.connect.fluke.app.tests.FCCM3560SessionDetailPageTests</td>
<td></td>
<td>0</td>
<td>com.connect.fluke.app.tests.FCCM3560SessionDetailPageTests@dbd940d</td></tr>
<tr>
<td title='com.connect.fluke.app.tests.FCCM3560SessionDetailPageTests.measurementValueTimestampIsNotEmptyIn8H1WTabTest()'><b>measurementValueTimestampIsNotEmptyIn8H1WTabTest</b><br>Test class: com.connect.fluke.app.tests.FCCM3560SessionDetailPageTests</td>
<td></td>
<td>0</td>
<td>com.connect.fluke.app.tests.FCCM3560SessionDetailPageTests@dbd940d</td></tr>
<tr>
<td title='com.connect.fluke.app.tests.FCCM3560SessionDetailPageTests.minLabelIn1HTabTest()'><b>minLabelIn1HTabTest</b><br>Test class: com.connect.fluke.app.tests.FCCM3560SessionDetailPageTests</td>
<td></td>
<td>0</td>
<td>com.connect.fluke.app.tests.FCCM3560SessionDetailPageTests@dbd940d</td></tr>
<tr>
<td title='com.connect.fluke.app.tests.FCCM3560ActiveMonitoringSessionTests.sensorCountAndTypeTest()'><b>sensorCountAndTypeTest</b><br>Test class: com.connect.fluke.app.tests.FCCM3560ActiveMonitoringSessionTests</td>
<td></td>
<td>0</td>
<td>com.connect.fluke.app.tests.FCCM3560ActiveMonitoringSessionTests@3439f68d</td></tr>
<tr>
<td title='com.connect.fluke.app.tests.FCCM3560SessionDetailPageTests.sensorCountAndTypeTest()'><b>sensorCountAndTypeTest</b><br>Test class: com.connect.fluke.app.tests.FCCM3560SessionDetailPageTests</td>
<td></td>
<td>0</td>
<td>com.connect.fluke.app.tests.FCCM3560SessionDetailPageTests@dbd940d</td></tr>
<tr>
<td title='com.connect.fluke.app.tests.FCCM3560ActiveMonitoringSessionTests.sensorsStaticTextVisibleTest()'><b>sensorsStaticTextVisibleTest</b><br>Test class: com.connect.fluke.app.tests.FCCM3560ActiveMonitoringSessionTests</td>
<td></td>
<td>0</td>
<td>com.connect.fluke.app.tests.FCCM3560ActiveMonitoringSessionTests@3439f68d</td></tr>
<tr>
<td title='com.connect.fluke.app.tests.FCCM3560SessionDetailPageTests.sensorsStaticTextVisibleTest()'><b>sensorsStaticTextVisibleTest</b><br>Test class: com.connect.fluke.app.tests.FCCM3560SessionDetailPageTests</td>
<td></td>
<td>0</td>
<td>com.connect.fluke.app.tests.FCCM3560SessionDetailPageTests@dbd940d</td></tr>
<tr>
<td title='com.connect.fluke.app.tests.FCCM3560ActiveMonitoringSessionTests.sessionStartTimeTest()'><b>sessionStartTimeTest</b><br>Test class: com.connect.fluke.app.tests.FCCM3560ActiveMonitoringSessionTests</td>
<td></td>
<td>0</td>
<td>com.connect.fluke.app.tests.FCCM3560ActiveMonitoringSessionTests@3439f68d</td></tr>
<tr>
<td title='com.connect.fluke.app.tests.FCCM3560SessionDetailPageTests.sessionStartTimeTest()'><b>sessionStartTimeTest</b><br>Test class: com.connect.fluke.app.tests.FCCM3560SessionDetailPageTests</td>
<td></td>
<td>0</td>
<td>com.connect.fluke.app.tests.FCCM3560SessionDetailPageTests@dbd940d</td></tr>
<tr>
<td title='com.connect.fluke.app.tests.FCCM3560ActiveMonitoringSessionTests.sessionStartUserNameTest()'><b>sessionStartUserNameTest</b><br>Test class: com.connect.fluke.app.tests.FCCM3560ActiveMonitoringSessionTests</td>
<td></td>
<td>0</td>
<td>com.connect.fluke.app.tests.FCCM3560ActiveMonitoringSessionTests@3439f68d</td></tr>
<tr>
<td title='com.connect.fluke.app.tests.FCCM3560SessionDetailPageTests.sessionStartUserNameTest()'><b>sessionStartUserNameTest</b><br>Test class: com.connect.fluke.app.tests.FCCM3560SessionDetailPageTests</td>
<td></td>
<td>0</td>
<td>com.connect.fluke.app.tests.FCCM3560SessionDetailPageTests@dbd940d</td></tr>
<tr>
<td title='com.connect.fluke.app.tests.FCCM3560ActiveMonitoringSessionTests.sessionTileStatusTest()'><b>sessionTileStatusTest</b><br>Test class: com.connect.fluke.app.tests.FCCM3560ActiveMonitoringSessionTests</td>
<td></td>
<td>0</td>
<td>com.connect.fluke.app.tests.FCCM3560ActiveMonitoringSessionTests@3439f68d</td></tr>
<tr>
<td title='com.connect.fluke.app.tests.FCCM3560SessionDetailPageTests.sessionTileStatusTest()'><b>sessionTileStatusTest</b><br>Test class: com.connect.fluke.app.tests.FCCM3560SessionDetailPageTests</td>
<td></td>
<td>0</td>
<td>com.connect.fluke.app.tests.FCCM3560SessionDetailPageTests@dbd940d</td></tr>
<tr>
<td title='com.connect.fluke.app.tests.FCCM3560ActiveMonitoringSessionTests.sessionTileVisibleTest()'><b>sessionTileVisibleTest</b><br>Test class: com.connect.fluke.app.tests.FCCM3560ActiveMonitoringSessionTests</td>
<td></td>
<td>0</td>
<td>com.connect.fluke.app.tests.FCCM3560ActiveMonitoringSessionTests@3439f68d</td></tr>
<tr>
<td title='com.connect.fluke.app.tests.FCCM3560ActiveMonitoringSessionTests.startTimeStaticTextVisibleTest()'><b>startTimeStaticTextVisibleTest</b><br>Test class: com.connect.fluke.app.tests.FCCM3560ActiveMonitoringSessionTests</td>
<td></td>
<td>0</td>
<td>com.connect.fluke.app.tests.FCCM3560ActiveMonitoringSessionTests@3439f68d</td></tr>
<tr>
<td title='com.connect.fluke.app.tests.FCCM3560SessionDetailPageTests.startTimeStaticTextVisibleTest()'><b>startTimeStaticTextVisibleTest</b><br>Test class: com.connect.fluke.app.tests.FCCM3560SessionDetailPageTests</td>
<td></td>
<td>0</td>
<td>com.connect.fluke.app.tests.FCCM3560SessionDetailPageTests@dbd940d</td></tr>
<tr>
<td title='com.connect.fluke.app.tests.FCCM3560SessionDetailPageTests.switchTo1H8HTabTest()'><b>switchTo1H8HTabTest</b><br>Test class: com.connect.fluke.app.tests.FCCM3560SessionDetailPageTests</td>
<td></td>
<td>0</td>
<td>com.connect.fluke.app.tests.FCCM3560SessionDetailPageTests@dbd940d</td></tr>
<tr>
<td title='com.connect.fluke.app.tests.FCCM3560SessionDetailPageTests.switchTo1W3WTabTest()'><b>switchTo1W3WTabTest</b><br>Test class: com.connect.fluke.app.tests.FCCM3560SessionDetailPageTests</td>
<td></td>
<td>0</td>
<td>com.connect.fluke.app.tests.FCCM3560SessionDetailPageTests@dbd940d</td></tr>
<tr>
<td title='com.connect.fluke.app.tests.FCCM3560SessionDetailPageTests.switchTo1W8HTabTest()'><b>switchTo1W8HTabTest</b><br>Test class: com.connect.fluke.app.tests.FCCM3560SessionDetailPageTests</td>
<td></td>
<td>0</td>
<td>com.connect.fluke.app.tests.FCCM3560SessionDetailPageTests@dbd940d</td></tr>
<tr>
<td title='com.connect.fluke.app.tests.FCCM3560SessionDetailPageTests.switchTo3W1WTabTest()'><b>switchTo3W1WTabTest</b><br>Test class: com.connect.fluke.app.tests.FCCM3560SessionDetailPageTests</td>
<td></td>
<td>0</td>
<td>com.connect.fluke.app.tests.FCCM3560SessionDetailPageTests@dbd940d</td></tr>
<tr>
<td title='com.connect.fluke.app.tests.FCCM3560SessionDetailPageTests.switchTo8H1HTabTest()'><b>switchTo8H1HTabTest</b><br>Test class: com.connect.fluke.app.tests.FCCM3560SessionDetailPageTests</td>
<td></td>
<td>0</td>
<td>com.connect.fluke.app.tests.FCCM3560SessionDetailPageTests@dbd940d</td></tr>
<tr>
<td title='com.connect.fluke.app.tests.FCCM3560SessionDetailPageTests.switchTo8H1WTabTest()'><b>switchTo8H1WTabTest</b><br>Test class: com.connect.fluke.app.tests.FCCM3560SessionDetailPageTests</td>
<td></td>
<td>0</td>
<td>com.connect.fluke.app.tests.FCCM3560SessionDetailPageTests@dbd940d</td></tr>
<tr>
<td title='com.connect.fluke.app.tests.FCCM3560ActiveMonitoringSessionTests.tapOnSessionTileTest()'><b>tapOnSessionTileTest</b><br>Test class: com.connect.fluke.app.tests.FCCM3560ActiveMonitoringSessionTests</td>
<td></td>
<td>0</td>
<td>com.connect.fluke.app.tests.FCCM3560ActiveMonitoringSessionTests@3439f68d</td></tr>
<tr>
<td title='com.connect.fluke.app.tests.FCCM3560SessionDetailPageTests.testPointNameTest()'><b>testPointNameTest</b><br>Test class: com.connect.fluke.app.tests.FCCM3560SessionDetailPageTests</td>
<td></td>
<td>0</td>
<td>com.connect.fluke.app.tests.FCCM3560SessionDetailPageTests@dbd940d</td></tr>
<tr>
<td title='com.connect.fluke.app.tests.FCCM3560SessionDetailPageTests.unitInMeasurementValueIn1H8HTabTest()'><b>unitInMeasurementValueIn1H8HTabTest</b><br>Test class: com.connect.fluke.app.tests.FCCM3560SessionDetailPageTests</td>
<td></td>
<td>0</td>
<td>com.connect.fluke.app.tests.FCCM3560SessionDetailPageTests@dbd940d</td></tr>
<tr>
<td title='com.connect.fluke.app.tests.FCCM3560SessionDetailPageTests.unitInMeasurementValueIn1HTabTest()'><b>unitInMeasurementValueIn1HTabTest</b><br>Test class: com.connect.fluke.app.tests.FCCM3560SessionDetailPageTests</td>
<td></td>
<td>0</td>
<td>com.connect.fluke.app.tests.FCCM3560SessionDetailPageTests@dbd940d</td></tr>
<tr>
<td title='com.connect.fluke.app.tests.FCCM3560SessionDetailPageTests.unitInMeasurementValueIn1W3WTabTest()'><b>unitInMeasurementValueIn1W3WTabTest</b><br>Test class: com.connect.fluke.app.tests.FCCM3560SessionDetailPageTests</td>
<td></td>
<td>0</td>
<td>com.connect.fluke.app.tests.FCCM3560SessionDetailPageTests@dbd940d</td></tr>
<tr>
<td title='com.connect.fluke.app.tests.FCCM3560SessionDetailPageTests.unitInMeasurementValueIn1W8HTabTest()'><b>unitInMeasurementValueIn1W8HTabTest</b><br>Test class: com.connect.fluke.app.tests.FCCM3560SessionDetailPageTests</td>
<td></td>
<td>0</td>
<td>com.connect.fluke.app.tests.FCCM3560SessionDetailPageTests@dbd940d</td></tr>
<tr>
<td title='com.connect.fluke.app.tests.FCCM3560SessionDetailPageTests.unitInMeasurementValueIn3W1WTabTest()'><b>unitInMeasurementValueIn3W1WTabTest</b><br>Test class: com.connect.fluke.app.tests.FCCM3560SessionDetailPageTests</td>
<td></td>
<td>0</td>
<td>com.connect.fluke.app.tests.FCCM3560SessionDetailPageTests@dbd940d</td></tr>
<tr>
<td title='com.connect.fluke.app.tests.FCCM3560SessionDetailPageTests.unitInMeasurementValueIn8H1HTabTest()'><b>unitInMeasurementValueIn8H1HTabTest</b><br>Test class: com.connect.fluke.app.tests.FCCM3560SessionDetailPageTests</td>
<td></td>
<td>0</td>
<td>com.connect.fluke.app.tests.FCCM3560SessionDetailPageTests@dbd940d</td></tr>
<tr>
<td title='com.connect.fluke.app.tests.FCCM3560SessionDetailPageTests.unitInMeasurementValueIn8H1WTabTest()'><b>unitInMeasurementValueIn8H1WTabTest</b><br>Test class: com.connect.fluke.app.tests.FCCM3560SessionDetailPageTests</td>
<td></td>
<td>0</td>
<td>com.connect.fluke.app.tests.FCCM3560SessionDetailPageTests@dbd940d</td></tr>
<tr>
<td title='com.connect.fluke.app.tests.FCCM3560SessionDetailPageTests.vibrationUnitTest()'><b>vibrationUnitTest</b><br>Test class: com.connect.fluke.app.tests.FCCM3560SessionDetailPageTests</td>
<td></td>
<td>0</td>
<td>com.connect.fluke.app.tests.FCCM3560SessionDetailPageTests@dbd940d</td></tr>
<tr>
<td title='com.connect.fluke.app.tests.FCCM3560SessionDetailPageTests.xAxisLabelIn1HTabTest()'><b>xAxisLabelIn1HTabTest</b><br>Test class: com.connect.fluke.app.tests.FCCM3560SessionDetailPageTests</td>
<td></td>
<td>0</td>
<td>com.connect.fluke.app.tests.FCCM3560SessionDetailPageTests@dbd940d</td></tr>
<tr>
<td title='com.connect.fluke.app.tests.FCCM3560SessionDetailPageTests.yAxisLabelIn1HTabTest()'><b>yAxisLabelIn1HTabTest</b><br>Test class: com.connect.fluke.app.tests.FCCM3560SessionDetailPageTests</td>
<td></td>
<td>0</td>
<td>com.connect.fluke.app.tests.FCCM3560SessionDetailPageTests@dbd940d</td></tr>
<tr>
<td title='com.connect.fluke.app.tests.FCCM3560SessionDetailPageTests.zAxisLabelIn1HTabTest()'><b>zAxisLabelIn1HTabTest</b><br>Test class: com.connect.fluke.app.tests.FCCM3560SessionDetailPageTests</td>
<td></td>
<td>0</td>
<td>com.connect.fluke.app.tests.FCCM3560SessionDetailPageTests@dbd940d</td></tr>
</table><p>
</body>
</html>