<html>
<head>
<title>TestNG:  TI FCM Capture Android Tests</title>
<link href="../testng.css" rel="stylesheet" type="text/css" />
<link href="../my-testng.css" rel="stylesheet" type="text/css" />

<style type="text/css">
.log { display: none;} 
.stack-trace { display: none;} 
</style>
<script type="text/javascript">
<!--
function flip(e) {
  current = e.style.display;
  if (current == 'block') {
    e.style.display = 'none';
    return 0;
  }
  else {
    e.style.display = 'block';
    return 1;
  }
}

function toggleBox(szDivId, elem, msg1, msg2)
{
  var res = -1;  if (document.getElementById) {
    res = flip(document.getElementById(szDivId));
  }
  else if (document.all) {
    // this is the way old msie versions work
    res = flip(document.all[szDivId]);
  }
  if(elem) {
    if(res == 0) elem.innerHTML = msg1; else elem.innerHTML = msg2;
  }

}

function toggleAllBoxes() {
  if (document.getElementsByTagName) {
    d = document.getElementsByTagName('div');
    for (i = 0; i < d.length; i++) {
      if (d[i].className == 'log') {
        flip(d[i]);
      }
    }
  }
}

// -->
</script>

</head>
<body>
<h2 align='center'>TI FCM Capture Android Tests</h2><table border='1' align="center">
<tr>
<td>Tests passed/Failed/Skipped:</td><td>17/4/18</td>
</tr><tr>
<td>Started on:</td><td>Tue Oct 23 11:58:27 IST 2018</td>
</tr>
<tr><td>Total time:</td><td>182 seconds (182955 ms)</td>
</tr><tr>
<td>Included groups:</td><td>ti_capture_android_tests </td>
</tr><tr>
<td>Excluded groups:</td><td></td>
</tr>
</table><p/>
<small><i>(Hover the method name to see the test class name)</i></small><p/>
<table width='100%' border='1' class='invocation-failed'>
<tr><td colspan='4' align='center'><b>FAILED TESTS</b></td></tr>
<tr><td><b>Test method</b></td>
<td width="30%"><b>Exception</b></td>
<td width="10%"><b>Time (seconds)</b></td>
<td><b>Instance</b></td>
</tr>
<tr>
<td title='com.connect.fluke.app.tests.CaptureMeasurementsTests.connectToTI450Test()'><b>connectToTI450Test</b><br>Test class: com.connect.fluke.app.tests.CaptureMeasurementsTests</td>
<td><div><pre>java.lang.IllegalArgumentException: App package should be defined as not empty or null string
	at com.google.common.base.Preconditions.checkArgument(Preconditions.java:134)
	at io.appium.java_client.android.Activity.&lt;init&gt;(Activity.java:27)
	at com.connect.fluke.app.utils.AndroidUtils.launchOtherApp(AndroidUtils.java:131)
	at com.connect.fluke.app.utils.DeviceUtils.launchOtherApp(DeviceUtils.java:205)
	at com.connect.fluke.app.tests.CaptureMeasurementsTests.connectToTI450Test(CaptureMeasurementsTests.java:526)
... Removed 25 stack frames</pre></div><a href='#' onClick='toggleBox("stack-trace335947861", this, "Click to show all stack frames", "Click to hide stack frames")'>Click to show all stack frames</a>
<div class='stack-trace' id='stack-trace335947861'><pre>java.lang.IllegalArgumentException: App package should be defined as not empty or null string
	at com.google.common.base.Preconditions.checkArgument(Preconditions.java:134)
	at io.appium.java_client.android.Activity.&lt;init&gt;(Activity.java:27)
	at com.connect.fluke.app.utils.AndroidUtils.launchOtherApp(AndroidUtils.java:131)
	at com.connect.fluke.app.utils.DeviceUtils.launchOtherApp(DeviceUtils.java:205)
	at com.connect.fluke.app.tests.CaptureMeasurementsTests.connectToTI450Test(CaptureMeasurementsTests.java:526)
	at sun.reflect.NativeMethodAccessorImpl.invoke0(Native Method)
	at sun.reflect.NativeMethodAccessorImpl.invoke(NativeMethodAccessorImpl.java:62)
	at sun.reflect.DelegatingMethodAccessorImpl.invoke(DelegatingMethodAccessorImpl.java:43)
	at java.lang.reflect.Method.invoke(Method.java:498)
	at org.testng.internal.MethodInvocationHelper.invokeMethod(MethodInvocationHelper.java:124)
	at org.testng.internal.Invoker.invokeMethod(Invoker.java:580)
	at org.testng.internal.Invoker.invokeTestMethod(Invoker.java:716)
	at org.testng.internal.Invoker.invokeTestMethods(Invoker.java:988)
	at org.testng.internal.TestMethodWorker.invokeTestMethods(TestMethodWorker.java:125)
	at org.testng.internal.TestMethodWorker.run(TestMethodWorker.java:109)
	at org.testng.TestRunner.privateRun(TestRunner.java:648)
	at org.testng.TestRunner.run(TestRunner.java:505)
	at org.testng.SuiteRunner.runTest(SuiteRunner.java:455)
	at org.testng.SuiteRunner.runSequentially(SuiteRunner.java:450)
	at org.testng.SuiteRunner.privateRun(SuiteRunner.java:415)
	at org.testng.SuiteRunner.run(SuiteRunner.java:364)
	at org.testng.SuiteRunnerWorker.runSuite(SuiteRunnerWorker.java:52)
	at org.testng.SuiteRunnerWorker.run(SuiteRunnerWorker.java:84)
	at org.testng.TestNG.runSuitesSequentially(TestNG.java:1208)
	at org.testng.TestNG.runSuitesLocally(TestNG.java:1137)
	at org.testng.TestNG.runSuites(TestNG.java:1049)
	at org.testng.TestNG.run(TestNG.java:1017)
	at org.testng.remote.AbstractRemoteTestNG.run(AbstractRemoteTestNG.java:114)
	at org.testng.remote.RemoteTestNG.initAndRun(RemoteTestNG.java:251)
	at org.testng.remote.RemoteTestNG.main(RemoteTestNG.java:77)
</pre></div></td>
<td>0</td>
<td>com.connect.fluke.app.tests.CaptureMeasurementsTests@4c6e276e</td></tr>
<tr>
<td title='com.connect.fluke.app.tests.CaptureMeasurementsTests.connectToTIS65Test()'><b>connectToTIS65Test</b><br>Test class: com.connect.fluke.app.tests.CaptureMeasurementsTests</td>
<td><div><pre>java.lang.IllegalArgumentException: App package should be defined as not empty or null string
	at com.google.common.base.Preconditions.checkArgument(Preconditions.java:134)
	at io.appium.java_client.android.Activity.&lt;init&gt;(Activity.java:27)
	at com.connect.fluke.app.utils.AndroidUtils.launchOtherApp(AndroidUtils.java:131)
	at com.connect.fluke.app.utils.DeviceUtils.launchOtherApp(DeviceUtils.java:205)
	at com.connect.fluke.app.tests.CaptureMeasurementsTests.connectToTIS65Test(CaptureMeasurementsTests.java:803)
... Removed 25 stack frames</pre></div><a href='#' onClick='toggleBox("stack-trace1270757957", this, "Click to show all stack frames", "Click to hide stack frames")'>Click to show all stack frames</a>
<div class='stack-trace' id='stack-trace1270757957'><pre>java.lang.IllegalArgumentException: App package should be defined as not empty or null string
	at com.google.common.base.Preconditions.checkArgument(Preconditions.java:134)
	at io.appium.java_client.android.Activity.&lt;init&gt;(Activity.java:27)
	at com.connect.fluke.app.utils.AndroidUtils.launchOtherApp(AndroidUtils.java:131)
	at com.connect.fluke.app.utils.DeviceUtils.launchOtherApp(DeviceUtils.java:205)
	at com.connect.fluke.app.tests.CaptureMeasurementsTests.connectToTIS65Test(CaptureMeasurementsTests.java:803)
	at sun.reflect.NativeMethodAccessorImpl.invoke0(Native Method)
	at sun.reflect.NativeMethodAccessorImpl.invoke(NativeMethodAccessorImpl.java:62)
	at sun.reflect.DelegatingMethodAccessorImpl.invoke(DelegatingMethodAccessorImpl.java:43)
	at java.lang.reflect.Method.invoke(Method.java:498)
	at org.testng.internal.MethodInvocationHelper.invokeMethod(MethodInvocationHelper.java:124)
	at org.testng.internal.Invoker.invokeMethod(Invoker.java:580)
	at org.testng.internal.Invoker.invokeTestMethod(Invoker.java:716)
	at org.testng.internal.Invoker.invokeTestMethods(Invoker.java:988)
	at org.testng.internal.TestMethodWorker.invokeTestMethods(TestMethodWorker.java:125)
	at org.testng.internal.TestMethodWorker.run(TestMethodWorker.java:109)
	at org.testng.TestRunner.privateRun(TestRunner.java:648)
	at org.testng.TestRunner.run(TestRunner.java:505)
	at org.testng.SuiteRunner.runTest(SuiteRunner.java:455)
	at org.testng.SuiteRunner.runSequentially(SuiteRunner.java:450)
	at org.testng.SuiteRunner.privateRun(SuiteRunner.java:415)
	at org.testng.SuiteRunner.run(SuiteRunner.java:364)
	at org.testng.SuiteRunnerWorker.runSuite(SuiteRunnerWorker.java:52)
	at org.testng.SuiteRunnerWorker.run(SuiteRunnerWorker.java:84)
	at org.testng.TestNG.runSuitesSequentially(TestNG.java:1208)
	at org.testng.TestNG.runSuitesLocally(TestNG.java:1137)
	at org.testng.TestNG.runSuites(TestNG.java:1049)
	at org.testng.TestNG.run(TestNG.java:1017)
	at org.testng.remote.AbstractRemoteTestNG.run(AbstractRemoteTestNG.java:114)
	at org.testng.remote.RemoteTestNG.initAndRun(RemoteTestNG.java:251)
	at org.testng.remote.RemoteTestNG.main(RemoteTestNG.java:77)
</pre></div></td>
<td>0</td>
<td>com.connect.fluke.app.tests.CaptureMeasurementsTests@4c6e276e</td></tr>
<tr>
<td title='com.connect.fluke.app.tests.CaptureMeasurementsTests.connectToTIS75Test()'><b>connectToTIS75Test</b><br>Test class: com.connect.fluke.app.tests.CaptureMeasurementsTests</td>
<td><div><pre>java.lang.IllegalArgumentException: App package should be defined as not empty or null string
	at com.google.common.base.Preconditions.checkArgument(Preconditions.java:134)
	at io.appium.java_client.android.Activity.&lt;init&gt;(Activity.java:27)
	at com.connect.fluke.app.utils.AndroidUtils.launchOtherApp(AndroidUtils.java:131)
	at com.connect.fluke.app.utils.DeviceUtils.launchOtherApp(DeviceUtils.java:205)
	at com.connect.fluke.app.tests.CaptureMeasurementsTests.connectToTIS75Test(CaptureMeasurementsTests.java:835)
... Removed 25 stack frames</pre></div><a href='#' onClick='toggleBox("stack-trace1591176783", this, "Click to show all stack frames", "Click to hide stack frames")'>Click to show all stack frames</a>
<div class='stack-trace' id='stack-trace1591176783'><pre>java.lang.IllegalArgumentException: App package should be defined as not empty or null string
	at com.google.common.base.Preconditions.checkArgument(Preconditions.java:134)
	at io.appium.java_client.android.Activity.&lt;init&gt;(Activity.java:27)
	at com.connect.fluke.app.utils.AndroidUtils.launchOtherApp(AndroidUtils.java:131)
	at com.connect.fluke.app.utils.DeviceUtils.launchOtherApp(DeviceUtils.java:205)
	at com.connect.fluke.app.tests.CaptureMeasurementsTests.connectToTIS75Test(CaptureMeasurementsTests.java:835)
	at sun.reflect.NativeMethodAccessorImpl.invoke0(Native Method)
	at sun.reflect.NativeMethodAccessorImpl.invoke(NativeMethodAccessorImpl.java:62)
	at sun.reflect.DelegatingMethodAccessorImpl.invoke(DelegatingMethodAccessorImpl.java:43)
	at java.lang.reflect.Method.invoke(Method.java:498)
	at org.testng.internal.MethodInvocationHelper.invokeMethod(MethodInvocationHelper.java:124)
	at org.testng.internal.Invoker.invokeMethod(Invoker.java:580)
	at org.testng.internal.Invoker.invokeTestMethod(Invoker.java:716)
	at org.testng.internal.Invoker.invokeTestMethods(Invoker.java:988)
	at org.testng.internal.TestMethodWorker.invokeTestMethods(TestMethodWorker.java:125)
	at org.testng.internal.TestMethodWorker.run(TestMethodWorker.java:109)
	at org.testng.TestRunner.privateRun(TestRunner.java:648)
	at org.testng.TestRunner.run(TestRunner.java:505)
	at org.testng.SuiteRunner.runTest(SuiteRunner.java:455)
	at org.testng.SuiteRunner.runSequentially(SuiteRunner.java:450)
	at org.testng.SuiteRunner.privateRun(SuiteRunner.java:415)
	at org.testng.SuiteRunner.run(SuiteRunner.java:364)
	at org.testng.SuiteRunnerWorker.runSuite(SuiteRunnerWorker.java:52)
	at org.testng.SuiteRunnerWorker.run(SuiteRunnerWorker.java:84)
	at org.testng.TestNG.runSuitesSequentially(TestNG.java:1208)
	at org.testng.TestNG.runSuitesLocally(TestNG.java:1137)
	at org.testng.TestNG.runSuites(TestNG.java:1049)
	at org.testng.TestNG.run(TestNG.java:1017)
	at org.testng.remote.AbstractRemoteTestNG.run(AbstractRemoteTestNG.java:114)
	at org.testng.remote.RemoteTestNG.initAndRun(RemoteTestNG.java:251)
	at org.testng.remote.RemoteTestNG.main(RemoteTestNG.java:77)
</pre></div></td>
<td>0</td>
<td>com.connect.fluke.app.tests.CaptureMeasurementsTests@4c6e276e</td></tr>
<tr>
<td title='com.connect.fluke.app.tests.CaptureMeasurementsTests.connectToWiFiTest()'><b>connectToWiFiTest</b><br>Test class: com.connect.fluke.app.tests.CaptureMeasurementsTests</td>
<td><div><pre>java.lang.AssertionError: Exception Detail: java.lang.IllegalArgumentException: App package should be defined as not empty or null string
	at com.connect.fluke.app.tests.CaptureMeasurementsTests.connectToWiFiTest(CaptureMeasurementsTests.java:878)
... Removed 26 stack frames</pre></div><a href='#' onClick='toggleBox("stack-trace2083525610", this, "Click to show all stack frames", "Click to hide stack frames")'>Click to show all stack frames</a>
<div class='stack-trace' id='stack-trace2083525610'><pre>java.lang.AssertionError: Exception Detail: java.lang.IllegalArgumentException: App package should be defined as not empty or null string
	at org.testng.Assert.fail(Assert.java:96)
	at com.connect.fluke.app.tests.CaptureMeasurementsTests.connectToWiFiTest(CaptureMeasurementsTests.java:878)
	at sun.reflect.NativeMethodAccessorImpl.invoke0(Native Method)
	at sun.reflect.NativeMethodAccessorImpl.invoke(NativeMethodAccessorImpl.java:62)
	at sun.reflect.DelegatingMethodAccessorImpl.invoke(DelegatingMethodAccessorImpl.java:43)
	at java.lang.reflect.Method.invoke(Method.java:498)
	at org.testng.internal.MethodInvocationHelper.invokeMethod(MethodInvocationHelper.java:124)
	at org.testng.internal.Invoker.invokeMethod(Invoker.java:580)
	at org.testng.internal.Invoker.invokeTestMethod(Invoker.java:716)
	at org.testng.internal.Invoker.invokeTestMethods(Invoker.java:988)
	at org.testng.internal.TestMethodWorker.invokeTestMethods(TestMethodWorker.java:125)
	at org.testng.internal.TestMethodWorker.run(TestMethodWorker.java:109)
	at org.testng.TestRunner.privateRun(TestRunner.java:648)
	at org.testng.TestRunner.run(TestRunner.java:505)
	at org.testng.SuiteRunner.runTest(SuiteRunner.java:455)
	at org.testng.SuiteRunner.runSequentially(SuiteRunner.java:450)
	at org.testng.SuiteRunner.privateRun(SuiteRunner.java:415)
	at org.testng.SuiteRunner.run(SuiteRunner.java:364)
	at org.testng.SuiteRunnerWorker.runSuite(SuiteRunnerWorker.java:52)
	at org.testng.SuiteRunnerWorker.run(SuiteRunnerWorker.java:84)
	at org.testng.TestNG.runSuitesSequentially(TestNG.java:1208)
	at org.testng.TestNG.runSuitesLocally(TestNG.java:1137)
	at org.testng.TestNG.runSuites(TestNG.java:1049)
	at org.testng.TestNG.run(TestNG.java:1017)
	at org.testng.remote.AbstractRemoteTestNG.run(AbstractRemoteTestNG.java:114)
	at org.testng.remote.RemoteTestNG.initAndRun(RemoteTestNG.java:251)
	at org.testng.remote.RemoteTestNG.main(RemoteTestNG.java:77)
</pre></div></td>
<td>0</td>
<td>com.connect.fluke.app.tests.CaptureMeasurementsTests@4c6e276e</td></tr>
</table><p>
<table width='100%' border='1' class='invocation-passed'>
<tr><td colspan='4' align='center'><b>PASSED TESTS</b></td></tr>
<tr><td><b>Test method</b></td>
<td width="30%"><b>Exception</b></td>
<td width="10%"><b>Time (seconds)</b></td>
<td><b>Instance</b></td>
</tr>
<tr>
<td title='com.connect.fluke.app.tests.CaptureMeasurementsTests.TI400DeviceNameTest()'><b>TI400DeviceNameTest</b><br>Test class: com.connect.fluke.app.tests.CaptureMeasurementsTests</td>
<td></td>
<td>0</td>
<td>com.connect.fluke.app.tests.CaptureMeasurementsTests@4c6e276e</td></tr>
<tr>
<td title='com.connect.fluke.app.tests.CaptureMeasurementsTests.TI400MaxTempLabelTest()'><b>TI400MaxTempLabelTest</b><br>Test class: com.connect.fluke.app.tests.CaptureMeasurementsTests</td>
<td></td>
<td>0</td>
<td>com.connect.fluke.app.tests.CaptureMeasurementsTests@4c6e276e</td></tr>
<tr>
<td title='com.connect.fluke.app.tests.CaptureMeasurementsTests.TI400MaxTempUnitTest()'><b>TI400MaxTempUnitTest</b><br>Test class: com.connect.fluke.app.tests.CaptureMeasurementsTests</td>
<td></td>
<td>0</td>
<td>com.connect.fluke.app.tests.CaptureMeasurementsTests@4c6e276e</td></tr>
<tr>
<td title='com.connect.fluke.app.tests.CaptureMeasurementsTests.TI400MaxTempValueTest()'><b>TI400MaxTempValueTest</b><br>Test class: com.connect.fluke.app.tests.CaptureMeasurementsTests</td>
<td></td>
<td>0</td>
<td>com.connect.fluke.app.tests.CaptureMeasurementsTests@4c6e276e</td></tr>
<tr>
<td title='com.connect.fluke.app.tests.CaptureMeasurementsTests.TI400MeasurementUnitTest()'><b>TI400MeasurementUnitTest</b><br>Test class: com.connect.fluke.app.tests.CaptureMeasurementsTests</td>
<td></td>
<td>0</td>
<td>com.connect.fluke.app.tests.CaptureMeasurementsTests@4c6e276e</td></tr>
<tr>
<td title='com.connect.fluke.app.tests.CaptureMeasurementsTests.TI400MeasurementValueTest()'><b>TI400MeasurementValueTest</b><br>Test class: com.connect.fluke.app.tests.CaptureMeasurementsTests</td>
<td></td>
<td>0</td>
<td>com.connect.fluke.app.tests.CaptureMeasurementsTests@4c6e276e</td></tr>
<tr>
<td title='com.connect.fluke.app.tests.CaptureMeasurementsTests.TI400MinTempLabelTest()'><b>TI400MinTempLabelTest</b><br>Test class: com.connect.fluke.app.tests.CaptureMeasurementsTests</td>
<td></td>
<td>0</td>
<td>com.connect.fluke.app.tests.CaptureMeasurementsTests@4c6e276e</td></tr>
<tr>
<td title='com.connect.fluke.app.tests.CaptureMeasurementsTests.TI400MinTempUnitTest()'><b>TI400MinTempUnitTest</b><br>Test class: com.connect.fluke.app.tests.CaptureMeasurementsTests</td>
<td></td>
<td>0</td>
<td>com.connect.fluke.app.tests.CaptureMeasurementsTests@4c6e276e</td></tr>
<tr>
<td title='com.connect.fluke.app.tests.CaptureMeasurementsTests.TI400MinTempValueTest()'><b>TI400MinTempValueTest</b><br>Test class: com.connect.fluke.app.tests.CaptureMeasurementsTests</td>
<td></td>
<td>0</td>
<td>com.connect.fluke.app.tests.CaptureMeasurementsTests@4c6e276e</td></tr>
<tr>
<td title='com.connect.fluke.app.tests.CaptureMeasurementsTests.addTextNoteToTI400MeasurementTest()'><b>addTextNoteToTI400MeasurementTest</b><br>Test class: com.connect.fluke.app.tests.CaptureMeasurementsTests</td>
<td></td>
<td>0</td>
<td>com.connect.fluke.app.tests.CaptureMeasurementsTests@4c6e276e</td></tr>
<tr>
<td title='com.connect.fluke.app.tests.CaptureMeasurementsTests.assignAssetToTI400MeasurementTest()'><b>assignAssetToTI400MeasurementTest</b><br>Test class: com.connect.fluke.app.tests.CaptureMeasurementsTests</td>
<td></td>
<td>28</td>
<td>com.connect.fluke.app.tests.CaptureMeasurementsTests@4c6e276e</td></tr>
<tr>
<td title='com.connect.fluke.app.tests.CaptureMeasurementsTests.assignWorkOrderToTI400MeasurementTest()'><b>assignWorkOrderToTI400MeasurementTest</b><br>Test class: com.connect.fluke.app.tests.CaptureMeasurementsTests</td>
<td></td>
<td>4</td>
<td>com.connect.fluke.app.tests.CaptureMeasurementsTests@4c6e276e</td></tr>
<tr>
<td title='com.connect.fluke.app.tests.CaptureMeasurementsTests.captureTI400MeasurementTest()'><b>captureTI400MeasurementTest</b><br>Test class: com.connect.fluke.app.tests.CaptureMeasurementsTests</td>
<td></td>
<td>7</td>
<td>com.connect.fluke.app.tests.CaptureMeasurementsTests@4c6e276e</td></tr>
<tr>
<td title='com.connect.fluke.app.tests.CaptureMeasurementsTests.connectToTI400Test()'><b>connectToTI400Test</b><br>Test class: com.connect.fluke.app.tests.CaptureMeasurementsTests</td>
<td></td>
<td>48</td>
<td>com.connect.fluke.app.tests.CaptureMeasurementsTests@4c6e276e</td></tr>
<tr>
<td title='com.connect.fluke.app.tests.CaptureMeasurementsTests.downloadImagesFromTI400Test()'><b>downloadImagesFromTI400Test</b><br>Test class: com.connect.fluke.app.tests.CaptureMeasurementsTests</td>
<td></td>
<td>25</td>
<td>com.connect.fluke.app.tests.CaptureMeasurementsTests@4c6e276e</td></tr>
<tr>
<td title='com.connect.fluke.app.tests.CaptureMeasurementsTests.saveTI400MeasurementTest()'><b>saveTI400MeasurementTest</b><br>Test class: com.connect.fluke.app.tests.CaptureMeasurementsTests</td>
<td></td>
<td>4</td>
<td>com.connect.fluke.app.tests.CaptureMeasurementsTests@4c6e276e</td></tr>
<tr>
<td title='com.connect.fluke.app.tests.CaptureMeasurementsTests.shareTI400MeasurementTest()'><b>shareTI400MeasurementTest</b><br>Test class: com.connect.fluke.app.tests.CaptureMeasurementsTests</td>
<td></td>
<td>16</td>
<td>com.connect.fluke.app.tests.CaptureMeasurementsTests@4c6e276e</td></tr>
</table><p>
<table width='100%' border='1' class='invocation-skipped'>
<tr><td colspan='4' align='center'><b>SKIPPED TESTS</b></td></tr>
<tr><td><b>Test method</b></td>
<td width="30%"><b>Exception</b></td>
<td width="10%"><b>Time (seconds)</b></td>
<td><b>Instance</b></td>
</tr>
<tr>
<td title='com.connect.fluke.app.tests.CaptureMeasurementsTests.TI450DeviceNameTest()'><b>TI450DeviceNameTest</b><br>Test class: com.connect.fluke.app.tests.CaptureMeasurementsTests</td>
<td><div><pre>java.lang.Throwable: Method CaptureMeasurementsTests.TI450DeviceNameTest()[pri:9046, instance:com.connect.fluke.app.tests.CaptureMeasurementsTests@4c6e276e] depends on not successfully finished methods
... Removed 18 stack frames</pre></div><a href='#' onClick='toggleBox("stack-trace2085135621", this, "Click to show all stack frames", "Click to hide stack frames")'>Click to show all stack frames</a>
<div class='stack-trace' id='stack-trace2085135621'><pre>java.lang.Throwable: Method CaptureMeasurementsTests.TI450DeviceNameTest()[pri:9046, instance:com.connect.fluke.app.tests.CaptureMeasurementsTests@4c6e276e] depends on not successfully finished methods
	at org.testng.internal.Invoker.invokeTestMethods(Invoker.java:887)
	at org.testng.internal.TestMethodWorker.invokeTestMethods(TestMethodWorker.java:125)
	at org.testng.internal.TestMethodWorker.run(TestMethodWorker.java:109)
	at org.testng.TestRunner.privateRun(TestRunner.java:648)
	at org.testng.TestRunner.run(TestRunner.java:505)
	at org.testng.SuiteRunner.runTest(SuiteRunner.java:455)
	at org.testng.SuiteRunner.runSequentially(SuiteRunner.java:450)
	at org.testng.SuiteRunner.privateRun(SuiteRunner.java:415)
	at org.testng.SuiteRunner.run(SuiteRunner.java:364)
	at org.testng.SuiteRunnerWorker.runSuite(SuiteRunnerWorker.java:52)
	at org.testng.SuiteRunnerWorker.run(SuiteRunnerWorker.java:84)
	at org.testng.TestNG.runSuitesSequentially(TestNG.java:1208)
	at org.testng.TestNG.runSuitesLocally(TestNG.java:1137)
	at org.testng.TestNG.runSuites(TestNG.java:1049)
	at org.testng.TestNG.run(TestNG.java:1017)
	at org.testng.remote.AbstractRemoteTestNG.run(AbstractRemoteTestNG.java:114)
	at org.testng.remote.RemoteTestNG.initAndRun(RemoteTestNG.java:251)
	at org.testng.remote.RemoteTestNG.main(RemoteTestNG.java:77)
</pre></div></td>
<td>0</td>
<td>null</td></tr>
<tr>
<td title='com.connect.fluke.app.tests.CaptureMeasurementsTests.TI450MaxTempLabelTest()'><b>TI450MaxTempLabelTest</b><br>Test class: com.connect.fluke.app.tests.CaptureMeasurementsTests</td>
<td><div><pre>java.lang.Throwable: Method CaptureMeasurementsTests.TI450MaxTempLabelTest()[pri:9053, instance:com.connect.fluke.app.tests.CaptureMeasurementsTests@4c6e276e] depends on not successfully finished methods
... Removed 18 stack frames</pre></div><a href='#' onClick='toggleBox("stack-trace1282360603", this, "Click to show all stack frames", "Click to hide stack frames")'>Click to show all stack frames</a>
<div class='stack-trace' id='stack-trace1282360603'><pre>java.lang.Throwable: Method CaptureMeasurementsTests.TI450MaxTempLabelTest()[pri:9053, instance:com.connect.fluke.app.tests.CaptureMeasurementsTests@4c6e276e] depends on not successfully finished methods
	at org.testng.internal.Invoker.invokeTestMethods(Invoker.java:887)
	at org.testng.internal.TestMethodWorker.invokeTestMethods(TestMethodWorker.java:125)
	at org.testng.internal.TestMethodWorker.run(TestMethodWorker.java:109)
	at org.testng.TestRunner.privateRun(TestRunner.java:648)
	at org.testng.TestRunner.run(TestRunner.java:505)
	at org.testng.SuiteRunner.runTest(SuiteRunner.java:455)
	at org.testng.SuiteRunner.runSequentially(SuiteRunner.java:450)
	at org.testng.SuiteRunner.privateRun(SuiteRunner.java:415)
	at org.testng.SuiteRunner.run(SuiteRunner.java:364)
	at org.testng.SuiteRunnerWorker.runSuite(SuiteRunnerWorker.java:52)
	at org.testng.SuiteRunnerWorker.run(SuiteRunnerWorker.java:84)
	at org.testng.TestNG.runSuitesSequentially(TestNG.java:1208)
	at org.testng.TestNG.runSuitesLocally(TestNG.java:1137)
	at org.testng.TestNG.runSuites(TestNG.java:1049)
	at org.testng.TestNG.run(TestNG.java:1017)
	at org.testng.remote.AbstractRemoteTestNG.run(AbstractRemoteTestNG.java:114)
	at org.testng.remote.RemoteTestNG.initAndRun(RemoteTestNG.java:251)
	at org.testng.remote.RemoteTestNG.main(RemoteTestNG.java:77)
</pre></div></td>
<td>0</td>
<td>null</td></tr>
<tr>
<td title='com.connect.fluke.app.tests.CaptureMeasurementsTests.TI450MaxTempUnitTest()'><b>TI450MaxTempUnitTest</b><br>Test class: com.connect.fluke.app.tests.CaptureMeasurementsTests</td>
<td><div><pre>java.lang.Throwable: Method CaptureMeasurementsTests.TI450MaxTempUnitTest()[pri:9051, instance:com.connect.fluke.app.tests.CaptureMeasurementsTests@4c6e276e] depends on not successfully finished methods
... Removed 18 stack frames</pre></div><a href='#' onClick='toggleBox("stack-trace1316295504", this, "Click to show all stack frames", "Click to hide stack frames")'>Click to show all stack frames</a>
<div class='stack-trace' id='stack-trace1316295504'><pre>java.lang.Throwable: Method CaptureMeasurementsTests.TI450MaxTempUnitTest()[pri:9051, instance:com.connect.fluke.app.tests.CaptureMeasurementsTests@4c6e276e] depends on not successfully finished methods
	at org.testng.internal.Invoker.invokeTestMethods(Invoker.java:887)
	at org.testng.internal.TestMethodWorker.invokeTestMethods(TestMethodWorker.java:125)
	at org.testng.internal.TestMethodWorker.run(TestMethodWorker.java:109)
	at org.testng.TestRunner.privateRun(TestRunner.java:648)
	at org.testng.TestRunner.run(TestRunner.java:505)
	at org.testng.SuiteRunner.runTest(SuiteRunner.java:455)
	at org.testng.SuiteRunner.runSequentially(SuiteRunner.java:450)
	at org.testng.SuiteRunner.privateRun(SuiteRunner.java:415)
	at org.testng.SuiteRunner.run(SuiteRunner.java:364)
	at org.testng.SuiteRunnerWorker.runSuite(SuiteRunnerWorker.java:52)
	at org.testng.SuiteRunnerWorker.run(SuiteRunnerWorker.java:84)
	at org.testng.TestNG.runSuitesSequentially(TestNG.java:1208)
	at org.testng.TestNG.runSuitesLocally(TestNG.java:1137)
	at org.testng.TestNG.runSuites(TestNG.java:1049)
	at org.testng.TestNG.run(TestNG.java:1017)
	at org.testng.remote.AbstractRemoteTestNG.run(AbstractRemoteTestNG.java:114)
	at org.testng.remote.RemoteTestNG.initAndRun(RemoteTestNG.java:251)
	at org.testng.remote.RemoteTestNG.main(RemoteTestNG.java:77)
</pre></div></td>
<td>0</td>
<td>null</td></tr>
<tr>
<td title='com.connect.fluke.app.tests.CaptureMeasurementsTests.TI450MaxTempValueTest()'><b>TI450MaxTempValueTest</b><br>Test class: com.connect.fluke.app.tests.CaptureMeasurementsTests</td>
<td><div><pre>java.lang.Throwable: Method CaptureMeasurementsTests.TI450MaxTempValueTest()[pri:9049, instance:com.connect.fluke.app.tests.CaptureMeasurementsTests@4c6e276e] depends on not successfully finished methods
... Removed 18 stack frames</pre></div><a href='#' onClick='toggleBox("stack-trace1747577985", this, "Click to show all stack frames", "Click to hide stack frames")'>Click to show all stack frames</a>
<div class='stack-trace' id='stack-trace1747577985'><pre>java.lang.Throwable: Method CaptureMeasurementsTests.TI450MaxTempValueTest()[pri:9049, instance:com.connect.fluke.app.tests.CaptureMeasurementsTests@4c6e276e] depends on not successfully finished methods
	at org.testng.internal.Invoker.invokeTestMethods(Invoker.java:887)
	at org.testng.internal.TestMethodWorker.invokeTestMethods(TestMethodWorker.java:125)
	at org.testng.internal.TestMethodWorker.run(TestMethodWorker.java:109)
	at org.testng.TestRunner.privateRun(TestRunner.java:648)
	at org.testng.TestRunner.run(TestRunner.java:505)
	at org.testng.SuiteRunner.runTest(SuiteRunner.java:455)
	at org.testng.SuiteRunner.runSequentially(SuiteRunner.java:450)
	at org.testng.SuiteRunner.privateRun(SuiteRunner.java:415)
	at org.testng.SuiteRunner.run(SuiteRunner.java:364)
	at org.testng.SuiteRunnerWorker.runSuite(SuiteRunnerWorker.java:52)
	at org.testng.SuiteRunnerWorker.run(SuiteRunnerWorker.java:84)
	at org.testng.TestNG.runSuitesSequentially(TestNG.java:1208)
	at org.testng.TestNG.runSuitesLocally(TestNG.java:1137)
	at org.testng.TestNG.runSuites(TestNG.java:1049)
	at org.testng.TestNG.run(TestNG.java:1017)
	at org.testng.remote.AbstractRemoteTestNG.run(AbstractRemoteTestNG.java:114)
	at org.testng.remote.RemoteTestNG.initAndRun(RemoteTestNG.java:251)
	at org.testng.remote.RemoteTestNG.main(RemoteTestNG.java:77)
</pre></div></td>
<td>0</td>
<td>null</td></tr>
<tr>
<td title='com.connect.fluke.app.tests.CaptureMeasurementsTests.TI450MeasurementUnitTest()'><b>TI450MeasurementUnitTest</b><br>Test class: com.connect.fluke.app.tests.CaptureMeasurementsTests</td>
<td><div><pre>java.lang.Throwable: Method CaptureMeasurementsTests.TI450MeasurementUnitTest()[pri:9048, instance:com.connect.fluke.app.tests.CaptureMeasurementsTests@4c6e276e] depends on not successfully finished methods
... Removed 18 stack frames</pre></div><a href='#' onClick='toggleBox("stack-trace513644543", this, "Click to show all stack frames", "Click to hide stack frames")'>Click to show all stack frames</a>
<div class='stack-trace' id='stack-trace513644543'><pre>java.lang.Throwable: Method CaptureMeasurementsTests.TI450MeasurementUnitTest()[pri:9048, instance:com.connect.fluke.app.tests.CaptureMeasurementsTests@4c6e276e] depends on not successfully finished methods
	at org.testng.internal.Invoker.invokeTestMethods(Invoker.java:887)
	at org.testng.internal.TestMethodWorker.invokeTestMethods(TestMethodWorker.java:125)
	at org.testng.internal.TestMethodWorker.run(TestMethodWorker.java:109)
	at org.testng.TestRunner.privateRun(TestRunner.java:648)
	at org.testng.TestRunner.run(TestRunner.java:505)
	at org.testng.SuiteRunner.runTest(SuiteRunner.java:455)
	at org.testng.SuiteRunner.runSequentially(SuiteRunner.java:450)
	at org.testng.SuiteRunner.privateRun(SuiteRunner.java:415)
	at org.testng.SuiteRunner.run(SuiteRunner.java:364)
	at org.testng.SuiteRunnerWorker.runSuite(SuiteRunnerWorker.java:52)
	at org.testng.SuiteRunnerWorker.run(SuiteRunnerWorker.java:84)
	at org.testng.TestNG.runSuitesSequentially(TestNG.java:1208)
	at org.testng.TestNG.runSuitesLocally(TestNG.java:1137)
	at org.testng.TestNG.runSuites(TestNG.java:1049)
	at org.testng.TestNG.run(TestNG.java:1017)
	at org.testng.remote.AbstractRemoteTestNG.run(AbstractRemoteTestNG.java:114)
	at org.testng.remote.RemoteTestNG.initAndRun(RemoteTestNG.java:251)
	at org.testng.remote.RemoteTestNG.main(RemoteTestNG.java:77)
</pre></div></td>
<td>0</td>
<td>null</td></tr>
<tr>
<td title='com.connect.fluke.app.tests.CaptureMeasurementsTests.TI450MeasurementValueTest()'><b>TI450MeasurementValueTest</b><br>Test class: com.connect.fluke.app.tests.CaptureMeasurementsTests</td>
<td><div><pre>java.lang.Throwable: Method CaptureMeasurementsTests.TI450MeasurementValueTest()[pri:9047, instance:com.connect.fluke.app.tests.CaptureMeasurementsTests@4c6e276e] depends on not successfully finished methods
... Removed 18 stack frames</pre></div><a href='#' onClick='toggleBox("stack-trace84175775", this, "Click to show all stack frames", "Click to hide stack frames")'>Click to show all stack frames</a>
<div class='stack-trace' id='stack-trace84175775'><pre>java.lang.Throwable: Method CaptureMeasurementsTests.TI450MeasurementValueTest()[pri:9047, instance:com.connect.fluke.app.tests.CaptureMeasurementsTests@4c6e276e] depends on not successfully finished methods
	at org.testng.internal.Invoker.invokeTestMethods(Invoker.java:887)
	at org.testng.internal.TestMethodWorker.invokeTestMethods(TestMethodWorker.java:125)
	at org.testng.internal.TestMethodWorker.run(TestMethodWorker.java:109)
	at org.testng.TestRunner.privateRun(TestRunner.java:648)
	at org.testng.TestRunner.run(TestRunner.java:505)
	at org.testng.SuiteRunner.runTest(SuiteRunner.java:455)
	at org.testng.SuiteRunner.runSequentially(SuiteRunner.java:450)
	at org.testng.SuiteRunner.privateRun(SuiteRunner.java:415)
	at org.testng.SuiteRunner.run(SuiteRunner.java:364)
	at org.testng.SuiteRunnerWorker.runSuite(SuiteRunnerWorker.java:52)
	at org.testng.SuiteRunnerWorker.run(SuiteRunnerWorker.java:84)
	at org.testng.TestNG.runSuitesSequentially(TestNG.java:1208)
	at org.testng.TestNG.runSuitesLocally(TestNG.java:1137)
	at org.testng.TestNG.runSuites(TestNG.java:1049)
	at org.testng.TestNG.run(TestNG.java:1017)
	at org.testng.remote.AbstractRemoteTestNG.run(AbstractRemoteTestNG.java:114)
	at org.testng.remote.RemoteTestNG.initAndRun(RemoteTestNG.java:251)
	at org.testng.remote.RemoteTestNG.main(RemoteTestNG.java:77)
</pre></div></td>
<td>0</td>
<td>null</td></tr>
<tr>
<td title='com.connect.fluke.app.tests.CaptureMeasurementsTests.TI450MinTempLabelTest()'><b>TI450MinTempLabelTest</b><br>Test class: com.connect.fluke.app.tests.CaptureMeasurementsTests</td>
<td><div><pre>java.lang.Throwable: Method CaptureMeasurementsTests.TI450MinTempLabelTest()[pri:9054, instance:com.connect.fluke.app.tests.CaptureMeasurementsTests@4c6e276e] depends on not successfully finished methods
... Removed 18 stack frames</pre></div><a href='#' onClick='toggleBox("stack-trace654157294", this, "Click to show all stack frames", "Click to hide stack frames")'>Click to show all stack frames</a>
<div class='stack-trace' id='stack-trace654157294'><pre>java.lang.Throwable: Method CaptureMeasurementsTests.TI450MinTempLabelTest()[pri:9054, instance:com.connect.fluke.app.tests.CaptureMeasurementsTests@4c6e276e] depends on not successfully finished methods
	at org.testng.internal.Invoker.invokeTestMethods(Invoker.java:887)
	at org.testng.internal.TestMethodWorker.invokeTestMethods(TestMethodWorker.java:125)
	at org.testng.internal.TestMethodWorker.run(TestMethodWorker.java:109)
	at org.testng.TestRunner.privateRun(TestRunner.java:648)
	at org.testng.TestRunner.run(TestRunner.java:505)
	at org.testng.SuiteRunner.runTest(SuiteRunner.java:455)
	at org.testng.SuiteRunner.runSequentially(SuiteRunner.java:450)
	at org.testng.SuiteRunner.privateRun(SuiteRunner.java:415)
	at org.testng.SuiteRunner.run(SuiteRunner.java:364)
	at org.testng.SuiteRunnerWorker.runSuite(SuiteRunnerWorker.java:52)
	at org.testng.SuiteRunnerWorker.run(SuiteRunnerWorker.java:84)
	at org.testng.TestNG.runSuitesSequentially(TestNG.java:1208)
	at org.testng.TestNG.runSuitesLocally(TestNG.java:1137)
	at org.testng.TestNG.runSuites(TestNG.java:1049)
	at org.testng.TestNG.run(TestNG.java:1017)
	at org.testng.remote.AbstractRemoteTestNG.run(AbstractRemoteTestNG.java:114)
	at org.testng.remote.RemoteTestNG.initAndRun(RemoteTestNG.java:251)
	at org.testng.remote.RemoteTestNG.main(RemoteTestNG.java:77)
</pre></div></td>
<td>0</td>
<td>null</td></tr>
<tr>
<td title='com.connect.fluke.app.tests.CaptureMeasurementsTests.TI450MinTempUnitTest()'><b>TI450MinTempUnitTest</b><br>Test class: com.connect.fluke.app.tests.CaptureMeasurementsTests</td>
<td><div><pre>java.lang.Throwable: Method CaptureMeasurementsTests.TI450MinTempUnitTest()[pri:9052, instance:com.connect.fluke.app.tests.CaptureMeasurementsTests@4c6e276e] depends on not successfully finished methods
... Removed 18 stack frames</pre></div><a href='#' onClick='toggleBox("stack-trace1054149471", this, "Click to show all stack frames", "Click to hide stack frames")'>Click to show all stack frames</a>
<div class='stack-trace' id='stack-trace1054149471'><pre>java.lang.Throwable: Method CaptureMeasurementsTests.TI450MinTempUnitTest()[pri:9052, instance:com.connect.fluke.app.tests.CaptureMeasurementsTests@4c6e276e] depends on not successfully finished methods
	at org.testng.internal.Invoker.invokeTestMethods(Invoker.java:887)
	at org.testng.internal.TestMethodWorker.invokeTestMethods(TestMethodWorker.java:125)
	at org.testng.internal.TestMethodWorker.run(TestMethodWorker.java:109)
	at org.testng.TestRunner.privateRun(TestRunner.java:648)
	at org.testng.TestRunner.run(TestRunner.java:505)
	at org.testng.SuiteRunner.runTest(SuiteRunner.java:455)
	at org.testng.SuiteRunner.runSequentially(SuiteRunner.java:450)
	at org.testng.SuiteRunner.privateRun(SuiteRunner.java:415)
	at org.testng.SuiteRunner.run(SuiteRunner.java:364)
	at org.testng.SuiteRunnerWorker.runSuite(SuiteRunnerWorker.java:52)
	at org.testng.SuiteRunnerWorker.run(SuiteRunnerWorker.java:84)
	at org.testng.TestNG.runSuitesSequentially(TestNG.java:1208)
	at org.testng.TestNG.runSuitesLocally(TestNG.java:1137)
	at org.testng.TestNG.runSuites(TestNG.java:1049)
	at org.testng.TestNG.run(TestNG.java:1017)
	at org.testng.remote.AbstractRemoteTestNG.run(AbstractRemoteTestNG.java:114)
	at org.testng.remote.RemoteTestNG.initAndRun(RemoteTestNG.java:251)
	at org.testng.remote.RemoteTestNG.main(RemoteTestNG.java:77)
</pre></div></td>
<td>0</td>
<td>null</td></tr>
<tr>
<td title='com.connect.fluke.app.tests.CaptureMeasurementsTests.TI450MinTempValueTest()'><b>TI450MinTempValueTest</b><br>Test class: com.connect.fluke.app.tests.CaptureMeasurementsTests</td>
<td><div><pre>java.lang.Throwable: Method CaptureMeasurementsTests.TI450MinTempValueTest()[pri:9050, instance:com.connect.fluke.app.tests.CaptureMeasurementsTests@4c6e276e] depends on not successfully finished methods
... Removed 18 stack frames</pre></div><a href='#' onClick='toggleBox("stack-trace516790174", this, "Click to show all stack frames", "Click to hide stack frames")'>Click to show all stack frames</a>
<div class='stack-trace' id='stack-trace516790174'><pre>java.lang.Throwable: Method CaptureMeasurementsTests.TI450MinTempValueTest()[pri:9050, instance:com.connect.fluke.app.tests.CaptureMeasurementsTests@4c6e276e] depends on not successfully finished methods
	at org.testng.internal.Invoker.invokeTestMethods(Invoker.java:887)
	at org.testng.internal.TestMethodWorker.invokeTestMethods(TestMethodWorker.java:125)
	at org.testng.internal.TestMethodWorker.run(TestMethodWorker.java:109)
	at org.testng.TestRunner.privateRun(TestRunner.java:648)
	at org.testng.TestRunner.run(TestRunner.java:505)
	at org.testng.SuiteRunner.runTest(SuiteRunner.java:455)
	at org.testng.SuiteRunner.runSequentially(SuiteRunner.java:450)
	at org.testng.SuiteRunner.privateRun(SuiteRunner.java:415)
	at org.testng.SuiteRunner.run(SuiteRunner.java:364)
	at org.testng.SuiteRunnerWorker.runSuite(SuiteRunnerWorker.java:52)
	at org.testng.SuiteRunnerWorker.run(SuiteRunnerWorker.java:84)
	at org.testng.TestNG.runSuitesSequentially(TestNG.java:1208)
	at org.testng.TestNG.runSuitesLocally(TestNG.java:1137)
	at org.testng.TestNG.runSuites(TestNG.java:1049)
	at org.testng.TestNG.run(TestNG.java:1017)
	at org.testng.remote.AbstractRemoteTestNG.run(AbstractRemoteTestNG.java:114)
	at org.testng.remote.RemoteTestNG.initAndRun(RemoteTestNG.java:251)
	at org.testng.remote.RemoteTestNG.main(RemoteTestNG.java:77)
</pre></div></td>
<td>0</td>
<td>null</td></tr>
<tr>
<td title='com.connect.fluke.app.tests.CaptureMeasurementsTests.addTextNoteToTI450MeasurementTest()'><b>addTextNoteToTI450MeasurementTest</b><br>Test class: com.connect.fluke.app.tests.CaptureMeasurementsTests</td>
<td><div><pre>java.lang.Throwable: Method CaptureMeasurementsTests.addTextNoteToTI450MeasurementTest()[pri:9045, instance:com.connect.fluke.app.tests.CaptureMeasurementsTests@4c6e276e] depends on not successfully finished methods
... Removed 18 stack frames</pre></div><a href='#' onClick='toggleBox("stack-trace338971460", this, "Click to show all stack frames", "Click to hide stack frames")'>Click to show all stack frames</a>
<div class='stack-trace' id='stack-trace338971460'><pre>java.lang.Throwable: Method CaptureMeasurementsTests.addTextNoteToTI450MeasurementTest()[pri:9045, instance:com.connect.fluke.app.tests.CaptureMeasurementsTests@4c6e276e] depends on not successfully finished methods
	at org.testng.internal.Invoker.invokeTestMethods(Invoker.java:887)
	at org.testng.internal.TestMethodWorker.invokeTestMethods(TestMethodWorker.java:125)
	at org.testng.internal.TestMethodWorker.run(TestMethodWorker.java:109)
	at org.testng.TestRunner.privateRun(TestRunner.java:648)
	at org.testng.TestRunner.run(TestRunner.java:505)
	at org.testng.SuiteRunner.runTest(SuiteRunner.java:455)
	at org.testng.SuiteRunner.runSequentially(SuiteRunner.java:450)
	at org.testng.SuiteRunner.privateRun(SuiteRunner.java:415)
	at org.testng.SuiteRunner.run(SuiteRunner.java:364)
	at org.testng.SuiteRunnerWorker.runSuite(SuiteRunnerWorker.java:52)
	at org.testng.SuiteRunnerWorker.run(SuiteRunnerWorker.java:84)
	at org.testng.TestNG.runSuitesSequentially(TestNG.java:1208)
	at org.testng.TestNG.runSuitesLocally(TestNG.java:1137)
	at org.testng.TestNG.runSuites(TestNG.java:1049)
	at org.testng.TestNG.run(TestNG.java:1017)
	at org.testng.remote.AbstractRemoteTestNG.run(AbstractRemoteTestNG.java:114)
	at org.testng.remote.RemoteTestNG.initAndRun(RemoteTestNG.java:251)
	at org.testng.remote.RemoteTestNG.main(RemoteTestNG.java:77)
</pre></div></td>
<td>0</td>
<td>null</td></tr>
<tr>
<td title='com.connect.fluke.app.tests.CaptureMeasurementsTests.assignAssetToTI450MeasurementTest()'><b>assignAssetToTI450MeasurementTest</b><br>Test class: com.connect.fluke.app.tests.CaptureMeasurementsTests</td>
<td><div><pre>java.lang.Throwable: Method CaptureMeasurementsTests.assignAssetToTI450MeasurementTest()[pri:9043, instance:com.connect.fluke.app.tests.CaptureMeasurementsTests@4c6e276e] depends on not successfully finished methods
... Removed 18 stack frames</pre></div><a href='#' onClick='toggleBox("stack-trace174838611", this, "Click to show all stack frames", "Click to hide stack frames")'>Click to show all stack frames</a>
<div class='stack-trace' id='stack-trace174838611'><pre>java.lang.Throwable: Method CaptureMeasurementsTests.assignAssetToTI450MeasurementTest()[pri:9043, instance:com.connect.fluke.app.tests.CaptureMeasurementsTests@4c6e276e] depends on not successfully finished methods
	at org.testng.internal.Invoker.invokeTestMethods(Invoker.java:887)
	at org.testng.internal.TestMethodWorker.invokeTestMethods(TestMethodWorker.java:125)
	at org.testng.internal.TestMethodWorker.run(TestMethodWorker.java:109)
	at org.testng.TestRunner.privateRun(TestRunner.java:648)
	at org.testng.TestRunner.run(TestRunner.java:505)
	at org.testng.SuiteRunner.runTest(SuiteRunner.java:455)
	at org.testng.SuiteRunner.runSequentially(SuiteRunner.java:450)
	at org.testng.SuiteRunner.privateRun(SuiteRunner.java:415)
	at org.testng.SuiteRunner.run(SuiteRunner.java:364)
	at org.testng.SuiteRunnerWorker.runSuite(SuiteRunnerWorker.java:52)
	at org.testng.SuiteRunnerWorker.run(SuiteRunnerWorker.java:84)
	at org.testng.TestNG.runSuitesSequentially(TestNG.java:1208)
	at org.testng.TestNG.runSuitesLocally(TestNG.java:1137)
	at org.testng.TestNG.runSuites(TestNG.java:1049)
	at org.testng.TestNG.run(TestNG.java:1017)
	at org.testng.remote.AbstractRemoteTestNG.run(AbstractRemoteTestNG.java:114)
	at org.testng.remote.RemoteTestNG.initAndRun(RemoteTestNG.java:251)
	at org.testng.remote.RemoteTestNG.main(RemoteTestNG.java:77)
</pre></div></td>
<td>0</td>
<td>null</td></tr>
<tr>
<td title='com.connect.fluke.app.tests.CaptureMeasurementsTests.assignWorkOrderToTI450MeasurementTest()'><b>assignWorkOrderToTI450MeasurementTest</b><br>Test class: com.connect.fluke.app.tests.CaptureMeasurementsTests</td>
<td><div><pre>java.lang.Throwable: Method CaptureMeasurementsTests.assignWorkOrderToTI450MeasurementTest()[pri:9044, instance:com.connect.fluke.app.tests.CaptureMeasurementsTests@4c6e276e] depends on not successfully finished methods
... Removed 18 stack frames</pre></div><a href='#' onClick='toggleBox("stack-trace1264477775", this, "Click to show all stack frames", "Click to hide stack frames")'>Click to show all stack frames</a>
<div class='stack-trace' id='stack-trace1264477775'><pre>java.lang.Throwable: Method CaptureMeasurementsTests.assignWorkOrderToTI450MeasurementTest()[pri:9044, instance:com.connect.fluke.app.tests.CaptureMeasurementsTests@4c6e276e] depends on not successfully finished methods
	at org.testng.internal.Invoker.invokeTestMethods(Invoker.java:887)
	at org.testng.internal.TestMethodWorker.invokeTestMethods(TestMethodWorker.java:125)
	at org.testng.internal.TestMethodWorker.run(TestMethodWorker.java:109)
	at org.testng.TestRunner.privateRun(TestRunner.java:648)
	at org.testng.TestRunner.run(TestRunner.java:505)
	at org.testng.SuiteRunner.runTest(SuiteRunner.java:455)
	at org.testng.SuiteRunner.runSequentially(SuiteRunner.java:450)
	at org.testng.SuiteRunner.privateRun(SuiteRunner.java:415)
	at org.testng.SuiteRunner.run(SuiteRunner.java:364)
	at org.testng.SuiteRunnerWorker.runSuite(SuiteRunnerWorker.java:52)
	at org.testng.SuiteRunnerWorker.run(SuiteRunnerWorker.java:84)
	at org.testng.TestNG.runSuitesSequentially(TestNG.java:1208)
	at org.testng.TestNG.runSuitesLocally(TestNG.java:1137)
	at org.testng.TestNG.runSuites(TestNG.java:1049)
	at org.testng.TestNG.run(TestNG.java:1017)
	at org.testng.remote.AbstractRemoteTestNG.run(AbstractRemoteTestNG.java:114)
	at org.testng.remote.RemoteTestNG.initAndRun(RemoteTestNG.java:251)
	at org.testng.remote.RemoteTestNG.main(RemoteTestNG.java:77)
</pre></div></td>
<td>0</td>
<td>null</td></tr>
<tr>
<td title='com.connect.fluke.app.tests.CaptureMeasurementsTests.captureTI450MeasurementTest()'><b>captureTI450MeasurementTest</b><br>Test class: com.connect.fluke.app.tests.CaptureMeasurementsTests</td>
<td><div><pre>java.lang.Throwable: Method CaptureMeasurementsTests.captureTI450MeasurementTest()[pri:9042, instance:com.connect.fluke.app.tests.CaptureMeasurementsTests@4c6e276e] depends on not successfully finished methods
... Removed 18 stack frames</pre></div><a href='#' onClick='toggleBox("stack-trace1367768747", this, "Click to show all stack frames", "Click to hide stack frames")'>Click to show all stack frames</a>
<div class='stack-trace' id='stack-trace1367768747'><pre>java.lang.Throwable: Method CaptureMeasurementsTests.captureTI450MeasurementTest()[pri:9042, instance:com.connect.fluke.app.tests.CaptureMeasurementsTests@4c6e276e] depends on not successfully finished methods
	at org.testng.internal.Invoker.invokeTestMethods(Invoker.java:887)
	at org.testng.internal.TestMethodWorker.invokeTestMethods(TestMethodWorker.java:125)
	at org.testng.internal.TestMethodWorker.run(TestMethodWorker.java:109)
	at org.testng.TestRunner.privateRun(TestRunner.java:648)
	at org.testng.TestRunner.run(TestRunner.java:505)
	at org.testng.SuiteRunner.runTest(SuiteRunner.java:455)
	at org.testng.SuiteRunner.runSequentially(SuiteRunner.java:450)
	at org.testng.SuiteRunner.privateRun(SuiteRunner.java:415)
	at org.testng.SuiteRunner.run(SuiteRunner.java:364)
	at org.testng.SuiteRunnerWorker.runSuite(SuiteRunnerWorker.java:52)
	at org.testng.SuiteRunnerWorker.run(SuiteRunnerWorker.java:84)
	at org.testng.TestNG.runSuitesSequentially(TestNG.java:1208)
	at org.testng.TestNG.runSuitesLocally(TestNG.java:1137)
	at org.testng.TestNG.runSuites(TestNG.java:1049)
	at org.testng.TestNG.run(TestNG.java:1017)
	at org.testng.remote.AbstractRemoteTestNG.run(AbstractRemoteTestNG.java:114)
	at org.testng.remote.RemoteTestNG.initAndRun(RemoteTestNG.java:251)
	at org.testng.remote.RemoteTestNG.main(RemoteTestNG.java:77)
</pre></div></td>
<td>0</td>
<td>null</td></tr>
<tr>
<td title='com.connect.fluke.app.tests.CaptureMeasurementsTests.downloadImagesFromTI450Test()'><b>downloadImagesFromTI450Test</b><br>Test class: com.connect.fluke.app.tests.CaptureMeasurementsTests</td>
<td><div><pre>java.lang.Throwable: Method CaptureMeasurementsTests.downloadImagesFromTI450Test()[pri:9041, instance:com.connect.fluke.app.tests.CaptureMeasurementsTests@4c6e276e] depends on not successfully finished methods
... Removed 18 stack frames</pre></div><a href='#' onClick='toggleBox("stack-trace616186848", this, "Click to show all stack frames", "Click to hide stack frames")'>Click to show all stack frames</a>
<div class='stack-trace' id='stack-trace616186848'><pre>java.lang.Throwable: Method CaptureMeasurementsTests.downloadImagesFromTI450Test()[pri:9041, instance:com.connect.fluke.app.tests.CaptureMeasurementsTests@4c6e276e] depends on not successfully finished methods
	at org.testng.internal.Invoker.invokeTestMethods(Invoker.java:887)
	at org.testng.internal.TestMethodWorker.invokeTestMethods(TestMethodWorker.java:125)
	at org.testng.internal.TestMethodWorker.run(TestMethodWorker.java:109)
	at org.testng.TestRunner.privateRun(TestRunner.java:648)
	at org.testng.TestRunner.run(TestRunner.java:505)
	at org.testng.SuiteRunner.runTest(SuiteRunner.java:455)
	at org.testng.SuiteRunner.runSequentially(SuiteRunner.java:450)
	at org.testng.SuiteRunner.privateRun(SuiteRunner.java:415)
	at org.testng.SuiteRunner.run(SuiteRunner.java:364)
	at org.testng.SuiteRunnerWorker.runSuite(SuiteRunnerWorker.java:52)
	at org.testng.SuiteRunnerWorker.run(SuiteRunnerWorker.java:84)
	at org.testng.TestNG.runSuitesSequentially(TestNG.java:1208)
	at org.testng.TestNG.runSuitesLocally(TestNG.java:1137)
	at org.testng.TestNG.runSuites(TestNG.java:1049)
	at org.testng.TestNG.run(TestNG.java:1017)
	at org.testng.remote.AbstractRemoteTestNG.run(AbstractRemoteTestNG.java:114)
	at org.testng.remote.RemoteTestNG.initAndRun(RemoteTestNG.java:251)
	at org.testng.remote.RemoteTestNG.main(RemoteTestNG.java:77)
</pre></div></td>
<td>0</td>
<td>null</td></tr>
<tr>
<td title='com.connect.fluke.app.tests.CaptureMeasurementsTests.downloadImagesFromTIS65Test()'><b>downloadImagesFromTIS65Test</b><br>Test class: com.connect.fluke.app.tests.CaptureMeasurementsTests</td>
<td><div><pre>java.lang.Throwable: Method CaptureMeasurementsTests.downloadImagesFromTIS65Test()[pri:9076, instance:com.connect.fluke.app.tests.CaptureMeasurementsTests@4c6e276e] depends on not successfully finished methods
... Removed 18 stack frames</pre></div><a href='#' onClick='toggleBox("stack-trace851897148", this, "Click to show all stack frames", "Click to hide stack frames")'>Click to show all stack frames</a>
<div class='stack-trace' id='stack-trace851897148'><pre>java.lang.Throwable: Method CaptureMeasurementsTests.downloadImagesFromTIS65Test()[pri:9076, instance:com.connect.fluke.app.tests.CaptureMeasurementsTests@4c6e276e] depends on not successfully finished methods
	at org.testng.internal.Invoker.invokeTestMethods(Invoker.java:887)
	at org.testng.internal.TestMethodWorker.invokeTestMethods(TestMethodWorker.java:125)
	at org.testng.internal.TestMethodWorker.run(TestMethodWorker.java:109)
	at org.testng.TestRunner.privateRun(TestRunner.java:648)
	at org.testng.TestRunner.run(TestRunner.java:505)
	at org.testng.SuiteRunner.runTest(SuiteRunner.java:455)
	at org.testng.SuiteRunner.runSequentially(SuiteRunner.java:450)
	at org.testng.SuiteRunner.privateRun(SuiteRunner.java:415)
	at org.testng.SuiteRunner.run(SuiteRunner.java:364)
	at org.testng.SuiteRunnerWorker.runSuite(SuiteRunnerWorker.java:52)
	at org.testng.SuiteRunnerWorker.run(SuiteRunnerWorker.java:84)
	at org.testng.TestNG.runSuitesSequentially(TestNG.java:1208)
	at org.testng.TestNG.runSuitesLocally(TestNG.java:1137)
	at org.testng.TestNG.runSuites(TestNG.java:1049)
	at org.testng.TestNG.run(TestNG.java:1017)
	at org.testng.remote.AbstractRemoteTestNG.run(AbstractRemoteTestNG.java:114)
	at org.testng.remote.RemoteTestNG.initAndRun(RemoteTestNG.java:251)
	at org.testng.remote.RemoteTestNG.main(RemoteTestNG.java:77)
</pre></div></td>
<td>0</td>
<td>null</td></tr>
<tr>
<td title='com.connect.fluke.app.tests.CaptureMeasurementsTests.downloadImagesFromTIS75Test()'><b>downloadImagesFromTIS75Test</b><br>Test class: com.connect.fluke.app.tests.CaptureMeasurementsTests</td>
<td><div><pre>java.lang.Throwable: Method CaptureMeasurementsTests.downloadImagesFromTIS75Test()[pri:9078, instance:com.connect.fluke.app.tests.CaptureMeasurementsTests@4c6e276e] depends on not successfully finished methods
... Removed 18 stack frames</pre></div><a href='#' onClick='toggleBox("stack-trace1515291629", this, "Click to show all stack frames", "Click to hide stack frames")'>Click to show all stack frames</a>
<div class='stack-trace' id='stack-trace1515291629'><pre>java.lang.Throwable: Method CaptureMeasurementsTests.downloadImagesFromTIS75Test()[pri:9078, instance:com.connect.fluke.app.tests.CaptureMeasurementsTests@4c6e276e] depends on not successfully finished methods
	at org.testng.internal.Invoker.invokeTestMethods(Invoker.java:887)
	at org.testng.internal.TestMethodWorker.invokeTestMethods(TestMethodWorker.java:125)
	at org.testng.internal.TestMethodWorker.run(TestMethodWorker.java:109)
	at org.testng.TestRunner.privateRun(TestRunner.java:648)
	at org.testng.TestRunner.run(TestRunner.java:505)
	at org.testng.SuiteRunner.runTest(SuiteRunner.java:455)
	at org.testng.SuiteRunner.runSequentially(SuiteRunner.java:450)
	at org.testng.SuiteRunner.privateRun(SuiteRunner.java:415)
	at org.testng.SuiteRunner.run(SuiteRunner.java:364)
	at org.testng.SuiteRunnerWorker.runSuite(SuiteRunnerWorker.java:52)
	at org.testng.SuiteRunnerWorker.run(SuiteRunnerWorker.java:84)
	at org.testng.TestNG.runSuitesSequentially(TestNG.java:1208)
	at org.testng.TestNG.runSuitesLocally(TestNG.java:1137)
	at org.testng.TestNG.runSuites(TestNG.java:1049)
	at org.testng.TestNG.run(TestNG.java:1017)
	at org.testng.remote.AbstractRemoteTestNG.run(AbstractRemoteTestNG.java:114)
	at org.testng.remote.RemoteTestNG.initAndRun(RemoteTestNG.java:251)
	at org.testng.remote.RemoteTestNG.main(RemoteTestNG.java:77)
</pre></div></td>
<td>0</td>
<td>null</td></tr>
<tr>
<td title='com.connect.fluke.app.tests.CaptureMeasurementsTests.saveTI450MeasurementTest()'><b>saveTI450MeasurementTest</b><br>Test class: com.connect.fluke.app.tests.CaptureMeasurementsTests</td>
<td><div><pre>java.lang.Throwable: Method CaptureMeasurementsTests.saveTI450MeasurementTest()[pri:9056, instance:com.connect.fluke.app.tests.CaptureMeasurementsTests@4c6e276e] depends on not successfully finished methods
... Removed 18 stack frames</pre></div><a href='#' onClick='toggleBox("stack-trace1451546120", this, "Click to show all stack frames", "Click to hide stack frames")'>Click to show all stack frames</a>
<div class='stack-trace' id='stack-trace1451546120'><pre>java.lang.Throwable: Method CaptureMeasurementsTests.saveTI450MeasurementTest()[pri:9056, instance:com.connect.fluke.app.tests.CaptureMeasurementsTests@4c6e276e] depends on not successfully finished methods
	at org.testng.internal.Invoker.invokeTestMethods(Invoker.java:887)
	at org.testng.internal.TestMethodWorker.invokeTestMethods(TestMethodWorker.java:125)
	at org.testng.internal.TestMethodWorker.run(TestMethodWorker.java:109)
	at org.testng.TestRunner.privateRun(TestRunner.java:648)
	at org.testng.TestRunner.run(TestRunner.java:505)
	at org.testng.SuiteRunner.runTest(SuiteRunner.java:455)
	at org.testng.SuiteRunner.runSequentially(SuiteRunner.java:450)
	at org.testng.SuiteRunner.privateRun(SuiteRunner.java:415)
	at org.testng.SuiteRunner.run(SuiteRunner.java:364)
	at org.testng.SuiteRunnerWorker.runSuite(SuiteRunnerWorker.java:52)
	at org.testng.SuiteRunnerWorker.run(SuiteRunnerWorker.java:84)
	at org.testng.TestNG.runSuitesSequentially(TestNG.java:1208)
	at org.testng.TestNG.runSuitesLocally(TestNG.java:1137)
	at org.testng.TestNG.runSuites(TestNG.java:1049)
	at org.testng.TestNG.run(TestNG.java:1017)
	at org.testng.remote.AbstractRemoteTestNG.run(AbstractRemoteTestNG.java:114)
	at org.testng.remote.RemoteTestNG.initAndRun(RemoteTestNG.java:251)
	at org.testng.remote.RemoteTestNG.main(RemoteTestNG.java:77)
</pre></div></td>
<td>0</td>
<td>null</td></tr>
<tr>
<td title='com.connect.fluke.app.tests.CaptureMeasurementsTests.shareTI450MeasurementTest()'><b>shareTI450MeasurementTest</b><br>Test class: com.connect.fluke.app.tests.CaptureMeasurementsTests</td>
<td><div><pre>java.lang.Throwable: Method CaptureMeasurementsTests.shareTI450MeasurementTest()[pri:9055, instance:com.connect.fluke.app.tests.CaptureMeasurementsTests@4c6e276e] depends on not successfully finished methods
... Removed 18 stack frames</pre></div><a href='#' onClick='toggleBox("stack-trace194339475", this, "Click to show all stack frames", "Click to hide stack frames")'>Click to show all stack frames</a>
<div class='stack-trace' id='stack-trace194339475'><pre>java.lang.Throwable: Method CaptureMeasurementsTests.shareTI450MeasurementTest()[pri:9055, instance:com.connect.fluke.app.tests.CaptureMeasurementsTests@4c6e276e] depends on not successfully finished methods
	at org.testng.internal.Invoker.invokeTestMethods(Invoker.java:887)
	at org.testng.internal.TestMethodWorker.invokeTestMethods(TestMethodWorker.java:125)
	at org.testng.internal.TestMethodWorker.run(TestMethodWorker.java:109)
	at org.testng.TestRunner.privateRun(TestRunner.java:648)
	at org.testng.TestRunner.run(TestRunner.java:505)
	at org.testng.SuiteRunner.runTest(SuiteRunner.java:455)
	at org.testng.SuiteRunner.runSequentially(SuiteRunner.java:450)
	at org.testng.SuiteRunner.privateRun(SuiteRunner.java:415)
	at org.testng.SuiteRunner.run(SuiteRunner.java:364)
	at org.testng.SuiteRunnerWorker.runSuite(SuiteRunnerWorker.java:52)
	at org.testng.SuiteRunnerWorker.run(SuiteRunnerWorker.java:84)
	at org.testng.TestNG.runSuitesSequentially(TestNG.java:1208)
	at org.testng.TestNG.runSuitesLocally(TestNG.java:1137)
	at org.testng.TestNG.runSuites(TestNG.java:1049)
	at org.testng.TestNG.run(TestNG.java:1017)
	at org.testng.remote.AbstractRemoteTestNG.run(AbstractRemoteTestNG.java:114)
	at org.testng.remote.RemoteTestNG.initAndRun(RemoteTestNG.java:251)
	at org.testng.remote.RemoteTestNG.main(RemoteTestNG.java:77)
</pre></div></td>
<td>0</td>
<td>null</td></tr>
</table><p>
</body>
</html>