<?xml version="1.0" encoding="UTF-8"?>
<!-- Generated by org.testng.reporters.JUnitXMLReporter -->
<testsuite hostname="m-bang-isharma1" name="iOS Test Set(failed)(failed)(failed)(failed)(failed)" tests="2" failures="1" timestamp="18 Apr 2017 10:48:25 GMT" time="47.611" errors="0">
  <testcase name="createAccountTest" time="10.09" classname="com.fluke.mobility.tests.CreateAccountTests">
    <failure type="org.openqa.selenium.NoSuchElementException" message="Can&amp;apos;t locate an element by this strategy: Locator map: 
- native content: &amp;quot;By.xpath: //XCUIElementTypeButton[@name=&amp;apos;Switcher&amp;apos;]&amp;quot; 
- html content: &amp;quot;by id or name &amp;quot;switcherButton&amp;quot;&amp;quot;
For documentation on this error, please visit: http://seleniumhq.org/exceptions/no_such_element.html
Build info: version: &amp;apos;3.0.1&amp;apos;, revision: &amp;apos;1969d75&amp;apos;, time: &amp;apos;2016-10-18 09:49:13 -0700&amp;apos;
System info: host: &amp;apos;m-bang-isharma1&amp;apos;, ip: &amp;apos;169.254.54.109&amp;apos;, os.name: &amp;apos;Mac OS X&amp;apos;, os.arch: &amp;apos;x86_64&amp;apos;, os.version: &amp;apos;10.11.6&amp;apos;, java.version: &amp;apos;1.8.0_121&amp;apos;
Driver info: driver.version: unknown">
      <![CDATA[org.openqa.selenium.NoSuchElementException: Can't locate an element by this strategy: Locator map: 
- native content: "By.xpath: //XCUIElementTypeButton[@name='Switcher']" 
- html content: "by id or name "switcherButton""
For documentation on this error, please visit: http://seleniumhq.org/exceptions/no_such_element.html
Build info: version: '3.0.1', revision: '1969d75', time: '2016-10-18 09:49:13 -0700'
System info: host: 'm-bang-isharma1', ip: '169.254.54.109', os.name: 'Mac OS X', os.arch: 'x86_64', os.version: '10.11.6', java.version: '1.8.0_121'
Driver info: driver.version: unknown
	at io.appium.java_client.pagefactory.AppiumElementLocator.findElement(AppiumElementLocator.java:113)
	at io.appium.java_client.pagefactory.interceptors.InterceptorOfASingleElement.intercept(InterceptorOfASingleElement.java:57)
	at io.appium.java_client.ios.IOSElement$$EnhancerByCGLIB$$184e91dc.click(<generated>)
	at com.fluke.mobility.utils.CommonMethods.signOut(CommonMethods.java:35)
	at com.fluke.mobility.tests.CreateAccountTests.createAccountTest(CreateAccountTests.java:27)
... Removed 24 stack frames]]>
    </failure>
  </testcase> <!-- createAccountTest -->
  <testcase name="signInTest" time="36.417" classname="com.fluke.mobility.tests.SignInTest"/>
</testsuite> <!-- iOS Test Set(failed)(failed)(failed)(failed)(failed) -->
