<?xml version="1.0" encoding="UTF-8"?>
<!-- Generated by org.testng.reporters.JUnitReportReporter -->
<testsuite hostname="m-bang-isharma1" name="com.connect.fluke.mobile.tests.NocturneSessionDetailPageTests" tests="22" failures="1" timestamp="7 Jan 2018 19:47:50 GMT" time="156.341" errors="0">
  <testcase name="maxValueTest" time="0.001" classname="com.connect.fluke.mobile.tests.NocturneSessionDetailPageTests"/>
  <testcase name="assetGroupNameTest" time="0.650" classname="com.connect.fluke.mobile.tests.NocturneSessionDetailPageTests"/>
  <testcase name="minValueUnitTest" time="0.000" classname="com.connect.fluke.mobile.tests.NocturneSessionDetailPageTests"/>
  <testcase name="assetNameTest" time="0.672" classname="com.connect.fluke.mobile.tests.NocturneSessionDetailPageTests"/>
  <testcase name="sensorCountAndTypeTest" time="0.856" classname="com.connect.fluke.mobile.tests.NocturneSessionDetailPageTests"/>
  <testcase name="liveValueTest" time="33.086" classname="com.connect.fluke.mobile.tests.NocturneSessionDetailPageTests"/>
  <testcase name="maxStaticTextTest" time="0.001" classname="com.connect.fluke.mobile.tests.NocturneSessionDetailPageTests"/>
  <testcase name="sessionTileStatusTest" time="1.130" classname="com.connect.fluke.mobile.tests.NocturneSessionDetailPageTests"/>
  <testcase name="maxValueUnitTest" time="0.000" classname="com.connect.fluke.mobile.tests.NocturneSessionDetailPageTests"/>
  <testcase name="sensorsStaticTextVisibleTest" time="1.101" classname="com.connect.fluke.mobile.tests.NocturneSessionDetailPageTests"/>
  <testcase name="livePollingTest" time="109.682" classname="com.connect.fluke.mobile.tests.NocturneSessionDetailPageTests">
    <failure type="java.lang.AssertionError" message="No live polling is happening on sensor 0, exception details are: java.lang.AssertionError: expected [true] but found [false]">
      <![CDATA[java.lang.AssertionError: No live polling is happening on sensor 0, exception details are: java.lang.AssertionError: expected [true] but found [false]
	at org.testng.Assert.fail(Assert.java:94)
	at com.connect.fluke.mobile.tests.NocturneSessionDetailPageTests.livePollingTest(NocturneSessionDetailPageTests.java:415)
	at sun.reflect.NativeMethodAccessorImpl.invoke0(Native Method)
	at sun.reflect.NativeMethodAccessorImpl.invoke(NativeMethodAccessorImpl.java:62)
	at sun.reflect.DelegatingMethodAccessorImpl.invoke(DelegatingMethodAccessorImpl.java:43)
	at java.lang.reflect.Method.invoke(Method.java:498)
	at org.testng.internal.MethodInvocationHelper.invokeMethod(MethodInvocationHelper.java:85)
	at org.testng.internal.Invoker.invokeMethod(Invoker.java:639)
	at org.testng.internal.Invoker.invokeTestMethod(Invoker.java:816)
	at org.testng.internal.Invoker.invokeTestMethods(Invoker.java:1124)
	at org.testng.internal.TestMethodWorker.invokeTestMethods(TestMethodWorker.java:125)
	at org.testng.internal.TestMethodWorker.run(TestMethodWorker.java:108)
	at org.testng.TestRunner.privateRun(TestRunner.java:774)
	at org.testng.TestRunner.run(TestRunner.java:624)
	at org.testng.SuiteRunner.runTest(SuiteRunner.java:359)
	at org.testng.SuiteRunner.runSequentially(SuiteRunner.java:354)
	at org.testng.SuiteRunner.privateRun(SuiteRunner.java:312)
	at org.testng.SuiteRunner.run(SuiteRunner.java:261)
	at org.testng.SuiteRunnerWorker.runSuite(SuiteRunnerWorker.java:52)
	at org.testng.SuiteRunnerWorker.run(SuiteRunnerWorker.java:86)
	at org.testng.TestNG.runSuitesSequentially(TestNG.java:1191)
	at org.testng.TestNG.runSuitesLocally(TestNG.java:1116)
	at org.testng.TestNG.run(TestNG.java:1024)
	at org.testng.remote.AbstractRemoteTestNG.run(AbstractRemoteTestNG.java:114)
	at org.testng.remote.RemoteTestNG.initAndRun(RemoteTestNG.java:251)
	at org.testng.remote.RemoteTestNG.main(RemoteTestNG.java:77)
]]>
    </failure>
  </testcase> <!-- livePollingTest -->
  <testcase name="testPointNameTest" time="0.622" classname="com.connect.fluke.mobile.tests.NocturneSessionDetailPageTests"/>
  <testcase name="sessionStartUserNameTest" time="0.745" classname="com.connect.fluke.mobile.tests.NocturneSessionDetailPageTests"/>
  <testcase name="graphDisplayedTest" time="2.444" classname="com.connect.fluke.mobile.tests.NocturneSessionDetailPageTests"/>
  <testcase name="minStaticTextTest" time="0.000" classname="com.connect.fluke.mobile.tests.NocturneSessionDetailPageTests"/>
  <testcase name="minValueTest" time="0.001" classname="com.connect.fluke.mobile.tests.NocturneSessionDetailPageTests"/>
  <testcase name="liveValueUnitTest" time="0.000" classname="com.connect.fluke.mobile.tests.NocturneSessionDetailPageTests"/>
  <testcase name="assetCountTextVisibleTest" time="0.632" classname="com.connect.fluke.mobile.tests.NocturneSessionDetailPageTests"/>
  <testcase name="gateWayNameTest" time="1.136" classname="com.connect.fluke.mobile.tests.NocturneSessionDetailPageTests"/>
  <testcase name="sessionStartTimeTest" time="0.766" classname="com.connect.fluke.mobile.tests.NocturneSessionDetailPageTests"/>
  <testcase name="vibrationUnitTest" time="2.027" classname="com.connect.fluke.mobile.tests.NocturneSessionDetailPageTests"/>
  <testcase name="startTimeStaticTextVisibleTest" time="0.789" classname="com.connect.fluke.mobile.tests.NocturneSessionDetailPageTests"/>
</testsuite> <!-- com.connect.fluke.mobile.tests.NocturneSessionDetailPageTests -->
